[2.845s] Invoking command in '/home/leejunmi/ros2_ws/src/my_package': PYTHONPATH=/home/leejunmi/ros2_ws/build/my_package/prefix_override:/usr/lib/python3/dist-packages/colcon_core/task/python/colcon_distutils_commands:/home/leejunmi/ros2_ws/install/my_package/lib/python3.10/site-packages:${PYTHONPATH} /usr/bin/python3 -W ignore:setup.py install is deprecated -W ignore:easy_install command is deprecated setup.py egg_info --egg-base ../../build/my_package build --build-base /home/leejunmi/ros2_ws/build/my_package/build install --record /home/leejunmi/ros2_ws/build/my_package/install.log --single-version-externally-managed install_data
[3.270s] running egg_info
[3.271s] writing ../../build/my_package/my_package.egg-info/PKG-INFO
[3.272s] writing dependency_links to ../../build/my_package/my_package.egg-info/dependency_links.txt
[3.272s] writing entry points to ../../build/my_package/my_package.egg-info/entry_points.txt
[3.272s] writing requirements to ../../build/my_package/my_package.egg-info/requires.txt
[3.272s] writing top-level names to ../../build/my_package/my_package.egg-info/top_level.txt
[3.275s] reading manifest file '../../build/my_package/my_package.egg-info/SOURCES.txt'
[3.276s] adding license file 'LICENSE'
[3.277s] writing manifest file '../../build/my_package/my_package.egg-info/SOURCES.txt'
[3.277s] running build
[3.278s] running build_py
[3.279s] running install
[3.280s] running install_lib
[3.280s] running install_data
[3.280s] running install_egg_info
[3.284s] removing '/home/leejunmi/ros2_ws/install/my_package/lib/python3.10/site-packages/my_package-0.0.0-py3.10.egg-info' (and everything under it)
[3.284s] Copying ../../build/my_package/my_package.egg-info to /home/leejunmi/ros2_ws/install/my_package/lib/python3.10/site-packages/my_package-0.0.0-py3.10.egg-info
[3.284s] running install_scripts
[3.319s] Installing my_node script to /home/leejunmi/ros2_ws/install/my_package/lib/my_package
[3.319s] writing list of installed files to '/home/leejunmi/ros2_ws/build/my_package/install.log'
[3.386s] Invoked command in '/home/leejunmi/ros2_ws/src/my_package' returned '0': PYTHONPATH=/home/leejunmi/ros2_ws/build/my_package/prefix_override:/usr/lib/python3/dist-packages/colcon_core/task/python/colcon_distutils_commands:/home/leejunmi/ros2_ws/install/my_package/lib/python3.10/site-packages:${PYTHONPATH} /usr/bin/python3 -W ignore:setup.py install is deprecated -W ignore:easy_install command is deprecated setup.py egg_info --egg-base ../../build/my_package build --build-base /home/leejunmi/ros2_ws/build/my_package/build install --record /home/leejunmi/ros2_ws/build/my_package/install.log --single-version-externally-managed install_data
