[3.270s] Invoking command in '/home/leejunmi/ros2_ws/src/my_package': PYTHONPATH=/home/leejunmi/ros2_ws/build/my_package/prefix_override:/usr/lib/python3/dist-packages/colcon_core/task/python/colcon_distutils_commands:/home/leejunmi/ros2_ws/install/my_package/lib/python3.10/site-packages:${PYTHONPATH} /usr/bin/python3 -W ignore:setup.py install is deprecated -W ignore:easy_install command is deprecated setup.py egg_info --egg-base ../../build/my_package build --build-base /home/leejunmi/ros2_ws/build/my_package/build install --record /home/leejunmi/ros2_ws/build/my_package/install.log --single-version-externally-managed install_data
[3.894s] running egg_info
[3.894s] writing ../../build/my_package/my_package.egg-info/PKG-INFO
[3.898s] writing dependency_links to ../../build/my_package/my_package.egg-info/dependency_links.txt
[3.898s] writing entry points to ../../build/my_package/my_package.egg-info/entry_points.txt
[3.898s] writing requirements to ../../build/my_package/my_package.egg-info/requires.txt
[3.898s] writing top-level names to ../../build/my_package/my_package.egg-info/top_level.txt
[3.900s] reading manifest file '../../build/my_package/my_package.egg-info/SOURCES.txt'
[3.902s] adding license file 'LICENSE'
[3.904s] writing manifest file '../../build/my_package/my_package.egg-info/SOURCES.txt'
[3.904s] running build
[3.905s] running build_py
[3.905s] running install
[3.909s] running install_lib
[3.910s] running install_data
[3.911s] running install_egg_info
[3.914s] removing '/home/leejunmi/ros2_ws/install/my_package/lib/python3.10/site-packages/my_package-0.0.0-py3.10.egg-info' (and everything under it)
[3.917s] Copying ../../build/my_package/my_package.egg-info to /home/leejunmi/ros2_ws/install/my_package/lib/python3.10/site-packages/my_package-0.0.0-py3.10.egg-info
[3.919s] running install_scripts
[3.958s] Installing my_node script to /home/leejunmi/ros2_ws/install/my_package/lib/my_package
[3.959s] writing list of installed files to '/home/leejunmi/ros2_ws/build/my_package/install.log'
[4.061s] Invoked command in '/home/leejunmi/ros2_ws/src/my_package' returned '0': PYTHONPATH=/home/leejunmi/ros2_ws/build/my_package/prefix_override:/usr/lib/python3/dist-packages/colcon_core/task/python/colcon_distutils_commands:/home/leejunmi/ros2_ws/install/my_package/lib/python3.10/site-packages:${PYTHONPATH} /usr/bin/python3 -W ignore:setup.py install is deprecated -W ignore:easy_install command is deprecated setup.py egg_info --egg-base ../../build/my_package build --build-base /home/leejunmi/ros2_ws/build/my_package/build install --record /home/leejunmi/ros2_ws/build/my_package/install.log --single-version-externally-managed install_data
