[0.052s] Invoking command in '/home/leejunmi/ros2_ws/build/microstrain_inertial_msgs': /usr/bin/cmake /home/leejunmi/ros2_ws/src/microstrain_inertial/microstrain_inertial_msgs -DCATKIN_INSTALL_INTO_PREFIX_ROOT=0 -DCMAKE_INSTALL_PREFIX=/home/leejunmi/ros2_ws/install/microstrain_inertial_msgs
[1.245s] -- The C compiler identification is GNU 11.4.0
[1.245s] -- The CXX compiler identification is GNU 11.4.0
[1.245s] -- Detecting C compiler ABI info
[1.245s] -- Detecting C compiler ABI info - done
[1.245s] -- Check for working C compiler: /usr/bin/cc - skipped
[1.245s] -- Detecting C compile features
[1.246s] -- Detecting C compile features - done
[1.246s] -- Detecting CXX compiler ABI info
[1.246s] -- Detecting CXX compiler ABI info - done
[1.246s] -- Check for working CXX compiler: /usr/bin/c++ - skipped
[1.246s] -- Detecting CXX compile features
[1.247s] -- Detecting CXX compile features - done
[1.247s] -- Configuring incomplete, errors occurred!
[1.247s] See also "/home/leejunmi/ros2_ws/build/microstrain_inertial_msgs/CMakeFiles/CMakeOutput.log".
[1.248s] [31mCMake Error at CMakeLists.txt:4 (find_package):
[1.248s]   By not providing "Findcatkin.cmake" in CMAKE_MODULE_PATH this project has
[1.248s]   asked CMake to find a package configuration file provided by "catkin", but
[1.248s]   CMake did not find one.
[1.248s] 
[1.248s]   Could not find a package configuration file provided by "catkin" with any
[1.249s]   of the following names:
[1.249s] 
[1.249s]     catkinConfig.cmake
[1.249s]     catkin-config.cmake
[1.249s] 
[1.249s]   Add the installation prefix of "catkin" to CMAKE_PREFIX_PATH or set
[1.249s]   "catkin_DIR" to a directory containing one of the above files.  If "catkin"
[1.250s]   provides a separate development package or SDK, be sure it has been
[1.250s]   installed.
[1.250s] 
[1.250s] [0m
[1.593s] Invoked command in '/home/leejunmi/ros2_ws/build/microstrain_inertial_msgs' returned '1': /usr/bin/cmake /home/leejunmi/ros2_ws/src/microstrain_inertial/microstrain_inertial_msgs -DCATKIN_INSTALL_INTO_PREFIX_ROOT=0 -DCMAKE_INSTALL_PREFIX=/home/leejunmi/ros2_ws/install/microstrain_inertial_msgs
