[1.093s] Invoking command in '/home/leejunmi/ros2_ws/src/py_pubsub': PYTHONPATH=/home/leejunmi/ros2_ws/build/py_pubsub/prefix_override:/usr/lib/python3/dist-packages/colcon_core/task/python/colcon_distutils_commands:/home/leejunmi/ros2_ws/install/py_pubsub/lib/python3.10/site-packages:${PYTHONPATH} /usr/bin/python3 -W ignore:setup.py install is deprecated -W ignore:easy_install command is deprecated setup.py egg_info --egg-base ../../build/py_pubsub build --build-base /home/leejunmi/ros2_ws/build/py_pubsub/build install --record /home/leejunmi/ros2_ws/build/py_pubsub/install.log --single-version-externally-managed install_data
[1.325s] running egg_info
[1.326s] creating ../../build/py_pubsub/py_pubsub.egg-info
[1.326s] writing ../../build/py_pubsub/py_pubsub.egg-info/PKG-INFO
[1.326s] writing dependency_links to ../../build/py_pubsub/py_pubsub.egg-info/dependency_links.txt
[1.326s] writing entry points to ../../build/py_pubsub/py_pubsub.egg-info/entry_points.txt
[1.327s] writing requirements to ../../build/py_pubsub/py_pubsub.egg-info/requires.txt
[1.327s] writing top-level names to ../../build/py_pubsub/py_pubsub.egg-info/top_level.txt
[1.327s] writing manifest file '../../build/py_pubsub/py_pubsub.egg-info/SOURCES.txt'
[1.328s] reading manifest file '../../build/py_pubsub/py_pubsub.egg-info/SOURCES.txt'
[1.328s] adding license file 'LICENSE'
[1.329s] writing manifest file '../../build/py_pubsub/py_pubsub.egg-info/SOURCES.txt'
[1.329s] running build
[1.329s] running build_py
[1.329s] creating /home/leejunmi/ros2_ws/build/py_pubsub/build
[1.329s] creating /home/leejunmi/ros2_ws/build/py_pubsub/build/lib
[1.329s] creating /home/leejunmi/ros2_ws/build/py_pubsub/build/lib/py_pubsub
[1.329s] copying py_pubsub/__init__.py -> /home/leejunmi/ros2_ws/build/py_pubsub/build/lib/py_pubsub
[1.329s] running install
[1.329s] running install_lib
[1.331s] creating /home/leejunmi/ros2_ws/install/py_pubsub/lib/python3.10/site-packages/py_pubsub
[1.331s] copying /home/leejunmi/ros2_ws/build/py_pubsub/build/lib/py_pubsub/__init__.py -> /home/leejunmi/ros2_ws/install/py_pubsub/lib/python3.10/site-packages/py_pubsub
[1.332s] byte-compiling /home/leejunmi/ros2_ws/install/py_pubsub/lib/python3.10/site-packages/py_pubsub/__init__.py to __init__.cpython-310.pyc
[1.332s] running install_data
[1.332s] creating /home/leejunmi/ros2_ws/install/py_pubsub/share/ament_index
[1.332s] creating /home/leejunmi/ros2_ws/install/py_pubsub/share/ament_index/resource_index
[1.332s] creating /home/leejunmi/ros2_ws/install/py_pubsub/share/ament_index/resource_index/packages
[1.332s] copying resource/py_pubsub -> /home/leejunmi/ros2_ws/install/py_pubsub/share/ament_index/resource_index/packages
[1.332s] copying package.xml -> /home/leejunmi/ros2_ws/install/py_pubsub/share/py_pubsub
[1.332s] running install_egg_info
[1.334s] Copying ../../build/py_pubsub/py_pubsub.egg-info to /home/leejunmi/ros2_ws/install/py_pubsub/lib/python3.10/site-packages/py_pubsub-0.0.0-py3.10.egg-info
[1.335s] running install_scripts
[1.352s] writing list of installed files to '/home/leejunmi/ros2_ws/build/py_pubsub/install.log'
[1.377s] Invoked command in '/home/leejunmi/ros2_ws/src/py_pubsub' returned '0': PYTHONPATH=/home/leejunmi/ros2_ws/build/py_pubsub/prefix_override:/usr/lib/python3/dist-packages/colcon_core/task/python/colcon_distutils_commands:/home/leejunmi/ros2_ws/install/py_pubsub/lib/python3.10/site-packages:${PYTHONPATH} /usr/bin/python3 -W ignore:setup.py install is deprecated -W ignore:easy_install command is deprecated setup.py egg_info --egg-base ../../build/py_pubsub build --build-base /home/leejunmi/ros2_ws/build/py_pubsub/build install --record /home/leejunmi/ros2_ws/build/py_pubsub/install.log --single-version-externally-managed install_data
