[2.180s] Invoking command in '/home/leejunmi/ros2_ws/src/img': PYTHONPATH=/home/leejunmi/ros2_ws/build/img/prefix_override:/usr/lib/python3/dist-packages/colcon_core/task/python/colcon_distutils_commands:/home/leejunmi/ros2_ws/install/img/lib/python3.10/site-packages:${PYTHONPATH} /usr/bin/python3 -W ignore:setup.py install is deprecated -W ignore:easy_install command is deprecated setup.py egg_info --egg-base ../../build/img build --build-base /home/leejunmi/ros2_ws/build/img/build install --record /home/leejunmi/ros2_ws/build/img/install.log --single-version-externally-managed install_data
[2.385s] /home/leejunmi/.local/lib/python3.10/site-packages/setuptools/_distutils/dist.py:261: UserWarning: Unknown distribution option: 'tests_require'
[2.386s]   warnings.warn(msg)
[2.513s] running egg_info
[2.543s] writing ../../build/img/img.egg-info/PKG-INFO
[2.546s] writing dependency_links to ../../build/img/img.egg-info/dependency_links.txt
[2.548s] writing entry points to ../../build/img/img.egg-info/entry_points.txt
[2.549s] writing requirements to ../../build/img/img.egg-info/requires.txt
[2.550s] writing top-level names to ../../build/img/img.egg-info/top_level.txt
[2.617s] reading manifest file '../../build/img/img.egg-info/SOURCES.txt'
[2.617s] adding license file 'LICENSE'
[2.617s] Traceback (most recent call last):
[2.617s]   File "/home/leejunmi/ros2_ws/src/img/setup.py", line 5, in <module>
[2.618s]     setup(
[2.618s]   File "/home/leejunmi/.local/lib/python3.10/site-packages/setuptools/__init__.py", line 117, in setup
[2.618s]     return distutils.core.setup(**attrs)
[2.618s]   File "/home/leejunmi/.local/lib/python3.10/site-packages/setuptools/_distutils/core.py", line 183, in setup
[2.618s]     return run_commands(dist)
[2.618s]   File "/home/leejunmi/.local/lib/python3.10/site-packages/setuptools/_distutils/core.py", line 199, in run_commands
[2.618s]     dist.run_commands()
[2.618s]   File "/home/leejunmi/.local/lib/python3.10/site-packages/setuptools/_distutils/dist.py", line 954, in run_commands
[2.619s]     self.run_command(cmd)
[2.619s]   File "/home/leejunmi/.local/lib/python3.10/site-packages/setuptools/dist.py", line 995, in run_command
[2.619s]     super().run_command(command)
[2.619s]   File "/home/leejunmi/.local/lib/python3.10/site-packages/setuptools/_distutils/dist.py", line 973, in run_command
[2.619s]     cmd_obj.run()
[2.619s]   File "/home/leejunmi/.local/lib/python3.10/site-packages/setuptools/command/egg_info.py", line 313, in run
[2.619s]     self.find_sources()
[2.619s]   File "/home/leejunmi/.local/lib/python3.10/site-packages/setuptools/command/egg_info.py", line 321, in find_sources
[2.620s]     mm.run()
[2.620s]   File "/home/leejunmi/.local/lib/python3.10/site-packages/setuptools/command/egg_info.py", line 549, in run
[2.620s]     self.prune_file_list()
[2.620s]   File "/home/leejunmi/.local/lib/python3.10/site-packages/setuptools/command/sdist.py", line 162, in prune_file_list
[2.620s]     super().prune_file_list()
[2.620s]   File "/home/leejunmi/.local/lib/python3.10/site-packages/setuptools/_distutils/command/sdist.py", line 380, in prune_file_list
[2.620s]     base_dir = self.distribution.get_fullname()
[2.620s]   File "/home/leejunmi/.local/lib/python3.10/site-packages/setuptools/_core_metadata.py", line 267, in get_fullname
[2.621s]     return _distribution_fullname(self.get_name(), self.get_version())
[2.621s]   File "/home/leejunmi/.local/lib/python3.10/site-packages/setuptools/_core_metadata.py", line 285, in _distribution_fullname
[2.621s]     canonicalize_version(version, strip_trailing_zero=False),
[2.621s] TypeError: canonicalize_version() got an unexpected keyword argument 'strip_trailing_zero'
[2.672s] Invoked command in '/home/leejunmi/ros2_ws/src/img' returned '1': PYTHONPATH=/home/leejunmi/ros2_ws/build/img/prefix_override:/usr/lib/python3/dist-packages/colcon_core/task/python/colcon_distutils_commands:/home/leejunmi/ros2_ws/install/img/lib/python3.10/site-packages:${PYTHONPATH} /usr/bin/python3 -W ignore:setup.py install is deprecated -W ignore:easy_install command is deprecated setup.py egg_info --egg-base ../../build/img build --build-base /home/leejunmi/ros2_ws/build/img/build install --record /home/leejunmi/ros2_ws/build/img/install.log --single-version-externally-managed install_data
