[2.644s] Invoking command in '/home/leejunmi/ros2_ws/src/img': PYTHONPATH=/home/leejunmi/ros2_ws/build/img/prefix_override:/usr/lib/python3/dist-packages/colcon_core/task/python/colcon_distutils_commands:/home/leejunmi/ros2_ws/install/img/lib/python3.10/site-packages:${PYTHONPATH} /usr/bin/python3 -W ignore:setup.py install is deprecated -W ignore:easy_install command is deprecated setup.py egg_info --egg-base ../../build/img build --build-base /home/leejunmi/ros2_ws/build/img/build install --record /home/leejunmi/ros2_ws/build/img/install.log --single-version-externally-managed install_data
[2.869s] /home/leejunmi/.local/lib/python3.10/site-packages/setuptools/_distutils/dist.py:261: UserWarning: Unknown distribution option: 'tests_require'
[2.869s]   warnings.warn(msg)
[3.006s] running egg_info
[3.031s] writing ../../build/img/img.egg-info/PKG-INFO
[3.032s] writing dependency_links to ../../build/img/img.egg-info/dependency_links.txt
[3.032s] writing entry points to ../../build/img/img.egg-info/entry_points.txt
[3.033s] writing requirements to ../../build/img/img.egg-info/requires.txt
[3.033s] writing top-level names to ../../build/img/img.egg-info/top_level.txt
[3.075s] reading manifest file '../../build/img/img.egg-info/SOURCES.txt'
[3.076s] adding license file 'LICENSE'
[3.076s] Traceback (most recent call last):
[3.076s]   File "/home/leejunmi/ros2_ws/src/img/setup.py", line 5, in <module>
[3.076s]     setup(
[3.076s]   File "/home/leejunmi/.local/lib/python3.10/site-packages/setuptools/__init__.py", line 117, in setup
[3.076s]     return distutils.core.setup(**attrs)
[3.076s]   File "/home/leejunmi/.local/lib/python3.10/site-packages/setuptools/_distutils/core.py", line 183, in setup
[3.077s]     return run_commands(dist)
[3.077s]   File "/home/leejunmi/.local/lib/python3.10/site-packages/setuptools/_distutils/core.py", line 199, in run_commands
[3.077s]     dist.run_commands()
[3.077s]   File "/home/leejunmi/.local/lib/python3.10/site-packages/setuptools/_distutils/dist.py", line 954, in run_commands
[3.077s]     self.run_command(cmd)
[3.077s]   File "/home/leejunmi/.local/lib/python3.10/site-packages/setuptools/dist.py", line 995, in run_command
[3.077s]     super().run_command(command)
[3.077s]   File "/home/leejunmi/.local/lib/python3.10/site-packages/setuptools/_distutils/dist.py", line 973, in run_command
[3.077s]     cmd_obj.run()
[3.078s]   File "/home/leejunmi/.local/lib/python3.10/site-packages/setuptools/command/egg_info.py", line 313, in run
[3.078s]     self.find_sources()
[3.078s]   File "/home/leejunmi/.local/lib/python3.10/site-packages/setuptools/command/egg_info.py", line 321, in find_sources
[3.078s]     mm.run()
[3.078s]   File "/home/leejunmi/.local/lib/python3.10/site-packages/setuptools/command/egg_info.py", line 549, in run
[3.078s]     self.prune_file_list()
[3.078s]   File "/home/leejunmi/.local/lib/python3.10/site-packages/setuptools/command/sdist.py", line 162, in prune_file_list
[3.078s]     super().prune_file_list()
[3.078s]   File "/home/leejunmi/.local/lib/python3.10/site-packages/setuptools/_distutils/command/sdist.py", line 380, in prune_file_list
[3.078s]     base_dir = self.distribution.get_fullname()
[3.078s]   File "/home/leejunmi/.local/lib/python3.10/site-packages/setuptools/_core_metadata.py", line 267, in get_fullname
[3.079s]     return _distribution_fullname(self.get_name(), self.get_version())
[3.079s]   File "/home/leejunmi/.local/lib/python3.10/site-packages/setuptools/_core_metadata.py", line 285, in _distribution_fullname
[3.079s]     canonicalize_version(version, strip_trailing_zero=False),
[3.079s] TypeError: canonicalize_version() got an unexpected keyword argument 'strip_trailing_zero'
