[0.034s] Invoking command in '/home/leejunmi/ros2_ws/build/tutorial_interfaces': CMAKE_PREFIX_PATH=/opt/ros/humble /usr/bin/cmake --build /home/leejunmi/ros2_ws/build/tutorial_interfaces -- -j8 -l8
[1.149s] [ 10%] Built target tutorial_interfaces__rosidl_generator_c
[1.149s] [ 12%] Built target tutorial_interfaces__cpp
[1.149s] [35m[1mConsolidate compiler generated dependencies of target tutorial_interfaces__rosidl_typesupport_fastrtps_c[0m
[1.150s] [ 12%] Built target ament_cmake_python_copy_tutorial_interfaces
[1.150s] [35m[1mConsolidate compiler generated dependencies of target tutorial_interfaces__rosidl_typesupport_introspection_cpp[0m
[1.150s] [35m[1mConsolidate compiler generated dependencies of target tutorial_interfaces__rosidl_typesupport_cpp[0m
[1.150s] [ 23%] Built target tutorial_interfaces__rosidl_typesupport_fastrtps_c
[1.150s] [ 34%] Built target tutorial_interfaces__rosidl_typesupport_c
[1.150s] [ 55%] Built target tutorial_interfaces__rosidl_typesupport_introspection_cpp
[1.150s] [ 55%] Built target tutorial_interfaces__rosidl_typesupport_introspection_c
[1.150s] [35m[1mConsolidate compiler generated dependencies of target tutorial_interfaces__rosidl_typesupport_fastrtps_cpp[0m
[1.150s] [ 65%] Built target tutorial_interfaces__rosidl_typesupport_cpp
[1.150s] [ 76%] Built target tutorial_interfaces__rosidl_typesupport_fastrtps_cpp
[1.150s] [ 76%] Built target tutorial_interfaces
[1.150s] [ 78%] Built target tutorial_interfaces__py
[1.150s] [35m[1mConsolidate compiler generated dependencies of target tutorial_interfaces__rosidl_generator_py[0m
[1.150s] [ 87%] Built target tutorial_interfaces__rosidl_generator_py
[1.150s] [35m[1mConsolidate compiler generated dependencies of target tutorial_interfaces__rosidl_typesupport_fastrtps_c__pyext[0m
[1.150s] [35m[1mConsolidate compiler generated dependencies of target tutorial_interfaces__rosidl_typesupport_introspection_c__pyext[0m
[1.150s] [35m[1mConsolidate compiler generated dependencies of target tutorial_interfaces__rosidl_typesupport_c__pyext[0m
[1.150s] [ 91%] Built target tutorial_interfaces__rosidl_typesupport_c__pyext
[1.151s] [ 95%] Built target tutorial_interfaces__rosidl_typesupport_fastrtps_c__pyext
[1.151s] [100%] Built target tutorial_interfaces__rosidl_typesupport_introspection_c__pyext
[1.151s] running egg_info
[1.151s] writing tutorial_interfaces.egg-info/PKG-INFO
[1.151s] writing dependency_links to tutorial_interfaces.egg-info/dependency_links.txt
[1.151s] writing top-level names to tutorial_interfaces.egg-info/top_level.txt
[1.151s] reading manifest file 'tutorial_interfaces.egg-info/SOURCES.txt'
[1.151s] writing manifest file 'tutorial_interfaces.egg-info/SOURCES.txt'
[1.151s] [100%] Built target ament_cmake_python_build_tutorial_interfaces_egg
