[0.091s] Invoking command in '/home/leejunmi/ros2_ws/build/examples_rclcpp_multithreaded_executor': CMAKE_PREFIX_PATH=/opt/ros/humble /usr/bin/cmake /home/leejunmi/ros2_ws/src/examples/rclcpp/executors/multithreaded_executor -DCMAKE_INSTALL_PREFIX=/home/leejunmi/ros2_ws/install/examples_rclcpp_multithreaded_executor
[0.128s] -- Found ament_cmake: 1.3.10 (/opt/ros/humble/share/ament_cmake/cmake)
[0.290s] -- Found rclcpp: 16.0.10 (/opt/ros/humble/share/rclcpp/cmake)
[0.331s] -- Found rosidl_generator_c: 3.1.5 (/opt/ros/humble/share/rosidl_generator_c/cmake)
[0.335s] -- Found rosidl_adapter: 3.1.5 (/opt/ros/humble/share/rosidl_adapter/cmake)
[0.344s] -- Found rosidl_generator_cpp: 3.1.5 (/opt/ros/humble/share/rosidl_generator_cpp/cmake)
[0.359s] -- Using all available rosidl_typesupport_c: rosidl_typesupport_fastrtps_c;rosidl_typesupport_introspection_c
[0.378s] -- Using all available rosidl_typesupport_cpp: rosidl_typesupport_fastrtps_cpp;rosidl_typesupport_introspection_cpp
[0.428s] -- Found rmw_implementation_cmake: 6.1.2 (/opt/ros/humble/share/rmw_implementation_cmake/cmake)
[0.430s] -- Found rmw_fastrtps_cpp: 6.2.7 (/opt/ros/humble/share/rmw_fastrtps_cpp/cmake)
[0.564s] -- Using RMW implementation 'rmw_fastrtps_cpp' as default
[0.617s] -- Found ament_lint_auto: 0.12.11 (/opt/ros/humble/share/ament_lint_auto/cmake)
[0.712s] -- Added test 'copyright' to check source files copyright and LICENSE
[0.713s] -- Added test 'cppcheck' to perform static code analysis on C / C++ code
[0.713s] -- Configured cppcheck include dirs: 
[0.713s] -- Configured cppcheck exclude dirs and/or files: 
[0.714s] -- Added test 'cpplint' to check C / C++ code against the Google style
[0.714s] -- Configured cpplint exclude dirs and/or files: 
[0.714s] -- Added test 'lint_cmake' to check CMake code style
[0.715s] -- Added test 'uncrustify' to check C / C++ code style
[0.715s] -- Configured uncrustify additional arguments: 
[0.716s] -- Added test 'xmllint' to check XML markup files
[0.717s] -- Configuring done
[0.728s] -- Generating done
[0.732s] -- Build files have been written to: /home/leejunmi/ros2_ws/build/examples_rclcpp_multithreaded_executor
[1.191s] Invoked command in '/home/leejunmi/ros2_ws/build/examples_rclcpp_multithreaded_executor' returned '0': CMAKE_PREFIX_PATH=/opt/ros/humble /usr/bin/cmake /home/leejunmi/ros2_ws/src/examples/rclcpp/executors/multithreaded_executor -DCMAKE_INSTALL_PREFIX=/home/leejunmi/ros2_ws/install/examples_rclcpp_multithreaded_executor
[1.192s] Invoking command in '/home/leejunmi/ros2_ws/build/examples_rclcpp_multithreaded_executor': CMAKE_PREFIX_PATH=/opt/ros/humble /usr/bin/cmake --build /home/leejunmi/ros2_ws/build/examples_rclcpp_multithreaded_executor -- -j8 -l8
[1.260s] [35m[1mConsolidate compiler generated dependencies of target multithreaded_executor[0m
[1.328s] [100%] Built target multithreaded_executor
[1.371s] Invoked command in '/home/leejunmi/ros2_ws/build/examples_rclcpp_multithreaded_executor' returned '0': CMAKE_PREFIX_PATH=/opt/ros/humble /usr/bin/cmake --build /home/leejunmi/ros2_ws/build/examples_rclcpp_multithreaded_executor -- -j8 -l8
[1.372s] Invoking command in '/home/leejunmi/ros2_ws/build/examples_rclcpp_multithreaded_executor': CMAKE_PREFIX_PATH=/opt/ros/humble /usr/bin/cmake --install /home/leejunmi/ros2_ws/build/examples_rclcpp_multithreaded_executor
[1.395s] -- Install configuration: "Release"
[1.396s] -- Up-to-date: /home/leejunmi/ros2_ws/install/examples_rclcpp_multithreaded_executor/lib/examples_rclcpp_multithreaded_executor/multithreaded_executor
[1.397s] -- Up-to-date: /home/leejunmi/ros2_ws/install/examples_rclcpp_multithreaded_executor/share/ament_index/resource_index/package_run_dependencies/examples_rclcpp_multithreaded_executor
[1.397s] -- Up-to-date: /home/leejunmi/ros2_ws/install/examples_rclcpp_multithreaded_executor/share/ament_index/resource_index/parent_prefix_path/examples_rclcpp_multithreaded_executor
[1.398s] -- Up-to-date: /home/leejunmi/ros2_ws/install/examples_rclcpp_multithreaded_executor/share/examples_rclcpp_multithreaded_executor/environment/ament_prefix_path.sh
[1.399s] -- Installing: /home/leejunmi/ros2_ws/install/examples_rclcpp_multithreaded_executor/share/examples_rclcpp_multithreaded_executor/environment/ament_prefix_path.dsv
[1.403s] -- Up-to-date: /home/leejunmi/ros2_ws/install/examples_rclcpp_multithreaded_executor/share/examples_rclcpp_multithreaded_executor/environment/path.sh
[1.403s] -- Installing: /home/leejunmi/ros2_ws/install/examples_rclcpp_multithreaded_executor/share/examples_rclcpp_multithreaded_executor/environment/path.dsv
[1.404s] -- Up-to-date: /home/leejunmi/ros2_ws/install/examples_rclcpp_multithreaded_executor/share/examples_rclcpp_multithreaded_executor/local_setup.bash
[1.404s] -- Up-to-date: /home/leejunmi/ros2_ws/install/examples_rclcpp_multithreaded_executor/share/examples_rclcpp_multithreaded_executor/local_setup.sh
[1.404s] -- Up-to-date: /home/leejunmi/ros2_ws/install/examples_rclcpp_multithreaded_executor/share/examples_rclcpp_multithreaded_executor/local_setup.zsh
[1.404s] -- Installing: /home/leejunmi/ros2_ws/install/examples_rclcpp_multithreaded_executor/share/examples_rclcpp_multithreaded_executor/local_setup.dsv
[1.404s] -- Installing: /home/leejunmi/ros2_ws/install/examples_rclcpp_multithreaded_executor/share/examples_rclcpp_multithreaded_executor/package.dsv
[1.404s] -- Up-to-date: /home/leejunmi/ros2_ws/install/examples_rclcpp_multithreaded_executor/share/ament_index/resource_index/packages/examples_rclcpp_multithreaded_executor
[1.404s] -- Up-to-date: /home/leejunmi/ros2_ws/install/examples_rclcpp_multithreaded_executor/share/examples_rclcpp_multithreaded_executor/cmake/examples_rclcpp_multithreaded_executorConfig.cmake
[1.404s] -- Up-to-date: /home/leejunmi/ros2_ws/install/examples_rclcpp_multithreaded_executor/share/examples_rclcpp_multithreaded_executor/cmake/examples_rclcpp_multithreaded_executorConfig-version.cmake
[1.404s] -- Up-to-date: /home/leejunmi/ros2_ws/install/examples_rclcpp_multithreaded_executor/share/examples_rclcpp_multithreaded_executor/package.xml
[1.414s] Invoked command in '/home/leejunmi/ros2_ws/build/examples_rclcpp_multithreaded_executor' returned '0': CMAKE_PREFIX_PATH=/opt/ros/humble /usr/bin/cmake --install /home/leejunmi/ros2_ws/build/examples_rclcpp_multithreaded_executor
