[  9%] Built target number__rosidl_generator_c
[ 12%] Built target number__cpp
[ 12%] Built target ament_cmake_python_copy_number
[ 16%] [32mBuilding CXX object CMakeFiles/number__rosidl_typesupport_fastrtps_cpp.dir/rosidl_typesupport_fastrtps_cpp/number/msg/detail/dds_fastrtps/num_num__type_support.cpp.o[0m
[ 25%] Built target number__rosidl_typesupport_introspection_c
[ 29%] [32mBuilding CXX object CMakeFiles/number__rosidl_typesupport_fastrtps_c.dir/rosidl_typesupport_fastrtps_c/number/msg/detail/num_num__type_support_c.cpp.o[0m
[ 38%] Built target number__rosidl_typesupport_c
[ 41%] [32mBuilding CXX object CMakeFiles/number__rosidl_typesupport_cpp.dir/rosidl_typesupport_cpp/number/msg/num_num__type_support.cpp.o[0m
[ 45%] [32mBuilding CXX object CMakeFiles/number__rosidl_typesupport_introspection_cpp.dir/rosidl_typesupport_introspection_cpp/number/msg/detail/num_num__type_support.cpp.o[0m
[ 48%] [32m[1mLinking CXX shared library libnumber__rosidl_typesupport_cpp.so[0m
[ 51%] Built target number__rosidl_typesupport_cpp
running egg_info
writing number.egg-info/PKG-INFO
writing dependency_links to number.egg-info/dependency_links.txt
writing top-level names to number.egg-info/top_level.txt
reading manifest file 'number.egg-info/SOURCES.txt'
writing manifest file 'number.egg-info/SOURCES.txt'
[ 51%] Built target ament_cmake_python_build_number_egg
[ 54%] [32m[1mLinking CXX shared library libnumber__rosidl_typesupport_fastrtps_c.so[0m
[ 58%] [32m[1mLinking CXX shared library libnumber__rosidl_typesupport_fastrtps_cpp.so[0m
[ 61%] Built target number__rosidl_typesupport_fastrtps_c
[ 64%] [32m[1mLinking CXX shared library libnumber__rosidl_typesupport_introspection_cpp.so[0m
[ 67%] Built target number__rosidl_typesupport_fastrtps_cpp
[ 70%] Built target number__rosidl_typesupport_introspection_cpp
[ 70%] Built target number
[ 74%] Built target number__py
[ 77%] [32mBuilding C object CMakeFiles/number__rosidl_generator_py.dir/rosidl_generator_py/number/msg/_num_num_s.c.o[0m
[ 80%] [32m[1mLinking C shared library rosidl_generator_py/number/libnumber__rosidl_generator_py.so[0m
[ 80%] Built target number__rosidl_generator_py
[ 83%] [32mBuilding C object CMakeFiles/number__rosidl_typesupport_c__pyext.dir/rosidl_generator_py/number/_number_s.ep.rosidl_typesupport_c.c.o[0m
[ 87%] [32mBuilding C object CMakeFiles/number__rosidl_typesupport_fastrtps_c__pyext.dir/rosidl_generator_py/number/_number_s.ep.rosidl_typesupport_fastrtps_c.c.o[0m
[ 90%] [32mBuilding C object CMakeFiles/number__rosidl_typesupport_introspection_c__pyext.dir/rosidl_generator_py/number/_number_s.ep.rosidl_typesupport_introspection_c.c.o[0m
[ 93%] [32m[1mLinking C shared library rosidl_generator_py/number/number_s__rosidl_typesupport_introspection_c.cpython-310-x86_64-linux-gnu.so[0m
[ 96%] [32m[1mLinking C shared library rosidl_generator_py/number/number_s__rosidl_typesupport_c.cpython-310-x86_64-linux-gnu.so[0m
[100%] [32m[1mLinking C shared library rosidl_generator_py/number/number_s__rosidl_typesupport_fastrtps_c.cpython-310-x86_64-linux-gnu.so[0m
[100%] Built target number__rosidl_typesupport_introspection_c__pyext
[100%] Built target number__rosidl_typesupport_c__pyext
[100%] Built target number__rosidl_typesupport_fastrtps_c__pyext
