[0.042s] Invoking command in '/home/leejunmi/ros2_ws/build/number': CMAKE_PREFIX_PATH=/opt/ros/humble /usr/bin/cmake --build /home/leejunmi/ros2_ws/build/number -- -j8 -l8
[0.166s] [  9%] Built target number__rosidl_generator_c
[0.166s] [ 12%] Built target number__cpp
[0.203s] [ 12%] Built target ament_cmake_python_copy_number
[0.260s] [ 16%] [32mBuilding CXX object CMakeFiles/number__rosidl_typesupport_fastrtps_cpp.dir/rosidl_typesupport_fastrtps_cpp/number/msg/detail/dds_fastrtps/num_num__type_support.cpp.o[0m
[0.260s] [ 25%] Built target number__rosidl_typesupport_introspection_c
[0.268s] [ 29%] [32mBuilding CXX object CMakeFiles/number__rosidl_typesupport_fastrtps_c.dir/rosidl_typesupport_fastrtps_c/number/msg/detail/num_num__type_support_c.cpp.o[0m
[0.271s] [ 38%] Built target number__rosidl_typesupport_c
[0.277s] [ 41%] [32mBuilding CXX object CMakeFiles/number__rosidl_typesupport_cpp.dir/rosidl_typesupport_cpp/number/msg/num_num__type_support.cpp.o[0m
[0.300s] [ 45%] [32mBuilding CXX object CMakeFiles/number__rosidl_typesupport_introspection_cpp.dir/rosidl_typesupport_introspection_cpp/number/msg/detail/num_num__type_support.cpp.o[0m
[1.279s] [ 48%] [32m[1mLinking CXX shared library libnumber__rosidl_typesupport_cpp.so[0m
[1.438s] [ 51%] Built target number__rosidl_typesupport_cpp
[1.646s] running egg_info
[1.646s] writing number.egg-info/PKG-INFO
[1.646s] writing dependency_links to number.egg-info/dependency_links.txt
[1.655s] writing top-level names to number.egg-info/top_level.txt
[1.672s] reading manifest file 'number.egg-info/SOURCES.txt'
[1.676s] writing manifest file 'number.egg-info/SOURCES.txt'
[1.895s] [ 51%] Built target ament_cmake_python_build_number_egg
[2.233s] [ 54%] [32m[1mLinking CXX shared library libnumber__rosidl_typesupport_fastrtps_c.so[0m
[2.898s] [ 58%] [32m[1mLinking CXX shared library libnumber__rosidl_typesupport_fastrtps_cpp.so[0m
[2.999s] [ 61%] Built target number__rosidl_typesupport_fastrtps_c
[3.201s] [ 64%] [32m[1mLinking CXX shared library libnumber__rosidl_typesupport_introspection_cpp.so[0m
[3.384s] [ 67%] Built target number__rosidl_typesupport_fastrtps_cpp
[3.500s] [ 70%] Built target number__rosidl_typesupport_introspection_cpp
[3.610s] [ 70%] Built target number
[3.746s] [ 74%] Built target number__py
[3.853s] [ 77%] [32mBuilding C object CMakeFiles/number__rosidl_generator_py.dir/rosidl_generator_py/number/msg/_num_num_s.c.o[0m
[4.720s] [ 80%] [32m[1mLinking C shared library rosidl_generator_py/number/libnumber__rosidl_generator_py.so[0m
[4.948s] [ 80%] Built target number__rosidl_generator_py
[5.045s] [ 83%] [32mBuilding C object CMakeFiles/number__rosidl_typesupport_c__pyext.dir/rosidl_generator_py/number/_number_s.ep.rosidl_typesupport_c.c.o[0m
[5.070s] [ 87%] [32mBuilding C object CMakeFiles/number__rosidl_typesupport_fastrtps_c__pyext.dir/rosidl_generator_py/number/_number_s.ep.rosidl_typesupport_fastrtps_c.c.o[0m
[5.074s] [ 90%] [32mBuilding C object CMakeFiles/number__rosidl_typesupport_introspection_c__pyext.dir/rosidl_generator_py/number/_number_s.ep.rosidl_typesupport_introspection_c.c.o[0m
[5.737s] [ 93%] [32m[1mLinking C shared library rosidl_generator_py/number/number_s__rosidl_typesupport_introspection_c.cpython-310-x86_64-linux-gnu.so[0m
[5.797s] [ 96%] [32m[1mLinking C shared library rosidl_generator_py/number/number_s__rosidl_typesupport_c.cpython-310-x86_64-linux-gnu.so[0m
[5.805s] [100%] [32m[1mLinking C shared library rosidl_generator_py/number/number_s__rosidl_typesupport_fastrtps_c.cpython-310-x86_64-linux-gnu.so[0m
[5.892s] [100%] Built target number__rosidl_typesupport_introspection_c__pyext
[6.016s] [100%] Built target number__rosidl_typesupport_c__pyext
[6.018s] [100%] Built target number__rosidl_typesupport_fastrtps_c__pyext
[6.124s] Invoked command in '/home/leejunmi/ros2_ws/build/number' returned '0': CMAKE_PREFIX_PATH=/opt/ros/humble /usr/bin/cmake --build /home/leejunmi/ros2_ws/build/number -- -j8 -l8
[6.232s] Invoking command in '/home/leejunmi/ros2_ws/build/number': CMAKE_PREFIX_PATH=/opt/ros/humble /usr/bin/cmake --install /home/leejunmi/ros2_ws/build/number
