[2.244s] Invoking command in '/home/leejunmi/ros2_ws/src/my_package': PYTHONPATH=/home/leejunmi/ros2_ws/build/my_package/prefix_override:/usr/lib/python3/dist-packages/colcon_core/task/python/colcon_distutils_commands:/home/leejunmi/ros2_ws/install/my_package/lib/python3.10/site-packages:${PYTHONPATH} /usr/bin/python3 -W ignore:setup.py install is deprecated -W ignore:easy_install command is deprecated setup.py egg_info --egg-base ../../build/my_package build --build-base /home/leejunmi/ros2_ws/build/my_package/build install --record /home/leejunmi/ros2_ws/build/my_package/install.log --single-version-externally-managed install_data
[2.600s] running egg_info
[2.603s] writing ../../build/my_package/my_package.egg-info/PKG-INFO
[2.603s] writing dependency_links to ../../build/my_package/my_package.egg-info/dependency_links.txt
[2.603s] writing entry points to ../../build/my_package/my_package.egg-info/entry_points.txt
[2.603s] writing requirements to ../../build/my_package/my_package.egg-info/requires.txt
[2.603s] writing top-level names to ../../build/my_package/my_package.egg-info/top_level.txt
[2.606s] reading manifest file '../../build/my_package/my_package.egg-info/SOURCES.txt'
[2.606s] adding license file 'LICENSE'
[2.606s] writing manifest file '../../build/my_package/my_package.egg-info/SOURCES.txt'
[2.607s] running build
[2.607s] running build_py
[2.608s] running install
[2.608s] running install_lib
[2.610s] running install_data
[2.610s] running install_egg_info
[2.614s] removing '/home/leejunmi/ros2_ws/install/my_package/lib/python3.10/site-packages/my_package-0.0.0-py3.10.egg-info' (and everything under it)
[2.618s] Copying ../../build/my_package/my_package.egg-info to /home/leejunmi/ros2_ws/install/my_package/lib/python3.10/site-packages/my_package-0.0.0-py3.10.egg-info
[2.618s] running install_scripts
[2.654s] Installing my_node script to /home/leejunmi/ros2_ws/install/my_package/lib/my_package
[2.655s] writing list of installed files to '/home/leejunmi/ros2_ws/build/my_package/install.log'
[2.710s] Invoked command in '/home/leejunmi/ros2_ws/src/my_package' returned '0': PYTHONPATH=/home/leejunmi/ros2_ws/build/my_package/prefix_override:/usr/lib/python3/dist-packages/colcon_core/task/python/colcon_distutils_commands:/home/leejunmi/ros2_ws/install/my_package/lib/python3.10/site-packages:${PYTHONPATH} /usr/bin/python3 -W ignore:setup.py install is deprecated -W ignore:easy_install command is deprecated setup.py egg_info --egg-base ../../build/my_package build --build-base /home/leejunmi/ros2_ws/build/my_package/build install --record /home/leejunmi/ros2_ws/build/my_package/install.log --single-version-externally-managed install_data
