[  3%] Built target number__cpp
[ 12%] Built target number__rosidl_generator_c
[ 12%] Built target ament_cmake_python_copy_number
[ 22%] Built target number__rosidl_typesupport_fastrtps_cpp
[ 32%] Built target number__rosidl_typesupport_fastrtps_c
[ 41%] Built target number__rosidl_typesupport_introspection_cpp
[ 51%] Built target number__rosidl_typesupport_c
[ 61%] Built target number__rosidl_typesupport_introspection_c
[ 70%] Built target number__rosidl_typesupport_cpp
[ 70%] Built target number
[ 74%] Built target number__py
[ 80%] Built target number__rosidl_generator_py
[ 87%] Built target number__rosidl_typesupport_fastrtps_c__pyext
[ 93%] Built target number__rosidl_typesupport_introspection_c__pyext
[100%] Built target number__rosidl_typesupport_c__pyext
running egg_info
writing number.egg-info/PKG-INFO
writing dependency_links to number.egg-info/dependency_links.txt
writing top-level names to number.egg-info/top_level.txt
reading manifest file 'number.egg-info/SOURCES.txt'
