[0.588s] Invoking command in '/home/leejunmi/ros2_ws/src/examples/rclpy/services/minimal_service': PYTHONPATH=/home/leejunmi/ros2_ws/build/examples_rclpy_minimal_service/prefix_override:/usr/lib/python3/dist-packages/colcon_core/task/python/colcon_distutils_commands:/home/leejunmi/ros2_ws/install/examples_rclpy_minimal_service/lib/python3.10/site-packages:${PYTHONPATH} /usr/bin/python3 -W ignore:setup.py install is deprecated -W ignore:easy_install command is deprecated setup.py egg_info --egg-base ../../../../../build/examples_rclpy_minimal_service build --build-base /home/leejunmi/ros2_ws/build/examples_rclpy_minimal_service/build install --record /home/leejunmi/ros2_ws/build/examples_rclpy_minimal_service/install.log --single-version-externally-managed install_data
[0.820s] running egg_info
[0.821s] creating ../../../../../build/examples_rclpy_minimal_service/examples_rclpy_minimal_service.egg-info
[0.821s] writing ../../../../../build/examples_rclpy_minimal_service/examples_rclpy_minimal_service.egg-info/PKG-INFO
[0.821s] writing dependency_links to ../../../../../build/examples_rclpy_minimal_service/examples_rclpy_minimal_service.egg-info/dependency_links.txt
[0.821s] writing entry points to ../../../../../build/examples_rclpy_minimal_service/examples_rclpy_minimal_service.egg-info/entry_points.txt
[0.821s] writing requirements to ../../../../../build/examples_rclpy_minimal_service/examples_rclpy_minimal_service.egg-info/requires.txt
[0.821s] writing top-level names to ../../../../../build/examples_rclpy_minimal_service/examples_rclpy_minimal_service.egg-info/top_level.txt
[0.822s] writing manifest file '../../../../../build/examples_rclpy_minimal_service/examples_rclpy_minimal_service.egg-info/SOURCES.txt'
[0.831s] reading manifest file '../../../../../build/examples_rclpy_minimal_service/examples_rclpy_minimal_service.egg-info/SOURCES.txt'
[0.831s] writing manifest file '../../../../../build/examples_rclpy_minimal_service/examples_rclpy_minimal_service.egg-info/SOURCES.txt'
[0.832s] running build
[0.832s] running build_py
[0.832s] creating /home/leejunmi/ros2_ws/build/examples_rclpy_minimal_service/build
[0.832s] creating /home/leejunmi/ros2_ws/build/examples_rclpy_minimal_service/build/lib
[0.832s] creating /home/leejunmi/ros2_ws/build/examples_rclpy_minimal_service/build/lib/examples_rclpy_minimal_service
[0.832s] copying examples_rclpy_minimal_service/service.py -> /home/leejunmi/ros2_ws/build/examples_rclpy_minimal_service/build/lib/examples_rclpy_minimal_service
[0.832s] copying examples_rclpy_minimal_service/__init__.py -> /home/leejunmi/ros2_ws/build/examples_rclpy_minimal_service/build/lib/examples_rclpy_minimal_service
[0.832s] copying examples_rclpy_minimal_service/service_member_function.py -> /home/leejunmi/ros2_ws/build/examples_rclpy_minimal_service/build/lib/examples_rclpy_minimal_service
[0.832s] running install
[0.833s] running install_lib
[0.834s] creating /home/leejunmi/ros2_ws/install/examples_rclpy_minimal_service/lib/python3.10/site-packages/examples_rclpy_minimal_service
[0.835s] copying /home/leejunmi/ros2_ws/build/examples_rclpy_minimal_service/build/lib/examples_rclpy_minimal_service/service.py -> /home/leejunmi/ros2_ws/install/examples_rclpy_minimal_service/lib/python3.10/site-packages/examples_rclpy_minimal_service
[0.835s] copying /home/leejunmi/ros2_ws/build/examples_rclpy_minimal_service/build/lib/examples_rclpy_minimal_service/__init__.py -> /home/leejunmi/ros2_ws/install/examples_rclpy_minimal_service/lib/python3.10/site-packages/examples_rclpy_minimal_service
[0.835s] copying /home/leejunmi/ros2_ws/build/examples_rclpy_minimal_service/build/lib/examples_rclpy_minimal_service/service_member_function.py -> /home/leejunmi/ros2_ws/install/examples_rclpy_minimal_service/lib/python3.10/site-packages/examples_rclpy_minimal_service
[0.835s] byte-compiling /home/leejunmi/ros2_ws/install/examples_rclpy_minimal_service/lib/python3.10/site-packages/examples_rclpy_minimal_service/service.py to service.cpython-310.pyc
[0.835s] byte-compiling /home/leejunmi/ros2_ws/install/examples_rclpy_minimal_service/lib/python3.10/site-packages/examples_rclpy_minimal_service/__init__.py to __init__.cpython-310.pyc
[0.836s] byte-compiling /home/leejunmi/ros2_ws/install/examples_rclpy_minimal_service/lib/python3.10/site-packages/examples_rclpy_minimal_service/service_member_function.py to service_member_function.cpython-310.pyc
[0.836s] running install_data
[0.836s] creating /home/leejunmi/ros2_ws/install/examples_rclpy_minimal_service/share/ament_index
[0.836s] creating /home/leejunmi/ros2_ws/install/examples_rclpy_minimal_service/share/ament_index/resource_index
[0.836s] creating /home/leejunmi/ros2_ws/install/examples_rclpy_minimal_service/share/ament_index/resource_index/packages
[0.836s] copying resource/examples_rclpy_minimal_service -> /home/leejunmi/ros2_ws/install/examples_rclpy_minimal_service/share/ament_index/resource_index/packages
[0.836s] copying package.xml -> /home/leejunmi/ros2_ws/install/examples_rclpy_minimal_service/share/examples_rclpy_minimal_service
[0.837s] running install_egg_info
[0.838s] Copying ../../../../../build/examples_rclpy_minimal_service/examples_rclpy_minimal_service.egg-info to /home/leejunmi/ros2_ws/install/examples_rclpy_minimal_service/lib/python3.10/site-packages/examples_rclpy_minimal_service-0.15.3-py3.10.egg-info
[0.839s] running install_scripts
[0.858s] Installing service script to /home/leejunmi/ros2_ws/install/examples_rclpy_minimal_service/lib/examples_rclpy_minimal_service
[0.858s] Installing service_member_function script to /home/leejunmi/ros2_ws/install/examples_rclpy_minimal_service/lib/examples_rclpy_minimal_service
[0.859s] writing list of installed files to '/home/leejunmi/ros2_ws/build/examples_rclpy_minimal_service/install.log'
[0.882s] Invoked command in '/home/leejunmi/ros2_ws/src/examples/rclpy/services/minimal_service' returned '0': PYTHONPATH=/home/leejunmi/ros2_ws/build/examples_rclpy_minimal_service/prefix_override:/usr/lib/python3/dist-packages/colcon_core/task/python/colcon_distutils_commands:/home/leejunmi/ros2_ws/install/examples_rclpy_minimal_service/lib/python3.10/site-packages:${PYTHONPATH} /usr/bin/python3 -W ignore:setup.py install is deprecated -W ignore:easy_install command is deprecated setup.py egg_info --egg-base ../../../../../build/examples_rclpy_minimal_service build --build-base /home/leejunmi/ros2_ws/build/examples_rclpy_minimal_service/build install --record /home/leejunmi/ros2_ws/build/examples_rclpy_minimal_service/install.log --single-version-externally-managed install_data
