[2.319s] Invoking command in '/home/leejunmi/ros2_ws/src/examples/rclpy/executors': PYTHONPATH=/home/leejunmi/ros2_ws/build/examples_rclpy_executors/prefix_override:/usr/lib/python3/dist-packages/colcon_core/task/python/colcon_distutils_commands:/home/leejunmi/ros2_ws/install/examples_rclpy_executors/lib/python3.10/site-packages:${PYTHONPATH} /usr/bin/python3 -W ignore:setup.py install is deprecated -W ignore:easy_install command is deprecated setup.py egg_info --egg-base ../../../../build/examples_rclpy_executors build --build-base /home/leejunmi/ros2_ws/build/examples_rclpy_executors/build install --record /home/leejunmi/ros2_ws/build/examples_rclpy_executors/install.log --single-version-externally-managed install_data
[2.737s] running egg_info
[2.740s] writing ../../../../build/examples_rclpy_executors/examples_rclpy_executors.egg-info/PKG-INFO
[2.741s] writing dependency_links to ../../../../build/examples_rclpy_executors/examples_rclpy_executors.egg-info/dependency_links.txt
[2.741s] writing entry points to ../../../../build/examples_rclpy_executors/examples_rclpy_executors.egg-info/entry_points.txt
[2.741s] writing requirements to ../../../../build/examples_rclpy_executors/examples_rclpy_executors.egg-info/requires.txt
[2.741s] writing top-level names to ../../../../build/examples_rclpy_executors/examples_rclpy_executors.egg-info/top_level.txt
[2.741s] reading manifest file '../../../../build/examples_rclpy_executors/examples_rclpy_executors.egg-info/SOURCES.txt'
[2.743s] writing manifest file '../../../../build/examples_rclpy_executors/examples_rclpy_executors.egg-info/SOURCES.txt'
[2.743s] running build
[2.743s] running build_py
[2.744s] running install
[2.745s] running install_lib
[2.751s] running install_data
[2.751s] running install_egg_info
[2.752s] removing '/home/leejunmi/ros2_ws/install/examples_rclpy_executors/lib/python3.10/site-packages/examples_rclpy_executors-0.15.3-py3.10.egg-info' (and everything under it)
[2.752s] Copying ../../../../build/examples_rclpy_executors/examples_rclpy_executors.egg-info to /home/leejunmi/ros2_ws/install/examples_rclpy_executors/lib/python3.10/site-packages/examples_rclpy_executors-0.15.3-py3.10.egg-info
[2.754s] running install_scripts
[2.789s] Installing callback_group script to /home/leejunmi/ros2_ws/install/examples_rclpy_executors/lib/examples_rclpy_executors
[2.789s] Installing composed script to /home/leejunmi/ros2_ws/install/examples_rclpy_executors/lib/examples_rclpy_executors
[2.789s] Installing custom_callback_group script to /home/leejunmi/ros2_ws/install/examples_rclpy_executors/lib/examples_rclpy_executors
[2.790s] Installing custom_executor script to /home/leejunmi/ros2_ws/install/examples_rclpy_executors/lib/examples_rclpy_executors
[2.790s] Installing listener script to /home/leejunmi/ros2_ws/install/examples_rclpy_executors/lib/examples_rclpy_executors
[2.790s] Installing talker script to /home/leejunmi/ros2_ws/install/examples_rclpy_executors/lib/examples_rclpy_executors
[2.791s] writing list of installed files to '/home/leejunmi/ros2_ws/build/examples_rclpy_executors/install.log'
[2.866s] Invoked command in '/home/leejunmi/ros2_ws/src/examples/rclpy/executors' returned '0': PYTHONPATH=/home/leejunmi/ros2_ws/build/examples_rclpy_executors/prefix_override:/usr/lib/python3/dist-packages/colcon_core/task/python/colcon_distutils_commands:/home/leejunmi/ros2_ws/install/examples_rclpy_executors/lib/python3.10/site-packages:${PYTHONPATH} /usr/bin/python3 -W ignore:setup.py install is deprecated -W ignore:easy_install command is deprecated setup.py egg_info --egg-base ../../../../build/examples_rclpy_executors build --build-base /home/leejunmi/ros2_ws/build/examples_rclpy_executors/build install --record /home/leejunmi/ros2_ws/build/examples_rclpy_executors/install.log --single-version-externally-managed install_data
