[0.016s] Invoking command in '/home/leejunmi/ros2_ws/build/microstrain_inertial_driver': AMENT_PREFIX_PATH=/home/leejunmi/ros2_ws/install/microstrain_inertial_msgs:${AMENT_PREFIX_PATH} CMAKE_PREFIX_PATH=/home/leejunmi/ros2_ws/install/py_pubsub:/home/leejunmi/ros2_ws/install/test_pkg:/home/leejunmi/ros2_ws/install/python_parameters:/home/leejunmi/ros2_ws/install/pkpk:/home/leejunmi/ros2_ws/install/msg_test:/home/leejunmi/ros2_ws/install/my_package:/home/leejunmi/ros2_ws/install/lidar_intensity:/home/leejunmi/ros2_ws/install/launch_testing_examples:/home/leejunmi/ros2_ws/install/img:/home/leejunmi/ros2_ws/install/examples_rclpy_pointcloud_publisher:/home/leejunmi/ros2_ws/install/examples_rclpy_minimal_subscriber:/home/leejunmi/ros2_ws/install/examples_rclpy_minimal_service:/home/leejunmi/ros2_ws/install/examples_rclpy_minimal_publisher:/home/leejunmi/ros2_ws/install/examples_rclpy_minimal_client:/home/leejunmi/ros2_ws/install/examples_rclpy_minimal_action_server:/home/leejunmi/ros2_ws/install/examples_rclpy_minimal_action_client:/home/leejunmi/ros2_ws/install/examples_rclpy_guard_conditions:/home/leejunmi/ros2_ws/install/examples_rclpy_executors:/opt/ros/humble:/home/leejunmi/ros2_ws/install/microstrain_inertial_msgs:${CMAKE_PREFIX_PATH} LD_LIBRARY_PATH=/home/leejunmi/ros2_ws/install/microstrain_inertial_msgs/lib:${LD_LIBRARY_PATH} PYTHONPATH=/home/leejunmi/ros2_ws/install/microstrain_inertial_msgs/local/lib/python3.10/dist-packages:${PYTHONPATH} /usr/bin/cmake /home/leejunmi/ros2_ws/src/microstrain_inertial/microstrain_inertial_driver -DCMAKE_INSTALL_PREFIX=/home/leejunmi/ros2_ws/install/microstrain_inertial_driver
[0.076s] -- The C compiler identification is GNU 11.4.0
[0.136s] -- The CXX compiler identification is GNU 11.4.0
[0.142s] -- Detecting C compiler ABI info
[0.205s] -- Detecting C compiler ABI info - done
[0.213s] -- Check for working C compiler: /usr/bin/cc - skipped
[0.213s] -- Detecting C compile features
[0.214s] -- Detecting C compile features - done
[0.217s] -- Detecting CXX compiler ABI info
[0.291s] -- Detecting CXX compiler ABI info - done
[0.299s] -- Check for working CXX compiler: /usr/bin/c++ - skipped
[0.299s] -- Detecting CXX compile features
[0.300s] -- Detecting CXX compile features - done
[0.305s] -- Found Git: /usr/bin/git (found version "2.34.1") 
[0.318s] -- Microstrain Driver Version: ros2-4.5.0-1-ge7ad0aa
[0.334s] -- MIP SDK Version: v1.0.0-283-g2c4cb6b
[0.339s] -- Could NOT find Doxygen (missing: DOXYGEN_EXECUTABLE) 
[0.357s] -- Found ament_cmake: 1.3.11 (/opt/ros/humble/share/ament_cmake/cmake)
[0.551s] -- Found Python3: /usr/bin/python3 (found version "3.10.12") found components: Interpreter 
[0.668s] -- Found rclcpp_lifecycle: 16.0.11 (/opt/ros/humble/share/rclcpp_lifecycle/cmake)
[0.729s] -- Found rosidl_generator_c: 3.1.6 (/opt/ros/humble/share/rosidl_generator_c/cmake)
[0.736s] -- Found rosidl_adapter: 3.1.6 (/opt/ros/humble/share/rosidl_adapter/cmake)
[0.746s] -- Found rosidl_generator_cpp: 3.1.6 (/opt/ros/humble/share/rosidl_generator_cpp/cmake)
[0.772s] -- Using all available rosidl_typesupport_c: rosidl_typesupport_fastrtps_c;rosidl_typesupport_introspection_c
[0.791s] -- Using all available rosidl_typesupport_cpp: rosidl_typesupport_fastrtps_cpp;rosidl_typesupport_introspection_cpp
[0.871s] -- Found rmw_implementation_cmake: 6.1.2 (/opt/ros/humble/share/rmw_implementation_cmake/cmake)
[0.877s] -- Found rmw_fastrtps_cpp: 6.2.7 (/opt/ros/humble/share/rmw_fastrtps_cpp/cmake)
[0.979s] -- Found OpenSSL: /usr/lib/x86_64-linux-gnu/libcrypto.so (found version "3.0.2")  
[1.008s] -- Found FastRTPS: /opt/ros/humble/include  
[1.053s] -- Using RMW implementation 'rmw_fastrtps_cpp' as default
[1.068s] -- Looking for pthread.h
[1.137s] -- Looking for pthread.h - found
[1.138s] -- Performing Test CMAKE_HAVE_LIBC_PTHREAD
[1.209s] -- Performing Test CMAKE_HAVE_LIBC_PTHREAD - Success
[1.210s] -- Found Threads: TRUE  
[1.308s] -- Found rosidl_default_generators: 1.2.0 (/opt/ros/humble/share/rosidl_default_generators/cmake)
[1.323s] -- Found geometry_msgs: 4.2.4 (/opt/ros/humble/share/geometry_msgs/cmake)
[1.339s] -- Found nav_msgs: 4.2.4 (/opt/ros/humble/share/nav_msgs/cmake)
[1.366s] [31mCMake Error at CMakeLists.txt:92 (find_package):
[1.367s]   By not providing "Findnmea_msgs.cmake" in CMAKE_MODULE_PATH this project
[1.367s]   has asked CMake to find a package configuration file provided by
[1.367s]   "nmea_msgs", but CMake did not find one.
[1.367s] 
[1.367s]   Could not find a package configuration file provided by "nmea_msgs" with
[1.367s]   any of the following names:
[1.367s] 
[1.367s]     nmea_msgsConfig.cmake
[1.367s]     nmea_msgs-config.cmake
[1.367s] 
[1.367s]   Add the installation prefix of "nmea_msgs" to CMAKE_PREFIX_PATH or set
[1.368s]   "nmea_msgs_DIR" to a directory containing one of the above files.  If
[1.368s]   "nmea_msgs" provides a separate development package or SDK, be sure it has
[1.368s]   been installed.
[1.368s] 
[1.368s] [0m
[1.368s] -- Configuring incomplete, errors occurred!
[1.368s] See also "/home/leejunmi/ros2_ws/build/microstrain_inertial_driver/CMakeFiles/CMakeOutput.log".
[1.375s] Invoked command in '/home/leejunmi/ros2_ws/build/microstrain_inertial_driver' returned '1': AMENT_PREFIX_PATH=/home/leejunmi/ros2_ws/install/microstrain_inertial_msgs:${AMENT_PREFIX_PATH} CMAKE_PREFIX_PATH=/home/leejunmi/ros2_ws/install/py_pubsub:/home/leejunmi/ros2_ws/install/test_pkg:/home/leejunmi/ros2_ws/install/python_parameters:/home/leejunmi/ros2_ws/install/pkpk:/home/leejunmi/ros2_ws/install/msg_test:/home/leejunmi/ros2_ws/install/my_package:/home/leejunmi/ros2_ws/install/lidar_intensity:/home/leejunmi/ros2_ws/install/launch_testing_examples:/home/leejunmi/ros2_ws/install/img:/home/leejunmi/ros2_ws/install/examples_rclpy_pointcloud_publisher:/home/leejunmi/ros2_ws/install/examples_rclpy_minimal_subscriber:/home/leejunmi/ros2_ws/install/examples_rclpy_minimal_service:/home/leejunmi/ros2_ws/install/examples_rclpy_minimal_publisher:/home/leejunmi/ros2_ws/install/examples_rclpy_minimal_client:/home/leejunmi/ros2_ws/install/examples_rclpy_minimal_action_server:/home/leejunmi/ros2_ws/install/examples_rclpy_minimal_action_client:/home/leejunmi/ros2_ws/install/examples_rclpy_guard_conditions:/home/leejunmi/ros2_ws/install/examples_rclpy_executors:/opt/ros/humble:/home/leejunmi/ros2_ws/install/microstrain_inertial_msgs:${CMAKE_PREFIX_PATH} LD_LIBRARY_PATH=/home/leejunmi/ros2_ws/install/microstrain_inertial_msgs/lib:${LD_LIBRARY_PATH} PYTHONPATH=/home/leejunmi/ros2_ws/install/microstrain_inertial_msgs/local/lib/python3.10/dist-packages:${PYTHONPATH} /usr/bin/cmake /home/leejunmi/ros2_ws/src/microstrain_inertial/microstrain_inertial_driver -DCMAKE_INSTALL_PREFIX=/home/leejunmi/ros2_ws/install/microstrain_inertial_driver
