[0.035s] Invoking command in '/home/leejunmi/ros2_ws/build/examples_rclcpp_wait_set': CMAKE_PREFIX_PATH=/opt/ros/humble /usr/bin/cmake --build /home/leejunmi/ros2_ws/build/examples_rclcpp_wait_set -- -j8 -l8
[0.181s] [  8%] Built target wait_set_talker
[0.182s] [ 16%] Built target talker
[0.187s] [ 25%] Built target listener
[0.192s] [ 33%] Built target wait_set_topics_and_timer
[0.193s] [ 41%] Built target wait_set_listener
[0.194s] [ 50%] Built target wait_set
[0.211s] [ 58%] Built target static_wait_set
[0.214s] [ 66%] Built target thread_safe_wait_set
[0.232s] [ 75%] Built target wait_set_random_order
[0.242s] [ 83%] Built target executor_random_order
[0.244s] [100%] Built target wait_set_topics_with_different_rates
[0.245s] [100%] Built target wait_set_composed
[0.291s] Invoked command in '/home/leejunmi/ros2_ws/build/examples_rclcpp_wait_set' returned '0': CMAKE_PREFIX_PATH=/opt/ros/humble /usr/bin/cmake --build /home/leejunmi/ros2_ws/build/examples_rclcpp_wait_set -- -j8 -l8
[0.293s] Invoking command in '/home/leejunmi/ros2_ws/build/examples_rclcpp_wait_set': CMAKE_PREFIX_PATH=/opt/ros/humble /usr/bin/cmake --install /home/leejunmi/ros2_ws/build/examples_rclcpp_wait_set
[0.317s] -- Install configuration: "Release"
[0.317s] -- Up-to-date: /home/leejunmi/ros2_ws/install/examples_rclcpp_wait_set/lib/examples_rclcpp_wait_set/wait_set_talker
[0.317s] -- Up-to-date: /home/leejunmi/ros2_ws/install/examples_rclcpp_wait_set/lib/examples_rclcpp_wait_set/wait_set_listener
[0.317s] -- Up-to-date: /home/leejunmi/ros2_ws/install/examples_rclcpp_wait_set/lib/libtalker.so
[0.317s] -- Up-to-date: /home/leejunmi/ros2_ws/install/examples_rclcpp_wait_set/lib/liblistener.so
[0.317s] -- Up-to-date: /home/leejunmi/ros2_ws/install/examples_rclcpp_wait_set/lib/examples_rclcpp_wait_set/wait_set
[0.317s] -- Up-to-date: /home/leejunmi/ros2_ws/install/examples_rclcpp_wait_set/lib/examples_rclcpp_wait_set/static_wait_set
[0.317s] -- Up-to-date: /home/leejunmi/ros2_ws/install/examples_rclcpp_wait_set/lib/examples_rclcpp_wait_set/thread_safe_wait_set
[0.317s] -- Up-to-date: /home/leejunmi/ros2_ws/install/examples_rclcpp_wait_set/lib/examples_rclcpp_wait_set/wait_set_topics_and_timer
[0.317s] -- Up-to-date: /home/leejunmi/ros2_ws/install/examples_rclcpp_wait_set/lib/examples_rclcpp_wait_set/wait_set_random_order
[0.318s] -- Up-to-date: /home/leejunmi/ros2_ws/install/examples_rclcpp_wait_set/lib/examples_rclcpp_wait_set/executor_random_order
[0.318s] -- Up-to-date: /home/leejunmi/ros2_ws/install/examples_rclcpp_wait_set/lib/examples_rclcpp_wait_set/wait_set_topics_with_different_rates
[0.318s] -- Up-to-date: /home/leejunmi/ros2_ws/install/examples_rclcpp_wait_set/lib/examples_rclcpp_wait_set/wait_set_composed
[0.318s] -- Up-to-date: /home/leejunmi/ros2_ws/install/examples_rclcpp_wait_set/share/ament_index/resource_index/package_run_dependencies/examples_rclcpp_wait_set
[0.318s] -- Up-to-date: /home/leejunmi/ros2_ws/install/examples_rclcpp_wait_set/share/ament_index/resource_index/parent_prefix_path/examples_rclcpp_wait_set
[0.318s] -- Up-to-date: /home/leejunmi/ros2_ws/install/examples_rclcpp_wait_set/share/examples_rclcpp_wait_set/environment/ament_prefix_path.sh
[0.318s] -- Up-to-date: /home/leejunmi/ros2_ws/install/examples_rclcpp_wait_set/share/examples_rclcpp_wait_set/environment/ament_prefix_path.dsv
[0.318s] -- Up-to-date: /home/leejunmi/ros2_ws/install/examples_rclcpp_wait_set/share/examples_rclcpp_wait_set/environment/path.sh
[0.318s] -- Up-to-date: /home/leejunmi/ros2_ws/install/examples_rclcpp_wait_set/share/examples_rclcpp_wait_set/environment/path.dsv
[0.318s] -- Up-to-date: /home/leejunmi/ros2_ws/install/examples_rclcpp_wait_set/share/examples_rclcpp_wait_set/local_setup.bash
[0.318s] -- Up-to-date: /home/leejunmi/ros2_ws/install/examples_rclcpp_wait_set/share/examples_rclcpp_wait_set/local_setup.sh
[0.318s] -- Up-to-date: /home/leejunmi/ros2_ws/install/examples_rclcpp_wait_set/share/examples_rclcpp_wait_set/local_setup.zsh
[0.318s] -- Up-to-date: /home/leejunmi/ros2_ws/install/examples_rclcpp_wait_set/share/examples_rclcpp_wait_set/local_setup.dsv
[0.318s] -- Installing: /home/leejunmi/ros2_ws/install/examples_rclcpp_wait_set/share/examples_rclcpp_wait_set/package.dsv
[0.318s] -- Up-to-date: /home/leejunmi/ros2_ws/install/examples_rclcpp_wait_set/share/ament_index/resource_index/packages/examples_rclcpp_wait_set
[0.318s] -- Up-to-date: /home/leejunmi/ros2_ws/install/examples_rclcpp_wait_set/share/ament_index/resource_index/rclcpp_components/examples_rclcpp_wait_set
[0.318s] -- Up-to-date: /home/leejunmi/ros2_ws/install/examples_rclcpp_wait_set/share/examples_rclcpp_wait_set/cmake/examples_rclcpp_wait_setConfig.cmake
[0.319s] -- Up-to-date: /home/leejunmi/ros2_ws/install/examples_rclcpp_wait_set/share/examples_rclcpp_wait_set/cmake/examples_rclcpp_wait_setConfig-version.cmake
[0.319s] -- Up-to-date: /home/leejunmi/ros2_ws/install/examples_rclcpp_wait_set/share/examples_rclcpp_wait_set/package.xml
[0.819s] Invoked command in '/home/leejunmi/ros2_ws/build/examples_rclcpp_wait_set' returned '0': CMAKE_PREFIX_PATH=/opt/ros/humble /usr/bin/cmake --install /home/leejunmi/ros2_ws/build/examples_rclcpp_wait_set
