[2.865s] Invoking command in '/home/leejunmi/ros2_ws/src/lidar_intensity': PYTHONPATH=/home/leejunmi/ros2_ws/build/lidar_intensity/prefix_override:/usr/lib/python3/dist-packages/colcon_core/task/python/colcon_distutils_commands:/home/leejunmi/ros2_ws/install/lidar_intensity/lib/python3.10/site-packages:${PYTHONPATH} /usr/bin/python3 -W ignore:setup.py install is deprecated -W ignore:easy_install command is deprecated setup.py egg_info --egg-base ../../build/lidar_intensity build --build-base /home/leejunmi/ros2_ws/build/lidar_intensity/build install --record /home/leejunmi/ros2_ws/build/lidar_intensity/install.log --single-version-externally-managed install_data
[3.394s] running egg_info
[3.394s] writing ../../build/lidar_intensity/lidar_intensity.egg-info/PKG-INFO
[3.395s] writing dependency_links to ../../build/lidar_intensity/lidar_intensity.egg-info/dependency_links.txt
[3.395s] writing entry points to ../../build/lidar_intensity/lidar_intensity.egg-info/entry_points.txt
[3.395s] writing requirements to ../../build/lidar_intensity/lidar_intensity.egg-info/requires.txt
[3.395s] writing top-level names to ../../build/lidar_intensity/lidar_intensity.egg-info/top_level.txt
[3.400s] reading manifest file '../../build/lidar_intensity/lidar_intensity.egg-info/SOURCES.txt'
[3.400s] adding license file 'LICENSE'
[3.402s] writing manifest file '../../build/lidar_intensity/lidar_intensity.egg-info/SOURCES.txt'
[3.402s] running build
[3.402s] running build_py
[3.402s] copying lidar_intensity/create_marker_noise.py -> /home/leejunmi/ros2_ws/build/lidar_intensity/build/lib/lidar_intensity
[3.403s] running install
[3.404s] running install_lib
[3.405s] copying /home/leejunmi/ros2_ws/build/lidar_intensity/build/lib/lidar_intensity/create_marker_noise.py -> /home/leejunmi/ros2_ws/install/lidar_intensity/lib/python3.10/site-packages/lidar_intensity
[3.407s] byte-compiling /home/leejunmi/ros2_ws/install/lidar_intensity/lib/python3.10/site-packages/lidar_intensity/create_marker_noise.py to create_marker_noise.cpython-310.pyc
[3.411s] running install_data
[3.411s] running install_egg_info
[3.413s] removing '/home/leejunmi/ros2_ws/install/lidar_intensity/lib/python3.10/site-packages/lidar_intensity-0.0.0-py3.10.egg-info' (and everything under it)
[3.416s] Copying ../../build/lidar_intensity/lidar_intensity.egg-info to /home/leejunmi/ros2_ws/install/lidar_intensity/lib/python3.10/site-packages/lidar_intensity-0.0.0-py3.10.egg-info
[3.417s] running install_scripts
[3.467s] Installing marker script to /home/leejunmi/ros2_ws/install/lidar_intensity/lib/lidar_intensity
[3.467s] Installing noise_marker script to /home/leejunmi/ros2_ws/install/lidar_intensity/lib/lidar_intensity
[3.468s] Installing s script to /home/leejunmi/ros2_ws/install/lidar_intensity/lib/lidar_intensity
[3.468s] writing list of installed files to '/home/leejunmi/ros2_ws/build/lidar_intensity/install.log'
[3.553s] Invoked command in '/home/leejunmi/ros2_ws/src/lidar_intensity' returned '0': PYTHONPATH=/home/leejunmi/ros2_ws/build/lidar_intensity/prefix_override:/usr/lib/python3/dist-packages/colcon_core/task/python/colcon_distutils_commands:/home/leejunmi/ros2_ws/install/lidar_intensity/lib/python3.10/site-packages:${PYTHONPATH} /usr/bin/python3 -W ignore:setup.py install is deprecated -W ignore:easy_install command is deprecated setup.py egg_info --egg-base ../../build/lidar_intensity build --build-base /home/leejunmi/ros2_ws/build/lidar_intensity/build install --record /home/leejunmi/ros2_ws/build/lidar_intensity/install.log --single-version-externally-managed install_data
