[35m[1mConsolidate compiler generated dependencies of target gtest[0m
[35m[1mConsolidate compiler generated dependencies of target velodyne_input[0m
[ 16%] Built target gtest
[ 33%] Built target gtest_main
[ 50%] Built target velodyne_input
[35m[1mConsolidate compiler generated dependencies of target velodyne_driver[0m
[35m[1mConsolidate compiler generated dependencies of target time_test[0m
[ 66%] Built target time_test
[ 83%] Built target velodyne_driver
[35m[1mConsolidate compiler generated dependencies of target velodyne_driver_node[0m
[100%] Built target velodyne_driver_node
-- Install configuration: ""
-- Up-to-date: /home/leejunmi/ros2_ws/install/velodyne_driver/lib/libvelodyne_input.so
-- Up-to-date: /home/leejunmi/ros2_ws/install/velodyne_driver/lib/libvelodyne_driver.so
-- Up-to-date: /home/leejunmi/ros2_ws/install/velodyne_driver/lib/velodyne_driver/velodyne_driver_node
-- Up-to-date: /home/leejunmi/ros2_ws/install/velodyne_driver/include/velodyne_driver
-- Up-to-date: /home/leejunmi/ros2_ws/install/velodyne_driver/include/velodyne_driver/time_conversion.hpp
-- Up-to-date: /home/leejunmi/ros2_ws/install/velodyne_driver/include/velodyne_driver/driver.hpp
-- Up-to-date: /home/leejunmi/ros2_ws/install/velodyne_driver/include/velodyne_driver/input.hpp
-- Up-to-date: /home/leejunmi/ros2_ws/install/velodyne_driver/share/velodyne_driver/config
-- Up-to-date: /home/leejunmi/ros2_ws/install/velodyne_driver/share/velodyne_driver/config/VLP16-velodyne_driver_node-params.yaml
-- Up-to-date: /home/leejunmi/ros2_ws/install/velodyne_driver/share/velodyne_driver/config/VLP32C-velodyne_driver_node-params.yaml
-- Up-to-date: /home/leejunmi/ros2_ws/install/velodyne_driver/share/velodyne_driver/config/VLS128-velodyne_driver_node-params.yaml
-- Up-to-date: /home/leejunmi/ros2_ws/install/velodyne_driver/share/velodyne_driver/launch
-- Up-to-date: /home/leejunmi/ros2_ws/install/velodyne_driver/share/velodyne_driver/launch/velodyne_driver_node-VLP16-composed-launch.py
-- Up-to-date: /home/leejunmi/ros2_ws/install/velodyne_driver/share/velodyne_driver/launch/velodyne_driver_node-VLP16-launch.py
-- Up-to-date: /home/leejunmi/ros2_ws/install/velodyne_driver/lib/velodyne_driver/vdump
-- Up-to-date: /home/leejunmi/ros2_ws/install/velodyne_driver/share/ament_index/resource_index/package_run_dependencies/velodyne_driver
-- Up-to-date: /home/leejunmi/ros2_ws/install/velodyne_driver/share/ament_index/resource_index/parent_prefix_path/velodyne_driver
-- Up-to-date: /home/leejunmi/ros2_ws/install/velodyne_driver/share/velodyne_driver/environment/ament_prefix_path.sh
-- Up-to-date: /home/leejunmi/ros2_ws/install/velodyne_driver/share/velodyne_driver/environment/ament_prefix_path.dsv
-- Up-to-date: /home/leejunmi/ros2_ws/install/velodyne_driver/share/velodyne_driver/environment/path.sh
-- Up-to-date: /home/leejunmi/ros2_ws/install/velodyne_driver/share/velodyne_driver/environment/path.dsv
-- Up-to-date: /home/leejunmi/ros2_ws/install/velodyne_driver/share/velodyne_driver/local_setup.bash
-- Up-to-date: /home/leejunmi/ros2_ws/install/velodyne_driver/share/velodyne_driver/local_setup.sh
-- Up-to-date: /home/leejunmi/ros2_ws/install/velodyne_driver/share/velodyne_driver/local_setup.zsh
-- Up-to-date: /home/leejunmi/ros2_ws/install/velodyne_driver/share/velodyne_driver/local_setup.dsv
-- Installing: /home/leejunmi/ros2_ws/install/velodyne_driver/share/velodyne_driver/package.dsv
-- Up-to-date: /home/leejunmi/ros2_ws/install/velodyne_driver/share/ament_index/resource_index/packages/velodyne_driver
-- Up-to-date: /home/leejunmi/ros2_ws/install/velodyne_driver/share/ament_index/resource_index/rclcpp_components/velodyne_driver
-- Up-to-date: /home/leejunmi/ros2_ws/install/velodyne_driver/share/velodyne_driver/cmake/velodyne_driverExport.cmake
-- Up-to-date: /home/leejunmi/ros2_ws/install/velodyne_driver/share/velodyne_driver/cmake/velodyne_driverExport-noconfig.cmake
-- Up-to-date: /home/leejunmi/ros2_ws/install/velodyne_driver/share/velodyne_driver/cmake/ament_cmake_export_include_directories-extras.cmake
-- Up-to-date: /home/leejunmi/ros2_ws/install/velodyne_driver/share/velodyne_driver/cmake/ament_cmake_export_targets-extras.cmake
-- Up-to-date: /home/leejunmi/ros2_ws/install/velodyne_driver/share/velodyne_driver/cmake/ament_cmake_export_dependencies-extras.cmake
-- Up-to-date: /home/leejunmi/ros2_ws/install/velodyne_driver/share/velodyne_driver/cmake/velodyne_driverConfig.cmake
-- Up-to-date: /home/leejunmi/ros2_ws/install/velodyne_driver/share/velodyne_driver/cmake/velodyne_driverConfig-version.cmake
-- Up-to-date: /home/leejunmi/ros2_ws/install/velodyne_driver/share/velodyne_driver/package.xml
