[0.047s] Invoking command in '/home/leejunmi/ros2_ws/build/velodyne_msgs': CMAKE_PREFIX_PATH=/home/leejunmi/ros2_ws/install/tutorial_interfaces:/home/leejunmi/ros2_ws/install/turtlesim:/home/leejunmi/ros2_ws/install/number:/home/leejunmi/ros2_ws/install/py_pubsub:/home/leejunmi/ros2_ws/install/test_pkg:/home/leejunmi/ros2_ws/install/python_parameters:/home/leejunmi/ros2_ws/install/pkpk:/home/leejunmi/ros2_ws/install/msg_test:/home/leejunmi/ros2_ws/install/my_package:/home/leejunmi/ros2_ws/install/microstrain_inertial_rqt:/home/leejunmi/ros2_ws/install/lidar_intensity:/home/leejunmi/ros2_ws/install/launch_testing_examples:/home/leejunmi/ros2_ws/install/img:/home/leejunmi/ros2_ws/install/examples_rclpy_pointcloud_publisher:/home/leejunmi/ros2_ws/install/examples_rclpy_minimal_subscriber:/home/leejunmi/ros2_ws/install/examples_rclpy_minimal_service:/home/leejunmi/ros2_ws/install/examples_rclpy_minimal_publisher:/home/leejunmi/ros2_ws/install/examples_rclpy_minimal_client:/home/leejunmi/ros2_ws/install/examples_rclpy_minimal_action_server:/home/leejunmi/ros2_ws/install/examples_rclpy_minimal_action_client:/home/leejunmi/ros2_ws/install/examples_rclpy_guard_conditions:/home/leejunmi/ros2_ws/install/examples_rclpy_executors:/opt/ros/humble:/home/leejunmi/ros2_ws/install/microstrain_inertial_msgs:/home/leejunmi/ros2_ws/install/microstrain_inertial_description:/home/leejunmi/ros2_ws/install/examples_rclcpp_wait_set:/home/leejunmi/ros2_ws/install/examples_rclcpp_multithreaded_executor:/home/leejunmi/ros2_ws/install/examples_rclcpp_minimal_timer:/home/leejunmi/ros2_ws/install/examples_rclcpp_minimal_subscriber:/home/leejunmi/ros2_ws/install/examples_rclcpp_minimal_service:/home/leejunmi/ros2_ws/install/examples_rclcpp_minimal_publisher:/home/leejunmi/ros2_ws/install/examples_rclcpp_minimal_composition:/home/leejunmi/ros2_ws/install/examples_rclcpp_minimal_client:/home/leejunmi/ros2_ws/install/examples_rclcpp_minimal_action_server:/home/leejunmi/ros2_ws/install/examples_rclcpp_minimal_action_client:/home/leejunmi/ros2_ws/install/examples_rclcpp_cbg_executor:/home/leejunmi/ros2_ws/install/examples_rclcpp_async_client /usr/bin/cmake /home/leejunmi/ros2_ws/src/velodyne/velodyne_msgs -DCMAKE_INSTALL_PREFIX=/home/leejunmi/ros2_ws/install/velodyne_msgs
[0.771s] -- The C compiler identification is GNU 11.4.0
[0.771s] -- The CXX compiler identification is GNU 11.4.0
[0.772s] -- Detecting C compiler ABI info
[0.772s] -- Detecting C compiler ABI info - done
[0.772s] -- Check for working C compiler: /usr/bin/cc - skipped
[0.772s] -- Detecting C compile features
[0.773s] -- Detecting C compile features - done
[0.773s] -- Detecting CXX compiler ABI info
[0.839s] -- Detecting CXX compiler ABI info - done
[0.884s] -- Check for working CXX compiler: /usr/bin/c++ - skipped
[0.885s] -- Detecting CXX compile features
[0.885s] -- Detecting CXX compile features - done
[0.922s] -- Found ament_cmake: 1.3.11 (/opt/ros/humble/share/ament_cmake/cmake)
[1.310s] -- Found Python3: /usr/bin/python3 (found version "3.10.12") found components: Interpreter 
[1.484s] -- Found builtin_interfaces: 1.2.1 (/opt/ros/humble/share/builtin_interfaces/cmake)
[1.558s] -- Found rosidl_generator_c: 3.1.6 (/opt/ros/humble/share/rosidl_generator_c/cmake)
[1.574s] -- Found rosidl_adapter: 3.1.6 (/opt/ros/humble/share/rosidl_adapter/cmake)
[1.591s] -- Found rosidl_generator_cpp: 3.1.6 (/opt/ros/humble/share/rosidl_generator_cpp/cmake)
[1.619s] -- Using all available rosidl_typesupport_c: rosidl_typesupport_fastrtps_c;rosidl_typesupport_introspection_c
[1.656s] -- Using all available rosidl_typesupport_cpp: rosidl_typesupport_fastrtps_cpp;rosidl_typesupport_introspection_cpp
[1.698s] -- Found rosidl_default_generators: 1.2.0 (/opt/ros/humble/share/rosidl_default_generators/cmake)
[1.728s] -- Found std_msgs: 4.2.4 (/opt/ros/humble/share/std_msgs/cmake)
[2.264s] -- Found ament_cmake_cppcheck: 0.12.11 (/opt/ros/humble/share/ament_cmake_cppcheck/cmake)
[2.271s] -- Found ament_cmake_cpplint: 0.12.11 (/opt/ros/humble/share/ament_cmake_cpplint/cmake)
[2.276s] -- Found ament_cmake_uncrustify: 0.12.11 (/opt/ros/humble/share/ament_cmake_uncrustify/cmake)
[2.281s] -- Found ament_cmake_ros: 0.10.0 (/opt/ros/humble/share/ament_cmake_ros/cmake)
[2.977s] -- Using all available rosidl_typesupport_c: rosidl_typesupport_fastrtps_c;rosidl_typesupport_introspection_c
[3.298s] -- Using all available rosidl_typesupport_cpp: rosidl_typesupport_fastrtps_cpp;rosidl_typesupport_introspection_cpp
[3.355s] -- Found PythonInterp: /usr/bin/python3 (found suitable version "3.10.12", minimum required is "3.6") 
[3.364s] -- Found python_cmake_module: 0.10.0 (/opt/ros/humble/share/python_cmake_module/cmake)
[3.433s] -- Found PythonLibs: /usr/lib/x86_64-linux-gnu/libpython3.10.so (found suitable version "3.10.12", minimum required is "3.5") 
[3.435s] -- Using PYTHON_EXECUTABLE: /usr/bin/python3
[3.436s] -- Using PYTHON_INCLUDE_DIRS: /usr/include/python3.10
[3.436s] -- Using PYTHON_LIBRARIES: /usr/lib/x86_64-linux-gnu/libpython3.10.so
[3.511s] -- Found PythonExtra: .so  
[3.705s] -- Found ament_cmake_flake8: 0.12.11 (/opt/ros/humble/share/ament_cmake_flake8/cmake)
[3.712s] -- Found ament_cmake_pep257: 0.12.11 (/opt/ros/humble/share/ament_cmake_pep257/cmake)
[3.722s] -- Found ament_lint_auto: 0.12.11 (/opt/ros/humble/share/ament_lint_auto/cmake)
[3.764s] -- Added test 'copyright' to check source files copyright and LICENSE
[3.766s] -- Added test 'lint_cmake' to check CMake code style
[3.768s] -- Added test 'xmllint' to check XML markup files
[3.774s] -- Configuring done
[3.844s] -- Generating done
[3.868s] -- Build files have been written to: /home/leejunmi/ros2_ws/build/velodyne_msgs
[3.898s] Invoked command in '/home/leejunmi/ros2_ws/build/velodyne_msgs' returned '0': CMAKE_PREFIX_PATH=/home/leejunmi/ros2_ws/install/tutorial_interfaces:/home/leejunmi/ros2_ws/install/turtlesim:/home/leejunmi/ros2_ws/install/number:/home/leejunmi/ros2_ws/install/py_pubsub:/home/leejunmi/ros2_ws/install/test_pkg:/home/leejunmi/ros2_ws/install/python_parameters:/home/leejunmi/ros2_ws/install/pkpk:/home/leejunmi/ros2_ws/install/msg_test:/home/leejunmi/ros2_ws/install/my_package:/home/leejunmi/ros2_ws/install/microstrain_inertial_rqt:/home/leejunmi/ros2_ws/install/lidar_intensity:/home/leejunmi/ros2_ws/install/launch_testing_examples:/home/leejunmi/ros2_ws/install/img:/home/leejunmi/ros2_ws/install/examples_rclpy_pointcloud_publisher:/home/leejunmi/ros2_ws/install/examples_rclpy_minimal_subscriber:/home/leejunmi/ros2_ws/install/examples_rclpy_minimal_service:/home/leejunmi/ros2_ws/install/examples_rclpy_minimal_publisher:/home/leejunmi/ros2_ws/install/examples_rclpy_minimal_client:/home/leejunmi/ros2_ws/install/examples_rclpy_minimal_action_server:/home/leejunmi/ros2_ws/install/examples_rclpy_minimal_action_client:/home/leejunmi/ros2_ws/install/examples_rclpy_guard_conditions:/home/leejunmi/ros2_ws/install/examples_rclpy_executors:/opt/ros/humble:/home/leejunmi/ros2_ws/install/microstrain_inertial_msgs:/home/leejunmi/ros2_ws/install/microstrain_inertial_description:/home/leejunmi/ros2_ws/install/examples_rclcpp_wait_set:/home/leejunmi/ros2_ws/install/examples_rclcpp_multithreaded_executor:/home/leejunmi/ros2_ws/install/examples_rclcpp_minimal_timer:/home/leejunmi/ros2_ws/install/examples_rclcpp_minimal_subscriber:/home/leejunmi/ros2_ws/install/examples_rclcpp_minimal_service:/home/leejunmi/ros2_ws/install/examples_rclcpp_minimal_publisher:/home/leejunmi/ros2_ws/install/examples_rclcpp_minimal_composition:/home/leejunmi/ros2_ws/install/examples_rclcpp_minimal_client:/home/leejunmi/ros2_ws/install/examples_rclcpp_minimal_action_server:/home/leejunmi/ros2_ws/install/examples_rclcpp_minimal_action_client:/home/leejunmi/ros2_ws/install/examples_rclcpp_cbg_executor:/home/leejunmi/ros2_ws/install/examples_rclcpp_async_client /usr/bin/cmake /home/leejunmi/ros2_ws/src/velodyne/velodyne_msgs -DCMAKE_INSTALL_PREFIX=/home/leejunmi/ros2_ws/install/velodyne_msgs
[3.899s] Invoking command in '/home/leejunmi/ros2_ws/build/velodyne_msgs': CMAKE_PREFIX_PATH=/home/leejunmi/ros2_ws/install/tutorial_interfaces:/home/leejunmi/ros2_ws/install/turtlesim:/home/leejunmi/ros2_ws/install/number:/home/leejunmi/ros2_ws/install/py_pubsub:/home/leejunmi/ros2_ws/install/test_pkg:/home/leejunmi/ros2_ws/install/python_parameters:/home/leejunmi/ros2_ws/install/pkpk:/home/leejunmi/ros2_ws/install/msg_test:/home/leejunmi/ros2_ws/install/my_package:/home/leejunmi/ros2_ws/install/microstrain_inertial_rqt:/home/leejunmi/ros2_ws/install/lidar_intensity:/home/leejunmi/ros2_ws/install/launch_testing_examples:/home/leejunmi/ros2_ws/install/img:/home/leejunmi/ros2_ws/install/examples_rclpy_pointcloud_publisher:/home/leejunmi/ros2_ws/install/examples_rclpy_minimal_subscriber:/home/leejunmi/ros2_ws/install/examples_rclpy_minimal_service:/home/leejunmi/ros2_ws/install/examples_rclpy_minimal_publisher:/home/leejunmi/ros2_ws/install/examples_rclpy_minimal_client:/home/leejunmi/ros2_ws/install/examples_rclpy_minimal_action_server:/home/leejunmi/ros2_ws/install/examples_rclpy_minimal_action_client:/home/leejunmi/ros2_ws/install/examples_rclpy_guard_conditions:/home/leejunmi/ros2_ws/install/examples_rclpy_executors:/opt/ros/humble:/home/leejunmi/ros2_ws/install/microstrain_inertial_msgs:/home/leejunmi/ros2_ws/install/microstrain_inertial_description:/home/leejunmi/ros2_ws/install/examples_rclcpp_wait_set:/home/leejunmi/ros2_ws/install/examples_rclcpp_multithreaded_executor:/home/leejunmi/ros2_ws/install/examples_rclcpp_minimal_timer:/home/leejunmi/ros2_ws/install/examples_rclcpp_minimal_subscriber:/home/leejunmi/ros2_ws/install/examples_rclcpp_minimal_service:/home/leejunmi/ros2_ws/install/examples_rclcpp_minimal_publisher:/home/leejunmi/ros2_ws/install/examples_rclcpp_minimal_composition:/home/leejunmi/ros2_ws/install/examples_rclcpp_minimal_client:/home/leejunmi/ros2_ws/install/examples_rclcpp_minimal_action_server:/home/leejunmi/ros2_ws/install/examples_rclcpp_minimal_action_client:/home/leejunmi/ros2_ws/install/examples_rclcpp_cbg_executor:/home/leejunmi/ros2_ws/install/examples_rclcpp_async_client /usr/bin/cmake --build /home/leejunmi/ros2_ws/build/velodyne_msgs -- -j8 -l8
[3.964s] [  2%] [34m[1mGenerating C code for ROS interfaces[0m
[3.982s] [  5%] [34m[1mGenerating C++ code for ROS interfaces[0m
[3.997s] [  5%] Built target ament_cmake_python_copy_velodyne_msgs
[4.519s] running egg_info
[4.519s] creating velodyne_msgs.egg-info
[4.520s] writing velodyne_msgs.egg-info/PKG-INFO
[4.520s] writing dependency_links to velodyne_msgs.egg-info/dependency_links.txt
[4.520s] writing top-level names to velodyne_msgs.egg-info/top_level.txt
[4.521s] writing manifest file 'velodyne_msgs.egg-info/SOURCES.txt'
[4.524s] reading manifest file 'velodyne_msgs.egg-info/SOURCES.txt'
[4.524s] writing manifest file 'velodyne_msgs.egg-info/SOURCES.txt'
[4.571s] [  5%] Built target ament_cmake_python_build_velodyne_msgs_egg
[4.645s] [  5%] Built target velodyne_msgs__cpp
[4.659s] [  7%] [34m[1mGenerating C++ type support for eProsima Fast-RTPS[0m
[4.659s] [ 10%] [34m[1mGenerating C++ type support dispatch for ROS interfaces[0m
[4.659s] [ 15%] [34m[1mGenerating C++ introspection for ROS interfaces[0m
[4.660s] [ 15%] [32mBuilding C object CMakeFiles/velodyne_msgs__rosidl_generator_c.dir/rosidl_generator_c/velodyne_msgs/msg/detail/velodyne_packet__functions.c.o[0m
[4.660s] [ 17%] [32mBuilding C object CMakeFiles/velodyne_msgs__rosidl_generator_c.dir/rosidl_generator_c/velodyne_msgs/msg/detail/velodyne_scan__functions.c.o[0m
[4.739s] [ 20%] [32m[1mLinking C shared library libvelodyne_msgs__rosidl_generator_c.so[0m
[4.795s] [ 20%] Built target velodyne_msgs__rosidl_generator_c
[4.811s] [ 25%] [34m[1mGenerating C introspection for ROS interfaces[0m
[4.812s] [ 25%] [34m[1mGenerating C type support dispatch for ROS interfaces[0m
[4.813s] [ 28%] [34m[1mGenerating C type support for eProsima Fast-RTPS[0m
[5.307s] [ 30%] [32mBuilding CXX object CMakeFiles/velodyne_msgs__rosidl_typesupport_cpp.dir/rosidl_typesupport_cpp/velodyne_msgs/msg/velodyne_scan__type_support.cpp.o[0m
[5.332s] [ 33%] [32mBuilding CXX object CMakeFiles/velodyne_msgs__rosidl_typesupport_cpp.dir/rosidl_typesupport_cpp/velodyne_msgs/msg/velodyne_packet__type_support.cpp.o[0m
[5.408s] [ 35%] [32mBuilding CXX object CMakeFiles/velodyne_msgs__rosidl_typesupport_fastrtps_cpp.dir/rosidl_typesupport_fastrtps_cpp/velodyne_msgs/msg/detail/dds_fastrtps/velodyne_packet__type_support.cpp.o[0m
[5.427s] [ 38%] [32mBuilding CXX object CMakeFiles/velodyne_msgs__rosidl_typesupport_introspection_cpp.dir/rosidl_typesupport_introspection_cpp/velodyne_msgs/msg/detail/velodyne_packet__type_support.cpp.o[0m
[5.430s] [ 41%] [32mBuilding CXX object CMakeFiles/velodyne_msgs__rosidl_typesupport_fastrtps_cpp.dir/rosidl_typesupport_fastrtps_cpp/velodyne_msgs/msg/detail/dds_fastrtps/velodyne_scan__type_support.cpp.o[0m
[5.487s] [ 43%] [32mBuilding CXX object CMakeFiles/velodyne_msgs__rosidl_typesupport_c.dir/rosidl_typesupport_c/velodyne_msgs/msg/velodyne_packet__type_support.cpp.o[0m
[5.590s] [ 46%] [32mBuilding CXX object CMakeFiles/velodyne_msgs__rosidl_typesupport_c.dir/rosidl_typesupport_c/velodyne_msgs/msg/velodyne_scan__type_support.cpp.o[0m
[5.692s] [ 48%] [32m[1mLinking CXX shared library libvelodyne_msgs__rosidl_typesupport_c.so[0m
[5.772s] [ 51%] [32mBuilding C object CMakeFiles/velodyne_msgs__rosidl_typesupport_introspection_c.dir/rosidl_typesupport_introspection_c/velodyne_msgs/msg/detail/velodyne_packet__type_support.c.o[0m
[5.777s] [ 51%] Built target velodyne_msgs__rosidl_typesupport_c
[5.797s] [ 53%] [32mBuilding CXX object CMakeFiles/velodyne_msgs__rosidl_typesupport_introspection_cpp.dir/rosidl_typesupport_introspection_cpp/velodyne_msgs/msg/detail/velodyne_scan__type_support.cpp.o[0m
[5.832s] [ 56%] [32mBuilding C object CMakeFiles/velodyne_msgs__rosidl_typesupport_introspection_c.dir/rosidl_typesupport_introspection_c/velodyne_msgs/msg/detail/velodyne_scan__type_support.c.o[0m
[5.838s] [ 58%] [32mBuilding CXX object CMakeFiles/velodyne_msgs__rosidl_typesupport_fastrtps_c.dir/rosidl_typesupport_fastrtps_c/velodyne_msgs/msg/detail/velodyne_packet__type_support_c.cpp.o[0m
[5.869s] [ 61%] [32mBuilding CXX object CMakeFiles/velodyne_msgs__rosidl_typesupport_fastrtps_c.dir/rosidl_typesupport_fastrtps_c/velodyne_msgs/msg/detail/velodyne_scan__type_support_c.cpp.o[0m
[5.959s] [ 64%] [32m[1mLinking CXX shared library libvelodyne_msgs__rosidl_typesupport_cpp.so[0m
[5.982s] [ 66%] [32m[1mLinking C shared library libvelodyne_msgs__rosidl_typesupport_introspection_c.so[0m
[6.085s] [ 66%] Built target velodyne_msgs__rosidl_typesupport_introspection_c
[6.095s] [ 66%] Built target velodyne_msgs__rosidl_typesupport_cpp
[6.367s] [ 69%] [32m[1mLinking CXX shared library libvelodyne_msgs__rosidl_typesupport_fastrtps_cpp.so[0m
[6.468s] [ 69%] Built target velodyne_msgs__rosidl_typesupport_fastrtps_cpp
[6.531s] [ 71%] [32m[1mLinking CXX shared library libvelodyne_msgs__rosidl_typesupport_fastrtps_c.so[0m
[6.545s] [ 74%] [32m[1mLinking CXX shared library libvelodyne_msgs__rosidl_typesupport_introspection_cpp.so[0m
[6.665s] [ 74%] Built target velodyne_msgs__rosidl_typesupport_fastrtps_c
[6.668s] [ 74%] Built target velodyne_msgs__rosidl_typesupport_introspection_cpp
[6.688s] [ 74%] Built target velodyne_msgs
[6.710s] [ 76%] [34m[1mGenerating Python code for ROS interfaces[0m
[7.427s] [ 76%] Built target velodyne_msgs__py
[7.451s] [ 79%] [32mBuilding C object CMakeFiles/velodyne_msgs__rosidl_generator_py.dir/rosidl_generator_py/velodyne_msgs/msg/_velodyne_packet_s.c.o[0m
[7.453s] [ 82%] [32mBuilding C object CMakeFiles/velodyne_msgs__rosidl_generator_py.dir/rosidl_generator_py/velodyne_msgs/msg/_velodyne_scan_s.c.o[0m
[7.597s] [ 84%] [32m[1mLinking C shared library rosidl_generator_py/velodyne_msgs/libvelodyne_msgs__rosidl_generator_py.so[0m
[7.647s] [ 84%] Built target velodyne_msgs__rosidl_generator_py
[7.674s] [ 87%] [32mBuilding C object CMakeFiles/velodyne_msgs__rosidl_typesupport_fastrtps_c__pyext.dir/rosidl_generator_py/velodyne_msgs/_velodyne_msgs_s.ep.rosidl_typesupport_fastrtps_c.c.o[0m
[7.675s] [ 89%] [32mBuilding C object CMakeFiles/velodyne_msgs__rosidl_typesupport_introspection_c__pyext.dir/rosidl_generator_py/velodyne_msgs/_velodyne_msgs_s.ep.rosidl_typesupport_introspection_c.c.o[0m
[7.678s] [ 92%] [32mBuilding C object CMakeFiles/velodyne_msgs__rosidl_typesupport_c__pyext.dir/rosidl_generator_py/velodyne_msgs/_velodyne_msgs_s.ep.rosidl_typesupport_c.c.o[0m
[7.839s] [ 94%] [32m[1mLinking C shared library rosidl_generator_py/velodyne_msgs/velodyne_msgs_s__rosidl_typesupport_fastrtps_c.cpython-310-x86_64-linux-gnu.so[0m
[7.842s] [ 97%] [32m[1mLinking C shared library rosidl_generator_py/velodyne_msgs/velodyne_msgs_s__rosidl_typesupport_introspection_c.cpython-310-x86_64-linux-gnu.so[0m
[7.845s] [100%] [32m[1mLinking C shared library rosidl_generator_py/velodyne_msgs/velodyne_msgs_s__rosidl_typesupport_c.cpython-310-x86_64-linux-gnu.so[0m
[7.900s] [100%] Built target velodyne_msgs__rosidl_typesupport_fastrtps_c__pyext
[7.903s] [100%] Built target velodyne_msgs__rosidl_typesupport_c__pyext
[7.903s] [100%] Built target velodyne_msgs__rosidl_typesupport_introspection_c__pyext
[7.919s] Invoked command in '/home/leejunmi/ros2_ws/build/velodyne_msgs' returned '0': CMAKE_PREFIX_PATH=/home/leejunmi/ros2_ws/install/tutorial_interfaces:/home/leejunmi/ros2_ws/install/turtlesim:/home/leejunmi/ros2_ws/install/number:/home/leejunmi/ros2_ws/install/py_pubsub:/home/leejunmi/ros2_ws/install/test_pkg:/home/leejunmi/ros2_ws/install/python_parameters:/home/leejunmi/ros2_ws/install/pkpk:/home/leejunmi/ros2_ws/install/msg_test:/home/leejunmi/ros2_ws/install/my_package:/home/leejunmi/ros2_ws/install/microstrain_inertial_rqt:/home/leejunmi/ros2_ws/install/lidar_intensity:/home/leejunmi/ros2_ws/install/launch_testing_examples:/home/leejunmi/ros2_ws/install/img:/home/leejunmi/ros2_ws/install/examples_rclpy_pointcloud_publisher:/home/leejunmi/ros2_ws/install/examples_rclpy_minimal_subscriber:/home/leejunmi/ros2_ws/install/examples_rclpy_minimal_service:/home/leejunmi/ros2_ws/install/examples_rclpy_minimal_publisher:/home/leejunmi/ros2_ws/install/examples_rclpy_minimal_client:/home/leejunmi/ros2_ws/install/examples_rclpy_minimal_action_server:/home/leejunmi/ros2_ws/install/examples_rclpy_minimal_action_client:/home/leejunmi/ros2_ws/install/examples_rclpy_guard_conditions:/home/leejunmi/ros2_ws/install/examples_rclpy_executors:/opt/ros/humble:/home/leejunmi/ros2_ws/install/microstrain_inertial_msgs:/home/leejunmi/ros2_ws/install/microstrain_inertial_description:/home/leejunmi/ros2_ws/install/examples_rclcpp_wait_set:/home/leejunmi/ros2_ws/install/examples_rclcpp_multithreaded_executor:/home/leejunmi/ros2_ws/install/examples_rclcpp_minimal_timer:/home/leejunmi/ros2_ws/install/examples_rclcpp_minimal_subscriber:/home/leejunmi/ros2_ws/install/examples_rclcpp_minimal_service:/home/leejunmi/ros2_ws/install/examples_rclcpp_minimal_publisher:/home/leejunmi/ros2_ws/install/examples_rclcpp_minimal_composition:/home/leejunmi/ros2_ws/install/examples_rclcpp_minimal_client:/home/leejunmi/ros2_ws/install/examples_rclcpp_minimal_action_server:/home/leejunmi/ros2_ws/install/examples_rclcpp_minimal_action_client:/home/leejunmi/ros2_ws/install/examples_rclcpp_cbg_executor:/home/leejunmi/ros2_ws/install/examples_rclcpp_async_client /usr/bin/cmake --build /home/leejunmi/ros2_ws/build/velodyne_msgs -- -j8 -l8
[7.921s] Invoking command in '/home/leejunmi/ros2_ws/build/velodyne_msgs': CMAKE_PREFIX_PATH=/home/leejunmi/ros2_ws/install/tutorial_interfaces:/home/leejunmi/ros2_ws/install/turtlesim:/home/leejunmi/ros2_ws/install/number:/home/leejunmi/ros2_ws/install/py_pubsub:/home/leejunmi/ros2_ws/install/test_pkg:/home/leejunmi/ros2_ws/install/python_parameters:/home/leejunmi/ros2_ws/install/pkpk:/home/leejunmi/ros2_ws/install/msg_test:/home/leejunmi/ros2_ws/install/my_package:/home/leejunmi/ros2_ws/install/microstrain_inertial_rqt:/home/leejunmi/ros2_ws/install/lidar_intensity:/home/leejunmi/ros2_ws/install/launch_testing_examples:/home/leejunmi/ros2_ws/install/img:/home/leejunmi/ros2_ws/install/examples_rclpy_pointcloud_publisher:/home/leejunmi/ros2_ws/install/examples_rclpy_minimal_subscriber:/home/leejunmi/ros2_ws/install/examples_rclpy_minimal_service:/home/leejunmi/ros2_ws/install/examples_rclpy_minimal_publisher:/home/leejunmi/ros2_ws/install/examples_rclpy_minimal_client:/home/leejunmi/ros2_ws/install/examples_rclpy_minimal_action_server:/home/leejunmi/ros2_ws/install/examples_rclpy_minimal_action_client:/home/leejunmi/ros2_ws/install/examples_rclpy_guard_conditions:/home/leejunmi/ros2_ws/install/examples_rclpy_executors:/opt/ros/humble:/home/leejunmi/ros2_ws/install/microstrain_inertial_msgs:/home/leejunmi/ros2_ws/install/microstrain_inertial_description:/home/leejunmi/ros2_ws/install/examples_rclcpp_wait_set:/home/leejunmi/ros2_ws/install/examples_rclcpp_multithreaded_executor:/home/leejunmi/ros2_ws/install/examples_rclcpp_minimal_timer:/home/leejunmi/ros2_ws/install/examples_rclcpp_minimal_subscriber:/home/leejunmi/ros2_ws/install/examples_rclcpp_minimal_service:/home/leejunmi/ros2_ws/install/examples_rclcpp_minimal_publisher:/home/leejunmi/ros2_ws/install/examples_rclcpp_minimal_composition:/home/leejunmi/ros2_ws/install/examples_rclcpp_minimal_client:/home/leejunmi/ros2_ws/install/examples_rclcpp_minimal_action_server:/home/leejunmi/ros2_ws/install/examples_rclcpp_minimal_action_client:/home/leejunmi/ros2_ws/install/examples_rclcpp_cbg_executor:/home/leejunmi/ros2_ws/install/examples_rclcpp_async_client /usr/bin/cmake --install /home/leejunmi/ros2_ws/build/velodyne_msgs
[7.935s] -- Install configuration: ""
[7.935s] -- Installing: /home/leejunmi/ros2_ws/install/velodyne_msgs/share/ament_index/resource_index/rosidl_interfaces/velodyne_msgs
[7.935s] -- Installing: /home/leejunmi/ros2_ws/install/velodyne_msgs/include/velodyne_msgs/velodyne_msgs
[7.936s] -- Installing: /home/leejunmi/ros2_ws/install/velodyne_msgs/include/velodyne_msgs/velodyne_msgs/msg
[7.936s] -- Installing: /home/leejunmi/ros2_ws/install/velodyne_msgs/include/velodyne_msgs/velodyne_msgs/msg/detail
[7.936s] -- Installing: /home/leejunmi/ros2_ws/install/velodyne_msgs/include/velodyne_msgs/velodyne_msgs/msg/detail/velodyne_packet__type_support.h
[7.936s] -- Installing: /home/leejunmi/ros2_ws/install/velodyne_msgs/include/velodyne_msgs/velodyne_msgs/msg/detail/velodyne_scan__type_support.h
[7.936s] -- Installing: /home/leejunmi/ros2_ws/install/velodyne_msgs/include/velodyne_msgs/velodyne_msgs/msg/detail/velodyne_scan__struct.h
[7.937s] -- Installing: /home/leejunmi/ros2_ws/install/velodyne_msgs/include/velodyne_msgs/velodyne_msgs/msg/detail/velodyne_scan__functions.c
[7.937s] -- Installing: /home/leejunmi/ros2_ws/install/velodyne_msgs/include/velodyne_msgs/velodyne_msgs/msg/detail/velodyne_packet__struct.h
[7.937s] -- Installing: /home/leejunmi/ros2_ws/install/velodyne_msgs/include/velodyne_msgs/velodyne_msgs/msg/detail/velodyne_packet__functions.h
[7.937s] -- Installing: /home/leejunmi/ros2_ws/install/velodyne_msgs/include/velodyne_msgs/velodyne_msgs/msg/detail/velodyne_packet__functions.c
[7.937s] -- Installing: /home/leejunmi/ros2_ws/install/velodyne_msgs/include/velodyne_msgs/velodyne_msgs/msg/detail/velodyne_scan__functions.h
[7.938s] -- Installing: /home/leejunmi/ros2_ws/install/velodyne_msgs/include/velodyne_msgs/velodyne_msgs/msg/velodyne_scan.h
[7.938s] -- Installing: /home/leejunmi/ros2_ws/install/velodyne_msgs/include/velodyne_msgs/velodyne_msgs/msg/velodyne_packet.h
[7.938s] -- Installing: /home/leejunmi/ros2_ws/install/velodyne_msgs/include/velodyne_msgs/velodyne_msgs/msg/rosidl_generator_c__visibility_control.h
[7.939s] -- Installing: /home/leejunmi/ros2_ws/install/velodyne_msgs/share/velodyne_msgs/environment/library_path.sh
[7.939s] -- Installing: /home/leejunmi/ros2_ws/install/velodyne_msgs/share/velodyne_msgs/environment/library_path.dsv
[7.939s] -- Installing: /home/leejunmi/ros2_ws/install/velodyne_msgs/lib/libvelodyne_msgs__rosidl_generator_c.so
[7.940s] -- Set runtime path of "/home/leejunmi/ros2_ws/install/velodyne_msgs/lib/libvelodyne_msgs__rosidl_generator_c.so" to ""
[7.940s] -- Up-to-date: /home/leejunmi/ros2_ws/install/velodyne_msgs/include/velodyne_msgs/velodyne_msgs
[7.940s] -- Up-to-date: /home/leejunmi/ros2_ws/install/velodyne_msgs/include/velodyne_msgs/velodyne_msgs/msg
[7.940s] -- Installing: /home/leejunmi/ros2_ws/install/velodyne_msgs/include/velodyne_msgs/velodyne_msgs/msg/rosidl_typesupport_fastrtps_c__visibility_control.h
[7.940s] -- Up-to-date: /home/leejunmi/ros2_ws/install/velodyne_msgs/include/velodyne_msgs/velodyne_msgs/msg/detail
[7.940s] -- Installing: /home/leejunmi/ros2_ws/install/velodyne_msgs/include/velodyne_msgs/velodyne_msgs/msg/detail/velodyne_packet__rosidl_typesupport_fastrtps_c.h
[7.941s] -- Installing: /home/leejunmi/ros2_ws/install/velodyne_msgs/include/velodyne_msgs/velodyne_msgs/msg/detail/velodyne_scan__rosidl_typesupport_fastrtps_c.h
[7.941s] -- Installing: /home/leejunmi/ros2_ws/install/velodyne_msgs/lib/libvelodyne_msgs__rosidl_typesupport_fastrtps_c.so
[7.941s] -- Set runtime path of "/home/leejunmi/ros2_ws/install/velodyne_msgs/lib/libvelodyne_msgs__rosidl_typesupport_fastrtps_c.so" to ""
[7.941s] -- Up-to-date: /home/leejunmi/ros2_ws/install/velodyne_msgs/include/velodyne_msgs/velodyne_msgs
[7.941s] -- Up-to-date: /home/leejunmi/ros2_ws/install/velodyne_msgs/include/velodyne_msgs/velodyne_msgs/msg
[7.941s] -- Installing: /home/leejunmi/ros2_ws/install/velodyne_msgs/include/velodyne_msgs/velodyne_msgs/msg/rosidl_generator_cpp__visibility_control.hpp
[7.941s] -- Up-to-date: /home/leejunmi/ros2_ws/install/velodyne_msgs/include/velodyne_msgs/velodyne_msgs/msg/detail
[7.941s] -- Installing: /home/leejunmi/ros2_ws/install/velodyne_msgs/include/velodyne_msgs/velodyne_msgs/msg/detail/velodyne_packet__builder.hpp
[7.941s] -- Installing: /home/leejunmi/ros2_ws/install/velodyne_msgs/include/velodyne_msgs/velodyne_msgs/msg/detail/velodyne_scan__traits.hpp
[7.942s] -- Installing: /home/leejunmi/ros2_ws/install/velodyne_msgs/include/velodyne_msgs/velodyne_msgs/msg/detail/velodyne_scan__struct.hpp
[7.942s] -- Installing: /home/leejunmi/ros2_ws/install/velodyne_msgs/include/velodyne_msgs/velodyne_msgs/msg/detail/velodyne_packet__struct.hpp
[7.942s] -- Installing: /home/leejunmi/ros2_ws/install/velodyne_msgs/include/velodyne_msgs/velodyne_msgs/msg/detail/velodyne_packet__type_support.hpp
[7.942s] -- Installing: /home/leejunmi/ros2_ws/install/velodyne_msgs/include/velodyne_msgs/velodyne_msgs/msg/detail/velodyne_scan__builder.hpp
[7.942s] -- Installing: /home/leejunmi/ros2_ws/install/velodyne_msgs/include/velodyne_msgs/velodyne_msgs/msg/detail/velodyne_scan__type_support.hpp
[7.942s] -- Installing: /home/leejunmi/ros2_ws/install/velodyne_msgs/include/velodyne_msgs/velodyne_msgs/msg/detail/velodyne_packet__traits.hpp
[7.942s] -- Installing: /home/leejunmi/ros2_ws/install/velodyne_msgs/include/velodyne_msgs/velodyne_msgs/msg/velodyne_packet.hpp
[7.943s] -- Installing: /home/leejunmi/ros2_ws/install/velodyne_msgs/include/velodyne_msgs/velodyne_msgs/msg/velodyne_scan.hpp
[7.943s] -- Up-to-date: /home/leejunmi/ros2_ws/install/velodyne_msgs/include/velodyne_msgs/velodyne_msgs
[7.943s] -- Up-to-date: /home/leejunmi/ros2_ws/install/velodyne_msgs/include/velodyne_msgs/velodyne_msgs/msg
[7.943s] -- Installing: /home/leejunmi/ros2_ws/install/velodyne_msgs/include/velodyne_msgs/velodyne_msgs/msg/rosidl_typesupport_fastrtps_cpp__visibility_control.h
[7.943s] -- Up-to-date: /home/leejunmi/ros2_ws/install/velodyne_msgs/include/velodyne_msgs/velodyne_msgs/msg/detail
[7.943s] -- Installing: /home/leejunmi/ros2_ws/install/velodyne_msgs/include/velodyne_msgs/velodyne_msgs/msg/detail/velodyne_packet__rosidl_typesupport_fastrtps_cpp.hpp
[7.943s] -- Installing: /home/leejunmi/ros2_ws/install/velodyne_msgs/include/velodyne_msgs/velodyne_msgs/msg/detail/velodyne_scan__rosidl_typesupport_fastrtps_cpp.hpp
[7.943s] -- Installing: /home/leejunmi/ros2_ws/install/velodyne_msgs/include/velodyne_msgs/velodyne_msgs/msg/detail/dds_fastrtps
[7.943s] -- Installing: /home/leejunmi/ros2_ws/install/velodyne_msgs/lib/libvelodyne_msgs__rosidl_typesupport_fastrtps_cpp.so
[7.944s] -- Set runtime path of "/home/leejunmi/ros2_ws/install/velodyne_msgs/lib/libvelodyne_msgs__rosidl_typesupport_fastrtps_cpp.so" to ""
[7.944s] -- Up-to-date: /home/leejunmi/ros2_ws/install/velodyne_msgs/include/velodyne_msgs/velodyne_msgs
[7.944s] -- Up-to-date: /home/leejunmi/ros2_ws/install/velodyne_msgs/include/velodyne_msgs/velodyne_msgs/msg
[7.944s] -- Installing: /home/leejunmi/ros2_ws/install/velodyne_msgs/include/velodyne_msgs/velodyne_msgs/msg/rosidl_typesupport_introspection_c__visibility_control.h
[7.944s] -- Up-to-date: /home/leejunmi/ros2_ws/install/velodyne_msgs/include/velodyne_msgs/velodyne_msgs/msg/detail
[7.944s] -- Installing: /home/leejunmi/ros2_ws/install/velodyne_msgs/include/velodyne_msgs/velodyne_msgs/msg/detail/velodyne_scan__rosidl_typesupport_introspection_c.h
[7.944s] -- Installing: /home/leejunmi/ros2_ws/install/velodyne_msgs/include/velodyne_msgs/velodyne_msgs/msg/detail/velodyne_packet__type_support.c
[7.945s] -- Installing: /home/leejunmi/ros2_ws/install/velodyne_msgs/include/velodyne_msgs/velodyne_msgs/msg/detail/velodyne_scan__type_support.c
[7.945s] -- Installing: /home/leejunmi/ros2_ws/install/velodyne_msgs/include/velodyne_msgs/velodyne_msgs/msg/detail/velodyne_packet__rosidl_typesupport_introspection_c.h
[7.945s] -- Installing: /home/leejunmi/ros2_ws/install/velodyne_msgs/lib/libvelodyne_msgs__rosidl_typesupport_introspection_c.so
[7.945s] -- Set runtime path of "/home/leejunmi/ros2_ws/install/velodyne_msgs/lib/libvelodyne_msgs__rosidl_typesupport_introspection_c.so" to ""
[7.945s] -- Installing: /home/leejunmi/ros2_ws/install/velodyne_msgs/lib/libvelodyne_msgs__rosidl_typesupport_c.so
[7.945s] -- Set runtime path of "/home/leejunmi/ros2_ws/install/velodyne_msgs/lib/libvelodyne_msgs__rosidl_typesupport_c.so" to ""
[7.945s] -- Up-to-date: /home/leejunmi/ros2_ws/install/velodyne_msgs/include/velodyne_msgs/velodyne_msgs
[7.946s] -- Up-to-date: /home/leejunmi/ros2_ws/install/velodyne_msgs/include/velodyne_msgs/velodyne_msgs/msg
[7.946s] -- Up-to-date: /home/leejunmi/ros2_ws/install/velodyne_msgs/include/velodyne_msgs/velodyne_msgs/msg/detail
[7.946s] -- Installing: /home/leejunmi/ros2_ws/install/velodyne_msgs/include/velodyne_msgs/velodyne_msgs/msg/detail/velodyne_packet__rosidl_typesupport_introspection_cpp.hpp
[7.946s] -- Installing: /home/leejunmi/ros2_ws/install/velodyne_msgs/include/velodyne_msgs/velodyne_msgs/msg/detail/velodyne_packet__type_support.cpp
[7.946s] -- Installing: /home/leejunmi/ros2_ws/install/velodyne_msgs/include/velodyne_msgs/velodyne_msgs/msg/detail/velodyne_scan__type_support.cpp
[7.947s] -- Installing: /home/leejunmi/ros2_ws/install/velodyne_msgs/include/velodyne_msgs/velodyne_msgs/msg/detail/velodyne_scan__rosidl_typesupport_introspection_cpp.hpp
[7.947s] -- Installing: /home/leejunmi/ros2_ws/install/velodyne_msgs/lib/libvelodyne_msgs__rosidl_typesupport_introspection_cpp.so
[7.947s] -- Set runtime path of "/home/leejunmi/ros2_ws/install/velodyne_msgs/lib/libvelodyne_msgs__rosidl_typesupport_introspection_cpp.so" to ""
[7.947s] -- Installing: /home/leejunmi/ros2_ws/install/velodyne_msgs/lib/libvelodyne_msgs__rosidl_typesupport_cpp.so
[7.947s] -- Set runtime path of "/home/leejunmi/ros2_ws/install/velodyne_msgs/lib/libvelodyne_msgs__rosidl_typesupport_cpp.so" to ""
[7.947s] -- Installing: /home/leejunmi/ros2_ws/install/velodyne_msgs/share/velodyne_msgs/environment/pythonpath.sh
[7.948s] -- Installing: /home/leejunmi/ros2_ws/install/velodyne_msgs/share/velodyne_msgs/environment/pythonpath.dsv
[7.948s] -- Installing: /home/leejunmi/ros2_ws/install/velodyne_msgs/local/lib/python3.10/dist-packages/velodyne_msgs-2.5.1-py3.10.egg-info
[7.948s] -- Installing: /home/leejunmi/ros2_ws/install/velodyne_msgs/local/lib/python3.10/dist-packages/velodyne_msgs-2.5.1-py3.10.egg-info/PKG-INFO
[7.948s] -- Installing: /home/leejunmi/ros2_ws/install/velodyne_msgs/local/lib/python3.10/dist-packages/velodyne_msgs-2.5.1-py3.10.egg-info/top_level.txt
[7.948s] -- Installing: /home/leejunmi/ros2_ws/install/velodyne_msgs/local/lib/python3.10/dist-packages/velodyne_msgs-2.5.1-py3.10.egg-info/SOURCES.txt
[7.948s] -- Installing: /home/leejunmi/ros2_ws/install/velodyne_msgs/local/lib/python3.10/dist-packages/velodyne_msgs-2.5.1-py3.10.egg-info/dependency_links.txt
[7.948s] -- Installing: /home/leejunmi/ros2_ws/install/velodyne_msgs/local/lib/python3.10/dist-packages/velodyne_msgs
[7.949s] -- Installing: /home/leejunmi/ros2_ws/install/velodyne_msgs/local/lib/python3.10/dist-packages/velodyne_msgs/velodyne_msgs_s__rosidl_typesupport_fastrtps_c.cpython-310-x86_64-linux-gnu.so
[7.949s] -- Installing: /home/leejunmi/ros2_ws/install/velodyne_msgs/local/lib/python3.10/dist-packages/velodyne_msgs/msg
[7.949s] -- Installing: /home/leejunmi/ros2_ws/install/velodyne_msgs/local/lib/python3.10/dist-packages/velodyne_msgs/msg/_velodyne_packet_s.c
[7.949s] -- Installing: /home/leejunmi/ros2_ws/install/velodyne_msgs/local/lib/python3.10/dist-packages/velodyne_msgs/msg/__init__.py
[7.949s] -- Installing: /home/leejunmi/ros2_ws/install/velodyne_msgs/local/lib/python3.10/dist-packages/velodyne_msgs/msg/_velodyne_packet.py
[7.949s] -- Installing: /home/leejunmi/ros2_ws/install/velodyne_msgs/local/lib/python3.10/dist-packages/velodyne_msgs/msg/_velodyne_scan_s.c
[7.949s] -- Installing: /home/leejunmi/ros2_ws/install/velodyne_msgs/local/lib/python3.10/dist-packages/velodyne_msgs/msg/_velodyne_scan.py
[7.949s] -- Installing: /home/leejunmi/ros2_ws/install/velodyne_msgs/local/lib/python3.10/dist-packages/velodyne_msgs/_velodyne_msgs_s.ep.rosidl_typesupport_fastrtps_c.c
[7.950s] -- Installing: /home/leejunmi/ros2_ws/install/velodyne_msgs/local/lib/python3.10/dist-packages/velodyne_msgs/_velodyne_msgs_s.ep.rosidl_typesupport_introspection_c.c
[7.950s] -- Installing: /home/leejunmi/ros2_ws/install/velodyne_msgs/local/lib/python3.10/dist-packages/velodyne_msgs/__init__.py
[7.950s] -- Installing: /home/leejunmi/ros2_ws/install/velodyne_msgs/local/lib/python3.10/dist-packages/velodyne_msgs/_velodyne_msgs_s.ep.rosidl_typesupport_c.c
[7.950s] -- Installing: /home/leejunmi/ros2_ws/install/velodyne_msgs/local/lib/python3.10/dist-packages/velodyne_msgs/libvelodyne_msgs__rosidl_generator_py.so
[7.950s] -- Installing: /home/leejunmi/ros2_ws/install/velodyne_msgs/local/lib/python3.10/dist-packages/velodyne_msgs/velodyne_msgs_s__rosidl_typesupport_introspection_c.cpython-310-x86_64-linux-gnu.so
[7.951s] -- Installing: /home/leejunmi/ros2_ws/install/velodyne_msgs/local/lib/python3.10/dist-packages/velodyne_msgs/velodyne_msgs_s__rosidl_typesupport_c.cpython-310-x86_64-linux-gnu.so
[8.023s] Listing '/home/leejunmi/ros2_ws/install/velodyne_msgs/local/lib/python3.10/dist-packages/velodyne_msgs'...
[8.023s] Compiling '/home/leejunmi/ros2_ws/install/velodyne_msgs/local/lib/python3.10/dist-packages/velodyne_msgs/__init__.py'...
[8.023s] Listing '/home/leejunmi/ros2_ws/install/velodyne_msgs/local/lib/python3.10/dist-packages/velodyne_msgs/msg'...
[8.023s] Compiling '/home/leejunmi/ros2_ws/install/velodyne_msgs/local/lib/python3.10/dist-packages/velodyne_msgs/msg/__init__.py'...
[8.023s] Compiling '/home/leejunmi/ros2_ws/install/velodyne_msgs/local/lib/python3.10/dist-packages/velodyne_msgs/msg/_velodyne_packet.py'...
[8.023s] Compiling '/home/leejunmi/ros2_ws/install/velodyne_msgs/local/lib/python3.10/dist-packages/velodyne_msgs/msg/_velodyne_scan.py'...
[8.031s] -- Installing: /home/leejunmi/ros2_ws/install/velodyne_msgs/local/lib/python3.10/dist-packages/velodyne_msgs/velodyne_msgs_s__rosidl_typesupport_fastrtps_c.cpython-310-x86_64-linux-gnu.so
[8.032s] -- Set runtime path of "/home/leejunmi/ros2_ws/install/velodyne_msgs/local/lib/python3.10/dist-packages/velodyne_msgs/velodyne_msgs_s__rosidl_typesupport_fastrtps_c.cpython-310-x86_64-linux-gnu.so" to ""
[8.032s] -- Installing: /home/leejunmi/ros2_ws/install/velodyne_msgs/local/lib/python3.10/dist-packages/velodyne_msgs/velodyne_msgs_s__rosidl_typesupport_introspection_c.cpython-310-x86_64-linux-gnu.so
[8.033s] -- Set runtime path of "/home/leejunmi/ros2_ws/install/velodyne_msgs/local/lib/python3.10/dist-packages/velodyne_msgs/velodyne_msgs_s__rosidl_typesupport_introspection_c.cpython-310-x86_64-linux-gnu.so" to ""
[8.033s] -- Installing: /home/leejunmi/ros2_ws/install/velodyne_msgs/local/lib/python3.10/dist-packages/velodyne_msgs/velodyne_msgs_s__rosidl_typesupport_c.cpython-310-x86_64-linux-gnu.so
[8.033s] -- Set runtime path of "/home/leejunmi/ros2_ws/install/velodyne_msgs/local/lib/python3.10/dist-packages/velodyne_msgs/velodyne_msgs_s__rosidl_typesupport_c.cpython-310-x86_64-linux-gnu.so" to ""
[8.033s] -- Installing: /home/leejunmi/ros2_ws/install/velodyne_msgs/lib/libvelodyne_msgs__rosidl_generator_py.so
[8.034s] -- Set runtime path of "/home/leejunmi/ros2_ws/install/velodyne_msgs/lib/libvelodyne_msgs__rosidl_generator_py.so" to ""
[8.034s] -- Installing: /home/leejunmi/ros2_ws/install/velodyne_msgs/share/velodyne_msgs/msg/VelodynePacket.idl
[8.034s] -- Installing: /home/leejunmi/ros2_ws/install/velodyne_msgs/share/velodyne_msgs/msg/VelodyneScan.idl
[8.034s] -- Installing: /home/leejunmi/ros2_ws/install/velodyne_msgs/share/velodyne_msgs/msg/VelodynePacket.msg
[8.035s] -- Installing: /home/leejunmi/ros2_ws/install/velodyne_msgs/share/velodyne_msgs/msg/VelodyneScan.msg
[8.035s] -- Installing: /home/leejunmi/ros2_ws/install/velodyne_msgs/share/ament_index/resource_index/package_run_dependencies/velodyne_msgs
[8.035s] -- Installing: /home/leejunmi/ros2_ws/install/velodyne_msgs/share/ament_index/resource_index/parent_prefix_path/velodyne_msgs
[8.035s] -- Installing: /home/leejunmi/ros2_ws/install/velodyne_msgs/share/velodyne_msgs/environment/ament_prefix_path.sh
[8.036s] -- Installing: /home/leejunmi/ros2_ws/install/velodyne_msgs/share/velodyne_msgs/environment/ament_prefix_path.dsv
[8.036s] -- Installing: /home/leejunmi/ros2_ws/install/velodyne_msgs/share/velodyne_msgs/environment/path.sh
[8.036s] -- Installing: /home/leejunmi/ros2_ws/install/velodyne_msgs/share/velodyne_msgs/environment/path.dsv
[8.036s] -- Installing: /home/leejunmi/ros2_ws/install/velodyne_msgs/share/velodyne_msgs/local_setup.bash
[8.037s] -- Installing: /home/leejunmi/ros2_ws/install/velodyne_msgs/share/velodyne_msgs/local_setup.sh
[8.037s] -- Installing: /home/leejunmi/ros2_ws/install/velodyne_msgs/share/velodyne_msgs/local_setup.zsh
[8.037s] -- Installing: /home/leejunmi/ros2_ws/install/velodyne_msgs/share/velodyne_msgs/local_setup.dsv
[8.037s] -- Installing: /home/leejunmi/ros2_ws/install/velodyne_msgs/share/velodyne_msgs/package.dsv
[8.037s] -- Installing: /home/leejunmi/ros2_ws/install/velodyne_msgs/share/ament_index/resource_index/packages/velodyne_msgs
[8.037s] -- Installing: /home/leejunmi/ros2_ws/install/velodyne_msgs/share/velodyne_msgs/cmake/export_velodyne_msgs__rosidl_generator_cExport.cmake
[8.038s] -- Installing: /home/leejunmi/ros2_ws/install/velodyne_msgs/share/velodyne_msgs/cmake/export_velodyne_msgs__rosidl_generator_cExport-noconfig.cmake
[8.038s] -- Installing: /home/leejunmi/ros2_ws/install/velodyne_msgs/share/velodyne_msgs/cmake/export_velodyne_msgs__rosidl_typesupport_fastrtps_cExport.cmake
[8.038s] -- Installing: /home/leejunmi/ros2_ws/install/velodyne_msgs/share/velodyne_msgs/cmake/export_velodyne_msgs__rosidl_typesupport_fastrtps_cExport-noconfig.cmake
[8.038s] -- Installing: /home/leejunmi/ros2_ws/install/velodyne_msgs/share/velodyne_msgs/cmake/export_velodyne_msgs__rosidl_generator_cppExport.cmake
[8.038s] -- Installing: /home/leejunmi/ros2_ws/install/velodyne_msgs/share/velodyne_msgs/cmake/export_velodyne_msgs__rosidl_typesupport_fastrtps_cppExport.cmake
[8.039s] -- Installing: /home/leejunmi/ros2_ws/install/velodyne_msgs/share/velodyne_msgs/cmake/export_velodyne_msgs__rosidl_typesupport_fastrtps_cppExport-noconfig.cmake
[8.039s] -- Installing: /home/leejunmi/ros2_ws/install/velodyne_msgs/share/velodyne_msgs/cmake/velodyne_msgs__rosidl_typesupport_introspection_cExport.cmake
[8.039s] -- Installing: /home/leejunmi/ros2_ws/install/velodyne_msgs/share/velodyne_msgs/cmake/velodyne_msgs__rosidl_typesupport_introspection_cExport-noconfig.cmake
[8.039s] -- Installing: /home/leejunmi/ros2_ws/install/velodyne_msgs/share/velodyne_msgs/cmake/velodyne_msgs__rosidl_typesupport_cExport.cmake
[8.039s] -- Installing: /home/leejunmi/ros2_ws/install/velodyne_msgs/share/velodyne_msgs/cmake/velodyne_msgs__rosidl_typesupport_cExport-noconfig.cmake
[8.040s] -- Installing: /home/leejunmi/ros2_ws/install/velodyne_msgs/share/velodyne_msgs/cmake/velodyne_msgs__rosidl_typesupport_introspection_cppExport.cmake
[8.040s] -- Installing: /home/leejunmi/ros2_ws/install/velodyne_msgs/share/velodyne_msgs/cmake/velodyne_msgs__rosidl_typesupport_introspection_cppExport-noconfig.cmake
[8.040s] -- Installing: /home/leejunmi/ros2_ws/install/velodyne_msgs/share/velodyne_msgs/cmake/velodyne_msgs__rosidl_typesupport_cppExport.cmake
[8.040s] -- Installing: /home/leejunmi/ros2_ws/install/velodyne_msgs/share/velodyne_msgs/cmake/velodyne_msgs__rosidl_typesupport_cppExport-noconfig.cmake
[8.040s] -- Installing: /home/leejunmi/ros2_ws/install/velodyne_msgs/share/velodyne_msgs/cmake/export_velodyne_msgs__rosidl_generator_pyExport.cmake
[8.040s] -- Installing: /home/leejunmi/ros2_ws/install/velodyne_msgs/share/velodyne_msgs/cmake/export_velodyne_msgs__rosidl_generator_pyExport-noconfig.cmake
[8.040s] -- Installing: /home/leejunmi/ros2_ws/install/velodyne_msgs/share/velodyne_msgs/cmake/rosidl_cmake-extras.cmake
[8.041s] -- Installing: /home/leejunmi/ros2_ws/install/velodyne_msgs/share/velodyne_msgs/cmake/ament_cmake_export_dependencies-extras.cmake
[8.041s] -- Installing: /home/leejunmi/ros2_ws/install/velodyne_msgs/share/velodyne_msgs/cmake/ament_cmake_export_include_directories-extras.cmake
[8.041s] -- Installing: /home/leejunmi/ros2_ws/install/velodyne_msgs/share/velodyne_msgs/cmake/ament_cmake_export_libraries-extras.cmake
[8.042s] -- Installing: /home/leejunmi/ros2_ws/install/velodyne_msgs/share/velodyne_msgs/cmake/ament_cmake_export_targets-extras.cmake
[8.042s] -- Installing: /home/leejunmi/ros2_ws/install/velodyne_msgs/share/velodyne_msgs/cmake/rosidl_cmake_export_typesupport_targets-extras.cmake
[8.042s] -- Installing: /home/leejunmi/ros2_ws/install/velodyne_msgs/share/velodyne_msgs/cmake/rosidl_cmake_export_typesupport_libraries-extras.cmake
[8.042s] -- Installing: /home/leejunmi/ros2_ws/install/velodyne_msgs/share/velodyne_msgs/cmake/velodyne_msgsConfig.cmake
[8.042s] -- Installing: /home/leejunmi/ros2_ws/install/velodyne_msgs/share/velodyne_msgs/cmake/velodyne_msgsConfig-version.cmake
[8.042s] -- Installing: /home/leejunmi/ros2_ws/install/velodyne_msgs/share/velodyne_msgs/package.xml
[8.046s] Invoked command in '/home/leejunmi/ros2_ws/build/velodyne_msgs' returned '0': CMAKE_PREFIX_PATH=/home/leejunmi/ros2_ws/install/tutorial_interfaces:/home/leejunmi/ros2_ws/install/turtlesim:/home/leejunmi/ros2_ws/install/number:/home/leejunmi/ros2_ws/install/py_pubsub:/home/leejunmi/ros2_ws/install/test_pkg:/home/leejunmi/ros2_ws/install/python_parameters:/home/leejunmi/ros2_ws/install/pkpk:/home/leejunmi/ros2_ws/install/msg_test:/home/leejunmi/ros2_ws/install/my_package:/home/leejunmi/ros2_ws/install/microstrain_inertial_rqt:/home/leejunmi/ros2_ws/install/lidar_intensity:/home/leejunmi/ros2_ws/install/launch_testing_examples:/home/leejunmi/ros2_ws/install/img:/home/leejunmi/ros2_ws/install/examples_rclpy_pointcloud_publisher:/home/leejunmi/ros2_ws/install/examples_rclpy_minimal_subscriber:/home/leejunmi/ros2_ws/install/examples_rclpy_minimal_service:/home/leejunmi/ros2_ws/install/examples_rclpy_minimal_publisher:/home/leejunmi/ros2_ws/install/examples_rclpy_minimal_client:/home/leejunmi/ros2_ws/install/examples_rclpy_minimal_action_server:/home/leejunmi/ros2_ws/install/examples_rclpy_minimal_action_client:/home/leejunmi/ros2_ws/install/examples_rclpy_guard_conditions:/home/leejunmi/ros2_ws/install/examples_rclpy_executors:/opt/ros/humble:/home/leejunmi/ros2_ws/install/microstrain_inertial_msgs:/home/leejunmi/ros2_ws/install/microstrain_inertial_description:/home/leejunmi/ros2_ws/install/examples_rclcpp_wait_set:/home/leejunmi/ros2_ws/install/examples_rclcpp_multithreaded_executor:/home/leejunmi/ros2_ws/install/examples_rclcpp_minimal_timer:/home/leejunmi/ros2_ws/install/examples_rclcpp_minimal_subscriber:/home/leejunmi/ros2_ws/install/examples_rclcpp_minimal_service:/home/leejunmi/ros2_ws/install/examples_rclcpp_minimal_publisher:/home/leejunmi/ros2_ws/install/examples_rclcpp_minimal_composition:/home/leejunmi/ros2_ws/install/examples_rclcpp_minimal_client:/home/leejunmi/ros2_ws/install/examples_rclcpp_minimal_action_server:/home/leejunmi/ros2_ws/install/examples_rclcpp_minimal_action_client:/home/leejunmi/ros2_ws/install/examples_rclcpp_cbg_executor:/home/leejunmi/ros2_ws/install/examples_rclcpp_async_client /usr/bin/cmake --install /home/leejunmi/ros2_ws/build/velodyne_msgs
