[2.594s] Invoking command in '/home/leejunmi/ros2_ws/src/examples/rclpy/executors': PYTHONPATH=/home/leejunmi/ros2_ws/build/examples_rclpy_executors/prefix_override:/usr/lib/python3/dist-packages/colcon_core/task/python/colcon_distutils_commands:/home/leejunmi/ros2_ws/install/examples_rclpy_executors/lib/python3.10/site-packages:${PYTHONPATH} /usr/bin/python3 -W ignore:setup.py install is deprecated -W ignore:easy_install command is deprecated setup.py egg_info --egg-base ../../../../build/examples_rclpy_executors build --build-base /home/leejunmi/ros2_ws/build/examples_rclpy_executors/build install --record /home/leejunmi/ros2_ws/build/examples_rclpy_executors/install.log --single-version-externally-managed install_data
[3.026s] running egg_info
[3.026s] writing ../../../../build/examples_rclpy_executors/examples_rclpy_executors.egg-info/PKG-INFO
[3.035s] writing dependency_links to ../../../../build/examples_rclpy_executors/examples_rclpy_executors.egg-info/dependency_links.txt
[3.035s] writing entry points to ../../../../build/examples_rclpy_executors/examples_rclpy_executors.egg-info/entry_points.txt
[3.036s] writing requirements to ../../../../build/examples_rclpy_executors/examples_rclpy_executors.egg-info/requires.txt
[3.036s] writing top-level names to ../../../../build/examples_rclpy_executors/examples_rclpy_executors.egg-info/top_level.txt
[3.040s] reading manifest file '../../../../build/examples_rclpy_executors/examples_rclpy_executors.egg-info/SOURCES.txt'
[3.047s] writing manifest file '../../../../build/examples_rclpy_executors/examples_rclpy_executors.egg-info/SOURCES.txt'
[3.048s] running build
[3.048s] running build_py
[3.053s] running install
[3.053s] running install_lib
[3.060s] running install_data
[3.060s] running install_egg_info
[3.065s] removing '/home/leejunmi/ros2_ws/install/examples_rclpy_executors/lib/python3.10/site-packages/examples_rclpy_executors-0.15.3-py3.10.egg-info' (and everything under it)
[3.065s] Copying ../../../../build/examples_rclpy_executors/examples_rclpy_executors.egg-info to /home/leejunmi/ros2_ws/install/examples_rclpy_executors/lib/python3.10/site-packages/examples_rclpy_executors-0.15.3-py3.10.egg-info
[3.067s] running install_scripts
[3.107s] Installing callback_group script to /home/leejunmi/ros2_ws/install/examples_rclpy_executors/lib/examples_rclpy_executors
[3.108s] Installing composed script to /home/leejunmi/ros2_ws/install/examples_rclpy_executors/lib/examples_rclpy_executors
[3.109s] Installing custom_callback_group script to /home/leejunmi/ros2_ws/install/examples_rclpy_executors/lib/examples_rclpy_executors
[3.109s] Installing custom_executor script to /home/leejunmi/ros2_ws/install/examples_rclpy_executors/lib/examples_rclpy_executors
[3.109s] Installing listener script to /home/leejunmi/ros2_ws/install/examples_rclpy_executors/lib/examples_rclpy_executors
[3.109s] Installing talker script to /home/leejunmi/ros2_ws/install/examples_rclpy_executors/lib/examples_rclpy_executors
[3.110s] writing list of installed files to '/home/leejunmi/ros2_ws/build/examples_rclpy_executors/install.log'
[3.222s] Invoked command in '/home/leejunmi/ros2_ws/src/examples/rclpy/executors' returned '0': PYTHONPATH=/home/leejunmi/ros2_ws/build/examples_rclpy_executors/prefix_override:/usr/lib/python3/dist-packages/colcon_core/task/python/colcon_distutils_commands:/home/leejunmi/ros2_ws/install/examples_rclpy_executors/lib/python3.10/site-packages:${PYTHONPATH} /usr/bin/python3 -W ignore:setup.py install is deprecated -W ignore:easy_install command is deprecated setup.py egg_info --egg-base ../../../../build/examples_rclpy_executors build --build-base /home/leejunmi/ros2_ws/build/examples_rclpy_executors/build install --record /home/leejunmi/ros2_ws/build/examples_rclpy_executors/install.log --single-version-externally-managed install_data
