[1.425s] Invoking command in '/home/leejunmi/ros2_ws/src/examples/rclpy/services/minimal_service': PYTHONPATH=/home/leejunmi/ros2_ws/build/examples_rclpy_minimal_service/prefix_override:/usr/lib/python3/dist-packages/colcon_core/task/python/colcon_distutils_commands:/home/leejunmi/ros2_ws/install/examples_rclpy_minimal_service/lib/python3.10/site-packages:${PYTHONPATH} /usr/bin/python3 -W ignore:setup.py install is deprecated -W ignore:easy_install command is deprecated setup.py egg_info --egg-base ../../../../../build/examples_rclpy_minimal_service build --build-base /home/leejunmi/ros2_ws/build/examples_rclpy_minimal_service/build install --record /home/leejunmi/ros2_ws/build/examples_rclpy_minimal_service/install.log --single-version-externally-managed install_data
[1.726s] running egg_info
[1.727s] writing ../../../../../build/examples_rclpy_minimal_service/examples_rclpy_minimal_service.egg-info/PKG-INFO
[1.728s] writing dependency_links to ../../../../../build/examples_rclpy_minimal_service/examples_rclpy_minimal_service.egg-info/dependency_links.txt
[1.728s] writing entry points to ../../../../../build/examples_rclpy_minimal_service/examples_rclpy_minimal_service.egg-info/entry_points.txt
[1.728s] writing requirements to ../../../../../build/examples_rclpy_minimal_service/examples_rclpy_minimal_service.egg-info/requires.txt
[1.728s] writing top-level names to ../../../../../build/examples_rclpy_minimal_service/examples_rclpy_minimal_service.egg-info/top_level.txt
[1.730s] reading manifest file '../../../../../build/examples_rclpy_minimal_service/examples_rclpy_minimal_service.egg-info/SOURCES.txt'
[1.731s] writing manifest file '../../../../../build/examples_rclpy_minimal_service/examples_rclpy_minimal_service.egg-info/SOURCES.txt'
[1.731s] running build
[1.732s] running build_py
[1.732s] running install
[1.732s] running install_lib
[1.735s] running install_data
[1.735s] running install_egg_info
[1.737s] removing '/home/leejunmi/ros2_ws/install/examples_rclpy_minimal_service/lib/python3.10/site-packages/examples_rclpy_minimal_service-0.15.3-py3.10.egg-info' (and everything under it)
[1.737s] Copying ../../../../../build/examples_rclpy_minimal_service/examples_rclpy_minimal_service.egg-info to /home/leejunmi/ros2_ws/install/examples_rclpy_minimal_service/lib/python3.10/site-packages/examples_rclpy_minimal_service-0.15.3-py3.10.egg-info
[1.738s] running install_scripts
[1.773s] Installing service script to /home/leejunmi/ros2_ws/install/examples_rclpy_minimal_service/lib/examples_rclpy_minimal_service
[1.773s] Installing service_member_function script to /home/leejunmi/ros2_ws/install/examples_rclpy_minimal_service/lib/examples_rclpy_minimal_service
[1.773s] writing list of installed files to '/home/leejunmi/ros2_ws/build/examples_rclpy_minimal_service/install.log'
[1.828s] Invoked command in '/home/leejunmi/ros2_ws/src/examples/rclpy/services/minimal_service' returned '0': PYTHONPATH=/home/leejunmi/ros2_ws/build/examples_rclpy_minimal_service/prefix_override:/usr/lib/python3/dist-packages/colcon_core/task/python/colcon_distutils_commands:/home/leejunmi/ros2_ws/install/examples_rclpy_minimal_service/lib/python3.10/site-packages:${PYTHONPATH} /usr/bin/python3 -W ignore:setup.py install is deprecated -W ignore:easy_install command is deprecated setup.py egg_info --egg-base ../../../../../build/examples_rclpy_minimal_service build --build-base /home/leejunmi/ros2_ws/build/examples_rclpy_minimal_service/build install --record /home/leejunmi/ros2_ws/build/examples_rclpy_minimal_service/install.log --single-version-externally-managed install_data
