[1.130s] Invoking command in '/home/leejunmi/ros2_ws/src/py_pubsub': AMENT_PREFIX_PATH=/home/leejunmi/ros2_ws/install/tutorial_interfaces:${AMENT_PREFIX_PATH} CMAKE_PREFIX_PATH=/home/leejunmi/ros2_ws/install/tutorial_interfaces LD_LIBRARY_PATH=/home/leejunmi/ros2_ws/install/tutorial_interfaces/lib:${LD_LIBRARY_PATH} PYTHONPATH=/home/leejunmi/ros2_ws/build/py_pubsub/prefix_override:/usr/lib/python3/dist-packages/colcon_core/task/python/colcon_distutils_commands:/home/leejunmi/ros2_ws/install/py_pubsub/lib/python3.10/site-packages:/home/leejunmi/ros2_ws/install/tutorial_interfaces/local/lib/python3.10/dist-packages:${PYTHONPATH} /usr/bin/python3 -W ignore:setup.py install is deprecated -W ignore:easy_install command is deprecated setup.py egg_info --egg-base ../../build/py_pubsub build --build-base /home/leejunmi/ros2_ws/build/py_pubsub/build install --record /home/leejunmi/ros2_ws/build/py_pubsub/install.log --single-version-externally-managed install_data
[1.560s] running egg_info
[1.562s] writing ../../build/py_pubsub/py_pubsub.egg-info/PKG-INFO
[1.563s] writing dependency_links to ../../build/py_pubsub/py_pubsub.egg-info/dependency_links.txt
[1.565s] writing entry points to ../../build/py_pubsub/py_pubsub.egg-info/entry_points.txt
[1.565s] writing requirements to ../../build/py_pubsub/py_pubsub.egg-info/requires.txt
[1.565s] writing top-level names to ../../build/py_pubsub/py_pubsub.egg-info/top_level.txt
[1.567s] reading manifest file '../../build/py_pubsub/py_pubsub.egg-info/SOURCES.txt'
[1.568s] adding license file 'LICENSE'
[1.569s] writing manifest file '../../build/py_pubsub/py_pubsub.egg-info/SOURCES.txt'
[1.569s] running build
[1.569s] running build_py
[1.569s] running install
[1.571s] running install_lib
[1.576s] running install_data
[1.576s] running install_egg_info
[1.577s] removing '/home/leejunmi/ros2_ws/install/py_pubsub/lib/python3.10/site-packages/py_pubsub-0.0.0-py3.10.egg-info' (and everything under it)
[1.577s] Copying ../../build/py_pubsub/py_pubsub.egg-info to /home/leejunmi/ros2_ws/install/py_pubsub/lib/python3.10/site-packages/py_pubsub-0.0.0-py3.10.egg-info
[1.579s] running install_scripts
[1.617s] Installing listener script to /home/leejunmi/ros2_ws/install/py_pubsub/lib/py_pubsub
[1.617s] Installing talker script to /home/leejunmi/ros2_ws/install/py_pubsub/lib/py_pubsub
[1.621s] writing list of installed files to '/home/leejunmi/ros2_ws/build/py_pubsub/install.log'
[1.687s] Invoked command in '/home/leejunmi/ros2_ws/src/py_pubsub' returned '0': AMENT_PREFIX_PATH=/home/leejunmi/ros2_ws/install/tutorial_interfaces:${AMENT_PREFIX_PATH} CMAKE_PREFIX_PATH=/home/leejunmi/ros2_ws/install/tutorial_interfaces LD_LIBRARY_PATH=/home/leejunmi/ros2_ws/install/tutorial_interfaces/lib:${LD_LIBRARY_PATH} PYTHONPATH=/home/leejunmi/ros2_ws/build/py_pubsub/prefix_override:/usr/lib/python3/dist-packages/colcon_core/task/python/colcon_distutils_commands:/home/leejunmi/ros2_ws/install/py_pubsub/lib/python3.10/site-packages:/home/leejunmi/ros2_ws/install/tutorial_interfaces/local/lib/python3.10/dist-packages:${PYTHONPATH} /usr/bin/python3 -W ignore:setup.py install is deprecated -W ignore:easy_install command is deprecated setup.py egg_info --egg-base ../../build/py_pubsub build --build-base /home/leejunmi/ros2_ws/build/py_pubsub/build install --record /home/leejunmi/ros2_ws/build/py_pubsub/install.log --single-version-externally-managed install_data
