[0.530s] Invoking command in '/home/leejunmi/ros2_ws/src/img': PYTHONPATH=/home/leejunmi/ros2_ws/build/img/prefix_override:/usr/lib/python3/dist-packages/colcon_core/task/python/colcon_distutils_commands:/home/leejunmi/ros2_ws/install/img/lib/python3.10/site-packages:${PYTHONPATH} /usr/bin/python3 -W ignore:setup.py install is deprecated -W ignore:easy_install command is deprecated setup.py egg_info --egg-base ../../build/img build --build-base /home/leejunmi/ros2_ws/build/img/build install --record /home/leejunmi/ros2_ws/build/img/install.log --single-version-externally-managed install_data
[0.744s] running egg_info
[0.744s] writing ../../build/img/img.egg-info/PKG-INFO
[0.744s] writing dependency_links to ../../build/img/img.egg-info/dependency_links.txt
[0.745s] writing entry points to ../../build/img/img.egg-info/entry_points.txt
[0.745s] writing requirements to ../../build/img/img.egg-info/requires.txt
[0.745s] writing top-level names to ../../build/img/img.egg-info/top_level.txt
[0.747s] reading manifest file '../../build/img/img.egg-info/SOURCES.txt'
[0.747s] adding license file 'LICENSE'
[0.747s] writing manifest file '../../build/img/img.egg-info/SOURCES.txt'
[0.748s] running build
[0.748s] running build_py
[0.748s] running install
[0.748s] running install_lib
[0.750s] running install_data
[0.750s] copying package.xml -> /home/leejunmi/ros2_ws/install/img/share/img
[0.751s] running install_egg_info
[0.752s] removing '/home/leejunmi/ros2_ws/install/img/lib/python3.10/site-packages/img-0.0.0-py3.10.egg-info' (and everything under it)
[0.752s] Copying ../../build/img/img.egg-info to /home/leejunmi/ros2_ws/install/img/lib/python3.10/site-packages/img-0.0.0-py3.10.egg-info
[0.753s] running install_scripts
[0.770s] Installing pub script to /home/leejunmi/ros2_ws/install/img/lib/img
[0.771s] Installing sub script to /home/leejunmi/ros2_ws/install/img/lib/img
[0.771s] writing list of installed files to '/home/leejunmi/ros2_ws/build/img/install.log'
[0.793s] Invoked command in '/home/leejunmi/ros2_ws/src/img' returned '0': PYTHONPATH=/home/leejunmi/ros2_ws/build/img/prefix_override:/usr/lib/python3/dist-packages/colcon_core/task/python/colcon_distutils_commands:/home/leejunmi/ros2_ws/install/img/lib/python3.10/site-packages:${PYTHONPATH} /usr/bin/python3 -W ignore:setup.py install is deprecated -W ignore:easy_install command is deprecated setup.py egg_info --egg-base ../../build/img build --build-base /home/leejunmi/ros2_ws/build/img/build install --record /home/leejunmi/ros2_ws/build/img/install.log --single-version-externally-managed install_data
