[1.239s] Invoking command in '/home/leejunmi/ros2_ws/src/my_package': PYTHONPATH=/home/leejunmi/ros2_ws/build/my_package/prefix_override:/usr/lib/python3/dist-packages/colcon_core/task/python/colcon_distutils_commands:/home/leejunmi/ros2_ws/install/my_package/lib/python3.10/site-packages:${PYTHONPATH} /usr/bin/python3 -W ignore:setup.py install is deprecated -W ignore:easy_install command is deprecated setup.py egg_info --egg-base ../../build/my_package build --build-base /home/leejunmi/ros2_ws/build/my_package/build install --record /home/leejunmi/ros2_ws/build/my_package/install.log --single-version-externally-managed install_data
[1.530s] running egg_info
[1.531s] creating ../../build/my_package/my_package.egg-info
[1.531s] writing ../../build/my_package/my_package.egg-info/PKG-INFO
[1.531s] writing dependency_links to ../../build/my_package/my_package.egg-info/dependency_links.txt
[1.531s] writing entry points to ../../build/my_package/my_package.egg-info/entry_points.txt
[1.531s] writing requirements to ../../build/my_package/my_package.egg-info/requires.txt
[1.531s] writing top-level names to ../../build/my_package/my_package.egg-info/top_level.txt
[1.532s] writing manifest file '../../build/my_package/my_package.egg-info/SOURCES.txt'
[1.533s] reading manifest file '../../build/my_package/my_package.egg-info/SOURCES.txt'
[1.533s] adding license file 'LICENSE'
[1.534s] writing manifest file '../../build/my_package/my_package.egg-info/SOURCES.txt'
[1.534s] running build
[1.534s] running build_py
[1.534s] creating /home/leejunmi/ros2_ws/build/my_package/build
[1.534s] creating /home/leejunmi/ros2_ws/build/my_package/build/lib
[1.535s] creating /home/leejunmi/ros2_ws/build/my_package/build/lib/my_package
[1.535s] copying my_package/__init__.py -> /home/leejunmi/ros2_ws/build/my_package/build/lib/my_package
[1.535s] copying my_package/my_node.py -> /home/leejunmi/ros2_ws/build/my_package/build/lib/my_package
[1.535s] running install
[1.535s] running install_lib
[1.536s] creating /home/leejunmi/ros2_ws/install/my_package/lib/python3.10/site-packages/my_package
[1.537s] copying /home/leejunmi/ros2_ws/build/my_package/build/lib/my_package/__init__.py -> /home/leejunmi/ros2_ws/install/my_package/lib/python3.10/site-packages/my_package
[1.537s] copying /home/leejunmi/ros2_ws/build/my_package/build/lib/my_package/my_node.py -> /home/leejunmi/ros2_ws/install/my_package/lib/python3.10/site-packages/my_package
[1.538s] byte-compiling /home/leejunmi/ros2_ws/install/my_package/lib/python3.10/site-packages/my_package/__init__.py to __init__.cpython-310.pyc
[1.538s] byte-compiling /home/leejunmi/ros2_ws/install/my_package/lib/python3.10/site-packages/my_package/my_node.py to my_node.cpython-310.pyc
[1.538s] running install_data
[1.538s] creating /home/leejunmi/ros2_ws/install/my_package/share/ament_index
[1.538s] creating /home/leejunmi/ros2_ws/install/my_package/share/ament_index/resource_index
[1.538s] creating /home/leejunmi/ros2_ws/install/my_package/share/ament_index/resource_index/packages
[1.538s] copying resource/my_package -> /home/leejunmi/ros2_ws/install/my_package/share/ament_index/resource_index/packages
[1.539s] copying package.xml -> /home/leejunmi/ros2_ws/install/my_package/share/my_package
[1.539s] running install_egg_info
[1.540s] Copying ../../build/my_package/my_package.egg-info to /home/leejunmi/ros2_ws/install/my_package/lib/python3.10/site-packages/my_package-0.0.0-py3.10.egg-info
[1.541s] running install_scripts
[1.561s] Installing my_node script to /home/leejunmi/ros2_ws/install/my_package/lib/my_package
[1.561s] writing list of installed files to '/home/leejunmi/ros2_ws/build/my_package/install.log'
[1.588s] Invoked command in '/home/leejunmi/ros2_ws/src/my_package' returned '0': PYTHONPATH=/home/leejunmi/ros2_ws/build/my_package/prefix_override:/usr/lib/python3/dist-packages/colcon_core/task/python/colcon_distutils_commands:/home/leejunmi/ros2_ws/install/my_package/lib/python3.10/site-packages:${PYTHONPATH} /usr/bin/python3 -W ignore:setup.py install is deprecated -W ignore:easy_install command is deprecated setup.py egg_info --egg-base ../../build/my_package build --build-base /home/leejunmi/ros2_ws/build/my_package/build install --record /home/leejunmi/ros2_ws/build/my_package/install.log --single-version-externally-managed install_data
