[0.096s] Invoking command in '/home/leejunmi/ros2_ws/build/examples_rclcpp_wait_set': CMAKE_PREFIX_PATH=/opt/ros/humble /usr/bin/cmake --build /home/leejunmi/ros2_ws/build/examples_rclcpp_wait_set -- -j8 -l8
[0.232s] [ 12%] Built target listener
[0.232s] [ 16%] Built target wait_set_talker
[0.232s] [ 25%] Built target wait_set_listener
[0.232s] [ 33%] Built target talker
[0.235s] [ 41%] Built target static_wait_set
[0.237s] [ 50%] Built target thread_safe_wait_set
[0.239s] [ 58%] Built target wait_set
[0.245s] [ 66%] Built target wait_set_topics_and_timer
[0.272s] [ 79%] Built target executor_random_order
[0.273s] [ 83%] Built target wait_set_random_order
[0.273s] [ 91%] Built target wait_set_topics_with_different_rates
[0.278s] [100%] Built target wait_set_composed
[0.710s] Invoked command in '/home/leejunmi/ros2_ws/build/examples_rclcpp_wait_set' returned '0': CMAKE_PREFIX_PATH=/opt/ros/humble /usr/bin/cmake --build /home/leejunmi/ros2_ws/build/examples_rclcpp_wait_set -- -j8 -l8
[0.712s] Invoking command in '/home/leejunmi/ros2_ws/build/examples_rclcpp_wait_set': CMAKE_PREFIX_PATH=/opt/ros/humble /usr/bin/cmake --install /home/leejunmi/ros2_ws/build/examples_rclcpp_wait_set
[0.761s] -- Install configuration: "Release"
[0.761s] -- Up-to-date: /home/leejunmi/ros2_ws/install/examples_rclcpp_wait_set/lib/examples_rclcpp_wait_set/wait_set_talker
[0.761s] -- Up-to-date: /home/leejunmi/ros2_ws/install/examples_rclcpp_wait_set/lib/examples_rclcpp_wait_set/wait_set_listener
[0.761s] -- Up-to-date: /home/leejunmi/ros2_ws/install/examples_rclcpp_wait_set/lib/libtalker.so
[0.762s] -- Up-to-date: /home/leejunmi/ros2_ws/install/examples_rclcpp_wait_set/lib/liblistener.so
[0.762s] -- Up-to-date: /home/leejunmi/ros2_ws/install/examples_rclcpp_wait_set/lib/examples_rclcpp_wait_set/wait_set
[0.762s] -- Up-to-date: /home/leejunmi/ros2_ws/install/examples_rclcpp_wait_set/lib/examples_rclcpp_wait_set/static_wait_set
[0.762s] -- Up-to-date: /home/leejunmi/ros2_ws/install/examples_rclcpp_wait_set/lib/examples_rclcpp_wait_set/thread_safe_wait_set
[0.762s] -- Up-to-date: /home/leejunmi/ros2_ws/install/examples_rclcpp_wait_set/lib/examples_rclcpp_wait_set/wait_set_topics_and_timer
[0.762s] -- Up-to-date: /home/leejunmi/ros2_ws/install/examples_rclcpp_wait_set/lib/examples_rclcpp_wait_set/wait_set_random_order
[0.762s] -- Up-to-date: /home/leejunmi/ros2_ws/install/examples_rclcpp_wait_set/lib/examples_rclcpp_wait_set/executor_random_order
[0.762s] -- Up-to-date: /home/leejunmi/ros2_ws/install/examples_rclcpp_wait_set/lib/examples_rclcpp_wait_set/wait_set_topics_with_different_rates
[0.763s] -- Up-to-date: /home/leejunmi/ros2_ws/install/examples_rclcpp_wait_set/lib/examples_rclcpp_wait_set/wait_set_composed
[0.763s] -- Up-to-date: /home/leejunmi/ros2_ws/install/examples_rclcpp_wait_set/share/ament_index/resource_index/package_run_dependencies/examples_rclcpp_wait_set
[0.763s] -- Up-to-date: /home/leejunmi/ros2_ws/install/examples_rclcpp_wait_set/share/ament_index/resource_index/parent_prefix_path/examples_rclcpp_wait_set
[0.763s] -- Up-to-date: /home/leejunmi/ros2_ws/install/examples_rclcpp_wait_set/share/examples_rclcpp_wait_set/environment/ament_prefix_path.sh
[0.763s] -- Up-to-date: /home/leejunmi/ros2_ws/install/examples_rclcpp_wait_set/share/examples_rclcpp_wait_set/environment/ament_prefix_path.dsv
[0.763s] -- Up-to-date: /home/leejunmi/ros2_ws/install/examples_rclcpp_wait_set/share/examples_rclcpp_wait_set/environment/path.sh
[0.764s] -- Up-to-date: /home/leejunmi/ros2_ws/install/examples_rclcpp_wait_set/share/examples_rclcpp_wait_set/environment/path.dsv
[0.764s] -- Up-to-date: /home/leejunmi/ros2_ws/install/examples_rclcpp_wait_set/share/examples_rclcpp_wait_set/local_setup.bash
[0.764s] -- Up-to-date: /home/leejunmi/ros2_ws/install/examples_rclcpp_wait_set/share/examples_rclcpp_wait_set/local_setup.sh
[0.764s] -- Up-to-date: /home/leejunmi/ros2_ws/install/examples_rclcpp_wait_set/share/examples_rclcpp_wait_set/local_setup.zsh
[0.764s] -- Up-to-date: /home/leejunmi/ros2_ws/install/examples_rclcpp_wait_set/share/examples_rclcpp_wait_set/local_setup.dsv
[0.764s] -- Installing: /home/leejunmi/ros2_ws/install/examples_rclcpp_wait_set/share/examples_rclcpp_wait_set/package.dsv
[0.764s] -- Up-to-date: /home/leejunmi/ros2_ws/install/examples_rclcpp_wait_set/share/ament_index/resource_index/packages/examples_rclcpp_wait_set
[0.765s] -- Up-to-date: /home/leejunmi/ros2_ws/install/examples_rclcpp_wait_set/share/ament_index/resource_index/rclcpp_components/examples_rclcpp_wait_set
[0.765s] -- Up-to-date: /home/leejunmi/ros2_ws/install/examples_rclcpp_wait_set/share/examples_rclcpp_wait_set/cmake/examples_rclcpp_wait_setConfig.cmake
[0.765s] -- Up-to-date: /home/leejunmi/ros2_ws/install/examples_rclcpp_wait_set/share/examples_rclcpp_wait_set/cmake/examples_rclcpp_wait_setConfig-version.cmake
[0.765s] -- Up-to-date: /home/leejunmi/ros2_ws/install/examples_rclcpp_wait_set/share/examples_rclcpp_wait_set/package.xml
[0.806s] Invoked command in '/home/leejunmi/ros2_ws/build/examples_rclcpp_wait_set' returned '0': CMAKE_PREFIX_PATH=/opt/ros/humble /usr/bin/cmake --install /home/leejunmi/ros2_ws/build/examples_rclcpp_wait_set
