[0.049s] Invoking command in '/home/leejunmi/ros2_ws/build/tutorial_interfaces': CMAKE_PREFIX_PATH=/home/leejunmi/ros2_ws/install/tutorial_interfaces:/home/leejunmi/ros2_ws/install/turtlesim:/home/leejunmi/ros2_ws/install/number:/home/leejunmi/ros2_ws/install/py_pubsub:/home/leejunmi/ros2_ws/install/test_pkg:/home/leejunmi/ros2_ws/install/python_parameters:/home/leejunmi/ros2_ws/install/pkpk:/home/leejunmi/ros2_ws/install/msg_test:/home/leejunmi/ros2_ws/install/my_package:/home/leejunmi/ros2_ws/install/microstrain_inertial_rqt:/home/leejunmi/ros2_ws/install/lidar_intensity:/home/leejunmi/ros2_ws/install/launch_testing_examples:/home/leejunmi/ros2_ws/install/img:/home/leejunmi/ros2_ws/install/examples_rclpy_pointcloud_publisher:/home/leejunmi/ros2_ws/install/examples_rclpy_minimal_subscriber:/home/leejunmi/ros2_ws/install/examples_rclpy_minimal_service:/home/leejunmi/ros2_ws/install/examples_rclpy_minimal_publisher:/home/leejunmi/ros2_ws/install/examples_rclpy_minimal_client:/home/leejunmi/ros2_ws/install/examples_rclpy_minimal_action_server:/home/leejunmi/ros2_ws/install/examples_rclpy_minimal_action_client:/home/leejunmi/ros2_ws/install/examples_rclpy_guard_conditions:/home/leejunmi/ros2_ws/install/examples_rclpy_executors:/opt/ros/humble:/home/leejunmi/ros2_ws/install/microstrain_inertial_msgs:/home/leejunmi/ros2_ws/install/microstrain_inertial_description:/home/leejunmi/ros2_ws/install/examples_rclcpp_wait_set:/home/leejunmi/ros2_ws/install/examples_rclcpp_multithreaded_executor:/home/leejunmi/ros2_ws/install/examples_rclcpp_minimal_timer:/home/leejunmi/ros2_ws/install/examples_rclcpp_minimal_subscriber:/home/leejunmi/ros2_ws/install/examples_rclcpp_minimal_service:/home/leejunmi/ros2_ws/install/examples_rclcpp_minimal_publisher:/home/leejunmi/ros2_ws/install/examples_rclcpp_minimal_composition:/home/leejunmi/ros2_ws/install/examples_rclcpp_minimal_client:/home/leejunmi/ros2_ws/install/examples_rclcpp_minimal_action_server:/home/leejunmi/ros2_ws/install/examples_rclcpp_minimal_action_client:/home/leejunmi/ros2_ws/install/examples_rclcpp_cbg_executor:/home/leejunmi/ros2_ws/install/examples_rclcpp_async_client /usr/bin/cmake --build /home/leejunmi/ros2_ws/build/tutorial_interfaces -- -j8 -l8
[1.619s] [  2%] Built target tutorial_interfaces__cpp
[1.620s] [ 12%] Built target tutorial_interfaces__rosidl_generator_c
[1.620s] [ 12%] Built target ament_cmake_python_copy_tutorial_interfaces
[1.620s] [ 23%] Built target tutorial_interfaces__rosidl_typesupport_cpp
[1.620s] [ 34%] Built target tutorial_interfaces__rosidl_typesupport_introspection_c
[1.620s] [ 44%] Built target tutorial_interfaces__rosidl_typesupport_c
[1.621s] [ 55%] Built target tutorial_interfaces__rosidl_typesupport_fastrtps_cpp
[1.621s] [ 65%] Built target tutorial_interfaces__rosidl_typesupport_introspection_cpp
[1.621s] [ 76%] Built target tutorial_interfaces__rosidl_typesupport_fastrtps_c
[1.621s] [ 76%] Built target tutorial_interfaces
[1.621s] [ 78%] Built target tutorial_interfaces__py
[1.621s] [ 87%] Built target tutorial_interfaces__rosidl_generator_py
[1.621s] [ 91%] Built target tutorial_interfaces__rosidl_typesupport_introspection_c__pyext
[1.621s] [ 95%] Built target tutorial_interfaces__rosidl_typesupport_fastrtps_c__pyext
[1.621s] [100%] Built target tutorial_interfaces__rosidl_typesupport_c__pyext
[1.621s] running egg_info
[1.621s] writing tutorial_interfaces.egg-info/PKG-INFO
[1.622s] writing dependency_links to tutorial_interfaces.egg-info/dependency_links.txt
[1.622s] writing top-level names to tutorial_interfaces.egg-info/top_level.txt
[1.622s] reading manifest file 'tutorial_interfaces.egg-info/SOURCES.txt'
[1.622s] writing manifest file 'tutorial_interfaces.egg-info/SOURCES.txt'
[1.623s] [100%] Built target ament_cmake_python_build_tutorial_interfaces_egg
[1.989s] Invoked command in '/home/leejunmi/ros2_ws/build/tutorial_interfaces' returned '0': CMAKE_PREFIX_PATH=/home/leejunmi/ros2_ws/install/tutorial_interfaces:/home/leejunmi/ros2_ws/install/turtlesim:/home/leejunmi/ros2_ws/install/number:/home/leejunmi/ros2_ws/install/py_pubsub:/home/leejunmi/ros2_ws/install/test_pkg:/home/leejunmi/ros2_ws/install/python_parameters:/home/leejunmi/ros2_ws/install/pkpk:/home/leejunmi/ros2_ws/install/msg_test:/home/leejunmi/ros2_ws/install/my_package:/home/leejunmi/ros2_ws/install/microstrain_inertial_rqt:/home/leejunmi/ros2_ws/install/lidar_intensity:/home/leejunmi/ros2_ws/install/launch_testing_examples:/home/leejunmi/ros2_ws/install/img:/home/leejunmi/ros2_ws/install/examples_rclpy_pointcloud_publisher:/home/leejunmi/ros2_ws/install/examples_rclpy_minimal_subscriber:/home/leejunmi/ros2_ws/install/examples_rclpy_minimal_service:/home/leejunmi/ros2_ws/install/examples_rclpy_minimal_publisher:/home/leejunmi/ros2_ws/install/examples_rclpy_minimal_client:/home/leejunmi/ros2_ws/install/examples_rclpy_minimal_action_server:/home/leejunmi/ros2_ws/install/examples_rclpy_minimal_action_client:/home/leejunmi/ros2_ws/install/examples_rclpy_guard_conditions:/home/leejunmi/ros2_ws/install/examples_rclpy_executors:/opt/ros/humble:/home/leejunmi/ros2_ws/install/microstrain_inertial_msgs:/home/leejunmi/ros2_ws/install/microstrain_inertial_description:/home/leejunmi/ros2_ws/install/examples_rclcpp_wait_set:/home/leejunmi/ros2_ws/install/examples_rclcpp_multithreaded_executor:/home/leejunmi/ros2_ws/install/examples_rclcpp_minimal_timer:/home/leejunmi/ros2_ws/install/examples_rclcpp_minimal_subscriber:/home/leejunmi/ros2_ws/install/examples_rclcpp_minimal_service:/home/leejunmi/ros2_ws/install/examples_rclcpp_minimal_publisher:/home/leejunmi/ros2_ws/install/examples_rclcpp_minimal_composition:/home/leejunmi/ros2_ws/install/examples_rclcpp_minimal_client:/home/leejunmi/ros2_ws/install/examples_rclcpp_minimal_action_server:/home/leejunmi/ros2_ws/install/examples_rclcpp_minimal_action_client:/home/leejunmi/ros2_ws/install/examples_rclcpp_cbg_executor:/home/leejunmi/ros2_ws/install/examples_rclcpp_async_client /usr/bin/cmake --build /home/leejunmi/ros2_ws/build/tutorial_interfaces -- -j8 -l8
[1.998s] Invoking command in '/home/leejunmi/ros2_ws/build/tutorial_interfaces': CMAKE_PREFIX_PATH=/home/leejunmi/ros2_ws/install/tutorial_interfaces:/home/leejunmi/ros2_ws/install/turtlesim:/home/leejunmi/ros2_ws/install/number:/home/leejunmi/ros2_ws/install/py_pubsub:/home/leejunmi/ros2_ws/install/test_pkg:/home/leejunmi/ros2_ws/install/python_parameters:/home/leejunmi/ros2_ws/install/pkpk:/home/leejunmi/ros2_ws/install/msg_test:/home/leejunmi/ros2_ws/install/my_package:/home/leejunmi/ros2_ws/install/microstrain_inertial_rqt:/home/leejunmi/ros2_ws/install/lidar_intensity:/home/leejunmi/ros2_ws/install/launch_testing_examples:/home/leejunmi/ros2_ws/install/img:/home/leejunmi/ros2_ws/install/examples_rclpy_pointcloud_publisher:/home/leejunmi/ros2_ws/install/examples_rclpy_minimal_subscriber:/home/leejunmi/ros2_ws/install/examples_rclpy_minimal_service:/home/leejunmi/ros2_ws/install/examples_rclpy_minimal_publisher:/home/leejunmi/ros2_ws/install/examples_rclpy_minimal_client:/home/leejunmi/ros2_ws/install/examples_rclpy_minimal_action_server:/home/leejunmi/ros2_ws/install/examples_rclpy_minimal_action_client:/home/leejunmi/ros2_ws/install/examples_rclpy_guard_conditions:/home/leejunmi/ros2_ws/install/examples_rclpy_executors:/opt/ros/humble:/home/leejunmi/ros2_ws/install/microstrain_inertial_msgs:/home/leejunmi/ros2_ws/install/microstrain_inertial_description:/home/leejunmi/ros2_ws/install/examples_rclcpp_wait_set:/home/leejunmi/ros2_ws/install/examples_rclcpp_multithreaded_executor:/home/leejunmi/ros2_ws/install/examples_rclcpp_minimal_timer:/home/leejunmi/ros2_ws/install/examples_rclcpp_minimal_subscriber:/home/leejunmi/ros2_ws/install/examples_rclcpp_minimal_service:/home/leejunmi/ros2_ws/install/examples_rclcpp_minimal_publisher:/home/leejunmi/ros2_ws/install/examples_rclcpp_minimal_composition:/home/leejunmi/ros2_ws/install/examples_rclcpp_minimal_client:/home/leejunmi/ros2_ws/install/examples_rclcpp_minimal_action_server:/home/leejunmi/ros2_ws/install/examples_rclcpp_minimal_action_client:/home/leejunmi/ros2_ws/install/examples_rclcpp_cbg_executor:/home/leejunmi/ros2_ws/install/examples_rclcpp_async_client /usr/bin/cmake --install /home/leejunmi/ros2_ws/build/tutorial_interfaces
[2.016s] -- Install configuration: "Debug"
[2.016s] -- Up-to-date: /home/leejunmi/ros2_ws/install/tutorial_interfaces/share/ament_index/resource_index/rosidl_interfaces/tutorial_interfaces
[2.017s] -- Up-to-date: /home/leejunmi/ros2_ws/install/tutorial_interfaces/include/tutorial_interfaces/tutorial_interfaces
[2.017s] -- Up-to-date: /home/leejunmi/ros2_ws/install/tutorial_interfaces/include/tutorial_interfaces/tutorial_interfaces/msg
[2.017s] -- Up-to-date: /home/leejunmi/ros2_ws/install/tutorial_interfaces/include/tutorial_interfaces/tutorial_interfaces/msg/num.h
[2.018s] -- Up-to-date: /home/leejunmi/ros2_ws/install/tutorial_interfaces/include/tutorial_interfaces/tutorial_interfaces/msg/sphere.h
[2.018s] -- Up-to-date: /home/leejunmi/ros2_ws/install/tutorial_interfaces/include/tutorial_interfaces/tutorial_interfaces/msg/detail
[2.018s] -- Up-to-date: /home/leejunmi/ros2_ws/install/tutorial_interfaces/include/tutorial_interfaces/tutorial_interfaces/msg/detail/sphere__functions.c
[2.018s] -- Up-to-date: /home/leejunmi/ros2_ws/install/tutorial_interfaces/include/tutorial_interfaces/tutorial_interfaces/msg/detail/sphere__type_support.h
[2.018s] -- Up-to-date: /home/leejunmi/ros2_ws/install/tutorial_interfaces/include/tutorial_interfaces/tutorial_interfaces/msg/detail/sphere__functions.h
[2.018s] -- Up-to-date: /home/leejunmi/ros2_ws/install/tutorial_interfaces/include/tutorial_interfaces/tutorial_interfaces/msg/detail/sphere__struct.h
[2.018s] -- Up-to-date: /home/leejunmi/ros2_ws/install/tutorial_interfaces/include/tutorial_interfaces/tutorial_interfaces/msg/detail/num__struct.h
[2.018s] -- Up-to-date: /home/leejunmi/ros2_ws/install/tutorial_interfaces/include/tutorial_interfaces/tutorial_interfaces/msg/detail/num__type_support.h
[2.019s] -- Up-to-date: /home/leejunmi/ros2_ws/install/tutorial_interfaces/include/tutorial_interfaces/tutorial_interfaces/msg/detail/num__functions.c
[2.019s] -- Up-to-date: /home/leejunmi/ros2_ws/install/tutorial_interfaces/include/tutorial_interfaces/tutorial_interfaces/msg/detail/num__functions.h
[2.019s] -- Up-to-date: /home/leejunmi/ros2_ws/install/tutorial_interfaces/include/tutorial_interfaces/tutorial_interfaces/msg/rosidl_generator_c__visibility_control.h
[2.019s] -- Up-to-date: /home/leejunmi/ros2_ws/install/tutorial_interfaces/include/tutorial_interfaces/tutorial_interfaces/srv
[2.019s] -- Up-to-date: /home/leejunmi/ros2_ws/install/tutorial_interfaces/include/tutorial_interfaces/tutorial_interfaces/srv/detail
[2.019s] -- Up-to-date: /home/leejunmi/ros2_ws/install/tutorial_interfaces/include/tutorial_interfaces/tutorial_interfaces/srv/detail/add_three_ints__type_support.h
[2.019s] -- Up-to-date: /home/leejunmi/ros2_ws/install/tutorial_interfaces/include/tutorial_interfaces/tutorial_interfaces/srv/detail/add_three_ints__functions.c
[2.019s] -- Up-to-date: /home/leejunmi/ros2_ws/install/tutorial_interfaces/include/tutorial_interfaces/tutorial_interfaces/srv/detail/add_three_ints__functions.h
[2.019s] -- Up-to-date: /home/leejunmi/ros2_ws/install/tutorial_interfaces/include/tutorial_interfaces/tutorial_interfaces/srv/detail/add_three_ints__struct.h
[2.020s] -- Up-to-date: /home/leejunmi/ros2_ws/install/tutorial_interfaces/include/tutorial_interfaces/tutorial_interfaces/srv/add_three_ints.h
[2.020s] -- Up-to-date: /home/leejunmi/ros2_ws/install/tutorial_interfaces/share/tutorial_interfaces/environment/library_path.sh
[2.020s] -- Up-to-date: /home/leejunmi/ros2_ws/install/tutorial_interfaces/share/tutorial_interfaces/environment/library_path.dsv
[2.020s] -- Up-to-date: /home/leejunmi/ros2_ws/install/tutorial_interfaces/lib/libtutorial_interfaces__rosidl_generator_c.so
[2.020s] -- Up-to-date: /home/leejunmi/ros2_ws/install/tutorial_interfaces/include/tutorial_interfaces/tutorial_interfaces
[2.020s] -- Up-to-date: /home/leejunmi/ros2_ws/install/tutorial_interfaces/include/tutorial_interfaces/tutorial_interfaces/msg
[2.020s] -- Up-to-date: /home/leejunmi/ros2_ws/install/tutorial_interfaces/include/tutorial_interfaces/tutorial_interfaces/msg/rosidl_typesupport_fastrtps_c__visibility_control.h
[2.020s] -- Up-to-date: /home/leejunmi/ros2_ws/install/tutorial_interfaces/include/tutorial_interfaces/tutorial_interfaces/msg/detail
[2.020s] -- Up-to-date: /home/leejunmi/ros2_ws/install/tutorial_interfaces/include/tutorial_interfaces/tutorial_interfaces/msg/detail/sphere__rosidl_typesupport_fastrtps_c.h
[2.020s] -- Up-to-date: /home/leejunmi/ros2_ws/install/tutorial_interfaces/include/tutorial_interfaces/tutorial_interfaces/msg/detail/num__rosidl_typesupport_fastrtps_c.h
[2.021s] -- Up-to-date: /home/leejunmi/ros2_ws/install/tutorial_interfaces/include/tutorial_interfaces/tutorial_interfaces/srv
[2.021s] -- Up-to-date: /home/leejunmi/ros2_ws/install/tutorial_interfaces/include/tutorial_interfaces/tutorial_interfaces/srv/detail
[2.021s] -- Up-to-date: /home/leejunmi/ros2_ws/install/tutorial_interfaces/include/tutorial_interfaces/tutorial_interfaces/srv/detail/add_three_ints__rosidl_typesupport_fastrtps_c.h
[2.021s] -- Up-to-date: /home/leejunmi/ros2_ws/install/tutorial_interfaces/lib/libtutorial_interfaces__rosidl_typesupport_fastrtps_c.so
[2.021s] -- Up-to-date: /home/leejunmi/ros2_ws/install/tutorial_interfaces/include/tutorial_interfaces/tutorial_interfaces
[2.021s] -- Up-to-date: /home/leejunmi/ros2_ws/install/tutorial_interfaces/include/tutorial_interfaces/tutorial_interfaces/msg
[2.021s] -- Up-to-date: /home/leejunmi/ros2_ws/install/tutorial_interfaces/include/tutorial_interfaces/tutorial_interfaces/msg/rosidl_generator_cpp__visibility_control.hpp
[2.027s] -- Up-to-date: /home/leejunmi/ros2_ws/install/tutorial_interfaces/include/tutorial_interfaces/tutorial_interfaces/msg/sphere.hpp
[2.027s] -- Up-to-date: /home/leejunmi/ros2_ws/install/tutorial_interfaces/include/tutorial_interfaces/tutorial_interfaces/msg/detail
[2.027s] -- Up-to-date: /home/leejunmi/ros2_ws/install/tutorial_interfaces/include/tutorial_interfaces/tutorial_interfaces/msg/detail/num__builder.hpp
[2.027s] -- Up-to-date: /home/leejunmi/ros2_ws/install/tutorial_interfaces/include/tutorial_interfaces/tutorial_interfaces/msg/detail/sphere__traits.hpp
[2.028s] -- Up-to-date: /home/leejunmi/ros2_ws/install/tutorial_interfaces/include/tutorial_interfaces/tutorial_interfaces/msg/detail/sphere__builder.hpp
[2.028s] -- Up-to-date: /home/leejunmi/ros2_ws/install/tutorial_interfaces/include/tutorial_interfaces/tutorial_interfaces/msg/detail/num__struct.hpp
[2.028s] -- Up-to-date: /home/leejunmi/ros2_ws/install/tutorial_interfaces/include/tutorial_interfaces/tutorial_interfaces/msg/detail/num__traits.hpp
[2.028s] -- Up-to-date: /home/leejunmi/ros2_ws/install/tutorial_interfaces/include/tutorial_interfaces/tutorial_interfaces/msg/detail/sphere__type_support.hpp
[2.028s] -- Up-to-date: /home/leejunmi/ros2_ws/install/tutorial_interfaces/include/tutorial_interfaces/tutorial_interfaces/msg/detail/sphere__struct.hpp
[2.028s] -- Up-to-date: /home/leejunmi/ros2_ws/install/tutorial_interfaces/include/tutorial_interfaces/tutorial_interfaces/msg/detail/num__type_support.hpp
[2.028s] -- Up-to-date: /home/leejunmi/ros2_ws/install/tutorial_interfaces/include/tutorial_interfaces/tutorial_interfaces/msg/num.hpp
[2.028s] -- Up-to-date: /home/leejunmi/ros2_ws/install/tutorial_interfaces/include/tutorial_interfaces/tutorial_interfaces/srv
[2.029s] -- Up-to-date: /home/leejunmi/ros2_ws/install/tutorial_interfaces/include/tutorial_interfaces/tutorial_interfaces/srv/add_three_ints.hpp
[2.029s] -- Up-to-date: /home/leejunmi/ros2_ws/install/tutorial_interfaces/include/tutorial_interfaces/tutorial_interfaces/srv/detail
[2.029s] -- Up-to-date: /home/leejunmi/ros2_ws/install/tutorial_interfaces/include/tutorial_interfaces/tutorial_interfaces/srv/detail/add_three_ints__traits.hpp
[2.029s] -- Up-to-date: /home/leejunmi/ros2_ws/install/tutorial_interfaces/include/tutorial_interfaces/tutorial_interfaces/srv/detail/add_three_ints__type_support.hpp
[2.029s] -- Up-to-date: /home/leejunmi/ros2_ws/install/tutorial_interfaces/include/tutorial_interfaces/tutorial_interfaces/srv/detail/add_three_ints__builder.hpp
[2.029s] -- Up-to-date: /home/leejunmi/ros2_ws/install/tutorial_interfaces/include/tutorial_interfaces/tutorial_interfaces/srv/detail/add_three_ints__struct.hpp
[2.029s] -- Up-to-date: /home/leejunmi/ros2_ws/install/tutorial_interfaces/include/tutorial_interfaces/tutorial_interfaces
[2.029s] -- Up-to-date: /home/leejunmi/ros2_ws/install/tutorial_interfaces/include/tutorial_interfaces/tutorial_interfaces/msg
[2.029s] -- Up-to-date: /home/leejunmi/ros2_ws/install/tutorial_interfaces/include/tutorial_interfaces/tutorial_interfaces/msg/rosidl_typesupport_fastrtps_cpp__visibility_control.h
[2.029s] -- Up-to-date: /home/leejunmi/ros2_ws/install/tutorial_interfaces/include/tutorial_interfaces/tutorial_interfaces/msg/detail
[2.030s] -- Up-to-date: /home/leejunmi/ros2_ws/install/tutorial_interfaces/include/tutorial_interfaces/tutorial_interfaces/msg/detail/num__rosidl_typesupport_fastrtps_cpp.hpp
[2.030s] -- Up-to-date: /home/leejunmi/ros2_ws/install/tutorial_interfaces/include/tutorial_interfaces/tutorial_interfaces/msg/detail/dds_fastrtps
[2.030s] -- Up-to-date: /home/leejunmi/ros2_ws/install/tutorial_interfaces/include/tutorial_interfaces/tutorial_interfaces/msg/detail/sphere__rosidl_typesupport_fastrtps_cpp.hpp
[2.030s] -- Up-to-date: /home/leejunmi/ros2_ws/install/tutorial_interfaces/include/tutorial_interfaces/tutorial_interfaces/srv
[2.030s] -- Up-to-date: /home/leejunmi/ros2_ws/install/tutorial_interfaces/include/tutorial_interfaces/tutorial_interfaces/srv/detail
[2.030s] -- Up-to-date: /home/leejunmi/ros2_ws/install/tutorial_interfaces/include/tutorial_interfaces/tutorial_interfaces/srv/detail/dds_fastrtps
[2.031s] -- Up-to-date: /home/leejunmi/ros2_ws/install/tutorial_interfaces/include/tutorial_interfaces/tutorial_interfaces/srv/detail/add_three_ints__rosidl_typesupport_fastrtps_cpp.hpp
[2.031s] -- Up-to-date: /home/leejunmi/ros2_ws/install/tutorial_interfaces/lib/libtutorial_interfaces__rosidl_typesupport_fastrtps_cpp.so
[2.031s] -- Up-to-date: /home/leejunmi/ros2_ws/install/tutorial_interfaces/include/tutorial_interfaces/tutorial_interfaces
[2.031s] -- Up-to-date: /home/leejunmi/ros2_ws/install/tutorial_interfaces/include/tutorial_interfaces/tutorial_interfaces/msg
[2.031s] -- Up-to-date: /home/leejunmi/ros2_ws/install/tutorial_interfaces/include/tutorial_interfaces/tutorial_interfaces/msg/rosidl_typesupport_introspection_c__visibility_control.h
[2.031s] -- Up-to-date: /home/leejunmi/ros2_ws/install/tutorial_interfaces/include/tutorial_interfaces/tutorial_interfaces/msg/detail
[2.031s] -- Up-to-date: /home/leejunmi/ros2_ws/install/tutorial_interfaces/include/tutorial_interfaces/tutorial_interfaces/msg/detail/sphere__rosidl_typesupport_introspection_c.h
[2.031s] -- Up-to-date: /home/leejunmi/ros2_ws/install/tutorial_interfaces/include/tutorial_interfaces/tutorial_interfaces/msg/detail/sphere__type_support.c
[2.032s] -- Up-to-date: /home/leejunmi/ros2_ws/install/tutorial_interfaces/include/tutorial_interfaces/tutorial_interfaces/msg/detail/num__type_support.c
[2.032s] -- Up-to-date: /home/leejunmi/ros2_ws/install/tutorial_interfaces/include/tutorial_interfaces/tutorial_interfaces/msg/detail/num__rosidl_typesupport_introspection_c.h
[2.032s] -- Up-to-date: /home/leejunmi/ros2_ws/install/tutorial_interfaces/include/tutorial_interfaces/tutorial_interfaces/srv
[2.032s] -- Up-to-date: /home/leejunmi/ros2_ws/install/tutorial_interfaces/include/tutorial_interfaces/tutorial_interfaces/srv/detail
[2.032s] -- Up-to-date: /home/leejunmi/ros2_ws/install/tutorial_interfaces/include/tutorial_interfaces/tutorial_interfaces/srv/detail/add_three_ints__rosidl_typesupport_introspection_c.h
[2.032s] -- Up-to-date: /home/leejunmi/ros2_ws/install/tutorial_interfaces/include/tutorial_interfaces/tutorial_interfaces/srv/detail/add_three_ints__type_support.c
[2.032s] -- Up-to-date: /home/leejunmi/ros2_ws/install/tutorial_interfaces/lib/libtutorial_interfaces__rosidl_typesupport_introspection_c.so
[2.032s] -- Up-to-date: /home/leejunmi/ros2_ws/install/tutorial_interfaces/lib/libtutorial_interfaces__rosidl_typesupport_c.so
[2.032s] -- Up-to-date: /home/leejunmi/ros2_ws/install/tutorial_interfaces/include/tutorial_interfaces/tutorial_interfaces
[2.033s] -- Up-to-date: /home/leejunmi/ros2_ws/install/tutorial_interfaces/include/tutorial_interfaces/tutorial_interfaces/msg
[2.033s] -- Up-to-date: /home/leejunmi/ros2_ws/install/tutorial_interfaces/include/tutorial_interfaces/tutorial_interfaces/msg/detail
[2.033s] -- Up-to-date: /home/leejunmi/ros2_ws/install/tutorial_interfaces/include/tutorial_interfaces/tutorial_interfaces/msg/detail/num__rosidl_typesupport_introspection_cpp.hpp
[2.033s] -- Up-to-date: /home/leejunmi/ros2_ws/install/tutorial_interfaces/include/tutorial_interfaces/tutorial_interfaces/msg/detail/num__type_support.cpp
[2.033s] -- Up-to-date: /home/leejunmi/ros2_ws/install/tutorial_interfaces/include/tutorial_interfaces/tutorial_interfaces/msg/detail/sphere__type_support.cpp
[2.033s] -- Up-to-date: /home/leejunmi/ros2_ws/install/tutorial_interfaces/include/tutorial_interfaces/tutorial_interfaces/msg/detail/sphere__rosidl_typesupport_introspection_cpp.hpp
[2.033s] -- Up-to-date: /home/leejunmi/ros2_ws/install/tutorial_interfaces/include/tutorial_interfaces/tutorial_interfaces/srv
[2.033s] -- Up-to-date: /home/leejunmi/ros2_ws/install/tutorial_interfaces/include/tutorial_interfaces/tutorial_interfaces/srv/detail
[2.033s] -- Up-to-date: /home/leejunmi/ros2_ws/install/tutorial_interfaces/include/tutorial_interfaces/tutorial_interfaces/srv/detail/add_three_ints__type_support.cpp
[2.034s] -- Up-to-date: /home/leejunmi/ros2_ws/install/tutorial_interfaces/include/tutorial_interfaces/tutorial_interfaces/srv/detail/add_three_ints__rosidl_typesupport_introspection_cpp.hpp
[2.034s] -- Up-to-date: /home/leejunmi/ros2_ws/install/tutorial_interfaces/lib/libtutorial_interfaces__rosidl_typesupport_introspection_cpp.so
[2.034s] -- Up-to-date: /home/leejunmi/ros2_ws/install/tutorial_interfaces/lib/libtutorial_interfaces__rosidl_typesupport_cpp.so
[2.034s] -- Up-to-date: /home/leejunmi/ros2_ws/install/tutorial_interfaces/share/tutorial_interfaces/environment/pythonpath.sh
[2.034s] -- Up-to-date: /home/leejunmi/ros2_ws/install/tutorial_interfaces/share/tutorial_interfaces/environment/pythonpath.dsv
[2.034s] -- Up-to-date: /home/leejunmi/ros2_ws/install/tutorial_interfaces/local/lib/python3.10/dist-packages/tutorial_interfaces-0.0.0-py3.10.egg-info
[2.035s] -- Installing: /home/leejunmi/ros2_ws/install/tutorial_interfaces/local/lib/python3.10/dist-packages/tutorial_interfaces-0.0.0-py3.10.egg-info/PKG-INFO
[2.035s] -- Installing: /home/leejunmi/ros2_ws/install/tutorial_interfaces/local/lib/python3.10/dist-packages/tutorial_interfaces-0.0.0-py3.10.egg-info/top_level.txt
[2.036s] -- Installing: /home/leejunmi/ros2_ws/install/tutorial_interfaces/local/lib/python3.10/dist-packages/tutorial_interfaces-0.0.0-py3.10.egg-info/SOURCES.txt
[2.036s] -- Installing: /home/leejunmi/ros2_ws/install/tutorial_interfaces/local/lib/python3.10/dist-packages/tutorial_interfaces-0.0.0-py3.10.egg-info/dependency_links.txt
[2.036s] -- Up-to-date: /home/leejunmi/ros2_ws/install/tutorial_interfaces/local/lib/python3.10/dist-packages/tutorial_interfaces
[2.036s] -- Up-to-date: /home/leejunmi/ros2_ws/install/tutorial_interfaces/local/lib/python3.10/dist-packages/tutorial_interfaces/_tutorial_interfaces_s.ep.rosidl_typesupport_introspection_c.c
[2.036s] -- Up-to-date: /home/leejunmi/ros2_ws/install/tutorial_interfaces/local/lib/python3.10/dist-packages/tutorial_interfaces/msg
[2.036s] -- Up-to-date: /home/leejunmi/ros2_ws/install/tutorial_interfaces/local/lib/python3.10/dist-packages/tutorial_interfaces/msg/_sphere_s.c
[2.036s] -- Up-to-date: /home/leejunmi/ros2_ws/install/tutorial_interfaces/local/lib/python3.10/dist-packages/tutorial_interfaces/msg/_num.py
[2.036s] -- Up-to-date: /home/leejunmi/ros2_ws/install/tutorial_interfaces/local/lib/python3.10/dist-packages/tutorial_interfaces/msg/_sphere.py
[2.036s] -- Up-to-date: /home/leejunmi/ros2_ws/install/tutorial_interfaces/local/lib/python3.10/dist-packages/tutorial_interfaces/msg/_num_s.c
[2.037s] -- Up-to-date: /home/leejunmi/ros2_ws/install/tutorial_interfaces/local/lib/python3.10/dist-packages/tutorial_interfaces/msg/__init__.py
[2.037s] -- Up-to-date: /home/leejunmi/ros2_ws/install/tutorial_interfaces/local/lib/python3.10/dist-packages/tutorial_interfaces/_tutorial_interfaces_s.ep.rosidl_typesupport_fastrtps_c.c
[2.037s] -- Up-to-date: /home/leejunmi/ros2_ws/install/tutorial_interfaces/local/lib/python3.10/dist-packages/tutorial_interfaces/libtutorial_interfaces__rosidl_generator_py.so
[2.037s] -- Up-to-date: /home/leejunmi/ros2_ws/install/tutorial_interfaces/local/lib/python3.10/dist-packages/tutorial_interfaces/tutorial_interfaces_s__rosidl_typesupport_c.cpython-310-x86_64-linux-gnu.so
[2.037s] -- Up-to-date: /home/leejunmi/ros2_ws/install/tutorial_interfaces/local/lib/python3.10/dist-packages/tutorial_interfaces/srv
[2.037s] -- Up-to-date: /home/leejunmi/ros2_ws/install/tutorial_interfaces/local/lib/python3.10/dist-packages/tutorial_interfaces/srv/_add_three_ints_s.c
[2.037s] -- Up-to-date: /home/leejunmi/ros2_ws/install/tutorial_interfaces/local/lib/python3.10/dist-packages/tutorial_interfaces/srv/__init__.py
[2.037s] -- Up-to-date: /home/leejunmi/ros2_ws/install/tutorial_interfaces/local/lib/python3.10/dist-packages/tutorial_interfaces/srv/_add_three_ints.py
[2.038s] -- Up-to-date: /home/leejunmi/ros2_ws/install/tutorial_interfaces/local/lib/python3.10/dist-packages/tutorial_interfaces/_tutorial_interfaces_s.ep.rosidl_typesupport_c.c
[2.038s] -- Up-to-date: /home/leejunmi/ros2_ws/install/tutorial_interfaces/local/lib/python3.10/dist-packages/tutorial_interfaces/__init__.py
[2.038s] -- Up-to-date: /home/leejunmi/ros2_ws/install/tutorial_interfaces/local/lib/python3.10/dist-packages/tutorial_interfaces/tutorial_interfaces_s__rosidl_typesupport_fastrtps_c.cpython-310-x86_64-linux-gnu.so
[2.038s] -- Up-to-date: /home/leejunmi/ros2_ws/install/tutorial_interfaces/local/lib/python3.10/dist-packages/tutorial_interfaces/tutorial_interfaces_s__rosidl_typesupport_introspection_c.cpython-310-x86_64-linux-gnu.so
[2.093s] Listing '/home/leejunmi/ros2_ws/install/tutorial_interfaces/local/lib/python3.10/dist-packages/tutorial_interfaces'...
[2.094s] Listing '/home/leejunmi/ros2_ws/install/tutorial_interfaces/local/lib/python3.10/dist-packages/tutorial_interfaces/msg'...
[2.094s] Listing '/home/leejunmi/ros2_ws/install/tutorial_interfaces/local/lib/python3.10/dist-packages/tutorial_interfaces/srv'...
[2.100s] -- Up-to-date: /home/leejunmi/ros2_ws/install/tutorial_interfaces/local/lib/python3.10/dist-packages/tutorial_interfaces/tutorial_interfaces_s__rosidl_typesupport_fastrtps_c.cpython-310-x86_64-linux-gnu.so
[2.100s] -- Up-to-date: /home/leejunmi/ros2_ws/install/tutorial_interfaces/local/lib/python3.10/dist-packages/tutorial_interfaces/tutorial_interfaces_s__rosidl_typesupport_introspection_c.cpython-310-x86_64-linux-gnu.so
[2.101s] -- Up-to-date: /home/leejunmi/ros2_ws/install/tutorial_interfaces/local/lib/python3.10/dist-packages/tutorial_interfaces/tutorial_interfaces_s__rosidl_typesupport_c.cpython-310-x86_64-linux-gnu.so
[2.101s] -- Up-to-date: /home/leejunmi/ros2_ws/install/tutorial_interfaces/lib/libtutorial_interfaces__rosidl_generator_py.so
[2.102s] -- Up-to-date: /home/leejunmi/ros2_ws/install/tutorial_interfaces/share/tutorial_interfaces/msg/Num.idl
[2.103s] -- Up-to-date: /home/leejunmi/ros2_ws/install/tutorial_interfaces/share/tutorial_interfaces/msg/Sphere.idl
[2.103s] -- Up-to-date: /home/leejunmi/ros2_ws/install/tutorial_interfaces/share/tutorial_interfaces/srv/AddThreeInts.idl
[2.103s] -- Up-to-date: /home/leejunmi/ros2_ws/install/tutorial_interfaces/share/tutorial_interfaces/msg/Num.msg
[2.104s] -- Up-to-date: /home/leejunmi/ros2_ws/install/tutorial_interfaces/share/tutorial_interfaces/msg/Sphere.msg
[2.104s] -- Up-to-date: /home/leejunmi/ros2_ws/install/tutorial_interfaces/share/tutorial_interfaces/srv/AddThreeInts.srv
[2.104s] -- Up-to-date: /home/leejunmi/ros2_ws/install/tutorial_interfaces/share/tutorial_interfaces/srv/AddThreeInts_Request.msg
[2.105s] -- Up-to-date: /home/leejunmi/ros2_ws/install/tutorial_interfaces/share/tutorial_interfaces/srv/AddThreeInts_Response.msg
[2.105s] -- Up-to-date: /home/leejunmi/ros2_ws/install/tutorial_interfaces/share/ament_index/resource_index/package_run_dependencies/tutorial_interfaces
[2.106s] -- Up-to-date: /home/leejunmi/ros2_ws/install/tutorial_interfaces/share/ament_index/resource_index/parent_prefix_path/tutorial_interfaces
[2.106s] -- Up-to-date: /home/leejunmi/ros2_ws/install/tutorial_interfaces/share/tutorial_interfaces/environment/ament_prefix_path.sh
[2.106s] -- Up-to-date: /home/leejunmi/ros2_ws/install/tutorial_interfaces/share/tutorial_interfaces/environment/ament_prefix_path.dsv
[2.107s] -- Up-to-date: /home/leejunmi/ros2_ws/install/tutorial_interfaces/share/tutorial_interfaces/environment/path.sh
[2.107s] -- Up-to-date: /home/leejunmi/ros2_ws/install/tutorial_interfaces/share/tutorial_interfaces/environment/path.dsv
[2.107s] -- Up-to-date: /home/leejunmi/ros2_ws/install/tutorial_interfaces/share/tutorial_interfaces/local_setup.bash
[2.108s] -- Up-to-date: /home/leejunmi/ros2_ws/install/tutorial_interfaces/share/tutorial_interfaces/local_setup.sh
[2.108s] -- Up-to-date: /home/leejunmi/ros2_ws/install/tutorial_interfaces/share/tutorial_interfaces/local_setup.zsh
[2.108s] -- Up-to-date: /home/leejunmi/ros2_ws/install/tutorial_interfaces/share/tutorial_interfaces/local_setup.dsv
[2.108s] -- Installing: /home/leejunmi/ros2_ws/install/tutorial_interfaces/share/tutorial_interfaces/package.dsv
[2.109s] -- Up-to-date: /home/leejunmi/ros2_ws/install/tutorial_interfaces/share/ament_index/resource_index/packages/tutorial_interfaces
[2.109s] -- Up-to-date: /home/leejunmi/ros2_ws/install/tutorial_interfaces/share/tutorial_interfaces/cmake/export_tutorial_interfaces__rosidl_generator_cExport.cmake
[2.109s] -- Up-to-date: /home/leejunmi/ros2_ws/install/tutorial_interfaces/share/tutorial_interfaces/cmake/export_tutorial_interfaces__rosidl_generator_cExport-debug.cmake
[2.110s] -- Up-to-date: /home/leejunmi/ros2_ws/install/tutorial_interfaces/share/tutorial_interfaces/cmake/export_tutorial_interfaces__rosidl_typesupport_fastrtps_cExport.cmake
[2.110s] -- Up-to-date: /home/leejunmi/ros2_ws/install/tutorial_interfaces/share/tutorial_interfaces/cmake/export_tutorial_interfaces__rosidl_typesupport_fastrtps_cExport-debug.cmake
[2.110s] -- Up-to-date: /home/leejunmi/ros2_ws/install/tutorial_interfaces/share/tutorial_interfaces/cmake/export_tutorial_interfaces__rosidl_generator_cppExport.cmake
[2.111s] -- Up-to-date: /home/leejunmi/ros2_ws/install/tutorial_interfaces/share/tutorial_interfaces/cmake/export_tutorial_interfaces__rosidl_typesupport_fastrtps_cppExport.cmake
[2.111s] -- Up-to-date: /home/leejunmi/ros2_ws/install/tutorial_interfaces/share/tutorial_interfaces/cmake/export_tutorial_interfaces__rosidl_typesupport_fastrtps_cppExport-debug.cmake
[2.112s] -- Up-to-date: /home/leejunmi/ros2_ws/install/tutorial_interfaces/share/tutorial_interfaces/cmake/tutorial_interfaces__rosidl_typesupport_introspection_cExport.cmake
[2.112s] -- Up-to-date: /home/leejunmi/ros2_ws/install/tutorial_interfaces/share/tutorial_interfaces/cmake/tutorial_interfaces__rosidl_typesupport_introspection_cExport-debug.cmake
[2.113s] -- Up-to-date: /home/leejunmi/ros2_ws/install/tutorial_interfaces/share/tutorial_interfaces/cmake/tutorial_interfaces__rosidl_typesupport_cExport.cmake
[2.114s] -- Up-to-date: /home/leejunmi/ros2_ws/install/tutorial_interfaces/share/tutorial_interfaces/cmake/tutorial_interfaces__rosidl_typesupport_cExport-debug.cmake
[2.115s] -- Up-to-date: /home/leejunmi/ros2_ws/install/tutorial_interfaces/share/tutorial_interfaces/cmake/tutorial_interfaces__rosidl_typesupport_introspection_cppExport.cmake
[2.115s] -- Up-to-date: /home/leejunmi/ros2_ws/install/tutorial_interfaces/share/tutorial_interfaces/cmake/tutorial_interfaces__rosidl_typesupport_introspection_cppExport-debug.cmake
[2.118s] -- Up-to-date: /home/leejunmi/ros2_ws/install/tutorial_interfaces/share/tutorial_interfaces/cmake/tutorial_interfaces__rosidl_typesupport_cppExport.cmake
[2.119s] -- Up-to-date: /home/leejunmi/ros2_ws/install/tutorial_interfaces/share/tutorial_interfaces/cmake/tutorial_interfaces__rosidl_typesupport_cppExport-debug.cmake
[2.119s] -- Up-to-date: /home/leejunmi/ros2_ws/install/tutorial_interfaces/share/tutorial_interfaces/cmake/export_tutorial_interfaces__rosidl_generator_pyExport.cmake
[2.119s] -- Up-to-date: /home/leejunmi/ros2_ws/install/tutorial_interfaces/share/tutorial_interfaces/cmake/export_tutorial_interfaces__rosidl_generator_pyExport-debug.cmake
[2.119s] -- Up-to-date: /home/leejunmi/ros2_ws/install/tutorial_interfaces/share/tutorial_interfaces/cmake/rosidl_cmake-extras.cmake
[2.120s] -- Up-to-date: /home/leejunmi/ros2_ws/install/tutorial_interfaces/share/tutorial_interfaces/cmake/ament_cmake_export_dependencies-extras.cmake
[2.120s] -- Up-to-date: /home/leejunmi/ros2_ws/install/tutorial_interfaces/share/tutorial_interfaces/cmake/ament_cmake_export_include_directories-extras.cmake
[2.120s] -- Up-to-date: /home/leejunmi/ros2_ws/install/tutorial_interfaces/share/tutorial_interfaces/cmake/ament_cmake_export_libraries-extras.cmake
[2.121s] -- Up-to-date: /home/leejunmi/ros2_ws/install/tutorial_interfaces/share/tutorial_interfaces/cmake/ament_cmake_export_targets-extras.cmake
[2.121s] -- Up-to-date: /home/leejunmi/ros2_ws/install/tutorial_interfaces/share/tutorial_interfaces/cmake/rosidl_cmake_export_typesupport_targets-extras.cmake
[2.121s] -- Up-to-date: /home/leejunmi/ros2_ws/install/tutorial_interfaces/share/tutorial_interfaces/cmake/rosidl_cmake_export_typesupport_libraries-extras.cmake
[2.121s] -- Up-to-date: /home/leejunmi/ros2_ws/install/tutorial_interfaces/share/tutorial_interfaces/cmake/tutorial_interfacesConfig.cmake
[2.121s] -- Up-to-date: /home/leejunmi/ros2_ws/install/tutorial_interfaces/share/tutorial_interfaces/cmake/tutorial_interfacesConfig-version.cmake
[2.122s] -- Up-to-date: /home/leejunmi/ros2_ws/install/tutorial_interfaces/share/tutorial_interfaces/package.xml
[2.129s] Invoked command in '/home/leejunmi/ros2_ws/build/tutorial_interfaces' returned '0': CMAKE_PREFIX_PATH=/home/leejunmi/ros2_ws/install/tutorial_interfaces:/home/leejunmi/ros2_ws/install/turtlesim:/home/leejunmi/ros2_ws/install/number:/home/leejunmi/ros2_ws/install/py_pubsub:/home/leejunmi/ros2_ws/install/test_pkg:/home/leejunmi/ros2_ws/install/python_parameters:/home/leejunmi/ros2_ws/install/pkpk:/home/leejunmi/ros2_ws/install/msg_test:/home/leejunmi/ros2_ws/install/my_package:/home/leejunmi/ros2_ws/install/microstrain_inertial_rqt:/home/leejunmi/ros2_ws/install/lidar_intensity:/home/leejunmi/ros2_ws/install/launch_testing_examples:/home/leejunmi/ros2_ws/install/img:/home/leejunmi/ros2_ws/install/examples_rclpy_pointcloud_publisher:/home/leejunmi/ros2_ws/install/examples_rclpy_minimal_subscriber:/home/leejunmi/ros2_ws/install/examples_rclpy_minimal_service:/home/leejunmi/ros2_ws/install/examples_rclpy_minimal_publisher:/home/leejunmi/ros2_ws/install/examples_rclpy_minimal_client:/home/leejunmi/ros2_ws/install/examples_rclpy_minimal_action_server:/home/leejunmi/ros2_ws/install/examples_rclpy_minimal_action_client:/home/leejunmi/ros2_ws/install/examples_rclpy_guard_conditions:/home/leejunmi/ros2_ws/install/examples_rclpy_executors:/opt/ros/humble:/home/leejunmi/ros2_ws/install/microstrain_inertial_msgs:/home/leejunmi/ros2_ws/install/microstrain_inertial_description:/home/leejunmi/ros2_ws/install/examples_rclcpp_wait_set:/home/leejunmi/ros2_ws/install/examples_rclcpp_multithreaded_executor:/home/leejunmi/ros2_ws/install/examples_rclcpp_minimal_timer:/home/leejunmi/ros2_ws/install/examples_rclcpp_minimal_subscriber:/home/leejunmi/ros2_ws/install/examples_rclcpp_minimal_service:/home/leejunmi/ros2_ws/install/examples_rclcpp_minimal_publisher:/home/leejunmi/ros2_ws/install/examples_rclcpp_minimal_composition:/home/leejunmi/ros2_ws/install/examples_rclcpp_minimal_client:/home/leejunmi/ros2_ws/install/examples_rclcpp_minimal_action_server:/home/leejunmi/ros2_ws/install/examples_rclcpp_minimal_action_client:/home/leejunmi/ros2_ws/install/examples_rclcpp_cbg_executor:/home/leejunmi/ros2_ws/install/examples_rclcpp_async_client /usr/bin/cmake --install /home/leejunmi/ros2_ws/build/tutorial_interfaces
