[0.031s] Invoking command in '/home/leejunmi/ros2_ws/build/tutorial_interfaces': CMAKE_PREFIX_PATH=/opt/ros/humble /usr/bin/cmake --build /home/leejunmi/ros2_ws/build/tutorial_interfaces -- -j8 -l8
[1.139s] [  2%] Built target tutorial_interfaces__cpp
[1.139s] [ 12%] Built target tutorial_interfaces__rosidl_generator_c
[1.139s] [ 12%] Built target ament_cmake_python_copy_tutorial_interfaces
[1.140s] [ 23%] Built target tutorial_interfaces__rosidl_typesupport_fastrtps_cpp
[1.140s] [ 34%] Built target tutorial_interfaces__rosidl_typesupport_cpp
[1.140s] [ 53%] Built target tutorial_interfaces__rosidl_typesupport_introspection_cpp
[1.140s] [ 55%] Built target tutorial_interfaces__rosidl_typesupport_introspection_c
[1.140s] [ 65%] Built target tutorial_interfaces__rosidl_typesupport_c
[1.140s] [ 76%] Built target tutorial_interfaces__rosidl_typesupport_fastrtps_c
[1.140s] [ 76%] Built target tutorial_interfaces
[1.140s] [ 78%] Built target tutorial_interfaces__py
[1.140s] [ 87%] Built target tutorial_interfaces__rosidl_generator_py
[1.140s] [ 95%] Built target tutorial_interfaces__rosidl_typesupport_fastrtps_c__pyext
[1.140s] [ 95%] Built target tutorial_interfaces__rosidl_typesupport_introspection_c__pyext
[1.140s] [100%] Built target tutorial_interfaces__rosidl_typesupport_c__pyext
[1.140s] running egg_info
[1.140s] writing tutorial_interfaces.egg-info/PKG-INFO
[1.140s] writing dependency_links to tutorial_interfaces.egg-info/dependency_links.txt
[1.140s] writing top-level names to tutorial_interfaces.egg-info/top_level.txt
[1.140s] reading manifest file 'tutorial_interfaces.egg-info/SOURCES.txt'
[1.140s] writing manifest file 'tutorial_interfaces.egg-info/SOURCES.txt'
[1.141s] [100%] Built target ament_cmake_python_build_tutorial_interfaces_egg
