[  2%] Built target tutorial_interfaces__cpp
[ 12%] Built target tutorial_interfaces__rosidl_generator_c
[ 12%] Built target ament_cmake_python_copy_tutorial_interfaces
[ 23%] Built target tutorial_interfaces__rosidl_typesupport_c
[ 34%] Built target tutorial_interfaces__rosidl_typesupport_fastrtps_cpp
[ 44%] Built target tutorial_interfaces__rosidl_typesupport_introspection_cpp
[ 55%] Built target tutorial_interfaces__rosidl_typesupport_fastrtps_c
[ 65%] Built target tutorial_interfaces__rosidl_typesupport_cpp
[ 76%] Built target tutorial_interfaces__rosidl_typesupport_introspection_c
[ 76%] Built target tutorial_interfaces
[ 78%] Built target tutorial_interfaces__py
[ 87%] Built target tutorial_interfaces__rosidl_generator_py
[ 91%] Built target tutorial_interfaces__rosidl_typesupport_fastrtps_c__pyext
[ 95%] Built target tutorial_interfaces__rosidl_typesupport_c__pyext
[100%] Built target tutorial_interfaces__rosidl_typesupport_introspection_c__pyext
running egg_info
writing tutorial_interfaces.egg-info/PKG-INFO
writing dependency_links to tutorial_interfaces.egg-info/dependency_links.txt
writing top-level names to tutorial_interfaces.egg-info/top_level.txt
reading manifest file 'tutorial_interfaces.egg-info/SOURCES.txt'
Traceback (most recent call last):
  File "/home/leejunmi/ros2_ws/build/tutorial_interfaces/ament_cmake_python/tutorial_interfaces/setup.py", line 4, in <module>
    setup(
  File "/home/leejunmi/.local/lib/python3.10/site-packages/setuptools/__init__.py", line 117, in setup
    return distutils.core.setup(**attrs)
  File "/home/leejunmi/.local/lib/python3.10/site-packages/setuptools/_distutils/core.py", line 183, in setup
    return run_commands(dist)
  File "/home/leejunmi/.local/lib/python3.10/site-packages/setuptools/_distutils/core.py", line 199, in run_commands
    dist.run_commands()
  File "/home/leejunmi/.local/lib/python3.10/site-packages/setuptools/_distutils/dist.py", line 954, in run_commands
    self.run_command(cmd)
  File "/home/leejunmi/.local/lib/python3.10/site-packages/setuptools/dist.py", line 995, in run_command
    super().run_command(command)
  File "/home/leejunmi/.local/lib/python3.10/site-packages/setuptools/_distutils/dist.py", line 973, in run_command
    cmd_obj.run()
  File "/home/leejunmi/.local/lib/python3.10/site-packages/setuptools/command/egg_info.py", line 313, in run
    self.find_sources()
  File "/home/leejunmi/.local/lib/python3.10/site-packages/setuptools/command/egg_info.py", line 321, in find_sources
    mm.run()
  File "/home/leejunmi/.local/lib/python3.10/site-packages/setuptools/command/egg_info.py", line 549, in run
    self.prune_file_list()
  File "/home/leejunmi/.local/lib/python3.10/site-packages/setuptools/command/sdist.py", line 162, in prune_file_list
    super().prune_file_list()
  File "/home/leejunmi/.local/lib/python3.10/site-packages/setuptools/_distutils/command/sdist.py", line 380, in prune_file_list
    base_dir = self.distribution.get_fullname()
  File "/home/leejunmi/.local/lib/python3.10/site-packages/setuptools/_core_metadata.py", line 267, in get_fullname
    return _distribution_fullname(self.get_name(), self.get_version())
  File "/home/leejunmi/.local/lib/python3.10/site-packages/setuptools/_core_metadata.py", line 285, in _distribution_fullname
    canonicalize_version(version, strip_trailing_zero=False),
TypeError: canonicalize_version() got an unexpected keyword argument 'strip_trailing_zero'
gmake[2]: *** [CMakeFiles/ament_cmake_python_build_tutorial_interfaces_egg.dir/build.make:70: CMakeFiles/ament_cmake_python_build_tutorial_interfaces_egg] 오류 1
gmake[1]: *** [CMakeFiles/Makefile2:447: CMakeFiles/ament_cmake_python_build_tutorial_interfaces_egg.dir/all] 오류 2
gmake: *** [Makefile:146: all] 오류 2
