[2.662s] Invoking command in '/home/leejunmi/ros2_ws/src/my_package': PYTHONPATH=/home/leejunmi/ros2_ws/build/my_package/prefix_override:/usr/lib/python3/dist-packages/colcon_core/task/python/colcon_distutils_commands:/home/leejunmi/ros2_ws/install/my_package/lib/python3.10/site-packages:${PYTHONPATH} /usr/bin/python3 -W ignore:setup.py install is deprecated -W ignore:easy_install command is deprecated setup.py egg_info --egg-base ../../build/my_package build --build-base /home/leejunmi/ros2_ws/build/my_package/build install --record /home/leejunmi/ros2_ws/build/my_package/install.log --single-version-externally-managed install_data
[3.188s] running egg_info
[3.189s] writing ../../build/my_package/my_package.egg-info/PKG-INFO
[3.189s] writing dependency_links to ../../build/my_package/my_package.egg-info/dependency_links.txt
[3.189s] writing entry points to ../../build/my_package/my_package.egg-info/entry_points.txt
[3.189s] writing requirements to ../../build/my_package/my_package.egg-info/requires.txt
[3.189s] writing top-level names to ../../build/my_package/my_package.egg-info/top_level.txt
[3.193s] reading manifest file '../../build/my_package/my_package.egg-info/SOURCES.txt'
[3.193s] adding license file 'LICENSE'
[3.194s] writing manifest file '../../build/my_package/my_package.egg-info/SOURCES.txt'
[3.195s] running build
[3.195s] running build_py
[3.195s] running install
[3.196s] running install_lib
[3.202s] running install_data
[3.203s] running install_egg_info
[3.203s] removing '/home/leejunmi/ros2_ws/install/my_package/lib/python3.10/site-packages/my_package-0.0.0-py3.10.egg-info' (and everything under it)
[3.203s] Copying ../../build/my_package/my_package.egg-info to /home/leejunmi/ros2_ws/install/my_package/lib/python3.10/site-packages/my_package-0.0.0-py3.10.egg-info
[3.205s] running install_scripts
[3.246s] Installing my_node script to /home/leejunmi/ros2_ws/install/my_package/lib/my_package
[3.247s] writing list of installed files to '/home/leejunmi/ros2_ws/build/my_package/install.log'
[3.350s] Invoked command in '/home/leejunmi/ros2_ws/src/my_package' returned '0': PYTHONPATH=/home/leejunmi/ros2_ws/build/my_package/prefix_override:/usr/lib/python3/dist-packages/colcon_core/task/python/colcon_distutils_commands:/home/leejunmi/ros2_ws/install/my_package/lib/python3.10/site-packages:${PYTHONPATH} /usr/bin/python3 -W ignore:setup.py install is deprecated -W ignore:easy_install command is deprecated setup.py egg_info --egg-base ../../build/my_package build --build-base /home/leejunmi/ros2_ws/build/my_package/build install --record /home/leejunmi/ros2_ws/build/my_package/install.log --single-version-externally-managed install_data
