[0.860s] Invoking command in '/home/leejunmi/ros2_ws/build/microstrain_inertial_description': /usr/bin/cmake /home/leejunmi/ros2_ws/src/microstrain_inertial/microstrain_inertial_description -DCATKIN_INSTALL_INTO_PREFIX_ROOT=0 -DCMAKE_INSTALL_PREFIX=/home/leejunmi/ros2_ws/install/microstrain_inertial_description
[1.222s] -- The C compiler identification is GNU 11.4.0
[1.222s] -- The CXX compiler identification is GNU 11.4.0
[1.222s] -- Detecting C compiler ABI info
[1.222s] -- Detecting C compiler ABI info - done
[1.222s] -- Check for working C compiler: /usr/bin/cc - skipped
[1.222s] -- Detecting C compile features
[1.222s] -- Detecting C compile features - done
[1.222s] -- Detecting CXX compiler ABI info
[1.223s] -- Detecting CXX compiler ABI info - done
[1.223s] -- Check for working CXX compiler: /usr/bin/c++ - skipped
[1.223s] -- Detecting CXX compile features
[1.223s] -- Detecting CXX compile features - done
[1.223s] -- Configuring incomplete, errors occurred!
[1.223s] See also "/home/leejunmi/ros2_ws/build/microstrain_inertial_description/CMakeFiles/CMakeOutput.log".
[1.223s] [31mCMake Error at CMakeLists.txt:4 (find_package):
[1.223s]   By not providing "Findcatkin.cmake" in CMAKE_MODULE_PATH this project has
[1.223s]   asked CMake to find a package configuration file provided by "catkin", but
[1.223s]   CMake did not find one.
[1.224s] 
[1.224s]   Could not find a package configuration file provided by "catkin" with any
[1.224s]   of the following names:
[1.224s] 
[1.224s]     catkinConfig.cmake
[1.224s]     catkin-config.cmake
[1.224s] 
[1.224s]   Add the installation prefix of "catkin" to CMAKE_PREFIX_PATH or set
[1.224s]   "catkin_DIR" to a directory containing one of the above files.  If "catkin"
[1.224s]   provides a separate development package or SDK, be sure it has been
[1.224s]   installed.
[1.225s] 
[1.225s] [0m
[1.565s] Invoked command in '/home/leejunmi/ros2_ws/build/microstrain_inertial_description' returned '1': /usr/bin/cmake /home/leejunmi/ros2_ws/src/microstrain_inertial/microstrain_inertial_description -DCATKIN_INSTALL_INTO_PREFIX_ROOT=0 -DCMAKE_INSTALL_PREFIX=/home/leejunmi/ros2_ws/install/microstrain_inertial_description
