[3.135s] Invoking command in '/home/leejunmi/ros2_ws/src/my_package': PYTHONPATH=/home/leejunmi/ros2_ws/build/my_package/prefix_override:/usr/lib/python3/dist-packages/colcon_core/task/python/colcon_distutils_commands:/home/leejunmi/ros2_ws/install/my_package/lib/python3.10/site-packages:${PYTHONPATH} /usr/bin/python3 -W ignore:setup.py install is deprecated -W ignore:easy_install command is deprecated setup.py egg_info --egg-base ../../build/my_package build --build-base /home/leejunmi/ros2_ws/build/my_package/build install --record /home/leejunmi/ros2_ws/build/my_package/install.log --single-version-externally-managed install_data
[3.674s] running egg_info
[3.675s] writing ../../build/my_package/my_package.egg-info/PKG-INFO
[3.676s] writing dependency_links to ../../build/my_package/my_package.egg-info/dependency_links.txt
[3.676s] writing entry points to ../../build/my_package/my_package.egg-info/entry_points.txt
[3.677s] writing requirements to ../../build/my_package/my_package.egg-info/requires.txt
[3.677s] writing top-level names to ../../build/my_package/my_package.egg-info/top_level.txt
[3.680s] reading manifest file '../../build/my_package/my_package.egg-info/SOURCES.txt'
[3.680s] adding license file 'LICENSE'
[3.681s] writing manifest file '../../build/my_package/my_package.egg-info/SOURCES.txt'
[3.682s] running build
[3.682s] running build_py
[3.683s] running install
[3.683s] running install_lib
[3.685s] running install_data
[3.685s] running install_egg_info
[3.689s] removing '/home/leejunmi/ros2_ws/install/my_package/lib/python3.10/site-packages/my_package-0.0.0-py3.10.egg-info' (and everything under it)
[3.689s] Copying ../../build/my_package/my_package.egg-info to /home/leejunmi/ros2_ws/install/my_package/lib/python3.10/site-packages/my_package-0.0.0-py3.10.egg-info
[3.698s] running install_scripts
[3.735s] Installing my_node script to /home/leejunmi/ros2_ws/install/my_package/lib/my_package
[3.736s] writing list of installed files to '/home/leejunmi/ros2_ws/build/my_package/install.log'
[3.802s] Invoked command in '/home/leejunmi/ros2_ws/src/my_package' returned '0': PYTHONPATH=/home/leejunmi/ros2_ws/build/my_package/prefix_override:/usr/lib/python3/dist-packages/colcon_core/task/python/colcon_distutils_commands:/home/leejunmi/ros2_ws/install/my_package/lib/python3.10/site-packages:${PYTHONPATH} /usr/bin/python3 -W ignore:setup.py install is deprecated -W ignore:easy_install command is deprecated setup.py egg_info --egg-base ../../build/my_package build --build-base /home/leejunmi/ros2_ws/build/my_package/build install --record /home/leejunmi/ros2_ws/build/my_package/install.log --single-version-externally-managed install_data
