/home/leejunmi/ros2_ws/install/microstrain_inertial_rqt/lib/python3.10/site-packages/microstrain_inertial_rqt/filter_data.py
/home/leejunmi/ros2_ws/install/microstrain_inertial_rqt/lib/python3.10/site-packages/microstrain_inertial_rqt/gnss_data.py
/home/leejunmi/ros2_ws/install/microstrain_inertial_rqt/lib/python3.10/site-packages/microstrain_inertial_rqt/gq7_led.py
/home/leejunmi/ros2_ws/install/microstrain_inertial_rqt/lib/python3.10/site-packages/microstrain_inertial_rqt/__init__.py
/home/leejunmi/ros2_ws/install/microstrain_inertial_rqt/lib/python3.10/site-packages/microstrain_inertial_rqt/quickview.py
/home/leejunmi/ros2_ws/install/microstrain_inertial_rqt/lib/python3.10/site-packages/microstrain_inertial_rqt/rtk_status.py
/home/leejunmi/ros2_ws/install/microstrain_inertial_rqt/lib/python3.10/site-packages/microstrain_inertial_rqt/sensor_data.py
/home/leejunmi/ros2_ws/install/microstrain_inertial_rqt/lib/python3.10/site-packages/microstrain_inertial_rqt/utils/constants.py
/home/leejunmi/ros2_ws/install/microstrain_inertial_rqt/lib/python3.10/site-packages/microstrain_inertial_rqt/utils/subscribers.py
/home/leejunmi/ros2_ws/install/microstrain_inertial_rqt/lib/python3.10/site-packages/microstrain_inertial_rqt/utils/__init__.py
/home/leejunmi/ros2_ws/install/microstrain_inertial_rqt/lib/python3.10/site-packages/microstrain_inertial_rqt/utils/common.py
/home/leejunmi/ros2_ws/install/microstrain_inertial_rqt/lib/python3.10/site-packages/microstrain_inertial_rqt/utils/services.py
/home/leejunmi/ros2_ws/install/microstrain_inertial_rqt/lib/python3.10/site-packages/microstrain_inertial_rqt/utils/widgets.py
/home/leejunmi/ros2_ws/install/microstrain_inertial_rqt/lib/python3.10/site-packages/microstrain_inertial_rqt/__pycache__/filter_data.cpython-310.pyc
/home/leejunmi/ros2_ws/install/microstrain_inertial_rqt/lib/python3.10/site-packages/microstrain_inertial_rqt/__pycache__/gnss_data.cpython-310.pyc
/home/leejunmi/ros2_ws/install/microstrain_inertial_rqt/lib/python3.10/site-packages/microstrain_inertial_rqt/__pycache__/gq7_led.cpython-310.pyc
/home/leejunmi/ros2_ws/install/microstrain_inertial_rqt/lib/python3.10/site-packages/microstrain_inertial_rqt/__pycache__/__init__.cpython-310.pyc
/home/leejunmi/ros2_ws/install/microstrain_inertial_rqt/lib/python3.10/site-packages/microstrain_inertial_rqt/__pycache__/quickview.cpython-310.pyc
/home/leejunmi/ros2_ws/install/microstrain_inertial_rqt/lib/python3.10/site-packages/microstrain_inertial_rqt/__pycache__/rtk_status.cpython-310.pyc
/home/leejunmi/ros2_ws/install/microstrain_inertial_rqt/lib/python3.10/site-packages/microstrain_inertial_rqt/__pycache__/sensor_data.cpython-310.pyc
/home/leejunmi/ros2_ws/install/microstrain_inertial_rqt/lib/python3.10/site-packages/microstrain_inertial_rqt/utils/__pycache__/constants.cpython-310.pyc
/home/leejunmi/ros2_ws/install/microstrain_inertial_rqt/lib/python3.10/site-packages/microstrain_inertial_rqt/utils/__pycache__/subscribers.cpython-310.pyc
/home/leejunmi/ros2_ws/install/microstrain_inertial_rqt/lib/python3.10/site-packages/microstrain_inertial_rqt/utils/__pycache__/__init__.cpython-310.pyc
/home/leejunmi/ros2_ws/install/microstrain_inertial_rqt/lib/python3.10/site-packages/microstrain_inertial_rqt/utils/__pycache__/common.cpython-310.pyc
/home/leejunmi/ros2_ws/install/microstrain_inertial_rqt/lib/python3.10/site-packages/microstrain_inertial_rqt/utils/__pycache__/services.cpython-310.pyc
/home/leejunmi/ros2_ws/install/microstrain_inertial_rqt/lib/python3.10/site-packages/microstrain_inertial_rqt/utils/__pycache__/widgets.cpython-310.pyc
/home/leejunmi/ros2_ws/install/microstrain_inertial_rqt/share/ament_index/resource_index/packages/microstrain_inertial_rqt
/home/leejunmi/ros2_ws/install/microstrain_inertial_rqt/share/microstrain_inertial_rqt/package.xml
/home/leejunmi/ros2_ws/install/microstrain_inertial_rqt/share/microstrain_inertial_rqt/quickview_launch.py
/home/leejunmi/ros2_ws/install/microstrain_inertial_rqt/share/microstrain_inertial_rqt/microstrain_inertial_rqt_common/plugin.xml
/home/leejunmi/ros2_ws/install/microstrain_inertial_rqt/share/microstrain_inertial_rqt/microstrain_inertial_rqt_common/resource/quickview.perspective
/home/leejunmi/ros2_ws/install/microstrain_inertial_rqt/share/microstrain_inertial_rqt/microstrain_inertial_rqt_common/resource/GNSSData.ui
/home/leejunmi/ros2_ws/install/microstrain_inertial_rqt/share/microstrain_inertial_rqt/microstrain_inertial_rqt_common/resource/GQ7LED.ui
/home/leejunmi/ros2_ws/install/microstrain_inertial_rqt/share/microstrain_inertial_rqt/microstrain_inertial_rqt_common/resource/SensorData.ui
/home/leejunmi/ros2_ws/install/microstrain_inertial_rqt/share/microstrain_inertial_rqt/microstrain_inertial_rqt_common/resource/RTKStatus.ui
/home/leejunmi/ros2_ws/install/microstrain_inertial_rqt/share/microstrain_inertial_rqt/microstrain_inertial_rqt_common/resource/DeviceSelector.ui
/home/leejunmi/ros2_ws/install/microstrain_inertial_rqt/share/microstrain_inertial_rqt/microstrain_inertial_rqt_common/resource/FilterData.ui
/home/leejunmi/ros2_ws/install/microstrain_inertial_rqt/share/microstrain_inertial_rqt/microstrain_inertial_rqt_common/resource/icons/icon-yellow-unchecked.png
/home/leejunmi/ros2_ws/install/microstrain_inertial_rqt/share/microstrain_inertial_rqt/microstrain_inertial_rqt_common/resource/icons/icon-blue-checked.png
/home/leejunmi/ros2_ws/install/microstrain_inertial_rqt/share/microstrain_inertial_rqt/microstrain_inertial_rqt_common/resource/icons/icon-teal-unchecked.png
/home/leejunmi/ros2_ws/install/microstrain_inertial_rqt/share/microstrain_inertial_rqt/microstrain_inertial_rqt_common/resource/icons/icon-blue-unchecked.png
/home/leejunmi/ros2_ws/install/microstrain_inertial_rqt/share/microstrain_inertial_rqt/microstrain_inertial_rqt_common/resource/icons/icon-grey-unchecked.png
/home/leejunmi/ros2_ws/install/microstrain_inertial_rqt/share/microstrain_inertial_rqt/microstrain_inertial_rqt_common/resource/icons/icon-green-unchecked.png
/home/leejunmi/ros2_ws/install/microstrain_inertial_rqt/share/microstrain_inertial_rqt/microstrain_inertial_rqt_common/resource/icons/icon-grey-checked.png
/home/leejunmi/ros2_ws/install/microstrain_inertial_rqt/share/microstrain_inertial_rqt/microstrain_inertial_rqt_common/resource/icons/icon-red-checked.png
/home/leejunmi/ros2_ws/install/microstrain_inertial_rqt/share/microstrain_inertial_rqt/microstrain_inertial_rqt_common/resource/icons/icon-red-unchecked.png
/home/leejunmi/ros2_ws/install/microstrain_inertial_rqt/share/microstrain_inertial_rqt/microstrain_inertial_rqt_common/resource/icons/icon-green-checked.png
/home/leejunmi/ros2_ws/install/microstrain_inertial_rqt/share/microstrain_inertial_rqt/microstrain_inertial_rqt_common/resource/icons/icon-teal-checked.png
/home/leejunmi/ros2_ws/install/microstrain_inertial_rqt/share/microstrain_inertial_rqt/microstrain_inertial_rqt_common/resource/icons/icon-yellow-checked.png
/home/leejunmi/ros2_ws/install/microstrain_inertial_rqt/lib/python3.10/site-packages/microstrain_inertial_rqt-4.3.0-py3.10.egg-info/PKG-INFO
/home/leejunmi/ros2_ws/install/microstrain_inertial_rqt/lib/python3.10/site-packages/microstrain_inertial_rqt-4.3.0-py3.10.egg-info/top_level.txt
/home/leejunmi/ros2_ws/install/microstrain_inertial_rqt/lib/python3.10/site-packages/microstrain_inertial_rqt-4.3.0-py3.10.egg-info/SOURCES.txt
/home/leejunmi/ros2_ws/install/microstrain_inertial_rqt/lib/python3.10/site-packages/microstrain_inertial_rqt-4.3.0-py3.10.egg-info/zip-safe
/home/leejunmi/ros2_ws/install/microstrain_inertial_rqt/lib/python3.10/site-packages/microstrain_inertial_rqt-4.3.0-py3.10.egg-info/dependency_links.txt
/home/leejunmi/ros2_ws/install/microstrain_inertial_rqt/lib/python3.10/site-packages/microstrain_inertial_rqt-4.3.0-py3.10.egg-info/requires.txt
