[0.594s] Invoking command in '/home/leejunmi/ros2_ws/src/examples/rclpy/topics/pointcloud_publisher': PYTHONPATH=/home/leejunmi/ros2_ws/build/examples_rclpy_pointcloud_publisher/prefix_override:/usr/lib/python3/dist-packages/colcon_core/task/python/colcon_distutils_commands:/home/leejunmi/ros2_ws/install/examples_rclpy_pointcloud_publisher/lib/python3.10/site-packages:${PYTHONPATH} /usr/bin/python3 -W ignore:setup.py install is deprecated -W ignore:easy_install command is deprecated setup.py egg_info --egg-base ../../../../../build/examples_rclpy_pointcloud_publisher build --build-base /home/leejunmi/ros2_ws/build/examples_rclpy_pointcloud_publisher/build install --record /home/leejunmi/ros2_ws/build/examples_rclpy_pointcloud_publisher/install.log --single-version-externally-managed install_data
[0.825s] running egg_info
[0.826s] creating ../../../../../build/examples_rclpy_pointcloud_publisher/examples_rclpy_pointcloud_publisher.egg-info
[0.826s] writing ../../../../../build/examples_rclpy_pointcloud_publisher/examples_rclpy_pointcloud_publisher.egg-info/PKG-INFO
[0.826s] writing dependency_links to ../../../../../build/examples_rclpy_pointcloud_publisher/examples_rclpy_pointcloud_publisher.egg-info/dependency_links.txt
[0.826s] writing entry points to ../../../../../build/examples_rclpy_pointcloud_publisher/examples_rclpy_pointcloud_publisher.egg-info/entry_points.txt
[0.826s] writing requirements to ../../../../../build/examples_rclpy_pointcloud_publisher/examples_rclpy_pointcloud_publisher.egg-info/requires.txt
[0.826s] writing top-level names to ../../../../../build/examples_rclpy_pointcloud_publisher/examples_rclpy_pointcloud_publisher.egg-info/top_level.txt
[0.827s] writing manifest file '../../../../../build/examples_rclpy_pointcloud_publisher/examples_rclpy_pointcloud_publisher.egg-info/SOURCES.txt'
[0.829s] reading manifest file '../../../../../build/examples_rclpy_pointcloud_publisher/examples_rclpy_pointcloud_publisher.egg-info/SOURCES.txt'
[0.830s] writing manifest file '../../../../../build/examples_rclpy_pointcloud_publisher/examples_rclpy_pointcloud_publisher.egg-info/SOURCES.txt'
[0.830s] running build
[0.830s] running build_py
[0.830s] creating /home/leejunmi/ros2_ws/build/examples_rclpy_pointcloud_publisher/build
[0.830s] creating /home/leejunmi/ros2_ws/build/examples_rclpy_pointcloud_publisher/build/lib
[0.830s] creating /home/leejunmi/ros2_ws/build/examples_rclpy_pointcloud_publisher/build/lib/examples_rclpy_pointcloud_publisher
[0.831s] copying examples_rclpy_pointcloud_publisher/__init__.py -> /home/leejunmi/ros2_ws/build/examples_rclpy_pointcloud_publisher/build/lib/examples_rclpy_pointcloud_publisher
[0.831s] copying examples_rclpy_pointcloud_publisher/pointcloud_publisher.py -> /home/leejunmi/ros2_ws/build/examples_rclpy_pointcloud_publisher/build/lib/examples_rclpy_pointcloud_publisher
[0.831s] running install
[0.833s] running install_lib
[0.833s] creating /home/leejunmi/ros2_ws/install/examples_rclpy_pointcloud_publisher/lib/python3.10/site-packages/examples_rclpy_pointcloud_publisher
[0.833s] copying /home/leejunmi/ros2_ws/build/examples_rclpy_pointcloud_publisher/build/lib/examples_rclpy_pointcloud_publisher/__init__.py -> /home/leejunmi/ros2_ws/install/examples_rclpy_pointcloud_publisher/lib/python3.10/site-packages/examples_rclpy_pointcloud_publisher
[0.833s] copying /home/leejunmi/ros2_ws/build/examples_rclpy_pointcloud_publisher/build/lib/examples_rclpy_pointcloud_publisher/pointcloud_publisher.py -> /home/leejunmi/ros2_ws/install/examples_rclpy_pointcloud_publisher/lib/python3.10/site-packages/examples_rclpy_pointcloud_publisher
[0.834s] byte-compiling /home/leejunmi/ros2_ws/install/examples_rclpy_pointcloud_publisher/lib/python3.10/site-packages/examples_rclpy_pointcloud_publisher/__init__.py to __init__.cpython-310.pyc
[0.834s] byte-compiling /home/leejunmi/ros2_ws/install/examples_rclpy_pointcloud_publisher/lib/python3.10/site-packages/examples_rclpy_pointcloud_publisher/pointcloud_publisher.py to pointcloud_publisher.cpython-310.pyc
[0.835s] running install_data
[0.835s] creating /home/leejunmi/ros2_ws/install/examples_rclpy_pointcloud_publisher/share/ament_index
[0.835s] creating /home/leejunmi/ros2_ws/install/examples_rclpy_pointcloud_publisher/share/ament_index/resource_index
[0.835s] creating /home/leejunmi/ros2_ws/install/examples_rclpy_pointcloud_publisher/share/ament_index/resource_index/packages
[0.835s] copying resource/examples_rclpy_pointcloud_publisher -> /home/leejunmi/ros2_ws/install/examples_rclpy_pointcloud_publisher/share/ament_index/resource_index/packages
[0.835s] copying package.xml -> /home/leejunmi/ros2_ws/install/examples_rclpy_pointcloud_publisher/share/examples_rclpy_pointcloud_publisher
[0.835s] running install_egg_info
[0.837s] Copying ../../../../../build/examples_rclpy_pointcloud_publisher/examples_rclpy_pointcloud_publisher.egg-info to /home/leejunmi/ros2_ws/install/examples_rclpy_pointcloud_publisher/lib/python3.10/site-packages/examples_rclpy_pointcloud_publisher-0.15.3-py3.10.egg-info
[0.838s] running install_scripts
[0.859s] Installing pointcloud_publisher script to /home/leejunmi/ros2_ws/install/examples_rclpy_pointcloud_publisher/lib/examples_rclpy_pointcloud_publisher
[0.859s] writing list of installed files to '/home/leejunmi/ros2_ws/build/examples_rclpy_pointcloud_publisher/install.log'
[0.885s] Invoked command in '/home/leejunmi/ros2_ws/src/examples/rclpy/topics/pointcloud_publisher' returned '0': PYTHONPATH=/home/leejunmi/ros2_ws/build/examples_rclpy_pointcloud_publisher/prefix_override:/usr/lib/python3/dist-packages/colcon_core/task/python/colcon_distutils_commands:/home/leejunmi/ros2_ws/install/examples_rclpy_pointcloud_publisher/lib/python3.10/site-packages:${PYTHONPATH} /usr/bin/python3 -W ignore:setup.py install is deprecated -W ignore:easy_install command is deprecated setup.py egg_info --egg-base ../../../../../build/examples_rclpy_pointcloud_publisher build --build-base /home/leejunmi/ros2_ws/build/examples_rclpy_pointcloud_publisher/build install --record /home/leejunmi/ros2_ws/build/examples_rclpy_pointcloud_publisher/install.log --single-version-externally-managed install_data
