[3.631s] Invoking command in '/home/leejunmi/ros2_ws/src/pkpk': PYTHONPATH=/home/leejunmi/ros2_ws/build/pkpk/prefix_override:/usr/lib/python3/dist-packages/colcon_core/task/python/colcon_distutils_commands:/home/leejunmi/ros2_ws/install/pkpk/lib/python3.10/site-packages:${PYTHONPATH} /usr/bin/python3 -W ignore:setup.py install is deprecated -W ignore:easy_install command is deprecated setup.py egg_info --egg-base ../../build/pkpk build --build-base /home/leejunmi/ros2_ws/build/pkpk/build install --record /home/leejunmi/ros2_ws/build/pkpk/install.log --single-version-externally-managed install_data
[4.204s] running egg_info
[4.209s] writing ../../build/pkpk/pkpk.egg-info/PKG-INFO
[4.209s] writing dependency_links to ../../build/pkpk/pkpk.egg-info/dependency_links.txt
[4.210s] writing entry points to ../../build/pkpk/pkpk.egg-info/entry_points.txt
[4.210s] writing requirements to ../../build/pkpk/pkpk.egg-info/requires.txt
[4.211s] writing top-level names to ../../build/pkpk/pkpk.egg-info/top_level.txt
[4.214s] reading manifest file '../../build/pkpk/pkpk.egg-info/SOURCES.txt'
[4.215s] adding license file 'LICENSE'
[4.221s] writing manifest file '../../build/pkpk/pkpk.egg-info/SOURCES.txt'
[4.222s] running build
[4.222s] running build_py
[4.222s] running install
[4.222s] running install_lib
[4.227s] running install_data
[4.228s] running install_egg_info
[4.233s] removing '/home/leejunmi/ros2_ws/install/pkpk/lib/python3.10/site-packages/pkpk-0.0.0-py3.10.egg-info' (and everything under it)
[4.234s] Copying ../../build/pkpk/pkpk.egg-info to /home/leejunmi/ros2_ws/install/pkpk/lib/python3.10/site-packages/pkpk-0.0.0-py3.10.egg-info
[4.236s] running install_scripts
[4.281s] writing list of installed files to '/home/leejunmi/ros2_ws/build/pkpk/install.log'
[4.361s] Invoked command in '/home/leejunmi/ros2_ws/src/pkpk' returned '0': PYTHONPATH=/home/leejunmi/ros2_ws/build/pkpk/prefix_override:/usr/lib/python3/dist-packages/colcon_core/task/python/colcon_distutils_commands:/home/leejunmi/ros2_ws/install/pkpk/lib/python3.10/site-packages:${PYTHONPATH} /usr/bin/python3 -W ignore:setup.py install is deprecated -W ignore:easy_install command is deprecated setup.py egg_info --egg-base ../../build/pkpk build --build-base /home/leejunmi/ros2_ws/build/pkpk/build install --record /home/leejunmi/ros2_ws/build/pkpk/install.log --single-version-externally-managed install_data
