[0.038s] Invoking command in '/home/leejunmi/ros2_ws/build/examples_rclcpp_minimal_service': CMAKE_PREFIX_PATH=/opt/ros/humble /usr/bin/cmake /home/leejunmi/ros2_ws/src/examples/rclcpp/services/minimal_service -DCMAKE_INSTALL_PREFIX=/home/leejunmi/ros2_ws/install/examples_rclcpp_minimal_service
[0.881s] -- Found ament_cmake: 1.3.10 (/opt/ros/humble/share/ament_cmake/cmake)
[0.883s] -- Found example_interfaces: 0.9.3 (/opt/ros/humble/share/example_interfaces/cmake)
[0.883s] -- Found rosidl_generator_c: 3.1.5 (/opt/ros/humble/share/rosidl_generator_c/cmake)
[0.883s] -- Found rosidl_adapter: 3.1.5 (/opt/ros/humble/share/rosidl_adapter/cmake)
[0.883s] -- Found rosidl_generator_cpp: 3.1.5 (/opt/ros/humble/share/rosidl_generator_cpp/cmake)
[0.884s] -- Using all available rosidl_typesupport_c: rosidl_typesupport_fastrtps_c;rosidl_typesupport_introspection_c
[0.884s] -- Using all available rosidl_typesupport_cpp: rosidl_typesupport_fastrtps_cpp;rosidl_typesupport_introspection_cpp
[0.886s] -- Found rclcpp: 16.0.10 (/opt/ros/humble/share/rclcpp/cmake)
[0.886s] -- Found rmw_implementation_cmake: 6.1.2 (/opt/ros/humble/share/rmw_implementation_cmake/cmake)
[0.887s] -- Found rmw_fastrtps_cpp: 6.2.7 (/opt/ros/humble/share/rmw_fastrtps_cpp/cmake)
[0.887s] -- Using RMW implementation 'rmw_fastrtps_cpp' as default
[0.887s] -- Found ament_lint_auto: 0.12.11 (/opt/ros/humble/share/ament_lint_auto/cmake)
[0.887s] -- Added test 'copyright' to check source files copyright and LICENSE
[0.887s] -- Added test 'cppcheck' to perform static code analysis on C / C++ code
[0.887s] -- Configured cppcheck include dirs: 
[0.887s] -- Configured cppcheck exclude dirs and/or files: 
[0.887s] -- Added test 'cpplint' to check C / C++ code against the Google style
[0.887s] -- Configured cpplint exclude dirs and/or files: 
[0.887s] -- Added test 'lint_cmake' to check CMake code style
[0.888s] -- Added test 'uncrustify' to check C / C++ code style
[0.888s] -- Configured uncrustify additional arguments: 
[0.888s] -- Added test 'xmllint' to check XML markup files
[0.888s] -- Configuring done
[0.900s] -- Generating done
[0.908s] -- Build files have been written to: /home/leejunmi/ros2_ws/build/examples_rclcpp_minimal_service
[0.925s] Invoked command in '/home/leejunmi/ros2_ws/build/examples_rclcpp_minimal_service' returned '0': CMAKE_PREFIX_PATH=/opt/ros/humble /usr/bin/cmake /home/leejunmi/ros2_ws/src/examples/rclcpp/services/minimal_service -DCMAKE_INSTALL_PREFIX=/home/leejunmi/ros2_ws/install/examples_rclcpp_minimal_service
[0.926s] Invoking command in '/home/leejunmi/ros2_ws/build/examples_rclcpp_minimal_service': CMAKE_PREFIX_PATH=/opt/ros/humble /usr/bin/cmake --build /home/leejunmi/ros2_ws/build/examples_rclcpp_minimal_service -- -j8 -l8
[1.018s] [35m[1mConsolidate compiler generated dependencies of target service_main[0m
[1.039s] [100%] Built target service_main
[1.116s] Invoked command in '/home/leejunmi/ros2_ws/build/examples_rclcpp_minimal_service' returned '0': CMAKE_PREFIX_PATH=/opt/ros/humble /usr/bin/cmake --build /home/leejunmi/ros2_ws/build/examples_rclcpp_minimal_service -- -j8 -l8
[1.117s] Invoking command in '/home/leejunmi/ros2_ws/build/examples_rclcpp_minimal_service': CMAKE_PREFIX_PATH=/opt/ros/humble /usr/bin/cmake --install /home/leejunmi/ros2_ws/build/examples_rclcpp_minimal_service
[1.134s] -- Install configuration: "Release"
[1.134s] -- Up-to-date: /home/leejunmi/ros2_ws/install/examples_rclcpp_minimal_service/lib/examples_rclcpp_minimal_service/service_main
[1.134s] -- Up-to-date: /home/leejunmi/ros2_ws/install/examples_rclcpp_minimal_service/share/ament_index/resource_index/package_run_dependencies/examples_rclcpp_minimal_service
[1.134s] -- Up-to-date: /home/leejunmi/ros2_ws/install/examples_rclcpp_minimal_service/share/ament_index/resource_index/parent_prefix_path/examples_rclcpp_minimal_service
[1.134s] -- Up-to-date: /home/leejunmi/ros2_ws/install/examples_rclcpp_minimal_service/share/examples_rclcpp_minimal_service/environment/ament_prefix_path.sh
[1.134s] -- Installing: /home/leejunmi/ros2_ws/install/examples_rclcpp_minimal_service/share/examples_rclcpp_minimal_service/environment/ament_prefix_path.dsv
[1.134s] -- Up-to-date: /home/leejunmi/ros2_ws/install/examples_rclcpp_minimal_service/share/examples_rclcpp_minimal_service/environment/path.sh
[1.134s] -- Installing: /home/leejunmi/ros2_ws/install/examples_rclcpp_minimal_service/share/examples_rclcpp_minimal_service/environment/path.dsv
[1.134s] -- Up-to-date: /home/leejunmi/ros2_ws/install/examples_rclcpp_minimal_service/share/examples_rclcpp_minimal_service/local_setup.bash
[1.134s] -- Up-to-date: /home/leejunmi/ros2_ws/install/examples_rclcpp_minimal_service/share/examples_rclcpp_minimal_service/local_setup.sh
[1.134s] -- Up-to-date: /home/leejunmi/ros2_ws/install/examples_rclcpp_minimal_service/share/examples_rclcpp_minimal_service/local_setup.zsh
[1.134s] -- Installing: /home/leejunmi/ros2_ws/install/examples_rclcpp_minimal_service/share/examples_rclcpp_minimal_service/local_setup.dsv
[1.134s] -- Installing: /home/leejunmi/ros2_ws/install/examples_rclcpp_minimal_service/share/examples_rclcpp_minimal_service/package.dsv
[1.134s] -- Up-to-date: /home/leejunmi/ros2_ws/install/examples_rclcpp_minimal_service/share/ament_index/resource_index/packages/examples_rclcpp_minimal_service
[1.135s] -- Up-to-date: /home/leejunmi/ros2_ws/install/examples_rclcpp_minimal_service/share/examples_rclcpp_minimal_service/cmake/examples_rclcpp_minimal_serviceConfig.cmake
[1.135s] -- Up-to-date: /home/leejunmi/ros2_ws/install/examples_rclcpp_minimal_service/share/examples_rclcpp_minimal_service/cmake/examples_rclcpp_minimal_serviceConfig-version.cmake
[1.135s] -- Up-to-date: /home/leejunmi/ros2_ws/install/examples_rclcpp_minimal_service/share/examples_rclcpp_minimal_service/package.xml
[1.175s] Invoked command in '/home/leejunmi/ros2_ws/build/examples_rclcpp_minimal_service' returned '0': CMAKE_PREFIX_PATH=/opt/ros/humble /usr/bin/cmake --install /home/leejunmi/ros2_ws/build/examples_rclcpp_minimal_service
