[4.844s] Invoking command in '/home/leejunmi/ros2_ws/src/img': PYTHONPATH=/home/leejunmi/ros2_ws/build/img/prefix_override:/usr/lib/python3/dist-packages/colcon_core/task/python/colcon_distutils_commands:/home/leejunmi/ros2_ws/install/img/lib/python3.10/site-packages:${PYTHONPATH} /usr/bin/python3 -W ignore:setup.py install is deprecated -W ignore:easy_install command is deprecated setup.py egg_info --egg-base ../../build/img build --build-base /home/leejunmi/ros2_ws/build/img/build install --record /home/leejunmi/ros2_ws/build/img/install.log --single-version-externally-managed install_data
[5.777s] running egg_info
[5.784s] writing ../../build/img/img.egg-info/PKG-INFO
[5.785s] writing dependency_links to ../../build/img/img.egg-info/dependency_links.txt
[5.785s] writing entry points to ../../build/img/img.egg-info/entry_points.txt
[5.785s] writing requirements to ../../build/img/img.egg-info/requires.txt
[5.785s] writing top-level names to ../../build/img/img.egg-info/top_level.txt
[5.792s] reading manifest file '../../build/img/img.egg-info/SOURCES.txt'
[5.793s] adding license file 'LICENSE'
[5.801s] writing manifest file '../../build/img/img.egg-info/SOURCES.txt'
[5.802s] running build
[5.802s] running build_py
[5.802s] running install
[5.802s] running install_lib
[5.813s] running install_data
[5.813s] running install_egg_info
[5.813s] removing '/home/leejunmi/ros2_ws/install/img/lib/python3.10/site-packages/img-0.0.0-py3.10.egg-info' (and everything under it)
[5.817s] Copying ../../build/img/img.egg-info to /home/leejunmi/ros2_ws/install/img/lib/python3.10/site-packages/img-0.0.0-py3.10.egg-info
[5.829s] running install_scripts
[5.907s] Installing pub script to /home/leejunmi/ros2_ws/install/img/lib/img
[5.908s] Installing sub script to /home/leejunmi/ros2_ws/install/img/lib/img
[5.909s] writing list of installed files to '/home/leejunmi/ros2_ws/build/img/install.log'
[6.066s] Invoked command in '/home/leejunmi/ros2_ws/src/img' returned '0': PYTHONPATH=/home/leejunmi/ros2_ws/build/img/prefix_override:/usr/lib/python3/dist-packages/colcon_core/task/python/colcon_distutils_commands:/home/leejunmi/ros2_ws/install/img/lib/python3.10/site-packages:${PYTHONPATH} /usr/bin/python3 -W ignore:setup.py install is deprecated -W ignore:easy_install command is deprecated setup.py egg_info --egg-base ../../build/img build --build-base /home/leejunmi/ros2_ws/build/img/build install --record /home/leejunmi/ros2_ws/build/img/install.log --single-version-externally-managed install_data
