[0.633s] Invoking command in '/home/leejunmi/ros2_ws/src/examples/rclpy/actions/minimal_action_client': PYTHONPATH=/home/leejunmi/ros2_ws/build/examples_rclpy_minimal_action_client/prefix_override:/usr/lib/python3/dist-packages/colcon_core/task/python/colcon_distutils_commands:/home/leejunmi/ros2_ws/install/examples_rclpy_minimal_action_client/lib/python3.10/site-packages:${PYTHONPATH} /usr/bin/python3 -W ignore:setup.py install is deprecated -W ignore:easy_install command is deprecated setup.py egg_info --egg-base ../../../../../build/examples_rclpy_minimal_action_client build --build-base /home/leejunmi/ros2_ws/build/examples_rclpy_minimal_action_client/build install --record /home/leejunmi/ros2_ws/build/examples_rclpy_minimal_action_client/install.log --single-version-externally-managed install_data
[0.875s] running egg_info
[0.876s] creating ../../../../../build/examples_rclpy_minimal_action_client/examples_rclpy_minimal_action_client.egg-info
[0.876s] writing ../../../../../build/examples_rclpy_minimal_action_client/examples_rclpy_minimal_action_client.egg-info/PKG-INFO
[0.876s] writing dependency_links to ../../../../../build/examples_rclpy_minimal_action_client/examples_rclpy_minimal_action_client.egg-info/dependency_links.txt
[0.877s] writing entry points to ../../../../../build/examples_rclpy_minimal_action_client/examples_rclpy_minimal_action_client.egg-info/entry_points.txt
[0.877s] writing requirements to ../../../../../build/examples_rclpy_minimal_action_client/examples_rclpy_minimal_action_client.egg-info/requires.txt
[0.877s] writing top-level names to ../../../../../build/examples_rclpy_minimal_action_client/examples_rclpy_minimal_action_client.egg-info/top_level.txt
[0.877s] writing manifest file '../../../../../build/examples_rclpy_minimal_action_client/examples_rclpy_minimal_action_client.egg-info/SOURCES.txt'
[0.887s] reading manifest file '../../../../../build/examples_rclpy_minimal_action_client/examples_rclpy_minimal_action_client.egg-info/SOURCES.txt'
[0.887s] writing manifest file '../../../../../build/examples_rclpy_minimal_action_client/examples_rclpy_minimal_action_client.egg-info/SOURCES.txt'
[0.887s] running build
[0.888s] running build_py
[0.888s] creating /home/leejunmi/ros2_ws/build/examples_rclpy_minimal_action_client/build
[0.888s] creating /home/leejunmi/ros2_ws/build/examples_rclpy_minimal_action_client/build/lib
[0.888s] creating /home/leejunmi/ros2_ws/build/examples_rclpy_minimal_action_client/build/lib/examples_rclpy_minimal_action_client
[0.888s] copying examples_rclpy_minimal_action_client/client.py -> /home/leejunmi/ros2_ws/build/examples_rclpy_minimal_action_client/build/lib/examples_rclpy_minimal_action_client
[0.888s] copying examples_rclpy_minimal_action_client/client_cancel.py -> /home/leejunmi/ros2_ws/build/examples_rclpy_minimal_action_client/build/lib/examples_rclpy_minimal_action_client
[0.888s] copying examples_rclpy_minimal_action_client/__init__.py -> /home/leejunmi/ros2_ws/build/examples_rclpy_minimal_action_client/build/lib/examples_rclpy_minimal_action_client
[0.888s] copying examples_rclpy_minimal_action_client/client_asyncio.py -> /home/leejunmi/ros2_ws/build/examples_rclpy_minimal_action_client/build/lib/examples_rclpy_minimal_action_client
[0.889s] copying examples_rclpy_minimal_action_client/client_not_composable.py -> /home/leejunmi/ros2_ws/build/examples_rclpy_minimal_action_client/build/lib/examples_rclpy_minimal_action_client
[0.890s] running install
[0.890s] running install_lib
[0.891s] creating /home/leejunmi/ros2_ws/install/examples_rclpy_minimal_action_client/lib/python3.10/site-packages/examples_rclpy_minimal_action_client
[0.891s] copying /home/leejunmi/ros2_ws/build/examples_rclpy_minimal_action_client/build/lib/examples_rclpy_minimal_action_client/client.py -> /home/leejunmi/ros2_ws/install/examples_rclpy_minimal_action_client/lib/python3.10/site-packages/examples_rclpy_minimal_action_client
[0.891s] copying /home/leejunmi/ros2_ws/build/examples_rclpy_minimal_action_client/build/lib/examples_rclpy_minimal_action_client/client_cancel.py -> /home/leejunmi/ros2_ws/install/examples_rclpy_minimal_action_client/lib/python3.10/site-packages/examples_rclpy_minimal_action_client
[0.891s] copying /home/leejunmi/ros2_ws/build/examples_rclpy_minimal_action_client/build/lib/examples_rclpy_minimal_action_client/__init__.py -> /home/leejunmi/ros2_ws/install/examples_rclpy_minimal_action_client/lib/python3.10/site-packages/examples_rclpy_minimal_action_client
[0.891s] copying /home/leejunmi/ros2_ws/build/examples_rclpy_minimal_action_client/build/lib/examples_rclpy_minimal_action_client/client_asyncio.py -> /home/leejunmi/ros2_ws/install/examples_rclpy_minimal_action_client/lib/python3.10/site-packages/examples_rclpy_minimal_action_client
[0.891s] copying /home/leejunmi/ros2_ws/build/examples_rclpy_minimal_action_client/build/lib/examples_rclpy_minimal_action_client/client_not_composable.py -> /home/leejunmi/ros2_ws/install/examples_rclpy_minimal_action_client/lib/python3.10/site-packages/examples_rclpy_minimal_action_client
[0.892s] byte-compiling /home/leejunmi/ros2_ws/install/examples_rclpy_minimal_action_client/lib/python3.10/site-packages/examples_rclpy_minimal_action_client/client.py to client.cpython-310.pyc
[0.892s] byte-compiling /home/leejunmi/ros2_ws/install/examples_rclpy_minimal_action_client/lib/python3.10/site-packages/examples_rclpy_minimal_action_client/client_cancel.py to client_cancel.cpython-310.pyc
[0.893s] byte-compiling /home/leejunmi/ros2_ws/install/examples_rclpy_minimal_action_client/lib/python3.10/site-packages/examples_rclpy_minimal_action_client/__init__.py to __init__.cpython-310.pyc
[0.893s] byte-compiling /home/leejunmi/ros2_ws/install/examples_rclpy_minimal_action_client/lib/python3.10/site-packages/examples_rclpy_minimal_action_client/client_asyncio.py to client_asyncio.cpython-310.pyc
[0.894s] byte-compiling /home/leejunmi/ros2_ws/install/examples_rclpy_minimal_action_client/lib/python3.10/site-packages/examples_rclpy_minimal_action_client/client_not_composable.py to client_not_composable.cpython-310.pyc
[0.894s] running install_data
[0.894s] creating /home/leejunmi/ros2_ws/install/examples_rclpy_minimal_action_client/share/ament_index
[0.894s] creating /home/leejunmi/ros2_ws/install/examples_rclpy_minimal_action_client/share/ament_index/resource_index
[0.894s] creating /home/leejunmi/ros2_ws/install/examples_rclpy_minimal_action_client/share/ament_index/resource_index/packages
[0.894s] copying resource/examples_rclpy_minimal_action_client -> /home/leejunmi/ros2_ws/install/examples_rclpy_minimal_action_client/share/ament_index/resource_index/packages
[0.894s] copying package.xml -> /home/leejunmi/ros2_ws/install/examples_rclpy_minimal_action_client/share/examples_rclpy_minimal_action_client
[0.895s] running install_egg_info
[0.896s] Copying ../../../../../build/examples_rclpy_minimal_action_client/examples_rclpy_minimal_action_client.egg-info to /home/leejunmi/ros2_ws/install/examples_rclpy_minimal_action_client/lib/python3.10/site-packages/examples_rclpy_minimal_action_client-0.15.3-py3.10.egg-info
[0.897s] running install_scripts
[0.917s] Installing client script to /home/leejunmi/ros2_ws/install/examples_rclpy_minimal_action_client/lib/examples_rclpy_minimal_action_client
[0.917s] Installing client_asyncio script to /home/leejunmi/ros2_ws/install/examples_rclpy_minimal_action_client/lib/examples_rclpy_minimal_action_client
[0.917s] Installing client_cancel script to /home/leejunmi/ros2_ws/install/examples_rclpy_minimal_action_client/lib/examples_rclpy_minimal_action_client
[0.917s] Installing client_not_composable script to /home/leejunmi/ros2_ws/install/examples_rclpy_minimal_action_client/lib/examples_rclpy_minimal_action_client
[0.918s] writing list of installed files to '/home/leejunmi/ros2_ws/build/examples_rclpy_minimal_action_client/install.log'
[0.941s] Invoked command in '/home/leejunmi/ros2_ws/src/examples/rclpy/actions/minimal_action_client' returned '0': PYTHONPATH=/home/leejunmi/ros2_ws/build/examples_rclpy_minimal_action_client/prefix_override:/usr/lib/python3/dist-packages/colcon_core/task/python/colcon_distutils_commands:/home/leejunmi/ros2_ws/install/examples_rclpy_minimal_action_client/lib/python3.10/site-packages:${PYTHONPATH} /usr/bin/python3 -W ignore:setup.py install is deprecated -W ignore:easy_install command is deprecated setup.py egg_info --egg-base ../../../../../build/examples_rclpy_minimal_action_client build --build-base /home/leejunmi/ros2_ws/build/examples_rclpy_minimal_action_client/build install --record /home/leejunmi/ros2_ws/build/examples_rclpy_minimal_action_client/install.log --single-version-externally-managed install_data
