[0.053s] Invoking command in '/home/leejunmi/ros2_ws/build/number': CMAKE_PREFIX_PATH=/home/leejunmi/ros2_ws/install/tutorial_interfaces:/home/leejunmi/ros2_ws/install/turtlesim:/home/leejunmi/ros2_ws/install/number:/home/leejunmi/ros2_ws/install/py_pubsub:/home/leejunmi/ros2_ws/install/test_pkg:/home/leejunmi/ros2_ws/install/python_parameters:/home/leejunmi/ros2_ws/install/pkpk:/home/leejunmi/ros2_ws/install/msg_test:/home/leejunmi/ros2_ws/install/my_package:/home/leejunmi/ros2_ws/install/microstrain_inertial_rqt:/home/leejunmi/ros2_ws/install/lidar_intensity:/home/leejunmi/ros2_ws/install/launch_testing_examples:/home/leejunmi/ros2_ws/install/img:/home/leejunmi/ros2_ws/install/examples_rclpy_pointcloud_publisher:/home/leejunmi/ros2_ws/install/examples_rclpy_minimal_subscriber:/home/leejunmi/ros2_ws/install/examples_rclpy_minimal_service:/home/leejunmi/ros2_ws/install/examples_rclpy_minimal_publisher:/home/leejunmi/ros2_ws/install/examples_rclpy_minimal_client:/home/leejunmi/ros2_ws/install/examples_rclpy_minimal_action_server:/home/leejunmi/ros2_ws/install/examples_rclpy_minimal_action_client:/home/leejunmi/ros2_ws/install/examples_rclpy_guard_conditions:/home/leejunmi/ros2_ws/install/examples_rclpy_executors:/opt/ros/humble:/home/leejunmi/ros2_ws/install/microstrain_inertial_msgs:/home/leejunmi/ros2_ws/install/microstrain_inertial_description:/home/leejunmi/ros2_ws/install/examples_rclcpp_wait_set:/home/leejunmi/ros2_ws/install/examples_rclcpp_multithreaded_executor:/home/leejunmi/ros2_ws/install/examples_rclcpp_minimal_timer:/home/leejunmi/ros2_ws/install/examples_rclcpp_minimal_subscriber:/home/leejunmi/ros2_ws/install/examples_rclcpp_minimal_service:/home/leejunmi/ros2_ws/install/examples_rclcpp_minimal_publisher:/home/leejunmi/ros2_ws/install/examples_rclcpp_minimal_composition:/home/leejunmi/ros2_ws/install/examples_rclcpp_minimal_client:/home/leejunmi/ros2_ws/install/examples_rclcpp_minimal_action_server:/home/leejunmi/ros2_ws/install/examples_rclcpp_minimal_action_client:/home/leejunmi/ros2_ws/install/examples_rclcpp_cbg_executor:/home/leejunmi/ros2_ws/install/examples_rclcpp_async_client /usr/bin/cmake --build /home/leejunmi/ros2_ws/build/number -- -j8 -l8
[1.642s] [  3%] Built target number__cpp
[1.642s] [ 12%] Built target number__rosidl_generator_c
[1.643s] [ 12%] Built target ament_cmake_python_copy_number
[1.643s] [ 22%] Built target number__rosidl_typesupport_cpp
[1.643s] [ 32%] Built target number__rosidl_typesupport_introspection_cpp
[1.644s] [ 41%] Built target number__rosidl_typesupport_fastrtps_cpp
[1.646s] [ 61%] Built target number__rosidl_typesupport_fastrtps_c
[1.647s] [ 70%] Built target number__rosidl_typesupport_introspection_c
[1.647s] [ 64%] Built target number__rosidl_typesupport_c
[1.647s] [ 70%] Built target number
[1.647s] [ 74%] Built target number__py
[1.647s] [ 80%] Built target number__rosidl_generator_py
[1.647s] [ 87%] Built target number__rosidl_typesupport_introspection_c__pyext
[1.648s] [ 93%] Built target number__rosidl_typesupport_c__pyext
[1.648s] [100%] Built target number__rosidl_typesupport_fastrtps_c__pyext
[1.648s] running egg_info
[1.648s] writing number.egg-info/PKG-INFO
[1.648s] writing dependency_links to number.egg-info/dependency_links.txt
[1.648s] writing top-level names to number.egg-info/top_level.txt
[1.648s] reading manifest file 'number.egg-info/SOURCES.txt'
[1.648s] writing manifest file 'number.egg-info/SOURCES.txt'
[1.648s] [100%] Built target ament_cmake_python_build_number_egg
[1.984s] Invoked command in '/home/leejunmi/ros2_ws/build/number' returned '0': CMAKE_PREFIX_PATH=/home/leejunmi/ros2_ws/install/tutorial_interfaces:/home/leejunmi/ros2_ws/install/turtlesim:/home/leejunmi/ros2_ws/install/number:/home/leejunmi/ros2_ws/install/py_pubsub:/home/leejunmi/ros2_ws/install/test_pkg:/home/leejunmi/ros2_ws/install/python_parameters:/home/leejunmi/ros2_ws/install/pkpk:/home/leejunmi/ros2_ws/install/msg_test:/home/leejunmi/ros2_ws/install/my_package:/home/leejunmi/ros2_ws/install/microstrain_inertial_rqt:/home/leejunmi/ros2_ws/install/lidar_intensity:/home/leejunmi/ros2_ws/install/launch_testing_examples:/home/leejunmi/ros2_ws/install/img:/home/leejunmi/ros2_ws/install/examples_rclpy_pointcloud_publisher:/home/leejunmi/ros2_ws/install/examples_rclpy_minimal_subscriber:/home/leejunmi/ros2_ws/install/examples_rclpy_minimal_service:/home/leejunmi/ros2_ws/install/examples_rclpy_minimal_publisher:/home/leejunmi/ros2_ws/install/examples_rclpy_minimal_client:/home/leejunmi/ros2_ws/install/examples_rclpy_minimal_action_server:/home/leejunmi/ros2_ws/install/examples_rclpy_minimal_action_client:/home/leejunmi/ros2_ws/install/examples_rclpy_guard_conditions:/home/leejunmi/ros2_ws/install/examples_rclpy_executors:/opt/ros/humble:/home/leejunmi/ros2_ws/install/microstrain_inertial_msgs:/home/leejunmi/ros2_ws/install/microstrain_inertial_description:/home/leejunmi/ros2_ws/install/examples_rclcpp_wait_set:/home/leejunmi/ros2_ws/install/examples_rclcpp_multithreaded_executor:/home/leejunmi/ros2_ws/install/examples_rclcpp_minimal_timer:/home/leejunmi/ros2_ws/install/examples_rclcpp_minimal_subscriber:/home/leejunmi/ros2_ws/install/examples_rclcpp_minimal_service:/home/leejunmi/ros2_ws/install/examples_rclcpp_minimal_publisher:/home/leejunmi/ros2_ws/install/examples_rclcpp_minimal_composition:/home/leejunmi/ros2_ws/install/examples_rclcpp_minimal_client:/home/leejunmi/ros2_ws/install/examples_rclcpp_minimal_action_server:/home/leejunmi/ros2_ws/install/examples_rclcpp_minimal_action_client:/home/leejunmi/ros2_ws/install/examples_rclcpp_cbg_executor:/home/leejunmi/ros2_ws/install/examples_rclcpp_async_client /usr/bin/cmake --build /home/leejunmi/ros2_ws/build/number -- -j8 -l8
[1.986s] Invoking command in '/home/leejunmi/ros2_ws/build/number': CMAKE_PREFIX_PATH=/home/leejunmi/ros2_ws/install/tutorial_interfaces:/home/leejunmi/ros2_ws/install/turtlesim:/home/leejunmi/ros2_ws/install/number:/home/leejunmi/ros2_ws/install/py_pubsub:/home/leejunmi/ros2_ws/install/test_pkg:/home/leejunmi/ros2_ws/install/python_parameters:/home/leejunmi/ros2_ws/install/pkpk:/home/leejunmi/ros2_ws/install/msg_test:/home/leejunmi/ros2_ws/install/my_package:/home/leejunmi/ros2_ws/install/microstrain_inertial_rqt:/home/leejunmi/ros2_ws/install/lidar_intensity:/home/leejunmi/ros2_ws/install/launch_testing_examples:/home/leejunmi/ros2_ws/install/img:/home/leejunmi/ros2_ws/install/examples_rclpy_pointcloud_publisher:/home/leejunmi/ros2_ws/install/examples_rclpy_minimal_subscriber:/home/leejunmi/ros2_ws/install/examples_rclpy_minimal_service:/home/leejunmi/ros2_ws/install/examples_rclpy_minimal_publisher:/home/leejunmi/ros2_ws/install/examples_rclpy_minimal_client:/home/leejunmi/ros2_ws/install/examples_rclpy_minimal_action_server:/home/leejunmi/ros2_ws/install/examples_rclpy_minimal_action_client:/home/leejunmi/ros2_ws/install/examples_rclpy_guard_conditions:/home/leejunmi/ros2_ws/install/examples_rclpy_executors:/opt/ros/humble:/home/leejunmi/ros2_ws/install/microstrain_inertial_msgs:/home/leejunmi/ros2_ws/install/microstrain_inertial_description:/home/leejunmi/ros2_ws/install/examples_rclcpp_wait_set:/home/leejunmi/ros2_ws/install/examples_rclcpp_multithreaded_executor:/home/leejunmi/ros2_ws/install/examples_rclcpp_minimal_timer:/home/leejunmi/ros2_ws/install/examples_rclcpp_minimal_subscriber:/home/leejunmi/ros2_ws/install/examples_rclcpp_minimal_service:/home/leejunmi/ros2_ws/install/examples_rclcpp_minimal_publisher:/home/leejunmi/ros2_ws/install/examples_rclcpp_minimal_composition:/home/leejunmi/ros2_ws/install/examples_rclcpp_minimal_client:/home/leejunmi/ros2_ws/install/examples_rclcpp_minimal_action_server:/home/leejunmi/ros2_ws/install/examples_rclcpp_minimal_action_client:/home/leejunmi/ros2_ws/install/examples_rclcpp_cbg_executor:/home/leejunmi/ros2_ws/install/examples_rclcpp_async_client /usr/bin/cmake --install /home/leejunmi/ros2_ws/build/number
[2.004s] -- Install configuration: "Debug"
[2.007s] -- Up-to-date: /home/leejunmi/ros2_ws/install/number/share/ament_index/resource_index/rosidl_interfaces/number
[2.008s] -- Up-to-date: /home/leejunmi/ros2_ws/install/number/include/number/number
[2.008s] -- Up-to-date: /home/leejunmi/ros2_ws/install/number/include/number/number/msg
[2.008s] -- Up-to-date: /home/leejunmi/ros2_ws/install/number/include/number/number/msg/detail
[2.008s] -- Up-to-date: /home/leejunmi/ros2_ws/install/number/include/number/number/msg/detail/num_num__type_support.h
[2.008s] -- Up-to-date: /home/leejunmi/ros2_ws/install/number/include/number/number/msg/detail/num_num__functions.c
[2.008s] -- Up-to-date: /home/leejunmi/ros2_ws/install/number/include/number/number/msg/detail/num_num__struct.h
[2.008s] -- Up-to-date: /home/leejunmi/ros2_ws/install/number/include/number/number/msg/detail/num_num__functions.h
[2.008s] -- Up-to-date: /home/leejunmi/ros2_ws/install/number/include/number/number/msg/num_num.h
[2.008s] -- Up-to-date: /home/leejunmi/ros2_ws/install/number/include/number/number/msg/rosidl_generator_c__visibility_control.h
[2.016s] -- Up-to-date: /home/leejunmi/ros2_ws/install/number/share/number/environment/library_path.sh
[2.016s] -- Up-to-date: /home/leejunmi/ros2_ws/install/number/share/number/environment/library_path.dsv
[2.016s] -- Up-to-date: /home/leejunmi/ros2_ws/install/number/lib/libnumber__rosidl_generator_c.so
[2.017s] -- Up-to-date: /home/leejunmi/ros2_ws/install/number/include/number/number
[2.017s] -- Up-to-date: /home/leejunmi/ros2_ws/install/number/include/number/number/msg
[2.017s] -- Up-to-date: /home/leejunmi/ros2_ws/install/number/include/number/number/msg/rosidl_typesupport_fastrtps_c__visibility_control.h
[2.017s] -- Up-to-date: /home/leejunmi/ros2_ws/install/number/include/number/number/msg/detail
[2.017s] -- Up-to-date: /home/leejunmi/ros2_ws/install/number/include/number/number/msg/detail/num_num__rosidl_typesupport_fastrtps_c.h
[2.017s] -- Up-to-date: /home/leejunmi/ros2_ws/install/number/lib/libnumber__rosidl_typesupport_fastrtps_c.so
[2.017s] -- Up-to-date: /home/leejunmi/ros2_ws/install/number/include/number/number
[2.017s] -- Up-to-date: /home/leejunmi/ros2_ws/install/number/include/number/number/msg
[2.017s] -- Up-to-date: /home/leejunmi/ros2_ws/install/number/include/number/number/msg/rosidl_typesupport_introspection_c__visibility_control.h
[2.018s] -- Up-to-date: /home/leejunmi/ros2_ws/install/number/include/number/number/msg/detail
[2.018s] -- Up-to-date: /home/leejunmi/ros2_ws/install/number/include/number/number/msg/detail/num_num__rosidl_typesupport_introspection_c.h
[2.019s] -- Up-to-date: /home/leejunmi/ros2_ws/install/number/include/number/number/msg/detail/num_num__type_support.c
[2.019s] -- Up-to-date: /home/leejunmi/ros2_ws/install/number/lib/libnumber__rosidl_typesupport_introspection_c.so
[2.020s] -- Up-to-date: /home/leejunmi/ros2_ws/install/number/lib/libnumber__rosidl_typesupport_c.so
[2.020s] -- Up-to-date: /home/leejunmi/ros2_ws/install/number/include/number/number
[2.030s] -- Up-to-date: /home/leejunmi/ros2_ws/install/number/include/number/number/msg
[2.030s] -- Up-to-date: /home/leejunmi/ros2_ws/install/number/include/number/number/msg/rosidl_generator_cpp__visibility_control.hpp
[2.030s] -- Up-to-date: /home/leejunmi/ros2_ws/install/number/include/number/number/msg/detail
[2.030s] -- Up-to-date: /home/leejunmi/ros2_ws/install/number/include/number/number/msg/detail/num_num__struct.hpp
[2.030s] -- Up-to-date: /home/leejunmi/ros2_ws/install/number/include/number/number/msg/detail/num_num__builder.hpp
[2.030s] -- Up-to-date: /home/leejunmi/ros2_ws/install/number/include/number/number/msg/detail/num_num__type_support.hpp
[2.030s] -- Up-to-date: /home/leejunmi/ros2_ws/install/number/include/number/number/msg/detail/num_num__traits.hpp
[2.031s] -- Up-to-date: /home/leejunmi/ros2_ws/install/number/include/number/number/msg/num_num.hpp
[2.031s] -- Up-to-date: /home/leejunmi/ros2_ws/install/number/include/number/number
[2.031s] -- Up-to-date: /home/leejunmi/ros2_ws/install/number/include/number/number/msg
[2.031s] -- Up-to-date: /home/leejunmi/ros2_ws/install/number/include/number/number/msg/rosidl_typesupport_fastrtps_cpp__visibility_control.h
[2.031s] -- Up-to-date: /home/leejunmi/ros2_ws/install/number/include/number/number/msg/detail
[2.031s] -- Up-to-date: /home/leejunmi/ros2_ws/install/number/include/number/number/msg/detail/dds_fastrtps
[2.031s] -- Up-to-date: /home/leejunmi/ros2_ws/install/number/include/number/number/msg/detail/num_num__rosidl_typesupport_fastrtps_cpp.hpp
[2.031s] -- Up-to-date: /home/leejunmi/ros2_ws/install/number/lib/libnumber__rosidl_typesupport_fastrtps_cpp.so
[2.031s] -- Up-to-date: /home/leejunmi/ros2_ws/install/number/include/number/number
[2.033s] -- Up-to-date: /home/leejunmi/ros2_ws/install/number/include/number/number/msg
[2.033s] -- Up-to-date: /home/leejunmi/ros2_ws/install/number/include/number/number/msg/detail
[2.033s] -- Up-to-date: /home/leejunmi/ros2_ws/install/number/include/number/number/msg/detail/num_num__rosidl_typesupport_introspection_cpp.hpp
[2.033s] -- Up-to-date: /home/leejunmi/ros2_ws/install/number/include/number/number/msg/detail/num_num__type_support.cpp
[2.033s] -- Up-to-date: /home/leejunmi/ros2_ws/install/number/lib/libnumber__rosidl_typesupport_introspection_cpp.so
[2.033s] -- Up-to-date: /home/leejunmi/ros2_ws/install/number/lib/libnumber__rosidl_typesupport_cpp.so
[2.033s] -- Up-to-date: /home/leejunmi/ros2_ws/install/number/share/number/environment/pythonpath.sh
[2.034s] -- Up-to-date: /home/leejunmi/ros2_ws/install/number/share/number/environment/pythonpath.dsv
[2.034s] -- Up-to-date: /home/leejunmi/ros2_ws/install/number/local/lib/python3.10/dist-packages/number-0.0.0-py3.10.egg-info
[2.034s] -- Installing: /home/leejunmi/ros2_ws/install/number/local/lib/python3.10/dist-packages/number-0.0.0-py3.10.egg-info/PKG-INFO
[2.034s] -- Installing: /home/leejunmi/ros2_ws/install/number/local/lib/python3.10/dist-packages/number-0.0.0-py3.10.egg-info/top_level.txt
[2.034s] -- Installing: /home/leejunmi/ros2_ws/install/number/local/lib/python3.10/dist-packages/number-0.0.0-py3.10.egg-info/SOURCES.txt
[2.034s] -- Installing: /home/leejunmi/ros2_ws/install/number/local/lib/python3.10/dist-packages/number-0.0.0-py3.10.egg-info/dependency_links.txt
[2.034s] -- Up-to-date: /home/leejunmi/ros2_ws/install/number/local/lib/python3.10/dist-packages/number
[2.034s] -- Up-to-date: /home/leejunmi/ros2_ws/install/number/local/lib/python3.10/dist-packages/number/_number_s.ep.rosidl_typesupport_fastrtps_c.c
[2.034s] -- Up-to-date: /home/leejunmi/ros2_ws/install/number/local/lib/python3.10/dist-packages/number/msg
[2.034s] -- Up-to-date: /home/leejunmi/ros2_ws/install/number/local/lib/python3.10/dist-packages/number/msg/_num_num.py
[2.035s] -- Up-to-date: /home/leejunmi/ros2_ws/install/number/local/lib/python3.10/dist-packages/number/msg/__init__.py
[2.035s] -- Up-to-date: /home/leejunmi/ros2_ws/install/number/local/lib/python3.10/dist-packages/number/msg/_num_num_s.c
[2.035s] -- Up-to-date: /home/leejunmi/ros2_ws/install/number/local/lib/python3.10/dist-packages/number/number_s__rosidl_typesupport_introspection_c.cpython-310-x86_64-linux-gnu.so
[2.035s] -- Up-to-date: /home/leejunmi/ros2_ws/install/number/local/lib/python3.10/dist-packages/number/_number_s.ep.rosidl_typesupport_c.c
[2.035s] -- Up-to-date: /home/leejunmi/ros2_ws/install/number/local/lib/python3.10/dist-packages/number/number_s__rosidl_typesupport_c.cpython-310-x86_64-linux-gnu.so
[2.035s] -- Up-to-date: /home/leejunmi/ros2_ws/install/number/local/lib/python3.10/dist-packages/number/libnumber__rosidl_generator_py.so
[2.035s] -- Up-to-date: /home/leejunmi/ros2_ws/install/number/local/lib/python3.10/dist-packages/number/__init__.py
[2.035s] -- Up-to-date: /home/leejunmi/ros2_ws/install/number/local/lib/python3.10/dist-packages/number/_number_s.ep.rosidl_typesupport_introspection_c.c
[2.035s] -- Up-to-date: /home/leejunmi/ros2_ws/install/number/local/lib/python3.10/dist-packages/number/number_s__rosidl_typesupport_fastrtps_c.cpython-310-x86_64-linux-gnu.so
[2.076s] Listing '/home/leejunmi/ros2_ws/install/number/local/lib/python3.10/dist-packages/number'...
[2.076s] Listing '/home/leejunmi/ros2_ws/install/number/local/lib/python3.10/dist-packages/number/msg'...
[2.088s] -- Up-to-date: /home/leejunmi/ros2_ws/install/number/local/lib/python3.10/dist-packages/number/number_s__rosidl_typesupport_fastrtps_c.cpython-310-x86_64-linux-gnu.so
[2.093s] -- Up-to-date: /home/leejunmi/ros2_ws/install/number/local/lib/python3.10/dist-packages/number/number_s__rosidl_typesupport_introspection_c.cpython-310-x86_64-linux-gnu.so
[2.097s] -- Up-to-date: /home/leejunmi/ros2_ws/install/number/local/lib/python3.10/dist-packages/number/number_s__rosidl_typesupport_c.cpython-310-x86_64-linux-gnu.so
[2.097s] -- Up-to-date: /home/leejunmi/ros2_ws/install/number/lib/libnumber__rosidl_generator_py.so
[2.097s] -- Up-to-date: /home/leejunmi/ros2_ws/install/number/share/number/msg/NumNum.idl
[2.097s] -- Up-to-date: /home/leejunmi/ros2_ws/install/number/share/number/msg/NumNum.msg
[2.097s] -- Up-to-date: /home/leejunmi/ros2_ws/install/number/share/ament_index/resource_index/package_run_dependencies/number
[2.097s] -- Up-to-date: /home/leejunmi/ros2_ws/install/number/share/ament_index/resource_index/parent_prefix_path/number
[2.097s] -- Up-to-date: /home/leejunmi/ros2_ws/install/number/share/number/environment/ament_prefix_path.sh
[2.097s] -- Up-to-date: /home/leejunmi/ros2_ws/install/number/share/number/environment/ament_prefix_path.dsv
[2.098s] -- Up-to-date: /home/leejunmi/ros2_ws/install/number/share/number/environment/path.sh
[2.098s] -- Up-to-date: /home/leejunmi/ros2_ws/install/number/share/number/environment/path.dsv
[2.098s] -- Up-to-date: /home/leejunmi/ros2_ws/install/number/share/number/local_setup.bash
[2.098s] -- Up-to-date: /home/leejunmi/ros2_ws/install/number/share/number/local_setup.sh
[2.098s] -- Up-to-date: /home/leejunmi/ros2_ws/install/number/share/number/local_setup.zsh
[2.098s] -- Up-to-date: /home/leejunmi/ros2_ws/install/number/share/number/local_setup.dsv
[2.098s] -- Installing: /home/leejunmi/ros2_ws/install/number/share/number/package.dsv
[2.098s] -- Up-to-date: /home/leejunmi/ros2_ws/install/number/share/ament_index/resource_index/packages/number
[2.098s] -- Up-to-date: /home/leejunmi/ros2_ws/install/number/share/number/cmake/export_number__rosidl_generator_cExport.cmake
[2.098s] -- Up-to-date: /home/leejunmi/ros2_ws/install/number/share/number/cmake/export_number__rosidl_generator_cExport-debug.cmake
[2.099s] -- Up-to-date: /home/leejunmi/ros2_ws/install/number/share/number/cmake/export_number__rosidl_typesupport_fastrtps_cExport.cmake
[2.099s] -- Up-to-date: /home/leejunmi/ros2_ws/install/number/share/number/cmake/export_number__rosidl_typesupport_fastrtps_cExport-debug.cmake
[2.099s] -- Up-to-date: /home/leejunmi/ros2_ws/install/number/share/number/cmake/number__rosidl_typesupport_introspection_cExport.cmake
[2.099s] -- Up-to-date: /home/leejunmi/ros2_ws/install/number/share/number/cmake/number__rosidl_typesupport_introspection_cExport-debug.cmake
[2.099s] -- Up-to-date: /home/leejunmi/ros2_ws/install/number/share/number/cmake/number__rosidl_typesupport_cExport.cmake
[2.099s] -- Up-to-date: /home/leejunmi/ros2_ws/install/number/share/number/cmake/number__rosidl_typesupport_cExport-debug.cmake
[2.099s] -- Up-to-date: /home/leejunmi/ros2_ws/install/number/share/number/cmake/export_number__rosidl_generator_cppExport.cmake
[2.099s] -- Up-to-date: /home/leejunmi/ros2_ws/install/number/share/number/cmake/export_number__rosidl_typesupport_fastrtps_cppExport.cmake
[2.099s] -- Up-to-date: /home/leejunmi/ros2_ws/install/number/share/number/cmake/export_number__rosidl_typesupport_fastrtps_cppExport-debug.cmake
[2.100s] -- Up-to-date: /home/leejunmi/ros2_ws/install/number/share/number/cmake/number__rosidl_typesupport_introspection_cppExport.cmake
[2.100s] -- Up-to-date: /home/leejunmi/ros2_ws/install/number/share/number/cmake/number__rosidl_typesupport_introspection_cppExport-debug.cmake
[2.100s] -- Up-to-date: /home/leejunmi/ros2_ws/install/number/share/number/cmake/number__rosidl_typesupport_cppExport.cmake
[2.105s] -- Up-to-date: /home/leejunmi/ros2_ws/install/number/share/number/cmake/number__rosidl_typesupport_cppExport-debug.cmake
[2.105s] -- Up-to-date: /home/leejunmi/ros2_ws/install/number/share/number/cmake/export_number__rosidl_generator_pyExport.cmake
[2.105s] -- Up-to-date: /home/leejunmi/ros2_ws/install/number/share/number/cmake/export_number__rosidl_generator_pyExport-debug.cmake
[2.105s] -- Up-to-date: /home/leejunmi/ros2_ws/install/number/share/number/cmake/rosidl_cmake-extras.cmake
[2.105s] -- Up-to-date: /home/leejunmi/ros2_ws/install/number/share/number/cmake/ament_cmake_export_include_directories-extras.cmake
[2.105s] -- Up-to-date: /home/leejunmi/ros2_ws/install/number/share/number/cmake/ament_cmake_export_libraries-extras.cmake
[2.105s] -- Up-to-date: /home/leejunmi/ros2_ws/install/number/share/number/cmake/ament_cmake_export_targets-extras.cmake
[2.106s] -- Up-to-date: /home/leejunmi/ros2_ws/install/number/share/number/cmake/rosidl_cmake_export_typesupport_targets-extras.cmake
[2.106s] -- Up-to-date: /home/leejunmi/ros2_ws/install/number/share/number/cmake/ament_cmake_export_dependencies-extras.cmake
[2.106s] -- Up-to-date: /home/leejunmi/ros2_ws/install/number/share/number/cmake/rosidl_cmake_export_typesupport_libraries-extras.cmake
[2.106s] -- Up-to-date: /home/leejunmi/ros2_ws/install/number/share/number/cmake/numberConfig.cmake
[2.106s] -- Up-to-date: /home/leejunmi/ros2_ws/install/number/share/number/cmake/numberConfig-version.cmake
[2.106s] -- Up-to-date: /home/leejunmi/ros2_ws/install/number/share/number/package.xml
[2.157s] Invoked command in '/home/leejunmi/ros2_ws/build/number' returned '0': CMAKE_PREFIX_PATH=/home/leejunmi/ros2_ws/install/tutorial_interfaces:/home/leejunmi/ros2_ws/install/turtlesim:/home/leejunmi/ros2_ws/install/number:/home/leejunmi/ros2_ws/install/py_pubsub:/home/leejunmi/ros2_ws/install/test_pkg:/home/leejunmi/ros2_ws/install/python_parameters:/home/leejunmi/ros2_ws/install/pkpk:/home/leejunmi/ros2_ws/install/msg_test:/home/leejunmi/ros2_ws/install/my_package:/home/leejunmi/ros2_ws/install/microstrain_inertial_rqt:/home/leejunmi/ros2_ws/install/lidar_intensity:/home/leejunmi/ros2_ws/install/launch_testing_examples:/home/leejunmi/ros2_ws/install/img:/home/leejunmi/ros2_ws/install/examples_rclpy_pointcloud_publisher:/home/leejunmi/ros2_ws/install/examples_rclpy_minimal_subscriber:/home/leejunmi/ros2_ws/install/examples_rclpy_minimal_service:/home/leejunmi/ros2_ws/install/examples_rclpy_minimal_publisher:/home/leejunmi/ros2_ws/install/examples_rclpy_minimal_client:/home/leejunmi/ros2_ws/install/examples_rclpy_minimal_action_server:/home/leejunmi/ros2_ws/install/examples_rclpy_minimal_action_client:/home/leejunmi/ros2_ws/install/examples_rclpy_guard_conditions:/home/leejunmi/ros2_ws/install/examples_rclpy_executors:/opt/ros/humble:/home/leejunmi/ros2_ws/install/microstrain_inertial_msgs:/home/leejunmi/ros2_ws/install/microstrain_inertial_description:/home/leejunmi/ros2_ws/install/examples_rclcpp_wait_set:/home/leejunmi/ros2_ws/install/examples_rclcpp_multithreaded_executor:/home/leejunmi/ros2_ws/install/examples_rclcpp_minimal_timer:/home/leejunmi/ros2_ws/install/examples_rclcpp_minimal_subscriber:/home/leejunmi/ros2_ws/install/examples_rclcpp_minimal_service:/home/leejunmi/ros2_ws/install/examples_rclcpp_minimal_publisher:/home/leejunmi/ros2_ws/install/examples_rclcpp_minimal_composition:/home/leejunmi/ros2_ws/install/examples_rclcpp_minimal_client:/home/leejunmi/ros2_ws/install/examples_rclcpp_minimal_action_server:/home/leejunmi/ros2_ws/install/examples_rclcpp_minimal_action_client:/home/leejunmi/ros2_ws/install/examples_rclcpp_cbg_executor:/home/leejunmi/ros2_ws/install/examples_rclcpp_async_client /usr/bin/cmake --install /home/leejunmi/ros2_ws/build/number
