[4.838s] Invoking command in '/home/leejunmi/ros2_ws/src/my_package': PYTHONPATH=/home/leejunmi/ros2_ws/build/my_package/prefix_override:/usr/lib/python3/dist-packages/colcon_core/task/python/colcon_distutils_commands:/home/leejunmi/ros2_ws/install/my_package/lib/python3.10/site-packages:${PYTHONPATH} /usr/bin/python3 -W ignore:setup.py install is deprecated -W ignore:easy_install command is deprecated setup.py egg_info --egg-base ../../build/my_package build --build-base /home/leejunmi/ros2_ws/build/my_package/build install --record /home/leejunmi/ros2_ws/build/my_package/install.log --single-version-externally-managed install_data
[5.558s] running egg_info
[5.560s] writing ../../build/my_package/my_package.egg-info/PKG-INFO
[5.561s] writing dependency_links to ../../build/my_package/my_package.egg-info/dependency_links.txt
[5.561s] writing entry points to ../../build/my_package/my_package.egg-info/entry_points.txt
[5.563s] writing requirements to ../../build/my_package/my_package.egg-info/requires.txt
[5.563s] writing top-level names to ../../build/my_package/my_package.egg-info/top_level.txt
[5.567s] reading manifest file '../../build/my_package/my_package.egg-info/SOURCES.txt'
[5.568s] adding license file 'LICENSE'
[5.569s] writing manifest file '../../build/my_package/my_package.egg-info/SOURCES.txt'
[5.569s] running build
[5.569s] running build_py
[5.570s] running install
[5.570s] running install_lib
[5.575s] running install_data
[5.575s] running install_egg_info
[5.582s] removing '/home/leejunmi/ros2_ws/install/my_package/lib/python3.10/site-packages/my_package-0.0.0-py3.10.egg-info' (and everything under it)
[5.583s] Copying ../../build/my_package/my_package.egg-info to /home/leejunmi/ros2_ws/install/my_package/lib/python3.10/site-packages/my_package-0.0.0-py3.10.egg-info
[5.585s] running install_scripts
[5.645s] Installing my_node script to /home/leejunmi/ros2_ws/install/my_package/lib/my_package
[5.648s] writing list of installed files to '/home/leejunmi/ros2_ws/build/my_package/install.log'
[5.777s] Invoked command in '/home/leejunmi/ros2_ws/src/my_package' returned '0': PYTHONPATH=/home/leejunmi/ros2_ws/build/my_package/prefix_override:/usr/lib/python3/dist-packages/colcon_core/task/python/colcon_distutils_commands:/home/leejunmi/ros2_ws/install/my_package/lib/python3.10/site-packages:${PYTHONPATH} /usr/bin/python3 -W ignore:setup.py install is deprecated -W ignore:easy_install command is deprecated setup.py egg_info --egg-base ../../build/my_package build --build-base /home/leejunmi/ros2_ws/build/my_package/build install --record /home/leejunmi/ros2_ws/build/my_package/install.log --single-version-externally-managed install_data
