[0.054s] Invoking command in '/home/leejunmi/ros2_ws/build/number': CMAKE_PREFIX_PATH=${CMAKE_PREFIX_PATH}:/home/leejunmi/ros2_ws/install/py_pubsub:/home/leejunmi/ros2_ws/install/test_pkg:/home/leejunmi/ros2_ws/install/python_parameters:/home/leejunmi/ros2_ws/install/pkpk:/home/leejunmi/ros2_ws/install/msg_test:/home/leejunmi/ros2_ws/install/my_package:/home/leejunmi/ros2_ws/install/lidar_intensity:/home/leejunmi/ros2_ws/install/launch_testing_examples:/home/leejunmi/ros2_ws/install/img:/home/leejunmi/ros2_ws/install/examples_rclpy_pointcloud_publisher:/home/leejunmi/ros2_ws/install/examples_rclpy_minimal_subscriber:/home/leejunmi/ros2_ws/install/examples_rclpy_minimal_service:/home/leejunmi/ros2_ws/install/examples_rclpy_minimal_publisher:/home/leejunmi/ros2_ws/install/examples_rclpy_minimal_client:/home/leejunmi/ros2_ws/install/examples_rclpy_minimal_action_server:/home/leejunmi/ros2_ws/install/examples_rclpy_minimal_action_client:/home/leejunmi/ros2_ws/install/examples_rclpy_guard_conditions:/home/leejunmi/ros2_ws/install/examples_rclpy_executors:/opt/ros/humble /usr/bin/cmake /home/leejunmi/ros2_ws/src/number -DCMAKE_INSTALL_PREFIX=/home/leejunmi/ros2_ws/install/number
[1.779s] -- Found ament_cmake: 1.3.11 (/opt/ros/humble/share/ament_cmake/cmake)
[1.780s] -- Found rosidl_default_generators: 1.2.0 (/opt/ros/humble/share/rosidl_default_generators/cmake)
[1.780s] -- Using all available rosidl_typesupport_c: rosidl_typesupport_fastrtps_c;rosidl_typesupport_introspection_c
[1.780s] -- Found rosidl_adapter: 3.1.6 (/opt/ros/humble/share/rosidl_adapter/cmake)
[1.780s] -- Using all available rosidl_typesupport_cpp: rosidl_typesupport_fastrtps_cpp;rosidl_typesupport_introspection_cpp
[1.780s] -- Found ament_cmake_ros: 0.10.0 (/opt/ros/humble/share/ament_cmake_ros/cmake)
[1.780s] -- Using all available rosidl_typesupport_c: rosidl_typesupport_fastrtps_c;rosidl_typesupport_introspection_c
[1.780s] -- Using all available rosidl_typesupport_cpp: rosidl_typesupport_fastrtps_cpp;rosidl_typesupport_introspection_cpp
[1.780s] -- Found python_cmake_module: 0.10.0 (/opt/ros/humble/share/python_cmake_module/cmake)
[1.780s] -- Using PYTHON_EXECUTABLE: /usr/bin/python3
[1.781s] -- Using PYTHON_INCLUDE_DIRS: /usr/include/python3.10
[1.781s] -- Using PYTHON_LIBRARIES: /usr/lib/x86_64-linux-gnu/libpython3.10.so
[1.781s] -- Found ament_lint_auto: 0.12.11 (/opt/ros/humble/share/ament_lint_auto/cmake)
[1.781s] -- Added test 'lint_cmake' to check CMake code style
[1.781s] -- Added test 'xmllint' to check XML markup files
[1.781s] -- Configuring done
[1.781s] -- Generating done
[1.781s] -- Build files have been written to: /home/leejunmi/ros2_ws/build/number
[1.784s] Invoked command in '/home/leejunmi/ros2_ws/build/number' returned '0': CMAKE_PREFIX_PATH=${CMAKE_PREFIX_PATH}:/home/leejunmi/ros2_ws/install/py_pubsub:/home/leejunmi/ros2_ws/install/test_pkg:/home/leejunmi/ros2_ws/install/python_parameters:/home/leejunmi/ros2_ws/install/pkpk:/home/leejunmi/ros2_ws/install/msg_test:/home/leejunmi/ros2_ws/install/my_package:/home/leejunmi/ros2_ws/install/lidar_intensity:/home/leejunmi/ros2_ws/install/launch_testing_examples:/home/leejunmi/ros2_ws/install/img:/home/leejunmi/ros2_ws/install/examples_rclpy_pointcloud_publisher:/home/leejunmi/ros2_ws/install/examples_rclpy_minimal_subscriber:/home/leejunmi/ros2_ws/install/examples_rclpy_minimal_service:/home/leejunmi/ros2_ws/install/examples_rclpy_minimal_publisher:/home/leejunmi/ros2_ws/install/examples_rclpy_minimal_client:/home/leejunmi/ros2_ws/install/examples_rclpy_minimal_action_server:/home/leejunmi/ros2_ws/install/examples_rclpy_minimal_action_client:/home/leejunmi/ros2_ws/install/examples_rclpy_guard_conditions:/home/leejunmi/ros2_ws/install/examples_rclpy_executors:/opt/ros/humble /usr/bin/cmake /home/leejunmi/ros2_ws/src/number -DCMAKE_INSTALL_PREFIX=/home/leejunmi/ros2_ws/install/number
[1.786s] Invoking command in '/home/leejunmi/ros2_ws/build/number': CMAKE_PREFIX_PATH=${CMAKE_PREFIX_PATH}:/home/leejunmi/ros2_ws/install/py_pubsub:/home/leejunmi/ros2_ws/install/test_pkg:/home/leejunmi/ros2_ws/install/python_parameters:/home/leejunmi/ros2_ws/install/pkpk:/home/leejunmi/ros2_ws/install/msg_test:/home/leejunmi/ros2_ws/install/my_package:/home/leejunmi/ros2_ws/install/lidar_intensity:/home/leejunmi/ros2_ws/install/launch_testing_examples:/home/leejunmi/ros2_ws/install/img:/home/leejunmi/ros2_ws/install/examples_rclpy_pointcloud_publisher:/home/leejunmi/ros2_ws/install/examples_rclpy_minimal_subscriber:/home/leejunmi/ros2_ws/install/examples_rclpy_minimal_service:/home/leejunmi/ros2_ws/install/examples_rclpy_minimal_publisher:/home/leejunmi/ros2_ws/install/examples_rclpy_minimal_client:/home/leejunmi/ros2_ws/install/examples_rclpy_minimal_action_server:/home/leejunmi/ros2_ws/install/examples_rclpy_minimal_action_client:/home/leejunmi/ros2_ws/install/examples_rclpy_guard_conditions:/home/leejunmi/ros2_ws/install/examples_rclpy_executors:/opt/ros/humble /usr/bin/cmake --build /home/leejunmi/ros2_ws/build/number -- -j8 -l8
[1.838s] [35m[1mConsolidate compiler generated dependencies of target number__rosidl_generator_c[0m
[1.856s] [  3%] Built target number__cpp
[1.866s] [ 12%] Built target number__rosidl_generator_c
[1.884s] [35m[1mConsolidate compiler generated dependencies of target number__rosidl_typesupport_introspection_cpp[0m
[1.887s] [35m[1mConsolidate compiler generated dependencies of target number__rosidl_typesupport_cpp[0m
[1.887s] [35m[1mConsolidate compiler generated dependencies of target number__rosidl_typesupport_fastrtps_cpp[0m
[1.895s] [35m[1mConsolidate compiler generated dependencies of target number__rosidl_typesupport_c[0m
[1.901s] [35m[1mConsolidate compiler generated dependencies of target number__rosidl_typesupport_fastrtps_c[0m
[1.906s] [ 12%] Built target ament_cmake_python_copy_number
[1.909s] [35m[1mConsolidate compiler generated dependencies of target number__rosidl_typesupport_introspection_c[0m
[1.934s] [ 22%] Built target number__rosidl_typesupport_c
[1.939s] [ 32%] Built target number__rosidl_typesupport_cpp
[1.949s] [ 45%] Built target number__rosidl_typesupport_introspection_cpp
[1.950s] [ 58%] Built target number__rosidl_typesupport_fastrtps_c
[1.951s] [ 61%] Built target number__rosidl_typesupport_introspection_c
[1.953s] [ 70%] Built target number__rosidl_typesupport_fastrtps_cpp
[2.021s] [ 70%] Built target number
[2.086s] [ 74%] Built target number__py
[2.103s] [35m[1mConsolidate compiler generated dependencies of target number__rosidl_generator_py[0m
[2.143s] [ 80%] Built target number__rosidl_generator_py
[2.171s] [35m[1mConsolidate compiler generated dependencies of target number__rosidl_typesupport_fastrtps_c__pyext[0m
[2.176s] [35m[1mConsolidate compiler generated dependencies of target number__rosidl_typesupport_introspection_c__pyext[0m
[2.176s] [35m[1mConsolidate compiler generated dependencies of target number__rosidl_typesupport_c__pyext[0m
[2.205s] [ 87%] Built target number__rosidl_typesupport_fastrtps_c__pyext
[2.216s] [ 93%] Built target number__rosidl_typesupport_introspection_c__pyext
[2.219s] [100%] Built target number__rosidl_typesupport_c__pyext
[2.579s] running egg_info
[2.582s] writing number.egg-info/PKG-INFO
[2.582s] writing dependency_links to number.egg-info/dependency_links.txt
[2.582s] writing top-level names to number.egg-info/top_level.txt
[2.592s] reading manifest file 'number.egg-info/SOURCES.txt'
[2.592s] writing manifest file 'number.egg-info/SOURCES.txt'
[2.670s] [100%] Built target ament_cmake_python_build_number_egg
[2.704s] Invoked command in '/home/leejunmi/ros2_ws/build/number' returned '0': CMAKE_PREFIX_PATH=${CMAKE_PREFIX_PATH}:/home/leejunmi/ros2_ws/install/py_pubsub:/home/leejunmi/ros2_ws/install/test_pkg:/home/leejunmi/ros2_ws/install/python_parameters:/home/leejunmi/ros2_ws/install/pkpk:/home/leejunmi/ros2_ws/install/msg_test:/home/leejunmi/ros2_ws/install/my_package:/home/leejunmi/ros2_ws/install/lidar_intensity:/home/leejunmi/ros2_ws/install/launch_testing_examples:/home/leejunmi/ros2_ws/install/img:/home/leejunmi/ros2_ws/install/examples_rclpy_pointcloud_publisher:/home/leejunmi/ros2_ws/install/examples_rclpy_minimal_subscriber:/home/leejunmi/ros2_ws/install/examples_rclpy_minimal_service:/home/leejunmi/ros2_ws/install/examples_rclpy_minimal_publisher:/home/leejunmi/ros2_ws/install/examples_rclpy_minimal_client:/home/leejunmi/ros2_ws/install/examples_rclpy_minimal_action_server:/home/leejunmi/ros2_ws/install/examples_rclpy_minimal_action_client:/home/leejunmi/ros2_ws/install/examples_rclpy_guard_conditions:/home/leejunmi/ros2_ws/install/examples_rclpy_executors:/opt/ros/humble /usr/bin/cmake --build /home/leejunmi/ros2_ws/build/number -- -j8 -l8
[2.719s] Invoking command in '/home/leejunmi/ros2_ws/build/number': CMAKE_PREFIX_PATH=${CMAKE_PREFIX_PATH}:/home/leejunmi/ros2_ws/install/py_pubsub:/home/leejunmi/ros2_ws/install/test_pkg:/home/leejunmi/ros2_ws/install/python_parameters:/home/leejunmi/ros2_ws/install/pkpk:/home/leejunmi/ros2_ws/install/msg_test:/home/leejunmi/ros2_ws/install/my_package:/home/leejunmi/ros2_ws/install/lidar_intensity:/home/leejunmi/ros2_ws/install/launch_testing_examples:/home/leejunmi/ros2_ws/install/img:/home/leejunmi/ros2_ws/install/examples_rclpy_pointcloud_publisher:/home/leejunmi/ros2_ws/install/examples_rclpy_minimal_subscriber:/home/leejunmi/ros2_ws/install/examples_rclpy_minimal_service:/home/leejunmi/ros2_ws/install/examples_rclpy_minimal_publisher:/home/leejunmi/ros2_ws/install/examples_rclpy_minimal_client:/home/leejunmi/ros2_ws/install/examples_rclpy_minimal_action_server:/home/leejunmi/ros2_ws/install/examples_rclpy_minimal_action_client:/home/leejunmi/ros2_ws/install/examples_rclpy_guard_conditions:/home/leejunmi/ros2_ws/install/examples_rclpy_executors:/opt/ros/humble /usr/bin/cmake --install /home/leejunmi/ros2_ws/build/number
[2.736s] -- Install configuration: "Debug"
[2.736s] -- Up-to-date: /home/leejunmi/ros2_ws/install/number/share/ament_index/resource_index/rosidl_interfaces/number
[2.736s] -- Up-to-date: /home/leejunmi/ros2_ws/install/number/include/number/number
[2.736s] -- Up-to-date: /home/leejunmi/ros2_ws/install/number/include/number/number/msg
[2.736s] -- Up-to-date: /home/leejunmi/ros2_ws/install/number/include/number/number/msg/detail
[2.736s] -- Up-to-date: /home/leejunmi/ros2_ws/install/number/include/number/number/msg/detail/num_num__type_support.h
[2.737s] -- Up-to-date: /home/leejunmi/ros2_ws/install/number/include/number/number/msg/detail/num_num__functions.c
[2.737s] -- Up-to-date: /home/leejunmi/ros2_ws/install/number/include/number/number/msg/detail/num_num__struct.h
[2.737s] -- Up-to-date: /home/leejunmi/ros2_ws/install/number/include/number/number/msg/detail/num_num__functions.h
[2.737s] -- Up-to-date: /home/leejunmi/ros2_ws/install/number/include/number/number/msg/num_num.h
[2.737s] -- Up-to-date: /home/leejunmi/ros2_ws/install/number/include/number/number/msg/rosidl_generator_c__visibility_control.h
[2.737s] -- Up-to-date: /home/leejunmi/ros2_ws/install/number/share/number/environment/library_path.sh
[2.737s] -- Installing: /home/leejunmi/ros2_ws/install/number/share/number/environment/library_path.dsv
[2.738s] -- Up-to-date: /home/leejunmi/ros2_ws/install/number/lib/libnumber__rosidl_generator_c.so
[2.739s] -- Up-to-date: /home/leejunmi/ros2_ws/install/number/include/number/number
[2.739s] -- Up-to-date: /home/leejunmi/ros2_ws/install/number/include/number/number/msg
[2.739s] -- Up-to-date: /home/leejunmi/ros2_ws/install/number/include/number/number/msg/rosidl_typesupport_fastrtps_c__visibility_control.h
[2.739s] -- Up-to-date: /home/leejunmi/ros2_ws/install/number/include/number/number/msg/detail
[2.739s] -- Up-to-date: /home/leejunmi/ros2_ws/install/number/include/number/number/msg/detail/num_num__rosidl_typesupport_fastrtps_c.h
[2.741s] -- Up-to-date: /home/leejunmi/ros2_ws/install/number/lib/libnumber__rosidl_typesupport_fastrtps_c.so
[2.741s] -- Up-to-date: /home/leejunmi/ros2_ws/install/number/include/number/number
[2.742s] -- Up-to-date: /home/leejunmi/ros2_ws/install/number/include/number/number/msg
[2.742s] -- Up-to-date: /home/leejunmi/ros2_ws/install/number/include/number/number/msg/rosidl_typesupport_introspection_c__visibility_control.h
[2.742s] -- Up-to-date: /home/leejunmi/ros2_ws/install/number/include/number/number/msg/detail
[2.743s] -- Up-to-date: /home/leejunmi/ros2_ws/install/number/include/number/number/msg/detail/num_num__rosidl_typesupport_introspection_c.h
[2.743s] -- Up-to-date: /home/leejunmi/ros2_ws/install/number/include/number/number/msg/detail/num_num__type_support.c
[2.744s] -- Up-to-date: /home/leejunmi/ros2_ws/install/number/lib/libnumber__rosidl_typesupport_introspection_c.so
[2.746s] -- Up-to-date: /home/leejunmi/ros2_ws/install/number/lib/libnumber__rosidl_typesupport_c.so
[2.746s] -- Up-to-date: /home/leejunmi/ros2_ws/install/number/include/number/number
[2.746s] -- Up-to-date: /home/leejunmi/ros2_ws/install/number/include/number/number/msg
[2.746s] -- Up-to-date: /home/leejunmi/ros2_ws/install/number/include/number/number/msg/rosidl_generator_cpp__visibility_control.hpp
[2.747s] -- Up-to-date: /home/leejunmi/ros2_ws/install/number/include/number/number/msg/detail
[2.747s] -- Up-to-date: /home/leejunmi/ros2_ws/install/number/include/number/number/msg/detail/num_num__struct.hpp
[2.747s] -- Up-to-date: /home/leejunmi/ros2_ws/install/number/include/number/number/msg/detail/num_num__builder.hpp
[2.748s] -- Up-to-date: /home/leejunmi/ros2_ws/install/number/include/number/number/msg/detail/num_num__type_support.hpp
[2.748s] -- Up-to-date: /home/leejunmi/ros2_ws/install/number/include/number/number/msg/detail/num_num__traits.hpp
[2.748s] -- Up-to-date: /home/leejunmi/ros2_ws/install/number/include/number/number/msg/num_num.hpp
[2.749s] -- Up-to-date: /home/leejunmi/ros2_ws/install/number/include/number/number
[2.749s] -- Up-to-date: /home/leejunmi/ros2_ws/install/number/include/number/number/msg
[2.749s] -- Up-to-date: /home/leejunmi/ros2_ws/install/number/include/number/number/msg/rosidl_typesupport_fastrtps_cpp__visibility_control.h
[2.749s] -- Up-to-date: /home/leejunmi/ros2_ws/install/number/include/number/number/msg/detail
[2.749s] -- Up-to-date: /home/leejunmi/ros2_ws/install/number/include/number/number/msg/detail/dds_fastrtps
[2.749s] -- Up-to-date: /home/leejunmi/ros2_ws/install/number/include/number/number/msg/detail/num_num__rosidl_typesupport_fastrtps_cpp.hpp
[2.751s] -- Up-to-date: /home/leejunmi/ros2_ws/install/number/lib/libnumber__rosidl_typesupport_fastrtps_cpp.so
[2.751s] -- Up-to-date: /home/leejunmi/ros2_ws/install/number/include/number/number
[2.751s] -- Up-to-date: /home/leejunmi/ros2_ws/install/number/include/number/number/msg
[2.751s] -- Up-to-date: /home/leejunmi/ros2_ws/install/number/include/number/number/msg/detail
[2.752s] -- Up-to-date: /home/leejunmi/ros2_ws/install/number/include/number/number/msg/detail/num_num__rosidl_typesupport_introspection_cpp.hpp
[2.752s] -- Up-to-date: /home/leejunmi/ros2_ws/install/number/include/number/number/msg/detail/num_num__type_support.cpp
[2.753s] -- Up-to-date: /home/leejunmi/ros2_ws/install/number/lib/libnumber__rosidl_typesupport_introspection_cpp.so
[2.756s] -- Up-to-date: /home/leejunmi/ros2_ws/install/number/lib/libnumber__rosidl_typesupport_cpp.so
[2.757s] -- Up-to-date: /home/leejunmi/ros2_ws/install/number/share/number/environment/pythonpath.sh
[2.757s] -- Installing: /home/leejunmi/ros2_ws/install/number/share/number/environment/pythonpath.dsv
[2.757s] -- Up-to-date: /home/leejunmi/ros2_ws/install/number/local/lib/python3.10/dist-packages/number-0.0.0-py3.10.egg-info
[2.757s] -- Installing: /home/leejunmi/ros2_ws/install/number/local/lib/python3.10/dist-packages/number-0.0.0-py3.10.egg-info/PKG-INFO
[2.757s] -- Installing: /home/leejunmi/ros2_ws/install/number/local/lib/python3.10/dist-packages/number-0.0.0-py3.10.egg-info/top_level.txt
[2.757s] -- Installing: /home/leejunmi/ros2_ws/install/number/local/lib/python3.10/dist-packages/number-0.0.0-py3.10.egg-info/SOURCES.txt
[2.757s] -- Installing: /home/leejunmi/ros2_ws/install/number/local/lib/python3.10/dist-packages/number-0.0.0-py3.10.egg-info/dependency_links.txt
[2.758s] -- Up-to-date: /home/leejunmi/ros2_ws/install/number/local/lib/python3.10/dist-packages/number
[2.758s] -- Up-to-date: /home/leejunmi/ros2_ws/install/number/local/lib/python3.10/dist-packages/number/_number_s.ep.rosidl_typesupport_fastrtps_c.c
[2.758s] -- Up-to-date: /home/leejunmi/ros2_ws/install/number/local/lib/python3.10/dist-packages/number/msg
[2.758s] -- Up-to-date: /home/leejunmi/ros2_ws/install/number/local/lib/python3.10/dist-packages/number/msg/_num_num.py
[2.758s] -- Up-to-date: /home/leejunmi/ros2_ws/install/number/local/lib/python3.10/dist-packages/number/msg/__init__.py
[2.758s] -- Up-to-date: /home/leejunmi/ros2_ws/install/number/local/lib/python3.10/dist-packages/number/msg/_num_num_s.c
[2.758s] -- Up-to-date: /home/leejunmi/ros2_ws/install/number/local/lib/python3.10/dist-packages/number/number_s__rosidl_typesupport_introspection_c.cpython-310-x86_64-linux-gnu.so
[2.758s] -- Up-to-date: /home/leejunmi/ros2_ws/install/number/local/lib/python3.10/dist-packages/number/_number_s.ep.rosidl_typesupport_c.c
[2.758s] -- Up-to-date: /home/leejunmi/ros2_ws/install/number/local/lib/python3.10/dist-packages/number/number_s__rosidl_typesupport_c.cpython-310-x86_64-linux-gnu.so
[2.759s] -- Up-to-date: /home/leejunmi/ros2_ws/install/number/local/lib/python3.10/dist-packages/number/libnumber__rosidl_generator_py.so
[2.759s] -- Installing: /home/leejunmi/ros2_ws/install/number/local/lib/python3.10/dist-packages/number/__init__.py
[2.759s] -- Up-to-date: /home/leejunmi/ros2_ws/install/number/local/lib/python3.10/dist-packages/number/_number_s.ep.rosidl_typesupport_introspection_c.c
[2.759s] -- Up-to-date: /home/leejunmi/ros2_ws/install/number/local/lib/python3.10/dist-packages/number/number_s__rosidl_typesupport_fastrtps_c.cpython-310-x86_64-linux-gnu.so
[2.829s] Listing '/home/leejunmi/ros2_ws/install/number/local/lib/python3.10/dist-packages/number'...
[2.830s] Compiling '/home/leejunmi/ros2_ws/install/number/local/lib/python3.10/dist-packages/number/__init__.py'...
[2.830s] Listing '/home/leejunmi/ros2_ws/install/number/local/lib/python3.10/dist-packages/number/msg'...
[2.840s] -- Up-to-date: /home/leejunmi/ros2_ws/install/number/local/lib/python3.10/dist-packages/number/number_s__rosidl_typesupport_fastrtps_c.cpython-310-x86_64-linux-gnu.so
[2.841s] -- Up-to-date: /home/leejunmi/ros2_ws/install/number/local/lib/python3.10/dist-packages/number/number_s__rosidl_typesupport_introspection_c.cpython-310-x86_64-linux-gnu.so
[2.841s] -- Up-to-date: /home/leejunmi/ros2_ws/install/number/local/lib/python3.10/dist-packages/number/number_s__rosidl_typesupport_c.cpython-310-x86_64-linux-gnu.so
[2.842s] -- Up-to-date: /home/leejunmi/ros2_ws/install/number/lib/libnumber__rosidl_generator_py.so
[2.844s] -- Up-to-date: /home/leejunmi/ros2_ws/install/number/share/number/msg/NumNum.idl
[2.844s] -- Up-to-date: /home/leejunmi/ros2_ws/install/number/share/number/msg/NumNum.msg
[2.844s] -- Up-to-date: /home/leejunmi/ros2_ws/install/number/share/ament_index/resource_index/package_run_dependencies/number
[2.845s] -- Installing: /home/leejunmi/ros2_ws/install/number/share/ament_index/resource_index/parent_prefix_path/number
[2.845s] -- Up-to-date: /home/leejunmi/ros2_ws/install/number/share/number/environment/ament_prefix_path.sh
[2.845s] -- Installing: /home/leejunmi/ros2_ws/install/number/share/number/environment/ament_prefix_path.dsv
[2.845s] -- Up-to-date: /home/leejunmi/ros2_ws/install/number/share/number/environment/path.sh
[2.845s] -- Installing: /home/leejunmi/ros2_ws/install/number/share/number/environment/path.dsv
[2.845s] -- Up-to-date: /home/leejunmi/ros2_ws/install/number/share/number/local_setup.bash
[2.845s] -- Up-to-date: /home/leejunmi/ros2_ws/install/number/share/number/local_setup.sh
[2.845s] -- Up-to-date: /home/leejunmi/ros2_ws/install/number/share/number/local_setup.zsh
[2.845s] -- Installing: /home/leejunmi/ros2_ws/install/number/share/number/local_setup.dsv
[2.846s] -- Installing: /home/leejunmi/ros2_ws/install/number/share/number/package.dsv
[2.846s] -- Up-to-date: /home/leejunmi/ros2_ws/install/number/share/ament_index/resource_index/packages/number
[2.846s] -- Up-to-date: /home/leejunmi/ros2_ws/install/number/share/number/cmake/export_number__rosidl_generator_cExport.cmake
[2.846s] -- Up-to-date: /home/leejunmi/ros2_ws/install/number/share/number/cmake/export_number__rosidl_generator_cExport-debug.cmake
[2.846s] -- Up-to-date: /home/leejunmi/ros2_ws/install/number/share/number/cmake/export_number__rosidl_typesupport_fastrtps_cExport.cmake
[2.846s] -- Up-to-date: /home/leejunmi/ros2_ws/install/number/share/number/cmake/export_number__rosidl_typesupport_fastrtps_cExport-debug.cmake
[2.847s] -- Up-to-date: /home/leejunmi/ros2_ws/install/number/share/number/cmake/number__rosidl_typesupport_introspection_cExport.cmake
[2.847s] -- Up-to-date: /home/leejunmi/ros2_ws/install/number/share/number/cmake/number__rosidl_typesupport_introspection_cExport-debug.cmake
[2.847s] -- Up-to-date: /home/leejunmi/ros2_ws/install/number/share/number/cmake/number__rosidl_typesupport_cExport.cmake
[2.847s] -- Up-to-date: /home/leejunmi/ros2_ws/install/number/share/number/cmake/number__rosidl_typesupport_cExport-debug.cmake
[2.848s] -- Up-to-date: /home/leejunmi/ros2_ws/install/number/share/number/cmake/export_number__rosidl_generator_cppExport.cmake
[2.848s] -- Up-to-date: /home/leejunmi/ros2_ws/install/number/share/number/cmake/export_number__rosidl_typesupport_fastrtps_cppExport.cmake
[2.848s] -- Up-to-date: /home/leejunmi/ros2_ws/install/number/share/number/cmake/export_number__rosidl_typesupport_fastrtps_cppExport-debug.cmake
[2.848s] -- Up-to-date: /home/leejunmi/ros2_ws/install/number/share/number/cmake/number__rosidl_typesupport_introspection_cppExport.cmake
[2.848s] -- Up-to-date: /home/leejunmi/ros2_ws/install/number/share/number/cmake/number__rosidl_typesupport_introspection_cppExport-debug.cmake
[2.848s] -- Up-to-date: /home/leejunmi/ros2_ws/install/number/share/number/cmake/number__rosidl_typesupport_cppExport.cmake
[2.848s] -- Up-to-date: /home/leejunmi/ros2_ws/install/number/share/number/cmake/number__rosidl_typesupport_cppExport-debug.cmake
[2.848s] -- Up-to-date: /home/leejunmi/ros2_ws/install/number/share/number/cmake/export_number__rosidl_generator_pyExport.cmake
[2.849s] -- Up-to-date: /home/leejunmi/ros2_ws/install/number/share/number/cmake/export_number__rosidl_generator_pyExport-debug.cmake
[2.849s] -- Up-to-date: /home/leejunmi/ros2_ws/install/number/share/number/cmake/rosidl_cmake-extras.cmake
[2.849s] -- Up-to-date: /home/leejunmi/ros2_ws/install/number/share/number/cmake/ament_cmake_export_include_directories-extras.cmake
[2.849s] -- Up-to-date: /home/leejunmi/ros2_ws/install/number/share/number/cmake/ament_cmake_export_libraries-extras.cmake
[2.849s] -- Up-to-date: /home/leejunmi/ros2_ws/install/number/share/number/cmake/ament_cmake_export_targets-extras.cmake
[2.849s] -- Up-to-date: /home/leejunmi/ros2_ws/install/number/share/number/cmake/rosidl_cmake_export_typesupport_targets-extras.cmake
[2.849s] -- Up-to-date: /home/leejunmi/ros2_ws/install/number/share/number/cmake/ament_cmake_export_dependencies-extras.cmake
[2.849s] -- Up-to-date: /home/leejunmi/ros2_ws/install/number/share/number/cmake/rosidl_cmake_export_typesupport_libraries-extras.cmake
[2.849s] -- Up-to-date: /home/leejunmi/ros2_ws/install/number/share/number/cmake/numberConfig.cmake
[2.850s] -- Up-to-date: /home/leejunmi/ros2_ws/install/number/share/number/cmake/numberConfig-version.cmake
[2.850s] -- Up-to-date: /home/leejunmi/ros2_ws/install/number/share/number/package.xml
[2.879s] Invoked command in '/home/leejunmi/ros2_ws/build/number' returned '0': CMAKE_PREFIX_PATH=${CMAKE_PREFIX_PATH}:/home/leejunmi/ros2_ws/install/py_pubsub:/home/leejunmi/ros2_ws/install/test_pkg:/home/leejunmi/ros2_ws/install/python_parameters:/home/leejunmi/ros2_ws/install/pkpk:/home/leejunmi/ros2_ws/install/msg_test:/home/leejunmi/ros2_ws/install/my_package:/home/leejunmi/ros2_ws/install/lidar_intensity:/home/leejunmi/ros2_ws/install/launch_testing_examples:/home/leejunmi/ros2_ws/install/img:/home/leejunmi/ros2_ws/install/examples_rclpy_pointcloud_publisher:/home/leejunmi/ros2_ws/install/examples_rclpy_minimal_subscriber:/home/leejunmi/ros2_ws/install/examples_rclpy_minimal_service:/home/leejunmi/ros2_ws/install/examples_rclpy_minimal_publisher:/home/leejunmi/ros2_ws/install/examples_rclpy_minimal_client:/home/leejunmi/ros2_ws/install/examples_rclpy_minimal_action_server:/home/leejunmi/ros2_ws/install/examples_rclpy_minimal_action_client:/home/leejunmi/ros2_ws/install/examples_rclpy_guard_conditions:/home/leejunmi/ros2_ws/install/examples_rclpy_executors:/opt/ros/humble /usr/bin/cmake --install /home/leejunmi/ros2_ws/build/number
