-- Found ament_cmake: 1.3.11 (/opt/ros/humble/share/ament_cmake/cmake)
-- Found rosidl_default_generators: 1.2.0 (/opt/ros/humble/share/rosidl_default_generators/cmake)
-- Using all available rosidl_typesupport_c: rosidl_typesupport_fastrtps_c;rosidl_typesupport_introspection_c
-- Found rosidl_adapter: 3.1.6 (/opt/ros/humble/share/rosidl_adapter/cmake)
-- Using all available rosidl_typesupport_cpp: rosidl_typesupport_fastrtps_cpp;rosidl_typesupport_introspection_cpp
-- Found ament_cmake_ros: 0.10.0 (/opt/ros/humble/share/ament_cmake_ros/cmake)
-- Using all available rosidl_typesupport_c: rosidl_typesupport_fastrtps_c;rosidl_typesupport_introspection_c
-- Using all available rosidl_typesupport_cpp: rosidl_typesupport_fastrtps_cpp;rosidl_typesupport_introspection_cpp
-- Found python_cmake_module: 0.10.0 (/opt/ros/humble/share/python_cmake_module/cmake)
-- Using PYTHON_EXECUTABLE: /usr/bin/python3
-- Using PYTHON_INCLUDE_DIRS: /usr/include/python3.10
-- Using PYTHON_LIBRARIES: /usr/lib/x86_64-linux-gnu/libpython3.10.so
-- Found ament_lint_auto: 0.12.11 (/opt/ros/humble/share/ament_lint_auto/cmake)
-- Added test 'lint_cmake' to check CMake code style
-- Added test 'xmllint' to check XML markup files
-- Configuring done
-- Generating done
-- Build files have been written to: /home/leejunmi/ros2_ws/build/number
[35m[1mConsolidate compiler generated dependencies of target number__rosidl_generator_c[0m
[  9%] Built target number__rosidl_generator_c
[ 12%] [34m[1mGenerating C++ code for ROS interfaces[0m
[35m[1mConsolidate compiler generated dependencies of target number__rosidl_typesupport_introspection_c[0m
[35m[1mConsolidate compiler generated dependencies of target number__rosidl_typesupport_c[0m
[35m[1mConsolidate compiler generated dependencies of target number__rosidl_typesupport_fastrtps_c[0m
[ 12%] Built target ament_cmake_python_copy_number
[ 22%] Built target number__rosidl_typesupport_introspection_c
[ 32%] Built target number__rosidl_typesupport_c
[ 41%] Built target number__rosidl_typesupport_fastrtps_c
[ 41%] Built target number__cpp
[35m[1mConsolidate compiler generated dependencies of target number__rosidl_typesupport_fastrtps_cpp[0m
[35m[1mConsolidate compiler generated dependencies of target number__rosidl_typesupport_introspection_cpp[0m
[35m[1mConsolidate compiler generated dependencies of target number__rosidl_typesupport_cpp[0m
[ 45%] [32mBuilding CXX object CMakeFiles/number__rosidl_typesupport_introspection_cpp.dir/rosidl_typesupport_introspection_cpp/number/msg/detail/num_num__type_support.cpp.o[0m
[ 48%] [32mBuilding CXX object CMakeFiles/number__rosidl_typesupport_fastrtps_cpp.dir/rosidl_typesupport_fastrtps_cpp/number/msg/detail/dds_fastrtps/num_num__type_support.cpp.o[0m
[ 51%] [32mBuilding CXX object CMakeFiles/number__rosidl_typesupport_cpp.dir/rosidl_typesupport_cpp/number/msg/num_num__type_support.cpp.o[0m
running egg_info
writing number.egg-info/PKG-INFO
writing dependency_links to number.egg-info/dependency_links.txt
writing top-level names to number.egg-info/top_level.txt
reading manifest file 'number.egg-info/SOURCES.txt'
writing manifest file 'number.egg-info/SOURCES.txt'
[ 51%] Built target ament_cmake_python_build_number_egg
[ 54%] [32m[1mLinking CXX shared library libnumber__rosidl_typesupport_cpp.so[0m
[ 58%] Built target number__rosidl_typesupport_cpp
[ 61%] [32m[1mLinking CXX shared library libnumber__rosidl_typesupport_introspection_cpp.so[0m
[ 64%] [32m[1mLinking CXX shared library libnumber__rosidl_typesupport_fastrtps_cpp.so[0m
[ 67%] Built target number__rosidl_typesupport_introspection_cpp
[ 70%] Built target number__rosidl_typesupport_fastrtps_cpp
[ 70%] Built target number
[ 74%] Built target number__py
[35m[1mConsolidate compiler generated dependencies of target number__rosidl_generator_py[0m
[ 80%] Built target number__rosidl_generator_py
[35m[1mConsolidate compiler generated dependencies of target number__rosidl_typesupport_introspection_c__pyext[0m
[35m[1mConsolidate compiler generated dependencies of target number__rosidl_typesupport_c__pyext[0m
[35m[1mConsolidate compiler generated dependencies of target number__rosidl_typesupport_fastrtps_c__pyext[0m
[ 87%] Built target number__rosidl_typesupport_introspection_c__pyext
[ 93%] Built target number__rosidl_typesupport_c__pyext
[100%] Built target number__rosidl_typesupport_fastrtps_c__pyext
-- Install configuration: ""
-- Up-to-date: /home/leejunmi/ros2_ws/install/number/share/ament_index/resource_index/rosidl_interfaces/number
-- Up-to-date: /home/leejunmi/ros2_ws/install/number/include/number/number
-- Up-to-date: /home/leejunmi/ros2_ws/install/number/include/number/number/msg
-- Up-to-date: /home/leejunmi/ros2_ws/install/number/include/number/number/msg/detail
-- Up-to-date: /home/leejunmi/ros2_ws/install/number/include/number/number/msg/detail/num_num__type_support.h
-- Up-to-date: /home/leejunmi/ros2_ws/install/number/include/number/number/msg/detail/num_num__functions.c
-- Up-to-date: /home/leejunmi/ros2_ws/install/number/include/number/number/msg/detail/num_num__struct.h
-- Up-to-date: /home/leejunmi/ros2_ws/install/number/include/number/number/msg/detail/num_num__functions.h
-- Up-to-date: /home/leejunmi/ros2_ws/install/number/include/number/number/msg/num_num.h
-- Up-to-date: /home/leejunmi/ros2_ws/install/number/include/number/number/msg/rosidl_generator_c__visibility_control.h
-- Up-to-date: /home/leejunmi/ros2_ws/install/number/share/number/environment/library_path.sh
-- Installing: /home/leejunmi/ros2_ws/install/number/share/number/environment/library_path.dsv
-- Up-to-date: /home/leejunmi/ros2_ws/install/number/lib/libnumber__rosidl_generator_c.so
-- Up-to-date: /home/leejunmi/ros2_ws/install/number/include/number/number
-- Up-to-date: /home/leejunmi/ros2_ws/install/number/include/number/number/msg
-- Up-to-date: /home/leejunmi/ros2_ws/install/number/include/number/number/msg/rosidl_typesupport_fastrtps_c__visibility_control.h
-- Up-to-date: /home/leejunmi/ros2_ws/install/number/include/number/number/msg/detail
-- Up-to-date: /home/leejunmi/ros2_ws/install/number/include/number/number/msg/detail/num_num__rosidl_typesupport_fastrtps_c.h
-- Up-to-date: /home/leejunmi/ros2_ws/install/number/lib/libnumber__rosidl_typesupport_fastrtps_c.so
-- Up-to-date: /home/leejunmi/ros2_ws/install/number/include/number/number
-- Up-to-date: /home/leejunmi/ros2_ws/install/number/include/number/number/msg
-- Up-to-date: /home/leejunmi/ros2_ws/install/number/include/number/number/msg/rosidl_typesupport_introspection_c__visibility_control.h
-- Up-to-date: /home/leejunmi/ros2_ws/install/number/include/number/number/msg/detail
-- Up-to-date: /home/leejunmi/ros2_ws/install/number/include/number/number/msg/detail/num_num__rosidl_typesupport_introspection_c.h
-- Up-to-date: /home/leejunmi/ros2_ws/install/number/include/number/number/msg/detail/num_num__type_support.c
-- Up-to-date: /home/leejunmi/ros2_ws/install/number/lib/libnumber__rosidl_typesupport_introspection_c.so
-- Up-to-date: /home/leejunmi/ros2_ws/install/number/lib/libnumber__rosidl_typesupport_c.so
-- Up-to-date: /home/leejunmi/ros2_ws/install/number/include/number/number
-- Up-to-date: /home/leejunmi/ros2_ws/install/number/include/number/number/msg
-- Installing: /home/leejunmi/ros2_ws/install/number/include/number/number/msg/rosidl_generator_cpp__visibility_control.hpp
-- Up-to-date: /home/leejunmi/ros2_ws/install/number/include/number/number/msg/detail
-- Installing: /home/leejunmi/ros2_ws/install/number/include/number/number/msg/detail/num_num__struct.hpp
-- Installing: /home/leejunmi/ros2_ws/install/number/include/number/number/msg/detail/num_num__builder.hpp
-- Installing: /home/leejunmi/ros2_ws/install/number/include/number/number/msg/detail/num_num__type_support.hpp
-- Installing: /home/leejunmi/ros2_ws/install/number/include/number/number/msg/detail/num_num__traits.hpp
-- Installing: /home/leejunmi/ros2_ws/install/number/include/number/number/msg/num_num.hpp
-- Up-to-date: /home/leejunmi/ros2_ws/install/number/include/number/number
-- Up-to-date: /home/leejunmi/ros2_ws/install/number/include/number/number/msg
-- Up-to-date: /home/leejunmi/ros2_ws/install/number/include/number/number/msg/rosidl_typesupport_fastrtps_cpp__visibility_control.h
-- Up-to-date: /home/leejunmi/ros2_ws/install/number/include/number/number/msg/detail
-- Up-to-date: /home/leejunmi/ros2_ws/install/number/include/number/number/msg/detail/dds_fastrtps
-- Up-to-date: /home/leejunmi/ros2_ws/install/number/include/number/number/msg/detail/num_num__rosidl_typesupport_fastrtps_cpp.hpp
-- Installing: /home/leejunmi/ros2_ws/install/number/lib/libnumber__rosidl_typesupport_fastrtps_cpp.so
-- Set runtime path of "/home/leejunmi/ros2_ws/install/number/lib/libnumber__rosidl_typesupport_fastrtps_cpp.so" to ""
-- Up-to-date: /home/leejunmi/ros2_ws/install/number/include/number/number
-- Up-to-date: /home/leejunmi/ros2_ws/install/number/include/number/number/msg
-- Up-to-date: /home/leejunmi/ros2_ws/install/number/include/number/number/msg/detail
-- Up-to-date: /home/leejunmi/ros2_ws/install/number/include/number/number/msg/detail/num_num__rosidl_typesupport_introspection_cpp.hpp
-- Up-to-date: /home/leejunmi/ros2_ws/install/number/include/number/number/msg/detail/num_num__type_support.cpp
-- Installing: /home/leejunmi/ros2_ws/install/number/lib/libnumber__rosidl_typesupport_introspection_cpp.so
-- Set runtime path of "/home/leejunmi/ros2_ws/install/number/lib/libnumber__rosidl_typesupport_introspection_cpp.so" to ""
-- Installing: /home/leejunmi/ros2_ws/install/number/lib/libnumber__rosidl_typesupport_cpp.so
-- Set runtime path of "/home/leejunmi/ros2_ws/install/number/lib/libnumber__rosidl_typesupport_cpp.so" to ""
-- Up-to-date: /home/leejunmi/ros2_ws/install/number/share/number/environment/pythonpath.sh
-- Installing: /home/leejunmi/ros2_ws/install/number/share/number/environment/pythonpath.dsv
-- Up-to-date: /home/leejunmi/ros2_ws/install/number/local/lib/python3.10/dist-packages/number-0.0.0-py3.10.egg-info
-- Installing: /home/leejunmi/ros2_ws/install/number/local/lib/python3.10/dist-packages/number-0.0.0-py3.10.egg-info/PKG-INFO
-- Installing: /home/leejunmi/ros2_ws/install/number/local/lib/python3.10/dist-packages/number-0.0.0-py3.10.egg-info/top_level.txt
-- Installing: /home/leejunmi/ros2_ws/install/number/local/lib/python3.10/dist-packages/number-0.0.0-py3.10.egg-info/SOURCES.txt
-- Installing: /home/leejunmi/ros2_ws/install/number/local/lib/python3.10/dist-packages/number-0.0.0-py3.10.egg-info/dependency_links.txt
-- Up-to-date: /home/leejunmi/ros2_ws/install/number/local/lib/python3.10/dist-packages/number
-- Up-to-date: /home/leejunmi/ros2_ws/install/number/local/lib/python3.10/dist-packages/number/_number_s.ep.rosidl_typesupport_fastrtps_c.c
-- Up-to-date: /home/leejunmi/ros2_ws/install/number/local/lib/python3.10/dist-packages/number/msg
-- Up-to-date: /home/leejunmi/ros2_ws/install/number/local/lib/python3.10/dist-packages/number/msg/_num_num.py
-- Up-to-date: /home/leejunmi/ros2_ws/install/number/local/lib/python3.10/dist-packages/number/msg/__init__.py
-- Up-to-date: /home/leejunmi/ros2_ws/install/number/local/lib/python3.10/dist-packages/number/msg/_num_num_s.c
-- Up-to-date: /home/leejunmi/ros2_ws/install/number/local/lib/python3.10/dist-packages/number/number_s__rosidl_typesupport_introspection_c.cpython-310-x86_64-linux-gnu.so
-- Up-to-date: /home/leejunmi/ros2_ws/install/number/local/lib/python3.10/dist-packages/number/_number_s.ep.rosidl_typesupport_c.c
-- Up-to-date: /home/leejunmi/ros2_ws/install/number/local/lib/python3.10/dist-packages/number/number_s__rosidl_typesupport_c.cpython-310-x86_64-linux-gnu.so
-- Up-to-date: /home/leejunmi/ros2_ws/install/number/local/lib/python3.10/dist-packages/number/libnumber__rosidl_generator_py.so
-- Installing: /home/leejunmi/ros2_ws/install/number/local/lib/python3.10/dist-packages/number/__init__.py
-- Up-to-date: /home/leejunmi/ros2_ws/install/number/local/lib/python3.10/dist-packages/number/_number_s.ep.rosidl_typesupport_introspection_c.c
-- Up-to-date: /home/leejunmi/ros2_ws/install/number/local/lib/python3.10/dist-packages/number/number_s__rosidl_typesupport_fastrtps_c.cpython-310-x86_64-linux-gnu.so
Listing '/home/leejunmi/ros2_ws/install/number/local/lib/python3.10/dist-packages/number'...
Compiling '/home/leejunmi/ros2_ws/install/number/local/lib/python3.10/dist-packages/number/__init__.py'...
Listing '/home/leejunmi/ros2_ws/install/number/local/lib/python3.10/dist-packages/number/msg'...
-- Up-to-date: /home/leejunmi/ros2_ws/install/number/local/lib/python3.10/dist-packages/number/number_s__rosidl_typesupport_fastrtps_c.cpython-310-x86_64-linux-gnu.so
-- Up-to-date: /home/leejunmi/ros2_ws/install/number/local/lib/python3.10/dist-packages/number/number_s__rosidl_typesupport_introspection_c.cpython-310-x86_64-linux-gnu.so
-- Up-to-date: /home/leejunmi/ros2_ws/install/number/local/lib/python3.10/dist-packages/number/number_s__rosidl_typesupport_c.cpython-310-x86_64-linux-gnu.so
-- Up-to-date: /home/leejunmi/ros2_ws/install/number/lib/libnumber__rosidl_generator_py.so
-- Up-to-date: /home/leejunmi/ros2_ws/install/number/share/number/msg/NumNum.idl
-- Up-to-date: /home/leejunmi/ros2_ws/install/number/share/number/msg/NumNum.msg
-- Up-to-date: /home/leejunmi/ros2_ws/install/number/share/ament_index/resource_index/package_run_dependencies/number
-- Installing: /home/leejunmi/ros2_ws/install/number/share/ament_index/resource_index/parent_prefix_path/number
-- Up-to-date: /home/leejunmi/ros2_ws/install/number/share/number/environment/ament_prefix_path.sh
-- Installing: /home/leejunmi/ros2_ws/install/number/share/number/environment/ament_prefix_path.dsv
-- Up-to-date: /home/leejunmi/ros2_ws/install/number/share/number/environment/path.sh
-- Installing: /home/leejunmi/ros2_ws/install/number/share/number/environment/path.dsv
-- Up-to-date: /home/leejunmi/ros2_ws/install/number/share/number/local_setup.bash
-- Up-to-date: /home/leejunmi/ros2_ws/install/number/share/number/local_setup.sh
-- Up-to-date: /home/leejunmi/ros2_ws/install/number/share/number/local_setup.zsh
-- Installing: /home/leejunmi/ros2_ws/install/number/share/number/local_setup.dsv
-- Installing: /home/leejunmi/ros2_ws/install/number/share/number/package.dsv
-- Up-to-date: /home/leejunmi/ros2_ws/install/number/share/ament_index/resource_index/packages/number
-- Up-to-date: /home/leejunmi/ros2_ws/install/number/share/number/cmake/export_number__rosidl_generator_cExport.cmake
-- Up-to-date: /home/leejunmi/ros2_ws/install/number/share/number/cmake/export_number__rosidl_generator_cExport-noconfig.cmake
-- Up-to-date: /home/leejunmi/ros2_ws/install/number/share/number/cmake/export_number__rosidl_typesupport_fastrtps_cExport.cmake
-- Up-to-date: /home/leejunmi/ros2_ws/install/number/share/number/cmake/export_number__rosidl_typesupport_fastrtps_cExport-noconfig.cmake
-- Up-to-date: /home/leejunmi/ros2_ws/install/number/share/number/cmake/number__rosidl_typesupport_introspection_cExport.cmake
-- Up-to-date: /home/leejunmi/ros2_ws/install/number/share/number/cmake/number__rosidl_typesupport_introspection_cExport-noconfig.cmake
-- Up-to-date: /home/leejunmi/ros2_ws/install/number/share/number/cmake/number__rosidl_typesupport_cExport.cmake
-- Up-to-date: /home/leejunmi/ros2_ws/install/number/share/number/cmake/number__rosidl_typesupport_cExport-noconfig.cmake
-- Up-to-date: /home/leejunmi/ros2_ws/install/number/share/number/cmake/export_number__rosidl_generator_cppExport.cmake
-- Up-to-date: /home/leejunmi/ros2_ws/install/number/share/number/cmake/export_number__rosidl_typesupport_fastrtps_cppExport.cmake
-- Up-to-date: /home/leejunmi/ros2_ws/install/number/share/number/cmake/export_number__rosidl_typesupport_fastrtps_cppExport-noconfig.cmake
-- Up-to-date: /home/leejunmi/ros2_ws/install/number/share/number/cmake/number__rosidl_typesupport_introspection_cppExport.cmake
-- Up-to-date: /home/leejunmi/ros2_ws/install/number/share/number/cmake/number__rosidl_typesupport_introspection_cppExport-noconfig.cmake
-- Up-to-date: /home/leejunmi/ros2_ws/install/number/share/number/cmake/number__rosidl_typesupport_cppExport.cmake
-- Up-to-date: /home/leejunmi/ros2_ws/install/number/share/number/cmake/number__rosidl_typesupport_cppExport-noconfig.cmake
-- Up-to-date: /home/leejunmi/ros2_ws/install/number/share/number/cmake/export_number__rosidl_generator_pyExport.cmake
-- Up-to-date: /home/leejunmi/ros2_ws/install/number/share/number/cmake/export_number__rosidl_generator_pyExport-noconfig.cmake
-- Up-to-date: /home/leejunmi/ros2_ws/install/number/share/number/cmake/rosidl_cmake-extras.cmake
-- Up-to-date: /home/leejunmi/ros2_ws/install/number/share/number/cmake/ament_cmake_export_include_directories-extras.cmake
-- Up-to-date: /home/leejunmi/ros2_ws/install/number/share/number/cmake/ament_cmake_export_libraries-extras.cmake
-- Up-to-date: /home/leejunmi/ros2_ws/install/number/share/number/cmake/ament_cmake_export_targets-extras.cmake
-- Up-to-date: /home/leejunmi/ros2_ws/install/number/share/number/cmake/rosidl_cmake_export_typesupport_targets-extras.cmake
-- Up-to-date: /home/leejunmi/ros2_ws/install/number/share/number/cmake/ament_cmake_export_dependencies-extras.cmake
-- Up-to-date: /home/leejunmi/ros2_ws/install/number/share/number/cmake/rosidl_cmake_export_typesupport_libraries-extras.cmake
-- Up-to-date: /home/leejunmi/ros2_ws/install/number/share/number/cmake/numberConfig.cmake
-- Up-to-date: /home/leejunmi/ros2_ws/install/number/share/number/cmake/numberConfig-version.cmake
-- Installing: /home/leejunmi/ros2_ws/install/number/share/number/package.xml
