[0.286s] Invoking command in '/home/leejunmi/ros2_ws/build/number': CMAKE_PREFIX_PATH=/opt/ros/humble /usr/bin/cmake /home/leejunmi/ros2_ws/src/number -DCMAKE_INSTALL_PREFIX=/home/leejunmi/ros2_ws/install/number
[0.917s] -- The C compiler identification is GNU 11.4.0
[0.917s] -- The CXX compiler identification is GNU 11.4.0
[0.917s] -- Detecting C compiler ABI info
[0.917s] -- Detecting C compiler ABI info - done
[0.918s] -- Check for working C compiler: /usr/bin/cc - skipped
[0.918s] -- Detecting C compile features
[0.918s] -- Detecting C compile features - done
[0.918s] -- Detecting CXX compiler ABI info
[0.918s] -- Detecting CXX compiler ABI info - done
[0.918s] -- Check for working CXX compiler: /usr/bin/c++ - skipped
[0.918s] -- Detecting CXX compile features
[0.918s] -- Detecting CXX compile features - done
[0.918s] -- Found ament_cmake: 1.3.10 (/opt/ros/humble/share/ament_cmake/cmake)
[0.918s] -- Found Python3: /usr/bin/python3 (found version "3.10.12") found components: Interpreter 
[0.918s] -- Found rosidl_default_generators: 1.2.0 (/opt/ros/humble/share/rosidl_default_generators/cmake)
[0.918s] -- Using all available rosidl_typesupport_c: rosidl_typesupport_fastrtps_c;rosidl_typesupport_introspection_c
[0.919s] -- Found rosidl_adapter: 3.1.5 (/opt/ros/humble/share/rosidl_adapter/cmake)
[0.954s] -- Using all available rosidl_typesupport_cpp: rosidl_typesupport_fastrtps_cpp;rosidl_typesupport_introspection_cpp
[1.282s] -- Found ament_cmake_ros: 0.10.0 (/opt/ros/humble/share/ament_cmake_ros/cmake)
[1.492s] -- Using all available rosidl_typesupport_c: rosidl_typesupport_fastrtps_c;rosidl_typesupport_introspection_c
[1.770s] -- Using all available rosidl_typesupport_cpp: rosidl_typesupport_fastrtps_cpp;rosidl_typesupport_introspection_cpp
[1.792s] -- Found PythonInterp: /usr/bin/python3 (found suitable version "3.10.12", minimum required is "3.6") 
[1.794s] -- Found python_cmake_module: 0.10.0 (/opt/ros/humble/share/python_cmake_module/cmake)
[1.819s] -- Found PythonLibs: /usr/lib/x86_64-linux-gnu/libpython3.10.so (found suitable version "3.10.12", minimum required is "3.5") 
[1.819s] -- Using PYTHON_EXECUTABLE: /usr/bin/python3
[1.820s] -- Using PYTHON_INCLUDE_DIRS: /usr/include/python3.10
[1.820s] -- Using PYTHON_LIBRARIES: /usr/lib/x86_64-linux-gnu/libpython3.10.so
[1.841s] -- Found PythonExtra: .so  
[1.872s] -- Found ament_lint_auto: 0.12.11 (/opt/ros/humble/share/ament_lint_auto/cmake)
[1.887s] -- Added test 'lint_cmake' to check CMake code style
[1.888s] -- Added test 'xmllint' to check XML markup files
[1.890s] -- Configuring done
[1.916s] -- Generating done
[1.925s] -- Build files have been written to: /home/leejunmi/ros2_ws/build/number
[1.930s] Invoked command in '/home/leejunmi/ros2_ws/build/number' returned '0': CMAKE_PREFIX_PATH=/opt/ros/humble /usr/bin/cmake /home/leejunmi/ros2_ws/src/number -DCMAKE_INSTALL_PREFIX=/home/leejunmi/ros2_ws/install/number
[1.932s] Invoking command in '/home/leejunmi/ros2_ws/build/number': CMAKE_PREFIX_PATH=/opt/ros/humble /usr/bin/cmake --build /home/leejunmi/ros2_ws/build/number -- -j8 -l8
[1.966s] [  3%] [34m[1mGenerating C code for ROS interfaces[0m
[1.974s] [  6%] [34m[1mGenerating C++ code for ROS interfaces[0m
[1.982s] [  6%] Built target ament_cmake_python_copy_number
[2.213s] [  6%] Built target number__cpp
[2.221s] [  9%] [32mBuilding C object CMakeFiles/number__rosidl_generator_c.dir/rosidl_generator_c/number/msg/detail/num_num__functions.c.o[0m
[2.223s] [ 12%] [34m[1mGenerating C++ type support for eProsima Fast-RTPS[0m
[2.225s] [ 16%] [34m[1mGenerating C++ introspection for ROS interfaces[0m
[2.225s] [ 19%] [34m[1mGenerating C++ type support dispatch for ROS interfaces[0m
[2.237s] running egg_info
[2.238s] creating number.egg-info
[2.238s] writing number.egg-info/PKG-INFO
[2.238s] writing dependency_links to number.egg-info/dependency_links.txt
[2.238s] writing top-level names to number.egg-info/top_level.txt
[2.239s] writing manifest file 'number.egg-info/SOURCES.txt'
[2.241s] reading manifest file 'number.egg-info/SOURCES.txt'
[2.242s] writing manifest file 'number.egg-info/SOURCES.txt'
[2.271s] [ 22%] [32m[1mLinking C shared library libnumber__rosidl_generator_c.so[0m
[2.281s] [ 22%] Built target ament_cmake_python_build_number_egg
[2.308s] [ 22%] Built target number__rosidl_generator_c
[2.318s] [ 25%] [34m[1mGenerating C type support for eProsima Fast-RTPS[0m
[2.320s] [ 32%] [34m[1mGenerating C type support dispatch for ROS interfaces[0m
[2.320s] [ 32%] [34m[1mGenerating C introspection for ROS interfaces[0m
[2.493s] [ 35%] [32mBuilding CXX object CMakeFiles/number__rosidl_typesupport_fastrtps_cpp.dir/rosidl_typesupport_fastrtps_cpp/number/msg/detail/dds_fastrtps/num_num__type_support.cpp.o[0m
[2.578s] [ 38%] [32mBuilding CXX object CMakeFiles/number__rosidl_typesupport_fastrtps_c.dir/rosidl_typesupport_fastrtps_c/number/msg/detail/num_num__type_support_c.cpp.o[0m
[2.620s] [ 41%] [32mBuilding CXX object CMakeFiles/number__rosidl_typesupport_cpp.dir/rosidl_typesupport_cpp/number/msg/num_num__type_support.cpp.o[0m
[2.630s] [ 45%] [32mBuilding CXX object CMakeFiles/number__rosidl_typesupport_introspection_cpp.dir/rosidl_typesupport_introspection_cpp/number/msg/detail/num_num__type_support.cpp.o[0m
[2.722s] [ 48%] [32mBuilding CXX object CMakeFiles/number__rosidl_typesupport_c.dir/rosidl_typesupport_c/number/msg/num_num__type_support.cpp.o[0m
[2.750s] [ 51%] [32mBuilding C object CMakeFiles/number__rosidl_typesupport_introspection_c.dir/rosidl_typesupport_introspection_c/number/msg/detail/num_num__type_support.c.o[0m
[2.751s] [ 54%] [32m[1mLinking CXX shared library libnumber__rosidl_typesupport_c.so[0m
[2.784s] [ 58%] [32m[1mLinking C shared library libnumber__rosidl_typesupport_introspection_c.so[0m
[2.792s] [ 58%] Built target number__rosidl_typesupport_c
[2.812s] [ 58%] Built target number__rosidl_typesupport_introspection_c
[2.962s] [ 61%] [32m[1mLinking CXX shared library libnumber__rosidl_typesupport_cpp.so[0m
[3.002s] [ 61%] Built target number__rosidl_typesupport_cpp
[3.013s] [ 64%] [32m[1mLinking CXX shared library libnumber__rosidl_typesupport_fastrtps_cpp.so[0m
[3.041s] [ 67%] [32m[1mLinking CXX shared library libnumber__rosidl_typesupport_fastrtps_c.so[0m
[3.090s] [ 70%] [32m[1mLinking CXX shared library libnumber__rosidl_typesupport_introspection_cpp.so[0m
[3.118s] [ 70%] Built target number__rosidl_typesupport_fastrtps_cpp
[3.141s] [ 70%] Built target number__rosidl_typesupport_introspection_cpp
[3.145s] [ 70%] Built target number__rosidl_typesupport_fastrtps_c
[3.163s] [ 70%] Built target number
[3.182s] [ 74%] [34m[1mGenerating Python code for ROS interfaces[0m
[3.461s] [ 74%] Built target number__py
[3.478s] [ 77%] [32mBuilding C object CMakeFiles/number__rosidl_generator_py.dir/rosidl_generator_py/number/msg/_num_num_s.c.o[0m
[3.565s] [ 80%] [32m[1mLinking C shared library rosidl_generator_py/number/libnumber__rosidl_generator_py.so[0m
[3.600s] [ 80%] Built target number__rosidl_generator_py
[3.619s] [ 90%] [32mBuilding C object CMakeFiles/number__rosidl_typesupport_fastrtps_c__pyext.dir/rosidl_generator_py/number/_number_s.ep.rosidl_typesupport_fastrtps_c.c.o[0m
[3.620s] [ 90%] [32mBuilding C object CMakeFiles/number__rosidl_typesupport_c__pyext.dir/rosidl_generator_py/number/_number_s.ep.rosidl_typesupport_c.c.o[0m
[3.620s] [ 90%] [32mBuilding C object CMakeFiles/number__rosidl_typesupport_introspection_c__pyext.dir/rosidl_generator_py/number/_number_s.ep.rosidl_typesupport_introspection_c.c.o[0m
[3.705s] [ 96%] [32m[1mLinking C shared library rosidl_generator_py/number/number_s__rosidl_typesupport_introspection_c.cpython-310-x86_64-linux-gnu.so[0m
[3.705s] [ 96%] [32m[1mLinking C shared library rosidl_generator_py/number/number_s__rosidl_typesupport_c.cpython-310-x86_64-linux-gnu.so[0m
[3.708s] [100%] [32m[1mLinking C shared library rosidl_generator_py/number/number_s__rosidl_typesupport_fastrtps_c.cpython-310-x86_64-linux-gnu.so[0m
[3.735s] [100%] Built target number__rosidl_typesupport_c__pyext
[3.735s] [100%] Built target number__rosidl_typesupport_introspection_c__pyext
[3.739s] [100%] Built target number__rosidl_typesupport_fastrtps_c__pyext
[3.749s] Invoked command in '/home/leejunmi/ros2_ws/build/number' returned '0': CMAKE_PREFIX_PATH=/opt/ros/humble /usr/bin/cmake --build /home/leejunmi/ros2_ws/build/number -- -j8 -l8
[3.750s] Invoking command in '/home/leejunmi/ros2_ws/build/number': CMAKE_PREFIX_PATH=/opt/ros/humble /usr/bin/cmake --install /home/leejunmi/ros2_ws/build/number
[3.757s] -- Install configuration: ""
[3.757s] -- Installing: /home/leejunmi/ros2_ws/install/number/share/ament_index/resource_index/rosidl_interfaces/number
[3.757s] -- Installing: /home/leejunmi/ros2_ws/install/number/include/number/number
[3.757s] -- Installing: /home/leejunmi/ros2_ws/install/number/include/number/number/msg
[3.758s] -- Installing: /home/leejunmi/ros2_ws/install/number/include/number/number/msg/detail
[3.758s] -- Installing: /home/leejunmi/ros2_ws/install/number/include/number/number/msg/detail/num_num__type_support.h
[3.758s] -- Installing: /home/leejunmi/ros2_ws/install/number/include/number/number/msg/detail/num_num__functions.c
[3.758s] -- Installing: /home/leejunmi/ros2_ws/install/number/include/number/number/msg/detail/num_num__struct.h
[3.758s] -- Installing: /home/leejunmi/ros2_ws/install/number/include/number/number/msg/detail/num_num__functions.h
[3.758s] -- Installing: /home/leejunmi/ros2_ws/install/number/include/number/number/msg/num_num.h
[3.758s] -- Installing: /home/leejunmi/ros2_ws/install/number/include/number/number/msg/rosidl_generator_c__visibility_control.h
[3.758s] -- Installing: /home/leejunmi/ros2_ws/install/number/share/number/environment/library_path.sh
[3.758s] -- Installing: /home/leejunmi/ros2_ws/install/number/share/number/environment/library_path.dsv
[3.758s] -- Installing: /home/leejunmi/ros2_ws/install/number/lib/libnumber__rosidl_generator_c.so
[3.758s] -- Set runtime path of "/home/leejunmi/ros2_ws/install/number/lib/libnumber__rosidl_generator_c.so" to ""
[3.758s] -- Up-to-date: /home/leejunmi/ros2_ws/install/number/include/number/number
[3.759s] -- Up-to-date: /home/leejunmi/ros2_ws/install/number/include/number/number/msg
[3.759s] -- Installing: /home/leejunmi/ros2_ws/install/number/include/number/number/msg/rosidl_typesupport_fastrtps_c__visibility_control.h
[3.759s] -- Up-to-date: /home/leejunmi/ros2_ws/install/number/include/number/number/msg/detail
[3.759s] -- Installing: /home/leejunmi/ros2_ws/install/number/include/number/number/msg/detail/num_num__rosidl_typesupport_fastrtps_c.h
[3.759s] -- Installing: /home/leejunmi/ros2_ws/install/number/lib/libnumber__rosidl_typesupport_fastrtps_c.so
[3.759s] -- Set runtime path of "/home/leejunmi/ros2_ws/install/number/lib/libnumber__rosidl_typesupport_fastrtps_c.so" to ""
[3.759s] -- Up-to-date: /home/leejunmi/ros2_ws/install/number/include/number/number
[3.759s] -- Up-to-date: /home/leejunmi/ros2_ws/install/number/include/number/number/msg
[3.759s] -- Installing: /home/leejunmi/ros2_ws/install/number/include/number/number/msg/rosidl_typesupport_introspection_c__visibility_control.h
[3.759s] -- Up-to-date: /home/leejunmi/ros2_ws/install/number/include/number/number/msg/detail
[3.759s] -- Installing: /home/leejunmi/ros2_ws/install/number/include/number/number/msg/detail/num_num__rosidl_typesupport_introspection_c.h
[3.759s] -- Installing: /home/leejunmi/ros2_ws/install/number/include/number/number/msg/detail/num_num__type_support.c
[3.760s] -- Installing: /home/leejunmi/ros2_ws/install/number/lib/libnumber__rosidl_typesupport_introspection_c.so
[3.760s] -- Set runtime path of "/home/leejunmi/ros2_ws/install/number/lib/libnumber__rosidl_typesupport_introspection_c.so" to ""
[3.760s] -- Installing: /home/leejunmi/ros2_ws/install/number/lib/libnumber__rosidl_typesupport_c.so
[3.760s] -- Set runtime path of "/home/leejunmi/ros2_ws/install/number/lib/libnumber__rosidl_typesupport_c.so" to ""
[3.760s] -- Up-to-date: /home/leejunmi/ros2_ws/install/number/include/number/number
[3.760s] -- Up-to-date: /home/leejunmi/ros2_ws/install/number/include/number/number/msg
[3.760s] -- Up-to-date: /home/leejunmi/ros2_ws/install/number/include/number/number/msg/detail
[3.760s] -- Installing: /home/leejunmi/ros2_ws/install/number/include/number/number/msg/detail/num_num__struct.hpp
[3.760s] -- Installing: /home/leejunmi/ros2_ws/install/number/include/number/number/msg/detail/num_num__builder.hpp
[3.760s] -- Installing: /home/leejunmi/ros2_ws/install/number/include/number/number/msg/detail/num_num__traits.hpp
[3.760s] -- Installing: /home/leejunmi/ros2_ws/install/number/include/number/number/msg/num_num.hpp
[3.760s] -- Up-to-date: /home/leejunmi/ros2_ws/install/number/include/number/number
[3.761s] -- Up-to-date: /home/leejunmi/ros2_ws/install/number/include/number/number/msg
[3.761s] -- Installing: /home/leejunmi/ros2_ws/install/number/include/number/number/msg/rosidl_typesupport_fastrtps_cpp__visibility_control.h
[3.761s] -- Up-to-date: /home/leejunmi/ros2_ws/install/number/include/number/number/msg/detail
[3.761s] -- Installing: /home/leejunmi/ros2_ws/install/number/include/number/number/msg/detail/dds_fastrtps
[3.761s] -- Installing: /home/leejunmi/ros2_ws/install/number/include/number/number/msg/detail/num_num__rosidl_typesupport_fastrtps_cpp.hpp
[3.761s] -- Installing: /home/leejunmi/ros2_ws/install/number/lib/libnumber__rosidl_typesupport_fastrtps_cpp.so
[3.761s] -- Set runtime path of "/home/leejunmi/ros2_ws/install/number/lib/libnumber__rosidl_typesupport_fastrtps_cpp.so" to ""
[3.761s] -- Up-to-date: /home/leejunmi/ros2_ws/install/number/include/number/number
[3.761s] -- Up-to-date: /home/leejunmi/ros2_ws/install/number/include/number/number/msg
[3.761s] -- Up-to-date: /home/leejunmi/ros2_ws/install/number/include/number/number/msg/detail
[3.761s] -- Installing: /home/leejunmi/ros2_ws/install/number/include/number/number/msg/detail/num_num__rosidl_typesupport_introspection_cpp.hpp
[3.761s] -- Installing: /home/leejunmi/ros2_ws/install/number/include/number/number/msg/detail/num_num__type_support.cpp
[3.761s] -- Installing: /home/leejunmi/ros2_ws/install/number/lib/libnumber__rosidl_typesupport_introspection_cpp.so
[3.761s] -- Set runtime path of "/home/leejunmi/ros2_ws/install/number/lib/libnumber__rosidl_typesupport_introspection_cpp.so" to ""
[3.762s] -- Installing: /home/leejunmi/ros2_ws/install/number/lib/libnumber__rosidl_typesupport_cpp.so
[3.762s] -- Set runtime path of "/home/leejunmi/ros2_ws/install/number/lib/libnumber__rosidl_typesupport_cpp.so" to ""
[3.762s] -- Installing: /home/leejunmi/ros2_ws/install/number/share/number/environment/pythonpath.sh
[3.762s] -- Installing: /home/leejunmi/ros2_ws/install/number/share/number/environment/pythonpath.dsv
[3.762s] -- Installing: /home/leejunmi/ros2_ws/install/number/local/lib/python3.10/dist-packages/number-0.0.0-py3.10.egg-info
[3.762s] -- Installing: /home/leejunmi/ros2_ws/install/number/local/lib/python3.10/dist-packages/number-0.0.0-py3.10.egg-info/PKG-INFO
[3.762s] -- Installing: /home/leejunmi/ros2_ws/install/number/local/lib/python3.10/dist-packages/number-0.0.0-py3.10.egg-info/top_level.txt
[3.762s] -- Installing: /home/leejunmi/ros2_ws/install/number/local/lib/python3.10/dist-packages/number-0.0.0-py3.10.egg-info/SOURCES.txt
[3.762s] -- Installing: /home/leejunmi/ros2_ws/install/number/local/lib/python3.10/dist-packages/number-0.0.0-py3.10.egg-info/dependency_links.txt
[3.762s] -- Installing: /home/leejunmi/ros2_ws/install/number/local/lib/python3.10/dist-packages/number
[3.762s] -- Installing: /home/leejunmi/ros2_ws/install/number/local/lib/python3.10/dist-packages/number/_number_s.ep.rosidl_typesupport_fastrtps_c.c
[3.763s] -- Installing: /home/leejunmi/ros2_ws/install/number/local/lib/python3.10/dist-packages/number/msg
[3.763s] -- Installing: /home/leejunmi/ros2_ws/install/number/local/lib/python3.10/dist-packages/number/msg/_num_num.py
[3.763s] -- Installing: /home/leejunmi/ros2_ws/install/number/local/lib/python3.10/dist-packages/number/msg/__init__.py
[3.763s] -- Installing: /home/leejunmi/ros2_ws/install/number/local/lib/python3.10/dist-packages/number/msg/_num_num_s.c
[3.763s] -- Installing: /home/leejunmi/ros2_ws/install/number/local/lib/python3.10/dist-packages/number/number_s__rosidl_typesupport_introspection_c.cpython-310-x86_64-linux-gnu.so
[3.763s] -- Installing: /home/leejunmi/ros2_ws/install/number/local/lib/python3.10/dist-packages/number/_number_s.ep.rosidl_typesupport_c.c
[3.763s] -- Installing: /home/leejunmi/ros2_ws/install/number/local/lib/python3.10/dist-packages/number/number_s__rosidl_typesupport_c.cpython-310-x86_64-linux-gnu.so
[3.763s] -- Installing: /home/leejunmi/ros2_ws/install/number/local/lib/python3.10/dist-packages/number/libnumber__rosidl_generator_py.so
[3.763s] -- Installing: /home/leejunmi/ros2_ws/install/number/local/lib/python3.10/dist-packages/number/__init__.py
[3.763s] -- Installing: /home/leejunmi/ros2_ws/install/number/local/lib/python3.10/dist-packages/number/_number_s.ep.rosidl_typesupport_introspection_c.c
[3.764s] -- Installing: /home/leejunmi/ros2_ws/install/number/local/lib/python3.10/dist-packages/number/number_s__rosidl_typesupport_fastrtps_c.cpython-310-x86_64-linux-gnu.so
[3.796s] Listing '/home/leejunmi/ros2_ws/install/number/local/lib/python3.10/dist-packages/number'...
[3.796s] Compiling '/home/leejunmi/ros2_ws/install/number/local/lib/python3.10/dist-packages/number/__init__.py'...
[3.796s] Listing '/home/leejunmi/ros2_ws/install/number/local/lib/python3.10/dist-packages/number/msg'...
[3.797s] Compiling '/home/leejunmi/ros2_ws/install/number/local/lib/python3.10/dist-packages/number/msg/__init__.py'...
[3.797s] Compiling '/home/leejunmi/ros2_ws/install/number/local/lib/python3.10/dist-packages/number/msg/_num_num.py'...
[3.801s] -- Installing: /home/leejunmi/ros2_ws/install/number/local/lib/python3.10/dist-packages/number/number_s__rosidl_typesupport_fastrtps_c.cpython-310-x86_64-linux-gnu.so
[3.802s] -- Set runtime path of "/home/leejunmi/ros2_ws/install/number/local/lib/python3.10/dist-packages/number/number_s__rosidl_typesupport_fastrtps_c.cpython-310-x86_64-linux-gnu.so" to ""
[3.802s] -- Installing: /home/leejunmi/ros2_ws/install/number/local/lib/python3.10/dist-packages/number/number_s__rosidl_typesupport_introspection_c.cpython-310-x86_64-linux-gnu.so
[3.802s] -- Set runtime path of "/home/leejunmi/ros2_ws/install/number/local/lib/python3.10/dist-packages/number/number_s__rosidl_typesupport_introspection_c.cpython-310-x86_64-linux-gnu.so" to ""
[3.802s] -- Installing: /home/leejunmi/ros2_ws/install/number/local/lib/python3.10/dist-packages/number/number_s__rosidl_typesupport_c.cpython-310-x86_64-linux-gnu.so
[3.802s] -- Set runtime path of "/home/leejunmi/ros2_ws/install/number/local/lib/python3.10/dist-packages/number/number_s__rosidl_typesupport_c.cpython-310-x86_64-linux-gnu.so" to ""
[3.802s] -- Installing: /home/leejunmi/ros2_ws/install/number/lib/libnumber__rosidl_generator_py.so
[3.802s] -- Set runtime path of "/home/leejunmi/ros2_ws/install/number/lib/libnumber__rosidl_generator_py.so" to ""
[3.803s] -- Installing: /home/leejunmi/ros2_ws/install/number/share/number/msg/NumNum.idl
[3.803s] -- Installing: /home/leejunmi/ros2_ws/install/number/share/number/msg/NumNum.msg
[3.803s] -- Installing: /home/leejunmi/ros2_ws/install/number/share/ament_index/resource_index/package_run_dependencies/number
[3.803s] -- Installing: /home/leejunmi/ros2_ws/install/number/share/ament_index/resource_index/parent_prefix_path/number
[3.803s] -- Installing: /home/leejunmi/ros2_ws/install/number/share/number/environment/ament_prefix_path.sh
[3.803s] -- Installing: /home/leejunmi/ros2_ws/install/number/share/number/environment/ament_prefix_path.dsv
[3.803s] -- Installing: /home/leejunmi/ros2_ws/install/number/share/number/environment/path.sh
[3.803s] -- Installing: /home/leejunmi/ros2_ws/install/number/share/number/environment/path.dsv
[3.803s] -- Installing: /home/leejunmi/ros2_ws/install/number/share/number/local_setup.bash
[3.804s] -- Installing: /home/leejunmi/ros2_ws/install/number/share/number/local_setup.sh
[3.804s] -- Installing: /home/leejunmi/ros2_ws/install/number/share/number/local_setup.zsh
[3.804s] -- Installing: /home/leejunmi/ros2_ws/install/number/share/number/local_setup.dsv
[3.804s] -- Installing: /home/leejunmi/ros2_ws/install/number/share/number/package.dsv
[3.804s] -- Installing: /home/leejunmi/ros2_ws/install/number/share/ament_index/resource_index/packages/number
[3.804s] -- Installing: /home/leejunmi/ros2_ws/install/number/share/number/cmake/export_number__rosidl_generator_cExport.cmake
[3.804s] -- Installing: /home/leejunmi/ros2_ws/install/number/share/number/cmake/export_number__rosidl_generator_cExport-noconfig.cmake
[3.804s] -- Installing: /home/leejunmi/ros2_ws/install/number/share/number/cmake/export_number__rosidl_typesupport_fastrtps_cExport.cmake
[3.804s] -- Installing: /home/leejunmi/ros2_ws/install/number/share/number/cmake/export_number__rosidl_typesupport_fastrtps_cExport-noconfig.cmake
[3.804s] -- Installing: /home/leejunmi/ros2_ws/install/number/share/number/cmake/number__rosidl_typesupport_introspection_cExport.cmake
[3.805s] -- Installing: /home/leejunmi/ros2_ws/install/number/share/number/cmake/number__rosidl_typesupport_introspection_cExport-noconfig.cmake
[3.805s] -- Installing: /home/leejunmi/ros2_ws/install/number/share/number/cmake/number__rosidl_typesupport_cExport.cmake
[3.805s] -- Installing: /home/leejunmi/ros2_ws/install/number/share/number/cmake/number__rosidl_typesupport_cExport-noconfig.cmake
[3.805s] -- Installing: /home/leejunmi/ros2_ws/install/number/share/number/cmake/export_number__rosidl_generator_cppExport.cmake
[3.805s] -- Installing: /home/leejunmi/ros2_ws/install/number/share/number/cmake/export_number__rosidl_typesupport_fastrtps_cppExport.cmake
[3.805s] -- Installing: /home/leejunmi/ros2_ws/install/number/share/number/cmake/export_number__rosidl_typesupport_fastrtps_cppExport-noconfig.cmake
[3.805s] -- Installing: /home/leejunmi/ros2_ws/install/number/share/number/cmake/number__rosidl_typesupport_introspection_cppExport.cmake
[3.805s] -- Installing: /home/leejunmi/ros2_ws/install/number/share/number/cmake/number__rosidl_typesupport_introspection_cppExport-noconfig.cmake
[3.805s] -- Installing: /home/leejunmi/ros2_ws/install/number/share/number/cmake/number__rosidl_typesupport_cppExport.cmake
[3.806s] -- Installing: /home/leejunmi/ros2_ws/install/number/share/number/cmake/number__rosidl_typesupport_cppExport-noconfig.cmake
[3.806s] -- Installing: /home/leejunmi/ros2_ws/install/number/share/number/cmake/export_number__rosidl_generator_pyExport.cmake
[3.806s] -- Installing: /home/leejunmi/ros2_ws/install/number/share/number/cmake/export_number__rosidl_generator_pyExport-noconfig.cmake
[3.806s] -- Installing: /home/leejunmi/ros2_ws/install/number/share/number/cmake/rosidl_cmake-extras.cmake
[3.806s] -- Installing: /home/leejunmi/ros2_ws/install/number/share/number/cmake/ament_cmake_export_include_directories-extras.cmake
[3.806s] -- Installing: /home/leejunmi/ros2_ws/install/number/share/number/cmake/ament_cmake_export_libraries-extras.cmake
[3.806s] -- Installing: /home/leejunmi/ros2_ws/install/number/share/number/cmake/ament_cmake_export_targets-extras.cmake
[3.806s] -- Installing: /home/leejunmi/ros2_ws/install/number/share/number/cmake/rosidl_cmake_export_typesupport_targets-extras.cmake
[3.806s] -- Installing: /home/leejunmi/ros2_ws/install/number/share/number/cmake/ament_cmake_export_dependencies-extras.cmake
[3.806s] -- Installing: /home/leejunmi/ros2_ws/install/number/share/number/cmake/rosidl_cmake_export_typesupport_libraries-extras.cmake
[3.807s] -- Installing: /home/leejunmi/ros2_ws/install/number/share/number/cmake/numberConfig.cmake
[3.807s] -- Installing: /home/leejunmi/ros2_ws/install/number/share/number/cmake/numberConfig-version.cmake
[3.807s] -- Installing: /home/leejunmi/ros2_ws/install/number/share/number/package.xml
[3.809s] Invoked command in '/home/leejunmi/ros2_ws/build/number' returned '0': CMAKE_PREFIX_PATH=/opt/ros/humble /usr/bin/cmake --install /home/leejunmi/ros2_ws/build/number
