[2.959s] Invoking command in '/home/leejunmi/ros2_ws/src/examples/rclpy/topics/minimal_publisher': PYTHONPATH=/home/leejunmi/ros2_ws/build/examples_rclpy_minimal_publisher/prefix_override:/usr/lib/python3/dist-packages/colcon_core/task/python/colcon_distutils_commands:/home/leejunmi/ros2_ws/install/examples_rclpy_minimal_publisher/lib/python3.10/site-packages:${PYTHONPATH} /usr/bin/python3 -W ignore:setup.py install is deprecated -W ignore:easy_install command is deprecated setup.py egg_info --egg-base ../../../../../build/examples_rclpy_minimal_publisher build --build-base /home/leejunmi/ros2_ws/build/examples_rclpy_minimal_publisher/build install --record /home/leejunmi/ros2_ws/build/examples_rclpy_minimal_publisher/install.log --single-version-externally-managed install_data
[3.461s] running egg_info
[3.463s] writing ../../../../../build/examples_rclpy_minimal_publisher/examples_rclpy_minimal_publisher.egg-info/PKG-INFO
[3.463s] writing dependency_links to ../../../../../build/examples_rclpy_minimal_publisher/examples_rclpy_minimal_publisher.egg-info/dependency_links.txt
[3.463s] writing entry points to ../../../../../build/examples_rclpy_minimal_publisher/examples_rclpy_minimal_publisher.egg-info/entry_points.txt
[3.463s] writing requirements to ../../../../../build/examples_rclpy_minimal_publisher/examples_rclpy_minimal_publisher.egg-info/requires.txt
[3.464s] writing top-level names to ../../../../../build/examples_rclpy_minimal_publisher/examples_rclpy_minimal_publisher.egg-info/top_level.txt
[3.467s] reading manifest file '../../../../../build/examples_rclpy_minimal_publisher/examples_rclpy_minimal_publisher.egg-info/SOURCES.txt'
[3.469s] writing manifest file '../../../../../build/examples_rclpy_minimal_publisher/examples_rclpy_minimal_publisher.egg-info/SOURCES.txt'
[3.469s] running build
[3.469s] running build_py
[3.469s] running install
[3.472s] running install_lib
[3.474s] running install_data
[3.474s] running install_egg_info
[3.477s] removing '/home/leejunmi/ros2_ws/install/examples_rclpy_minimal_publisher/lib/python3.10/site-packages/examples_rclpy_minimal_publisher-0.15.3-py3.10.egg-info' (and everything under it)
[3.478s] Copying ../../../../../build/examples_rclpy_minimal_publisher/examples_rclpy_minimal_publisher.egg-info to /home/leejunmi/ros2_ws/install/examples_rclpy_minimal_publisher/lib/python3.10/site-packages/examples_rclpy_minimal_publisher-0.15.3-py3.10.egg-info
[3.479s] running install_scripts
[3.522s] Installing publisher_local_function script to /home/leejunmi/ros2_ws/install/examples_rclpy_minimal_publisher/lib/examples_rclpy_minimal_publisher
[3.522s] Installing publisher_member_function script to /home/leejunmi/ros2_ws/install/examples_rclpy_minimal_publisher/lib/examples_rclpy_minimal_publisher
[3.523s] Installing publisher_old_school script to /home/leejunmi/ros2_ws/install/examples_rclpy_minimal_publisher/lib/examples_rclpy_minimal_publisher
[3.524s] writing list of installed files to '/home/leejunmi/ros2_ws/build/examples_rclpy_minimal_publisher/install.log'
[3.661s] Invoked command in '/home/leejunmi/ros2_ws/src/examples/rclpy/topics/minimal_publisher' returned '0': PYTHONPATH=/home/leejunmi/ros2_ws/build/examples_rclpy_minimal_publisher/prefix_override:/usr/lib/python3/dist-packages/colcon_core/task/python/colcon_distutils_commands:/home/leejunmi/ros2_ws/install/examples_rclpy_minimal_publisher/lib/python3.10/site-packages:${PYTHONPATH} /usr/bin/python3 -W ignore:setup.py install is deprecated -W ignore:easy_install command is deprecated setup.py egg_info --egg-base ../../../../../build/examples_rclpy_minimal_publisher build --build-base /home/leejunmi/ros2_ws/build/examples_rclpy_minimal_publisher/build install --record /home/leejunmi/ros2_ws/build/examples_rclpy_minimal_publisher/install.log --single-version-externally-managed install_data
