[0.607s] Invoking command in '/home/leejunmi/ros2_ws/src/examples/rclpy/services/minimal_client': PYTHONPATH=/home/leejunmi/ros2_ws/build/examples_rclpy_minimal_client/prefix_override:/usr/lib/python3/dist-packages/colcon_core/task/python/colcon_distutils_commands:/home/leejunmi/ros2_ws/install/examples_rclpy_minimal_client/lib/python3.10/site-packages:${PYTHONPATH} /usr/bin/python3 -W ignore:setup.py install is deprecated -W ignore:easy_install command is deprecated setup.py egg_info --egg-base ../../../../../build/examples_rclpy_minimal_client build --build-base /home/leejunmi/ros2_ws/build/examples_rclpy_minimal_client/build install --record /home/leejunmi/ros2_ws/build/examples_rclpy_minimal_client/install.log --single-version-externally-managed install_data
[0.838s] running egg_info
[0.839s] creating ../../../../../build/examples_rclpy_minimal_client/examples_rclpy_minimal_client.egg-info
[0.839s] writing ../../../../../build/examples_rclpy_minimal_client/examples_rclpy_minimal_client.egg-info/PKG-INFO
[0.839s] writing dependency_links to ../../../../../build/examples_rclpy_minimal_client/examples_rclpy_minimal_client.egg-info/dependency_links.txt
[0.839s] writing entry points to ../../../../../build/examples_rclpy_minimal_client/examples_rclpy_minimal_client.egg-info/entry_points.txt
[0.839s] writing requirements to ../../../../../build/examples_rclpy_minimal_client/examples_rclpy_minimal_client.egg-info/requires.txt
[0.839s] writing top-level names to ../../../../../build/examples_rclpy_minimal_client/examples_rclpy_minimal_client.egg-info/top_level.txt
[0.839s] writing manifest file '../../../../../build/examples_rclpy_minimal_client/examples_rclpy_minimal_client.egg-info/SOURCES.txt'
[0.841s] reading manifest file '../../../../../build/examples_rclpy_minimal_client/examples_rclpy_minimal_client.egg-info/SOURCES.txt'
[0.842s] writing manifest file '../../../../../build/examples_rclpy_minimal_client/examples_rclpy_minimal_client.egg-info/SOURCES.txt'
[0.842s] running build
[0.842s] running build_py
[0.842s] creating /home/leejunmi/ros2_ws/build/examples_rclpy_minimal_client/build
[0.842s] creating /home/leejunmi/ros2_ws/build/examples_rclpy_minimal_client/build/lib
[0.843s] creating /home/leejunmi/ros2_ws/build/examples_rclpy_minimal_client/build/lib/examples_rclpy_minimal_client
[0.843s] copying examples_rclpy_minimal_client/client.py -> /home/leejunmi/ros2_ws/build/examples_rclpy_minimal_client/build/lib/examples_rclpy_minimal_client
[0.843s] copying examples_rclpy_minimal_client/client_async_callback.py -> /home/leejunmi/ros2_ws/build/examples_rclpy_minimal_client/build/lib/examples_rclpy_minimal_client
[0.843s] copying examples_rclpy_minimal_client/__init__.py -> /home/leejunmi/ros2_ws/build/examples_rclpy_minimal_client/build/lib/examples_rclpy_minimal_client
[0.843s] copying examples_rclpy_minimal_client/client_async.py -> /home/leejunmi/ros2_ws/build/examples_rclpy_minimal_client/build/lib/examples_rclpy_minimal_client
[0.843s] copying examples_rclpy_minimal_client/client_async_member_function.py -> /home/leejunmi/ros2_ws/build/examples_rclpy_minimal_client/build/lib/examples_rclpy_minimal_client
[0.844s] running install
[0.844s] running install_lib
[0.845s] creating /home/leejunmi/ros2_ws/install/examples_rclpy_minimal_client/lib/python3.10/site-packages/examples_rclpy_minimal_client
[0.846s] copying /home/leejunmi/ros2_ws/build/examples_rclpy_minimal_client/build/lib/examples_rclpy_minimal_client/client.py -> /home/leejunmi/ros2_ws/install/examples_rclpy_minimal_client/lib/python3.10/site-packages/examples_rclpy_minimal_client
[0.846s] copying /home/leejunmi/ros2_ws/build/examples_rclpy_minimal_client/build/lib/examples_rclpy_minimal_client/client_async_callback.py -> /home/leejunmi/ros2_ws/install/examples_rclpy_minimal_client/lib/python3.10/site-packages/examples_rclpy_minimal_client
[0.846s] copying /home/leejunmi/ros2_ws/build/examples_rclpy_minimal_client/build/lib/examples_rclpy_minimal_client/__init__.py -> /home/leejunmi/ros2_ws/install/examples_rclpy_minimal_client/lib/python3.10/site-packages/examples_rclpy_minimal_client
[0.846s] copying /home/leejunmi/ros2_ws/build/examples_rclpy_minimal_client/build/lib/examples_rclpy_minimal_client/client_async.py -> /home/leejunmi/ros2_ws/install/examples_rclpy_minimal_client/lib/python3.10/site-packages/examples_rclpy_minimal_client
[0.846s] copying /home/leejunmi/ros2_ws/build/examples_rclpy_minimal_client/build/lib/examples_rclpy_minimal_client/client_async_member_function.py -> /home/leejunmi/ros2_ws/install/examples_rclpy_minimal_client/lib/python3.10/site-packages/examples_rclpy_minimal_client
[0.846s] byte-compiling /home/leejunmi/ros2_ws/install/examples_rclpy_minimal_client/lib/python3.10/site-packages/examples_rclpy_minimal_client/client.py to client.cpython-310.pyc
[0.846s] byte-compiling /home/leejunmi/ros2_ws/install/examples_rclpy_minimal_client/lib/python3.10/site-packages/examples_rclpy_minimal_client/client_async_callback.py to client_async_callback.cpython-310.pyc
[0.847s] byte-compiling /home/leejunmi/ros2_ws/install/examples_rclpy_minimal_client/lib/python3.10/site-packages/examples_rclpy_minimal_client/__init__.py to __init__.cpython-310.pyc
[0.847s] byte-compiling /home/leejunmi/ros2_ws/install/examples_rclpy_minimal_client/lib/python3.10/site-packages/examples_rclpy_minimal_client/client_async.py to client_async.cpython-310.pyc
[0.847s] byte-compiling /home/leejunmi/ros2_ws/install/examples_rclpy_minimal_client/lib/python3.10/site-packages/examples_rclpy_minimal_client/client_async_member_function.py to client_async_member_function.cpython-310.pyc
[0.848s] running install_data
[0.848s] creating /home/leejunmi/ros2_ws/install/examples_rclpy_minimal_client/share/ament_index
[0.848s] creating /home/leejunmi/ros2_ws/install/examples_rclpy_minimal_client/share/ament_index/resource_index
[0.848s] creating /home/leejunmi/ros2_ws/install/examples_rclpy_minimal_client/share/ament_index/resource_index/packages
[0.848s] copying resource/examples_rclpy_minimal_client -> /home/leejunmi/ros2_ws/install/examples_rclpy_minimal_client/share/ament_index/resource_index/packages
[0.848s] copying package.xml -> /home/leejunmi/ros2_ws/install/examples_rclpy_minimal_client/share/examples_rclpy_minimal_client
[0.848s] running install_egg_info
[0.850s] Copying ../../../../../build/examples_rclpy_minimal_client/examples_rclpy_minimal_client.egg-info to /home/leejunmi/ros2_ws/install/examples_rclpy_minimal_client/lib/python3.10/site-packages/examples_rclpy_minimal_client-0.15.3-py3.10.egg-info
[0.851s] running install_scripts
[0.870s] Installing client script to /home/leejunmi/ros2_ws/install/examples_rclpy_minimal_client/lib/examples_rclpy_minimal_client
[0.870s] Installing client_async script to /home/leejunmi/ros2_ws/install/examples_rclpy_minimal_client/lib/examples_rclpy_minimal_client
[0.870s] Installing client_async_callback script to /home/leejunmi/ros2_ws/install/examples_rclpy_minimal_client/lib/examples_rclpy_minimal_client
[0.870s] Installing client_async_member_function script to /home/leejunmi/ros2_ws/install/examples_rclpy_minimal_client/lib/examples_rclpy_minimal_client
[0.870s] writing list of installed files to '/home/leejunmi/ros2_ws/build/examples_rclpy_minimal_client/install.log'
[0.894s] Invoked command in '/home/leejunmi/ros2_ws/src/examples/rclpy/services/minimal_client' returned '0': PYTHONPATH=/home/leejunmi/ros2_ws/build/examples_rclpy_minimal_client/prefix_override:/usr/lib/python3/dist-packages/colcon_core/task/python/colcon_distutils_commands:/home/leejunmi/ros2_ws/install/examples_rclpy_minimal_client/lib/python3.10/site-packages:${PYTHONPATH} /usr/bin/python3 -W ignore:setup.py install is deprecated -W ignore:easy_install command is deprecated setup.py egg_info --egg-base ../../../../../build/examples_rclpy_minimal_client build --build-base /home/leejunmi/ros2_ws/build/examples_rclpy_minimal_client/build install --record /home/leejunmi/ros2_ws/build/examples_rclpy_minimal_client/install.log --single-version-externally-managed install_data
