[2.767s] Invoking command in '/home/leejunmi/ros2_ws/src/pkpk': PYTHONPATH=/home/leejunmi/ros2_ws/build/pkpk/prefix_override:/usr/lib/python3/dist-packages/colcon_core/task/python/colcon_distutils_commands:/home/leejunmi/ros2_ws/install/pkpk/lib/python3.10/site-packages:${PYTHONPATH} /usr/bin/python3 -W ignore:setup.py install is deprecated -W ignore:easy_install command is deprecated setup.py egg_info --egg-base ../../build/pkpk build --build-base /home/leejunmi/ros2_ws/build/pkpk/build install --record /home/leejunmi/ros2_ws/build/pkpk/install.log --single-version-externally-managed install_data
[3.329s] running egg_info
[3.329s] writing ../../build/pkpk/pkpk.egg-info/PKG-INFO
[3.329s] writing dependency_links to ../../build/pkpk/pkpk.egg-info/dependency_links.txt
[3.329s] writing entry points to ../../build/pkpk/pkpk.egg-info/entry_points.txt
[3.329s] writing requirements to ../../build/pkpk/pkpk.egg-info/requires.txt
[3.329s] writing top-level names to ../../build/pkpk/pkpk.egg-info/top_level.txt
[3.331s] reading manifest file '../../build/pkpk/pkpk.egg-info/SOURCES.txt'
[3.331s] adding license file 'LICENSE'
[3.333s] writing manifest file '../../build/pkpk/pkpk.egg-info/SOURCES.txt'
[3.336s] running build
[3.336s] running build_py
[3.336s] running install
[3.337s] running install_lib
[3.340s] running install_data
[3.340s] running install_egg_info
[3.340s] removing '/home/leejunmi/ros2_ws/install/pkpk/lib/python3.10/site-packages/pkpk-0.0.0-py3.10.egg-info' (and everything under it)
[3.342s] Copying ../../build/pkpk/pkpk.egg-info to /home/leejunmi/ros2_ws/install/pkpk/lib/python3.10/site-packages/pkpk-0.0.0-py3.10.egg-info
[3.346s] running install_scripts
[3.391s] writing list of installed files to '/home/leejunmi/ros2_ws/build/pkpk/install.log'
[3.465s] Invoked command in '/home/leejunmi/ros2_ws/src/pkpk' returned '0': PYTHONPATH=/home/leejunmi/ros2_ws/build/pkpk/prefix_override:/usr/lib/python3/dist-packages/colcon_core/task/python/colcon_distutils_commands:/home/leejunmi/ros2_ws/install/pkpk/lib/python3.10/site-packages:${PYTHONPATH} /usr/bin/python3 -W ignore:setup.py install is deprecated -W ignore:easy_install command is deprecated setup.py egg_info --egg-base ../../build/pkpk build --build-base /home/leejunmi/ros2_ws/build/pkpk/build install --record /home/leejunmi/ros2_ws/build/pkpk/install.log --single-version-externally-managed install_data
