[0.011s] Invoking command in '/home/leejunmi/ros2_ws/build/cpp_pubsub': CMAKE_PREFIX_PATH=/opt/ros/humble /usr/bin/cmake /home/leejunmi/ros2_ws/src/cpp_pubsub -DCMAKE_INSTALL_PREFIX=/home/leejunmi/ros2_ws/install/cpp_pubsub
[0.122s] -- The C compiler identification is GNU 11.4.0
[0.237s] -- The CXX compiler identification is GNU 11.4.0
[0.245s] -- Detecting C compiler ABI info
[0.310s] -- Detecting C compiler ABI info - done
[0.317s] -- Check for working C compiler: /usr/bin/cc - skipped
[0.318s] -- Detecting C compile features
[0.318s] -- Detecting C compile features - done
[0.322s] -- Detecting CXX compiler ABI info
[0.396s] -- Detecting CXX compiler ABI info - done
[0.404s] -- Check for working CXX compiler: /usr/bin/c++ - skipped
[0.404s] -- Detecting CXX compile features
[0.405s] -- Detecting CXX compile features - done
[0.411s] -- Found ament_cmake: 1.3.11 (/opt/ros/humble/share/ament_cmake/cmake)
[0.557s] -- Found Python3: /usr/bin/python3 (found version "3.10.12") found components: Interpreter 
[0.647s] -- Found rclcpp: 16.0.11 (/opt/ros/humble/share/rclcpp/cmake)
[0.698s] -- Found rosidl_generator_c: 3.1.6 (/opt/ros/humble/share/rosidl_generator_c/cmake)
[0.703s] -- Found rosidl_adapter: 3.1.6 (/opt/ros/humble/share/rosidl_adapter/cmake)
[0.712s] -- Found rosidl_generator_cpp: 3.1.6 (/opt/ros/humble/share/rosidl_generator_cpp/cmake)
[0.728s] -- Using all available rosidl_typesupport_c: rosidl_typesupport_fastrtps_c;rosidl_typesupport_introspection_c
[0.746s] -- Using all available rosidl_typesupport_cpp: rosidl_typesupport_fastrtps_cpp;rosidl_typesupport_introspection_cpp
[0.792s] -- Found rmw_implementation_cmake: 6.1.2 (/opt/ros/humble/share/rmw_implementation_cmake/cmake)
[0.795s] -- Found rmw_fastrtps_cpp: 6.2.7 (/opt/ros/humble/share/rmw_fastrtps_cpp/cmake)
[0.872s] -- Found OpenSSL: /usr/lib/x86_64-linux-gnu/libcrypto.so (found version "3.0.2")  
[0.894s] -- Found FastRTPS: /opt/ros/humble/include  
[0.928s] -- Using RMW implementation 'rmw_fastrtps_cpp' as default
[0.937s] -- Looking for pthread.h
[1.009s] -- Looking for pthread.h - found
[1.010s] -- Performing Test CMAKE_HAVE_LIBC_PTHREAD
[1.076s] -- Performing Test CMAKE_HAVE_LIBC_PTHREAD - Success
[1.077s] -- Found Threads: TRUE  
[1.147s] -- Found ament_lint_auto: 0.12.11 (/opt/ros/humble/share/ament_lint_auto/cmake)
[1.222s] -- Added test 'cppcheck' to perform static code analysis on C / C++ code
[1.222s] -- Configured cppcheck include dirs: 
[1.222s] -- Configured cppcheck exclude dirs and/or files: 
[1.223s] -- Added test 'lint_cmake' to check CMake code style
[1.224s] -- Added test 'uncrustify' to check C / C++ code style
[1.224s] -- Configured uncrustify additional arguments: 
[1.225s] -- Added test 'xmllint' to check XML markup files
[1.226s] -- Configuring done
[1.237s] -- Generating done
[1.242s] -- Build files have been written to: /home/leejunmi/ros2_ws/build/cpp_pubsub
[1.250s] Invoked command in '/home/leejunmi/ros2_ws/build/cpp_pubsub' returned '0': CMAKE_PREFIX_PATH=/opt/ros/humble /usr/bin/cmake /home/leejunmi/ros2_ws/src/cpp_pubsub -DCMAKE_INSTALL_PREFIX=/home/leejunmi/ros2_ws/install/cpp_pubsub
[1.252s] Invoking command in '/home/leejunmi/ros2_ws/build/cpp_pubsub': CMAKE_PREFIX_PATH=/opt/ros/humble /usr/bin/cmake --build /home/leejunmi/ros2_ws/build/cpp_pubsub -- -j8 -l8
[1.295s] [ 50%] [32mBuilding CXX object CMakeFiles/listener.dir/src/subscriber_member_function.cpp.o[0m
[1.295s] [ 50%] [32mBuilding CXX object CMakeFiles/talker.dir/src/publisher_member_function.cpp.o[0m
[6.103s] [ 75%] [32m[1mLinking CXX executable talker[0m
[6.314s] [ 75%] Built target talker
[9.810s] [100%] [32m[1mLinking CXX executable listener[0m
[10.162s] [100%] Built target listener
[10.173s] Invoked command in '/home/leejunmi/ros2_ws/build/cpp_pubsub' returned '0': CMAKE_PREFIX_PATH=/opt/ros/humble /usr/bin/cmake --build /home/leejunmi/ros2_ws/build/cpp_pubsub -- -j8 -l8
[10.182s] Invoking command in '/home/leejunmi/ros2_ws/build/cpp_pubsub': CMAKE_PREFIX_PATH=/opt/ros/humble /usr/bin/cmake --install /home/leejunmi/ros2_ws/build/cpp_pubsub
[10.188s] -- Install configuration: ""
[10.189s] -- Installing: /home/leejunmi/ros2_ws/install/cpp_pubsub/lib/cpp_pubsub/talker
[10.189s] -- Set runtime path of "/home/leejunmi/ros2_ws/install/cpp_pubsub/lib/cpp_pubsub/talker" to ""
[10.189s] -- Installing: /home/leejunmi/ros2_ws/install/cpp_pubsub/lib/cpp_pubsub/listener
[10.192s] -- Set runtime path of "/home/leejunmi/ros2_ws/install/cpp_pubsub/lib/cpp_pubsub/listener" to ""
[10.192s] -- Installing: /home/leejunmi/ros2_ws/install/cpp_pubsub/share/ament_index/resource_index/package_run_dependencies/cpp_pubsub
[10.192s] -- Installing: /home/leejunmi/ros2_ws/install/cpp_pubsub/share/ament_index/resource_index/parent_prefix_path/cpp_pubsub
[10.192s] -- Installing: /home/leejunmi/ros2_ws/install/cpp_pubsub/share/cpp_pubsub/environment/ament_prefix_path.sh
[10.192s] -- Installing: /home/leejunmi/ros2_ws/install/cpp_pubsub/share/cpp_pubsub/environment/ament_prefix_path.dsv
[10.193s] -- Installing: /home/leejunmi/ros2_ws/install/cpp_pubsub/share/cpp_pubsub/environment/path.sh
[10.193s] -- Installing: /home/leejunmi/ros2_ws/install/cpp_pubsub/share/cpp_pubsub/environment/path.dsv
[10.193s] -- Installing: /home/leejunmi/ros2_ws/install/cpp_pubsub/share/cpp_pubsub/local_setup.bash
[10.193s] -- Installing: /home/leejunmi/ros2_ws/install/cpp_pubsub/share/cpp_pubsub/local_setup.sh
[10.193s] -- Installing: /home/leejunmi/ros2_ws/install/cpp_pubsub/share/cpp_pubsub/local_setup.zsh
[10.193s] -- Installing: /home/leejunmi/ros2_ws/install/cpp_pubsub/share/cpp_pubsub/local_setup.dsv
[10.193s] -- Installing: /home/leejunmi/ros2_ws/install/cpp_pubsub/share/cpp_pubsub/package.dsv
[10.193s] -- Installing: /home/leejunmi/ros2_ws/install/cpp_pubsub/share/ament_index/resource_index/packages/cpp_pubsub
[10.194s] -- Installing: /home/leejunmi/ros2_ws/install/cpp_pubsub/share/cpp_pubsub/cmake/cpp_pubsubConfig.cmake
[10.194s] -- Installing: /home/leejunmi/ros2_ws/install/cpp_pubsub/share/cpp_pubsub/cmake/cpp_pubsubConfig-version.cmake
[10.194s] -- Installing: /home/leejunmi/ros2_ws/install/cpp_pubsub/share/cpp_pubsub/package.xml
[10.196s] Invoked command in '/home/leejunmi/ros2_ws/build/cpp_pubsub' returned '0': CMAKE_PREFIX_PATH=/opt/ros/humble /usr/bin/cmake --install /home/leejunmi/ros2_ws/build/cpp_pubsub
