[2.634s] Invoking command in '/home/leejunmi/ros2_ws/src/my_package': PYTHONPATH=/home/leejunmi/ros2_ws/build/my_package/prefix_override:/usr/lib/python3/dist-packages/colcon_core/task/python/colcon_distutils_commands:/home/leejunmi/ros2_ws/install/my_package/lib/python3.10/site-packages:${PYTHONPATH} /usr/bin/python3 -W ignore:setup.py install is deprecated -W ignore:easy_install command is deprecated setup.py egg_info --egg-base ../../build/my_package build --build-base /home/leejunmi/ros2_ws/build/my_package/build install --record /home/leejunmi/ros2_ws/build/my_package/install.log --single-version-externally-managed install_data
[2.961s] /home/leejunmi/.local/lib/python3.10/site-packages/setuptools/_distutils/dist.py:261: UserWarning: Unknown distribution option: 'tests_require'
[2.961s]   warnings.warn(msg)
[3.181s] running egg_info
[3.207s] writing ../../build/my_package/my_package.egg-info/PKG-INFO
[3.208s] writing dependency_links to ../../build/my_package/my_package.egg-info/dependency_links.txt
[3.208s] writing entry points to ../../build/my_package/my_package.egg-info/entry_points.txt
[3.208s] writing requirements to ../../build/my_package/my_package.egg-info/requires.txt
[3.208s] writing top-level names to ../../build/my_package/my_package.egg-info/top_level.txt
[3.256s] reading manifest file '../../build/my_package/my_package.egg-info/SOURCES.txt'
[3.256s] adding license file 'LICENSE'
[3.256s] Traceback (most recent call last):
[3.257s]   File "/home/leejunmi/ros2_ws/src/my_package/setup.py", line 5, in <module>
[3.257s]     setup(
[3.257s]   File "/home/leejunmi/.local/lib/python3.10/site-packages/setuptools/__init__.py", line 117, in setup
[3.257s]     return distutils.core.setup(**attrs)
[3.257s]   File "/home/leejunmi/.local/lib/python3.10/site-packages/setuptools/_distutils/core.py", line 183, in setup
[3.257s]     return run_commands(dist)
[3.257s]   File "/home/leejunmi/.local/lib/python3.10/site-packages/setuptools/_distutils/core.py", line 199, in run_commands
[3.257s]     dist.run_commands()
[3.258s]   File "/home/leejunmi/.local/lib/python3.10/site-packages/setuptools/_distutils/dist.py", line 954, in run_commands
[3.258s]     self.run_command(cmd)
[3.258s]   File "/home/leejunmi/.local/lib/python3.10/site-packages/setuptools/dist.py", line 995, in run_command
[3.258s]     super().run_command(command)
[3.258s]   File "/home/leejunmi/.local/lib/python3.10/site-packages/setuptools/_distutils/dist.py", line 973, in run_command
[3.258s]     cmd_obj.run()
[3.258s]   File "/home/leejunmi/.local/lib/python3.10/site-packages/setuptools/command/egg_info.py", line 313, in run
[3.258s]     self.find_sources()
[3.258s]   File "/home/leejunmi/.local/lib/python3.10/site-packages/setuptools/command/egg_info.py", line 321, in find_sources
[3.259s]     mm.run()
[3.259s]   File "/home/leejunmi/.local/lib/python3.10/site-packages/setuptools/command/egg_info.py", line 549, in run
[3.259s]     self.prune_file_list()
[3.259s]   File "/home/leejunmi/.local/lib/python3.10/site-packages/setuptools/command/sdist.py", line 162, in prune_file_list
[3.259s]     super().prune_file_list()
[3.259s]   File "/home/leejunmi/.local/lib/python3.10/site-packages/setuptools/_distutils/command/sdist.py", line 380, in prune_file_list
[3.259s]     base_dir = self.distribution.get_fullname()
[3.259s]   File "/home/leejunmi/.local/lib/python3.10/site-packages/setuptools/_core_metadata.py", line 267, in get_fullname
[3.259s]     return _distribution_fullname(self.get_name(), self.get_version())
[3.259s]   File "/home/leejunmi/.local/lib/python3.10/site-packages/setuptools/_core_metadata.py", line 285, in _distribution_fullname
[3.259s]     canonicalize_version(version, strip_trailing_zero=False),
[3.260s] TypeError: canonicalize_version() got an unexpected keyword argument 'strip_trailing_zero'
