running egg_info
creating ../../build/lidar_intensity/lidar_intensity.egg-info
writing ../../build/lidar_intensity/lidar_intensity.egg-info/PKG-INFO
writing dependency_links to ../../build/lidar_intensity/lidar_intensity.egg-info/dependency_links.txt
writing entry points to ../../build/lidar_intensity/lidar_intensity.egg-info/entry_points.txt
writing requirements to ../../build/lidar_intensity/lidar_intensity.egg-info/requires.txt
writing top-level names to ../../build/lidar_intensity/lidar_intensity.egg-info/top_level.txt
writing manifest file '../../build/lidar_intensity/lidar_intensity.egg-info/SOURCES.txt'
reading manifest file '../../build/lidar_intensity/lidar_intensity.egg-info/SOURCES.txt'
adding license file 'LICENSE'
writing manifest file '../../build/lidar_intensity/lidar_intensity.egg-info/SOURCES.txt'
running build
running build_py
creating /home/leejunmi/ros2_ws/build/lidar_intensity/build
creating /home/leejunmi/ros2_ws/build/lidar_intensity/build/lib
creating /home/leejunmi/ros2_ws/build/lidar_intensity/build/lib/lidar_intensity
copying lidar_intensity/lane_intensity.py -> /home/leejunmi/ros2_ws/build/lidar_intensity/build/lib/lidar_intensity
copying lidar_intensity/__init__.py -> /home/leejunmi/ros2_ws/build/lidar_intensity/build/lib/lidar_intensity
running install
running install_lib
creating /home/leejunmi/ros2_ws/install/lidar_intensity/lib/python3.10/site-packages/lidar_intensity
copying /home/leejunmi/ros2_ws/build/lidar_intensity/build/lib/lidar_intensity/lane_intensity.py -> /home/leejunmi/ros2_ws/install/lidar_intensity/lib/python3.10/site-packages/lidar_intensity
copying /home/leejunmi/ros2_ws/build/lidar_intensity/build/lib/lidar_intensity/__init__.py -> /home/leejunmi/ros2_ws/install/lidar_intensity/lib/python3.10/site-packages/lidar_intensity
byte-compiling /home/leejunmi/ros2_ws/install/lidar_intensity/lib/python3.10/site-packages/lidar_intensity/lane_intensity.py to lane_intensity.cpython-310.pyc
byte-compiling /home/leejunmi/ros2_ws/install/lidar_intensity/lib/python3.10/site-packages/lidar_intensity/__init__.py to __init__.cpython-310.pyc
running install_data
creating /home/leejunmi/ros2_ws/install/lidar_intensity/share/ament_index
creating /home/leejunmi/ros2_ws/install/lidar_intensity/share/ament_index/resource_index
creating /home/leejunmi/ros2_ws/install/lidar_intensity/share/ament_index/resource_index/packages
copying resource/lidar_intensity -> /home/leejunmi/ros2_ws/install/lidar_intensity/share/ament_index/resource_index/packages
copying package.xml -> /home/leejunmi/ros2_ws/install/lidar_intensity/share/lidar_intensity
running install_egg_info
Copying ../../build/lidar_intensity/lidar_intensity.egg-info to /home/leejunmi/ros2_ws/install/lidar_intensity/lib/python3.10/site-packages/lidar_intensity-0.0.0-py3.10.egg-info
running install_scripts
Installing s script to /home/leejunmi/ros2_ws/install/lidar_intensity/lib/lidar_intensity
writing list of installed files to '/home/leejunmi/ros2_ws/build/lidar_intensity/install.log'
