[2.789s] Invoking command in '/home/leejunmi/ros2_ws/src/lidar_intensity': PYTHONPATH=/home/leejunmi/ros2_ws/build/lidar_intensity/prefix_override:/usr/lib/python3/dist-packages/colcon_core/task/python/colcon_distutils_commands:/home/leejunmi/ros2_ws/install/lidar_intensity/lib/python3.10/site-packages:${PYTHONPATH} /usr/bin/python3 -W ignore:setup.py install is deprecated -W ignore:easy_install command is deprecated setup.py egg_info --egg-base ../../build/lidar_intensity build --build-base /home/leejunmi/ros2_ws/build/lidar_intensity/build install --record /home/leejunmi/ros2_ws/build/lidar_intensity/install.log --single-version-externally-managed install_data
[3.332s] running egg_info
[3.333s] creating ../../build/lidar_intensity/lidar_intensity.egg-info
[3.333s] writing ../../build/lidar_intensity/lidar_intensity.egg-info/PKG-INFO
[3.334s] writing dependency_links to ../../build/lidar_intensity/lidar_intensity.egg-info/dependency_links.txt
[3.334s] writing entry points to ../../build/lidar_intensity/lidar_intensity.egg-info/entry_points.txt
[3.334s] writing requirements to ../../build/lidar_intensity/lidar_intensity.egg-info/requires.txt
[3.334s] writing top-level names to ../../build/lidar_intensity/lidar_intensity.egg-info/top_level.txt
[3.335s] writing manifest file '../../build/lidar_intensity/lidar_intensity.egg-info/SOURCES.txt'
[3.339s] reading manifest file '../../build/lidar_intensity/lidar_intensity.egg-info/SOURCES.txt'
[3.340s] adding license file 'LICENSE'
[3.341s] writing manifest file '../../build/lidar_intensity/lidar_intensity.egg-info/SOURCES.txt'
[3.342s] running build
[3.342s] running build_py
[3.342s] creating /home/leejunmi/ros2_ws/build/lidar_intensity/build
[3.342s] creating /home/leejunmi/ros2_ws/build/lidar_intensity/build/lib
[3.342s] creating /home/leejunmi/ros2_ws/build/lidar_intensity/build/lib/lidar_intensity
[3.342s] copying lidar_intensity/lane_intensity.py -> /home/leejunmi/ros2_ws/build/lidar_intensity/build/lib/lidar_intensity
[3.343s] copying lidar_intensity/__init__.py -> /home/leejunmi/ros2_ws/build/lidar_intensity/build/lib/lidar_intensity
[3.343s] running install
[3.343s] running install_lib
[3.345s] creating /home/leejunmi/ros2_ws/install/lidar_intensity/lib/python3.10/site-packages/lidar_intensity
[3.345s] copying /home/leejunmi/ros2_ws/build/lidar_intensity/build/lib/lidar_intensity/lane_intensity.py -> /home/leejunmi/ros2_ws/install/lidar_intensity/lib/python3.10/site-packages/lidar_intensity
[3.345s] copying /home/leejunmi/ros2_ws/build/lidar_intensity/build/lib/lidar_intensity/__init__.py -> /home/leejunmi/ros2_ws/install/lidar_intensity/lib/python3.10/site-packages/lidar_intensity
[3.346s] byte-compiling /home/leejunmi/ros2_ws/install/lidar_intensity/lib/python3.10/site-packages/lidar_intensity/lane_intensity.py to lane_intensity.cpython-310.pyc
[3.347s] byte-compiling /home/leejunmi/ros2_ws/install/lidar_intensity/lib/python3.10/site-packages/lidar_intensity/__init__.py to __init__.cpython-310.pyc
[3.348s] running install_data
[3.348s] creating /home/leejunmi/ros2_ws/install/lidar_intensity/share/ament_index
[3.348s] creating /home/leejunmi/ros2_ws/install/lidar_intensity/share/ament_index/resource_index
[3.348s] creating /home/leejunmi/ros2_ws/install/lidar_intensity/share/ament_index/resource_index/packages
[3.348s] copying resource/lidar_intensity -> /home/leejunmi/ros2_ws/install/lidar_intensity/share/ament_index/resource_index/packages
[3.348s] copying package.xml -> /home/leejunmi/ros2_ws/install/lidar_intensity/share/lidar_intensity
[3.349s] running install_egg_info
[3.352s] Copying ../../build/lidar_intensity/lidar_intensity.egg-info to /home/leejunmi/ros2_ws/install/lidar_intensity/lib/python3.10/site-packages/lidar_intensity-0.0.0-py3.10.egg-info
[3.354s] running install_scripts
[3.397s] Installing s script to /home/leejunmi/ros2_ws/install/lidar_intensity/lib/lidar_intensity
[3.398s] writing list of installed files to '/home/leejunmi/ros2_ws/build/lidar_intensity/install.log'
[3.473s] Invoked command in '/home/leejunmi/ros2_ws/src/lidar_intensity' returned '0': PYTHONPATH=/home/leejunmi/ros2_ws/build/lidar_intensity/prefix_override:/usr/lib/python3/dist-packages/colcon_core/task/python/colcon_distutils_commands:/home/leejunmi/ros2_ws/install/lidar_intensity/lib/python3.10/site-packages:${PYTHONPATH} /usr/bin/python3 -W ignore:setup.py install is deprecated -W ignore:easy_install command is deprecated setup.py egg_info --egg-base ../../build/lidar_intensity build --build-base /home/leejunmi/ros2_ws/build/lidar_intensity/build install --record /home/leejunmi/ros2_ws/build/lidar_intensity/install.log --single-version-externally-managed install_data
