[1.447s] Invoking command in '/home/leejunmi/ros2_ws/src/py_pubsub': AMENT_PREFIX_PATH=/home/leejunmi/ros2_ws/install/tutorial_interfaces:${AMENT_PREFIX_PATH} CMAKE_PREFIX_PATH=/home/leejunmi/ros2_ws/install/tutorial_interfaces LD_LIBRARY_PATH=/home/leejunmi/ros2_ws/install/tutorial_interfaces/lib:${LD_LIBRARY_PATH} PYTHONPATH=/home/leejunmi/ros2_ws/build/py_pubsub/prefix_override:/usr/lib/python3/dist-packages/colcon_core/task/python/colcon_distutils_commands:/home/leejunmi/ros2_ws/install/py_pubsub/lib/python3.10/site-packages:/home/leejunmi/ros2_ws/install/tutorial_interfaces/local/lib/python3.10/dist-packages:${PYTHONPATH} /usr/bin/python3 -W ignore:setup.py install is deprecated -W ignore:easy_install command is deprecated setup.py egg_info --egg-base ../../build/py_pubsub build --build-base /home/leejunmi/ros2_ws/build/py_pubsub/build install --record /home/leejunmi/ros2_ws/build/py_pubsub/install.log --single-version-externally-managed install_data
[1.694s] running egg_info
[1.694s] writing ../../build/py_pubsub/py_pubsub.egg-info/PKG-INFO
[1.694s] writing dependency_links to ../../build/py_pubsub/py_pubsub.egg-info/dependency_links.txt
[1.694s] writing entry points to ../../build/py_pubsub/py_pubsub.egg-info/entry_points.txt
[1.695s] writing requirements to ../../build/py_pubsub/py_pubsub.egg-info/requires.txt
[1.695s] writing top-level names to ../../build/py_pubsub/py_pubsub.egg-info/top_level.txt
[1.697s] reading manifest file '../../build/py_pubsub/py_pubsub.egg-info/SOURCES.txt'
[1.697s] adding license file 'LICENSE'
[1.698s] writing manifest file '../../build/py_pubsub/py_pubsub.egg-info/SOURCES.txt'
[1.698s] running build
[1.698s] running build_py
[1.698s] running install
[1.698s] running install_lib
[1.700s] running install_data
[1.700s] running install_egg_info
[1.702s] removing '/home/leejunmi/ros2_ws/install/py_pubsub/lib/python3.10/site-packages/py_pubsub-0.0.0-py3.10.egg-info' (and everything under it)
[1.703s] Copying ../../build/py_pubsub/py_pubsub.egg-info to /home/leejunmi/ros2_ws/install/py_pubsub/lib/python3.10/site-packages/py_pubsub-0.0.0-py3.10.egg-info
[1.704s] running install_scripts
[1.724s] Installing listener script to /home/leejunmi/ros2_ws/install/py_pubsub/lib/py_pubsub
[1.724s] Installing talker script to /home/leejunmi/ros2_ws/install/py_pubsub/lib/py_pubsub
[1.724s] writing list of installed files to '/home/leejunmi/ros2_ws/build/py_pubsub/install.log'
[1.757s] Invoked command in '/home/leejunmi/ros2_ws/src/py_pubsub' returned '0': AMENT_PREFIX_PATH=/home/leejunmi/ros2_ws/install/tutorial_interfaces:${AMENT_PREFIX_PATH} CMAKE_PREFIX_PATH=/home/leejunmi/ros2_ws/install/tutorial_interfaces LD_LIBRARY_PATH=/home/leejunmi/ros2_ws/install/tutorial_interfaces/lib:${LD_LIBRARY_PATH} PYTHONPATH=/home/leejunmi/ros2_ws/build/py_pubsub/prefix_override:/usr/lib/python3/dist-packages/colcon_core/task/python/colcon_distutils_commands:/home/leejunmi/ros2_ws/install/py_pubsub/lib/python3.10/site-packages:/home/leejunmi/ros2_ws/install/tutorial_interfaces/local/lib/python3.10/dist-packages:${PYTHONPATH} /usr/bin/python3 -W ignore:setup.py install is deprecated -W ignore:easy_install command is deprecated setup.py egg_info --egg-base ../../build/py_pubsub build --build-base /home/leejunmi/ros2_ws/build/py_pubsub/build install --record /home/leejunmi/ros2_ws/build/py_pubsub/install.log --single-version-externally-managed install_data
