[0.824s] Invoking command in '/home/leejunmi/ros2_ws/build/microstrain_inertial_description': /usr/bin/cmake /home/leejunmi/ros2_ws/src/microstrain_inertial/microstrain_inertial_description -DCATKIN_INSTALL_INTO_PREFIX_ROOT=0 -DCMAKE_INSTALL_PREFIX=/home/leejunmi/ros2_ws/install/microstrain_inertial_description
[1.127s] -- Configuring incomplete, errors occurred!
[1.127s] See also "/home/leejunmi/ros2_ws/build/microstrain_inertial_description/CMakeFiles/CMakeOutput.log".
[1.127s] [31mCMake Error at CMakeLists.txt:4 (find_package):
[1.127s]   By not providing "Findcatkin.cmake" in CMAKE_MODULE_PATH this project has
[1.127s]   asked CMake to find a package configuration file provided by "catkin", but
[1.127s]   CMake did not find one.
[1.128s] 
[1.128s]   Could not find a package configuration file provided by "catkin" with any
[1.128s]   of the following names:
[1.128s] 
[1.128s]     catkinConfig.cmake
[1.128s]     catkin-config.cmake
[1.128s] 
[1.128s]   Add the installation prefix of "catkin" to CMAKE_PREFIX_PATH or set
[1.128s]   "catkin_DIR" to a directory containing one of the above files.  If "catkin"
[1.128s]   provides a separate development package or SDK, be sure it has been
[1.128s]   installed.
[1.128s] 
[1.128s] [0m
[1.438s] Invoked command in '/home/leejunmi/ros2_ws/build/microstrain_inertial_description' returned '1': /usr/bin/cmake /home/leejunmi/ros2_ws/src/microstrain_inertial/microstrain_inertial_description -DCATKIN_INSTALL_INTO_PREFIX_ROOT=0 -DCMAKE_INSTALL_PREFIX=/home/leejunmi/ros2_ws/install/microstrain_inertial_description
