[0.581s] Invoking command in '/home/leejunmi/ros2_ws/build/turtlesim': CMAKE_PREFIX_PATH=/opt/ros/humble /usr/bin/cmake /home/leejunmi/ros2_ws/src/ros_tutorials/turtlesim -DCMAKE_INSTALL_PREFIX=/home/leejunmi/ros2_ws/install/turtlesim
[0.647s] -- The C compiler identification is GNU 11.4.0
[0.733s] -- The CXX compiler identification is GNU 11.4.0
[0.742s] -- Detecting C compiler ABI info
[0.829s] -- Detecting C compiler ABI info - done
[0.842s] -- Check for working C compiler: /usr/bin/cc - skipped
[0.842s] -- Detecting C compile features
[0.843s] -- Detecting C compile features - done
[0.847s] -- Detecting CXX compiler ABI info
[0.972s] -- Detecting CXX compiler ABI info - done
[0.989s] -- Check for working CXX compiler: /usr/bin/c++ - skipped
[0.989s] -- Detecting CXX compile features
[0.990s] -- Detecting CXX compile features - done
[0.993s] -- Found ament_cmake: 1.3.10 (/opt/ros/humble/share/ament_cmake/cmake)
[1.152s] -- Found Python3: /usr/bin/python3 (found version "3.10.12") found components: Interpreter 
[1.226s] -- Found ament_index_cpp: 1.4.0 (/opt/ros/humble/share/ament_index_cpp/cmake)
[1.235s] -- Found geometry_msgs: 4.2.4 (/opt/ros/humble/share/geometry_msgs/cmake)
[1.264s] -- Found rosidl_generator_c: 3.1.5 (/opt/ros/humble/share/rosidl_generator_c/cmake)
[1.269s] -- Found rosidl_adapter: 3.1.5 (/opt/ros/humble/share/rosidl_adapter/cmake)
[1.277s] -- Found rosidl_generator_cpp: 3.1.5 (/opt/ros/humble/share/rosidl_generator_cpp/cmake)
[1.288s] -- Using all available rosidl_typesupport_c: rosidl_typesupport_fastrtps_c;rosidl_typesupport_introspection_c
[1.304s] -- Using all available rosidl_typesupport_cpp: rosidl_typesupport_fastrtps_cpp;rosidl_typesupport_introspection_cpp
[1.370s] -- Found rclcpp: 16.0.10 (/opt/ros/humble/share/rclcpp/cmake)
[1.401s] -- Found rmw_implementation_cmake: 6.1.2 (/opt/ros/humble/share/rmw_implementation_cmake/cmake)
[1.402s] -- Found rmw_fastrtps_cpp: 6.2.7 (/opt/ros/humble/share/rmw_fastrtps_cpp/cmake)
[1.464s] -- Found OpenSSL: /usr/lib/x86_64-linux-gnu/libcrypto.so (found version "3.0.2")  
[1.484s] -- Found FastRTPS: /opt/ros/humble/include  
[1.516s] -- Using RMW implementation 'rmw_fastrtps_cpp' as default
[1.522s] -- Looking for pthread.h
[1.584s] -- Looking for pthread.h - found
[1.584s] -- Performing Test CMAKE_HAVE_LIBC_PTHREAD
[1.648s] -- Performing Test CMAKE_HAVE_LIBC_PTHREAD - Success
[1.649s] -- Found Threads: TRUE  
[1.686s] -- Found rclcpp_action: 16.0.10 (/opt/ros/humble/share/rclcpp_action/cmake)
[1.725s] -- Found rosidl_default_generators: 1.2.0 (/opt/ros/humble/share/rosidl_default_generators/cmake)
[1.735s] -- Found std_srvs: 4.2.4 (/opt/ros/humble/share/std_srvs/cmake)
[2.092s] -- Found ament_cmake_ros: 0.10.0 (/opt/ros/humble/share/ament_cmake_ros/cmake)
[2.382s] -- Using all available rosidl_typesupport_c: rosidl_typesupport_fastrtps_c;rosidl_typesupport_introspection_c
[2.492s] -- Using all available rosidl_typesupport_cpp: rosidl_typesupport_fastrtps_cpp;rosidl_typesupport_introspection_cpp
[2.513s] -- Found PythonInterp: /usr/bin/python3 (found suitable version "3.10.12", minimum required is "3.6") 
[2.514s] -- Found python_cmake_module: 0.10.0 (/opt/ros/humble/share/python_cmake_module/cmake)
[2.538s] -- Found PythonLibs: /usr/lib/x86_64-linux-gnu/libpython3.10.so (found suitable version "3.10.12", minimum required is "3.5") 
[2.538s] -- Using PYTHON_EXECUTABLE: /usr/bin/python3
[2.538s] -- Using PYTHON_INCLUDE_DIRS: /usr/include/python3.10
[2.538s] -- Using PYTHON_LIBRARIES: /usr/lib/x86_64-linux-gnu/libpython3.10.so
[2.557s] -- Found PythonExtra: .so  
[2.606s] -- Configuring done
[2.658s] -- Generating done
[2.675s] -- Build files have been written to: /home/leejunmi/ros2_ws/build/turtlesim
[2.687s] Invoked command in '/home/leejunmi/ros2_ws/build/turtlesim' returned '0': CMAKE_PREFIX_PATH=/opt/ros/humble /usr/bin/cmake /home/leejunmi/ros2_ws/src/ros_tutorials/turtlesim -DCMAKE_INSTALL_PREFIX=/home/leejunmi/ros2_ws/install/turtlesim
[2.689s] Invoking command in '/home/leejunmi/ros2_ws/build/turtlesim': CMAKE_PREFIX_PATH=/opt/ros/humble /usr/bin/cmake --build /home/leejunmi/ros2_ws/build/turtlesim -- -j8 -l8
[2.726s] [  1%] [34m[1mGenerating C code for ROS interfaces[0m
[2.735s] [  2%] [34m[1mGenerating C++ code for ROS interfaces[0m
[2.742s] [  2%] Built target ament_cmake_python_copy_turtlesim
[2.980s] running egg_info
[2.981s] creating turtlesim.egg-info
[2.981s] writing turtlesim.egg-info/PKG-INFO
[2.981s] writing dependency_links to turtlesim.egg-info/dependency_links.txt
[2.981s] writing top-level names to turtlesim.egg-info/top_level.txt
[2.982s] writing manifest file 'turtlesim.egg-info/SOURCES.txt'
[2.983s] reading manifest file 'turtlesim.egg-info/SOURCES.txt'
[2.984s] writing manifest file 'turtlesim.egg-info/SOURCES.txt'
[3.012s] [  2%] Built target ament_cmake_python_build_turtlesim_egg
[3.604s] [  2%] Built target turtlesim__cpp
[3.617s] [  4%] [34m[1mGenerating C++ introspection for ROS interfaces[0m
[3.617s] [  4%] [34m[1mGenerating C++ type support dispatch for ROS interfaces[0m
[3.617s] [  5%] [34m[1mGenerating C++ type support for eProsima Fast-RTPS[0m
[3.699s] [  7%] [32mBuilding C object CMakeFiles/turtlesim__rosidl_generator_c.dir/rosidl_generator_c/turtlesim/srv/detail/kill__functions.c.o[0m
[3.702s] [  8%] [32mBuilding C object CMakeFiles/turtlesim__rosidl_generator_c.dir/rosidl_generator_c/turtlesim/action/detail/rotate_absolute__functions.c.o[0m
[3.702s] [  9%] [32mBuilding C object CMakeFiles/turtlesim__rosidl_generator_c.dir/rosidl_generator_c/turtlesim/msg/detail/color__functions.c.o[0m
[3.702s] [  7%] [32mBuilding C object CMakeFiles/turtlesim__rosidl_generator_c.dir/rosidl_generator_c/turtlesim/msg/detail/pose__functions.c.o[0m
[3.704s] [ 10%] [32mBuilding C object CMakeFiles/turtlesim__rosidl_generator_c.dir/rosidl_generator_c/turtlesim/srv/detail/set_pen__functions.c.o[0m
[3.776s] [ 11%] [32mBuilding C object CMakeFiles/turtlesim__rosidl_generator_c.dir/rosidl_generator_c/turtlesim/srv/detail/spawn__functions.c.o[0m
[3.779s] [ 12%] [32mBuilding C object CMakeFiles/turtlesim__rosidl_generator_c.dir/rosidl_generator_c/turtlesim/srv/detail/teleport_absolute__functions.c.o[0m
[3.788s] [ 13%] [32mBuilding C object CMakeFiles/turtlesim__rosidl_generator_c.dir/rosidl_generator_c/turtlesim/srv/detail/teleport_relative__functions.c.o[0m
[3.894s] [ 14%] [32m[1mLinking C shared library libturtlesim__rosidl_generator_c.so[0m
[3.927s] [ 14%] Built target turtlesim__rosidl_generator_c
[3.936s] [ 15%] [34m[1mGenerating C type support for eProsima Fast-RTPS[0m
[3.939s] [ 17%] [34m[1mGenerating C type support dispatch for ROS interfaces[0m
[3.939s] [ 17%] [34m[1mGenerating C introspection for ROS interfaces[0m
[4.545s] [ 19%] [32mBuilding CXX object CMakeFiles/turtlesim__rosidl_typesupport_cpp.dir/rosidl_typesupport_cpp/turtlesim/action/rotate_absolute__type_support.cpp.o[0m
[4.546s] [ 19%] [32mBuilding CXX object CMakeFiles/turtlesim__rosidl_typesupport_cpp.dir/rosidl_typesupport_cpp/turtlesim/msg/color__type_support.cpp.o[0m
[4.546s] [ 20%] [32mBuilding CXX object CMakeFiles/turtlesim__rosidl_typesupport_cpp.dir/rosidl_typesupport_cpp/turtlesim/msg/pose__type_support.cpp.o[0m
[4.732s] [ 21%] [32mBuilding CXX object CMakeFiles/turtlesim__rosidl_typesupport_fastrtps_cpp.dir/rosidl_typesupport_fastrtps_cpp/turtlesim/action/detail/dds_fastrtps/rotate_absolute__type_support.cpp.o[0m
[4.922s] [ 22%] [32mBuilding CXX object CMakeFiles/turtlesim__rosidl_typesupport_introspection_cpp.dir/rosidl_typesupport_introspection_cpp/turtlesim/action/detail/rotate_absolute__type_support.cpp.o[0m
[4.959s] [ 23%] [32mBuilding CXX object CMakeFiles/turtlesim__rosidl_typesupport_c.dir/rosidl_typesupport_c/turtlesim/action/rotate_absolute__type_support.cpp.o[0m
[4.991s] [ 24%] [32mBuilding CXX object CMakeFiles/turtlesim__rosidl_typesupport_c.dir/rosidl_typesupport_c/turtlesim/msg/color__type_support.cpp.o[0m
[5.002s] [ 25%] [32mBuilding CXX object CMakeFiles/turtlesim__rosidl_typesupport_introspection_cpp.dir/rosidl_typesupport_introspection_cpp/turtlesim/msg/detail/color__type_support.cpp.o[0m
[5.036s] [ 27%] [32mBuilding CXX object CMakeFiles/turtlesim__rosidl_typesupport_c.dir/rosidl_typesupport_c/turtlesim/msg/pose__type_support.cpp.o[0m
[5.037s] [ 27%] [32mBuilding CXX object CMakeFiles/turtlesim__rosidl_typesupport_fastrtps_cpp.dir/rosidl_typesupport_fastrtps_cpp/turtlesim/msg/detail/dds_fastrtps/color__type_support.cpp.o[0m
[5.078s] [ 28%] [32mBuilding CXX object CMakeFiles/turtlesim__rosidl_typesupport_c.dir/rosidl_typesupport_c/turtlesim/srv/kill__type_support.cpp.o[0m
[5.128s] [ 29%] [32mBuilding CXX object CMakeFiles/turtlesim__rosidl_typesupport_c.dir/rosidl_typesupport_c/turtlesim/srv/set_pen__type_support.cpp.o[0m
[5.143s] [ 30%] [32mBuilding CXX object CMakeFiles/turtlesim__rosidl_typesupport_fastrtps_c.dir/rosidl_typesupport_fastrtps_c/turtlesim/action/detail/rotate_absolute__type_support_c.cpp.o[0m
[5.174s] [ 31%] [32mBuilding CXX object CMakeFiles/turtlesim__rosidl_typesupport_c.dir/rosidl_typesupport_c/turtlesim/srv/spawn__type_support.cpp.o[0m
[5.220s] [ 32%] [32mBuilding CXX object CMakeFiles/turtlesim__rosidl_typesupport_c.dir/rosidl_typesupport_c/turtlesim/srv/teleport_absolute__type_support.cpp.o[0m
[5.271s] [ 33%] [32mBuilding CXX object CMakeFiles/turtlesim__rosidl_typesupport_c.dir/rosidl_typesupport_c/turtlesim/srv/teleport_relative__type_support.cpp.o[0m
[5.320s] [ 34%] [32m[1mLinking CXX shared library libturtlesim__rosidl_typesupport_c.so[0m
[5.349s] [ 35%] [32mBuilding CXX object CMakeFiles/turtlesim__rosidl_typesupport_cpp.dir/rosidl_typesupport_cpp/turtlesim/srv/kill__type_support.cpp.o[0m
[5.388s] [ 35%] Built target turtlesim__rosidl_typesupport_c
[5.402s] [ 36%] [32mBuilding CXX object CMakeFiles/turtlesim__rosidl_typesupport_fastrtps_cpp.dir/rosidl_typesupport_fastrtps_cpp/turtlesim/msg/detail/dds_fastrtps/pose__type_support.cpp.o[0m
[5.451s] [ 37%] [32mBuilding C object CMakeFiles/turtlesim__rosidl_typesupport_introspection_c.dir/rosidl_typesupport_introspection_c/turtlesim/action/detail/rotate_absolute__type_support.c.o[0m
[5.527s] [ 38%] [32mBuilding C object CMakeFiles/turtlesim__rosidl_typesupport_introspection_c.dir/rosidl_typesupport_introspection_c/turtlesim/msg/detail/color__type_support.c.o[0m
[5.580s] [ 39%] [32mBuilding C object CMakeFiles/turtlesim__rosidl_typesupport_introspection_c.dir/rosidl_typesupport_introspection_c/turtlesim/msg/detail/pose__type_support.c.o[0m
[5.638s] [ 40%] [32mBuilding C object CMakeFiles/turtlesim__rosidl_typesupport_introspection_c.dir/rosidl_typesupport_introspection_c/turtlesim/srv/detail/kill__type_support.c.o[0m
[5.666s] [ 41%] [32mBuilding CXX object CMakeFiles/turtlesim__rosidl_typesupport_fastrtps_c.dir/rosidl_typesupport_fastrtps_c/turtlesim/msg/detail/color__type_support_c.cpp.o[0m
[5.696s] [ 42%] [32mBuilding C object CMakeFiles/turtlesim__rosidl_typesupport_introspection_c.dir/rosidl_typesupport_introspection_c/turtlesim/srv/detail/set_pen__type_support.c.o[0m
[5.727s] [ 43%] [32mBuilding CXX object CMakeFiles/turtlesim__rosidl_typesupport_cpp.dir/rosidl_typesupport_cpp/turtlesim/srv/set_pen__type_support.cpp.o[0m
[5.730s] [ 44%] [32mBuilding CXX object CMakeFiles/turtlesim__rosidl_typesupport_fastrtps_c.dir/rosidl_typesupport_fastrtps_c/turtlesim/msg/detail/pose__type_support_c.cpp.o[0m
[5.760s] [ 45%] [32mBuilding C object CMakeFiles/turtlesim__rosidl_typesupport_introspection_c.dir/rosidl_typesupport_introspection_c/turtlesim/srv/detail/spawn__type_support.c.o[0m
[5.811s] [ 46%] [32mBuilding C object CMakeFiles/turtlesim__rosidl_typesupport_introspection_c.dir/rosidl_typesupport_introspection_c/turtlesim/srv/detail/teleport_absolute__type_support.c.o[0m
[5.813s] [ 47%] [32mBuilding CXX object CMakeFiles/turtlesim__rosidl_typesupport_introspection_cpp.dir/rosidl_typesupport_introspection_cpp/turtlesim/msg/detail/pose__type_support.cpp.o[0m
[5.822s] [ 48%] [32mBuilding C object CMakeFiles/turtlesim__rosidl_typesupport_introspection_c.dir/rosidl_typesupport_introspection_c/turtlesim/srv/detail/teleport_relative__type_support.c.o[0m
[5.868s] [ 49%] [32mBuilding CXX object CMakeFiles/turtlesim__rosidl_typesupport_fastrtps_cpp.dir/rosidl_typesupport_fastrtps_cpp/turtlesim/srv/detail/dds_fastrtps/kill__type_support.cpp.o[0m
[5.873s] [ 50%] [32m[1mLinking C shared library libturtlesim__rosidl_typesupport_introspection_c.so[0m
[5.923s] [ 50%] Built target turtlesim__rosidl_typesupport_introspection_c
[5.936s] [ 51%] [32mBuilding CXX object CMakeFiles/turtlesim__rosidl_typesupport_fastrtps_c.dir/rosidl_typesupport_fastrtps_c/turtlesim/srv/detail/kill__type_support_c.cpp.o[0m
[5.976s] [ 52%] [32mBuilding CXX object CMakeFiles/turtlesim__rosidl_typesupport_cpp.dir/rosidl_typesupport_cpp/turtlesim/srv/spawn__type_support.cpp.o[0m
[6.076s] [ 53%] [32mBuilding CXX object CMakeFiles/turtlesim__rosidl_typesupport_introspection_cpp.dir/rosidl_typesupport_introspection_cpp/turtlesim/srv/detail/kill__type_support.cpp.o[0m
[6.191s] [ 54%] [32mBuilding CXX object CMakeFiles/turtlesim__rosidl_typesupport_fastrtps_c.dir/rosidl_typesupport_fastrtps_c/turtlesim/srv/detail/set_pen__type_support_c.cpp.o[0m
[6.233s] [ 55%] [32mBuilding CXX object CMakeFiles/turtlesim__rosidl_typesupport_introspection_cpp.dir/rosidl_typesupport_introspection_cpp/turtlesim/srv/detail/set_pen__type_support.cpp.o[0m
[6.298s] [ 56%] [32mBuilding CXX object CMakeFiles/turtlesim__rosidl_typesupport_fastrtps_cpp.dir/rosidl_typesupport_fastrtps_cpp/turtlesim/srv/detail/dds_fastrtps/set_pen__type_support.cpp.o[0m
[6.431s] [ 57%] [32mBuilding CXX object CMakeFiles/turtlesim__rosidl_typesupport_cpp.dir/rosidl_typesupport_cpp/turtlesim/srv/teleport_absolute__type_support.cpp.o[0m
[6.496s] [ 58%] [32mBuilding CXX object CMakeFiles/turtlesim__rosidl_typesupport_fastrtps_cpp.dir/rosidl_typesupport_fastrtps_cpp/turtlesim/srv/detail/dds_fastrtps/spawn__type_support.cpp.o[0m
[6.538s] [ 59%] [32mBuilding CXX object CMakeFiles/turtlesim__rosidl_typesupport_introspection_cpp.dir/rosidl_typesupport_introspection_cpp/turtlesim/srv/detail/spawn__type_support.cpp.o[0m
[6.567s] [ 60%] [32mBuilding CXX object CMakeFiles/turtlesim__rosidl_typesupport_cpp.dir/rosidl_typesupport_cpp/turtlesim/srv/teleport_relative__type_support.cpp.o[0m
[6.735s] [ 61%] [32mBuilding CXX object CMakeFiles/turtlesim__rosidl_typesupport_fastrtps_c.dir/rosidl_typesupport_fastrtps_c/turtlesim/srv/detail/spawn__type_support_c.cpp.o[0m
[6.772s] [ 62%] [32mBuilding CXX object CMakeFiles/turtlesim__rosidl_typesupport_introspection_cpp.dir/rosidl_typesupport_introspection_cpp/turtlesim/srv/detail/teleport_absolute__type_support.cpp.o[0m
[6.894s] [ 63%] [32mBuilding CXX object CMakeFiles/turtlesim__rosidl_typesupport_fastrtps_cpp.dir/rosidl_typesupport_fastrtps_cpp/turtlesim/srv/detail/dds_fastrtps/teleport_absolute__type_support.cpp.o[0m
[6.902s] [ 64%] [32mBuilding CXX object CMakeFiles/turtlesim__rosidl_typesupport_introspection_cpp.dir/rosidl_typesupport_introspection_cpp/turtlesim/srv/detail/teleport_relative__type_support.cpp.o[0m
[6.994s] [ 65%] [32mBuilding CXX object CMakeFiles/turtlesim__rosidl_typesupport_fastrtps_c.dir/rosidl_typesupport_fastrtps_c/turtlesim/srv/detail/teleport_absolute__type_support_c.cpp.o[0m
[7.038s] [ 66%] [32m[1mLinking CXX shared library libturtlesim__rosidl_typesupport_cpp.so[0m
[7.103s] [ 66%] Built target turtlesim__rosidl_typesupport_cpp
[7.116s] [ 67%] [32mBuilding CXX object CMakeFiles/turtlesim__rosidl_typesupport_fastrtps_cpp.dir/rosidl_typesupport_fastrtps_cpp/turtlesim/srv/detail/dds_fastrtps/teleport_relative__type_support.cpp.o[0m
[7.204s] [ 68%] [34m[1mGenerating include/turtlesim/moc_turtle_frame.cpp[0m
[7.214s] [ 69%] [32mBuilding CXX object CMakeFiles/turtlesim__rosidl_typesupport_fastrtps_c.dir/rosidl_typesupport_fastrtps_c/turtlesim/srv/detail/teleport_relative__type_support_c.cpp.o[0m
[7.345s] [ 70%] [32mBuilding CXX object CMakeFiles/turtlesim_node.dir/src/turtlesim.cpp.o[0m
[7.364s] [ 71%] [32mBuilding CXX object CMakeFiles/turtlesim_node.dir/src/turtle.cpp.o[0m
[7.439s] [ 72%] [32mBuilding CXX object CMakeFiles/turtlesim_node.dir/src/turtle_frame.cpp.o[0m
[7.574s] [ 73%] [32m[1mLinking CXX shared library libturtlesim__rosidl_typesupport_introspection_cpp.so[0m
[7.607s] [ 74%] [32mBuilding CXX object CMakeFiles/turtlesim_node.dir/include/turtlesim/moc_turtle_frame.cpp.o[0m
[7.614s] [ 75%] [32mBuilding CXX object CMakeFiles/turtle_teleop_key.dir/tutorials/teleop_turtle_key.cpp.o[0m
[7.707s] [ 75%] Built target turtlesim__rosidl_typesupport_introspection_cpp
[7.736s] [ 76%] [32mBuilding CXX object CMakeFiles/draw_square.dir/tutorials/draw_square.cpp.o[0m
[7.790s] [ 77%] [32m[1mLinking CXX shared library libturtlesim__rosidl_typesupport_fastrtps_c.so[0m
[7.805s] [ 78%] [32m[1mLinking CXX shared library libturtlesim__rosidl_typesupport_fastrtps_cpp.so[0m
[7.965s] [ 78%] Built target turtlesim__rosidl_typesupport_fastrtps_c
[7.985s] [ 78%] Built target turtlesim__rosidl_typesupport_fastrtps_cpp
[8.000s] [ 79%] [32mBuilding CXX object CMakeFiles/mimic.dir/tutorials/mimic.cpp.o[0m
[8.023s] [ 79%] Built target turtlesim
[8.053s] [ 80%] [34m[1mGenerating Python code for ROS interfaces[0m
[12.271s] [ 80%] Built target turtlesim__py
[12.304s] [ 81%] [32mBuilding C object CMakeFiles/turtlesim__rosidl_generator_py.dir/rosidl_generator_py/turtlesim/action/_rotate_absolute_s.c.o[0m
[12.629s] [ 82%] [32mBuilding C object CMakeFiles/turtlesim__rosidl_generator_py.dir/rosidl_generator_py/turtlesim/msg/_color_s.c.o[0m
[12.838s] [ 83%] [32mBuilding C object CMakeFiles/turtlesim__rosidl_generator_py.dir/rosidl_generator_py/turtlesim/msg/_pose_s.c.o[0m
[13.099s] [ 84%] [32mBuilding C object CMakeFiles/turtlesim__rosidl_generator_py.dir/rosidl_generator_py/turtlesim/srv/_kill_s.c.o[0m
[13.303s] [ 85%] [32mBuilding C object CMakeFiles/turtlesim__rosidl_generator_py.dir/rosidl_generator_py/turtlesim/srv/_set_pen_s.c.o[0m
[13.509s] [ 86%] [32mBuilding C object CMakeFiles/turtlesim__rosidl_generator_py.dir/rosidl_generator_py/turtlesim/srv/_spawn_s.c.o[0m
[13.719s] [ 87%] [32mBuilding C object CMakeFiles/turtlesim__rosidl_generator_py.dir/rosidl_generator_py/turtlesim/srv/_teleport_absolute_s.c.o[0m
[13.952s] [ 88%] [32mBuilding C object CMakeFiles/turtlesim__rosidl_generator_py.dir/rosidl_generator_py/turtlesim/srv/_teleport_relative_s.c.o[0m
[14.184s] [ 89%] [32m[1mLinking C shared library rosidl_generator_py/turtlesim/libturtlesim__rosidl_generator_py.so[0m
[14.276s] [ 89%] Built target turtlesim__rosidl_generator_py
[14.338s] [ 90%] [32mBuilding C object CMakeFiles/turtlesim__rosidl_typesupport_fastrtps_c__pyext.dir/rosidl_generator_py/turtlesim/_turtlesim_s.ep.rosidl_typesupport_fastrtps_c.c.o[0m
[14.732s] [ 91%] [32m[1mLinking C shared library rosidl_generator_py/turtlesim/turtlesim_s__rosidl_typesupport_fastrtps_c.cpython-310-x86_64-linux-gnu.so[0m
[14.804s] [ 91%] Built target turtlesim__rosidl_typesupport_fastrtps_c__pyext
[14.844s] [ 92%] [32mBuilding C object CMakeFiles/turtlesim__rosidl_typesupport_introspection_c__pyext.dir/rosidl_generator_py/turtlesim/_turtlesim_s.ep.rosidl_typesupport_introspection_c.c.o[0m
[15.177s] [ 93%] [32m[1mLinking C shared library rosidl_generator_py/turtlesim/turtlesim_s__rosidl_typesupport_introspection_c.cpython-310-x86_64-linux-gnu.so[0m
[15.251s] [ 93%] Built target turtlesim__rosidl_typesupport_introspection_c__pyext
[15.284s] [ 94%] [32mBuilding C object CMakeFiles/turtlesim__rosidl_typesupport_c__pyext.dir/rosidl_generator_py/turtlesim/_turtlesim_s.ep.rosidl_typesupport_c.c.o[0m
[15.592s] [ 95%] [32m[1mLinking C shared library rosidl_generator_py/turtlesim/turtlesim_s__rosidl_typesupport_c.cpython-310-x86_64-linux-gnu.so[0m
[15.661s] [ 95%] Built target turtlesim__rosidl_typesupport_c__pyext
[19.193s] [ 96%] [32m[1mLinking CXX executable turtle_teleop_key[0m
[19.779s] [ 96%] Built target turtle_teleop_key
[21.998s] [ 97%] [32m[1mLinking CXX executable mimic[0m
[22.723s] [ 97%] Built target mimic
[23.062s] [ 98%] [32m[1mLinking CXX executable draw_square[0m
[23.641s] [ 98%] Built target draw_square
[26.660s] [100%] [32m[1mLinking CXX executable turtlesim_node[0m
[29.325s] [100%] Built target turtlesim_node
[29.336s] Invoked command in '/home/leejunmi/ros2_ws/build/turtlesim' returned '0': CMAKE_PREFIX_PATH=/opt/ros/humble /usr/bin/cmake --build /home/leejunmi/ros2_ws/build/turtlesim -- -j8 -l8
[29.338s] Invoking command in '/home/leejunmi/ros2_ws/build/turtlesim': CMAKE_PREFIX_PATH=/opt/ros/humble /usr/bin/cmake --install /home/leejunmi/ros2_ws/build/turtlesim
[29.345s] -- Install configuration: ""
[29.345s] -- Installing: /home/leejunmi/ros2_ws/install/turtlesim/share/ament_index/resource_index/rosidl_interfaces/turtlesim
[29.345s] -- Installing: /home/leejunmi/ros2_ws/install/turtlesim/include/turtlesim/turtlesim
[29.345s] -- Installing: /home/leejunmi/ros2_ws/install/turtlesim/include/turtlesim/turtlesim/msg
[29.345s] -- Installing: /home/leejunmi/ros2_ws/install/turtlesim/include/turtlesim/turtlesim/msg/color.h
[29.345s] -- Installing: /home/leejunmi/ros2_ws/install/turtlesim/include/turtlesim/turtlesim/msg/detail
[29.345s] -- Installing: /home/leejunmi/ros2_ws/install/turtlesim/include/turtlesim/turtlesim/msg/detail/color__functions.c
[29.346s] -- Installing: /home/leejunmi/ros2_ws/install/turtlesim/include/turtlesim/turtlesim/msg/detail/pose__struct.h
[29.346s] -- Installing: /home/leejunmi/ros2_ws/install/turtlesim/include/turtlesim/turtlesim/msg/detail/pose__type_support.h
[29.346s] -- Installing: /home/leejunmi/ros2_ws/install/turtlesim/include/turtlesim/turtlesim/msg/detail/pose__functions.h
[29.346s] -- Installing: /home/leejunmi/ros2_ws/install/turtlesim/include/turtlesim/turtlesim/msg/detail/pose__functions.c
[29.346s] -- Installing: /home/leejunmi/ros2_ws/install/turtlesim/include/turtlesim/turtlesim/msg/detail/color__functions.h
[29.346s] -- Installing: /home/leejunmi/ros2_ws/install/turtlesim/include/turtlesim/turtlesim/msg/detail/color__type_support.h
[29.346s] -- Installing: /home/leejunmi/ros2_ws/install/turtlesim/include/turtlesim/turtlesim/msg/detail/color__struct.h
[29.346s] -- Installing: /home/leejunmi/ros2_ws/install/turtlesim/include/turtlesim/turtlesim/msg/rosidl_generator_c__visibility_control.h
[29.346s] -- Installing: /home/leejunmi/ros2_ws/install/turtlesim/include/turtlesim/turtlesim/msg/pose.h
[29.346s] -- Installing: /home/leejunmi/ros2_ws/install/turtlesim/include/turtlesim/turtlesim/srv
[29.346s] -- Installing: /home/leejunmi/ros2_ws/install/turtlesim/include/turtlesim/turtlesim/srv/kill.h
[29.346s] -- Installing: /home/leejunmi/ros2_ws/install/turtlesim/include/turtlesim/turtlesim/srv/teleport_relative.h
[29.346s] -- Installing: /home/leejunmi/ros2_ws/install/turtlesim/include/turtlesim/turtlesim/srv/detail
[29.347s] -- Installing: /home/leejunmi/ros2_ws/install/turtlesim/include/turtlesim/turtlesim/srv/detail/teleport_absolute__type_support.h
[29.347s] -- Installing: /home/leejunmi/ros2_ws/install/turtlesim/include/turtlesim/turtlesim/srv/detail/teleport_absolute__functions.c
[29.347s] -- Installing: /home/leejunmi/ros2_ws/install/turtlesim/include/turtlesim/turtlesim/srv/detail/teleport_relative__type_support.h
[29.347s] -- Installing: /home/leejunmi/ros2_ws/install/turtlesim/include/turtlesim/turtlesim/srv/detail/kill__struct.h
[29.347s] -- Installing: /home/leejunmi/ros2_ws/install/turtlesim/include/turtlesim/turtlesim/srv/detail/spawn__functions.h
[29.347s] -- Installing: /home/leejunmi/ros2_ws/install/turtlesim/include/turtlesim/turtlesim/srv/detail/teleport_absolute__struct.h
[29.347s] -- Installing: /home/leejunmi/ros2_ws/install/turtlesim/include/turtlesim/turtlesim/srv/detail/spawn__type_support.h
[29.347s] -- Installing: /home/leejunmi/ros2_ws/install/turtlesim/include/turtlesim/turtlesim/srv/detail/set_pen__struct.h
[29.347s] -- Installing: /home/leejunmi/ros2_ws/install/turtlesim/include/turtlesim/turtlesim/srv/detail/spawn__struct.h
[29.347s] -- Installing: /home/leejunmi/ros2_ws/install/turtlesim/include/turtlesim/turtlesim/srv/detail/spawn__functions.c
[29.347s] -- Installing: /home/leejunmi/ros2_ws/install/turtlesim/include/turtlesim/turtlesim/srv/detail/set_pen__type_support.h
[29.347s] -- Installing: /home/leejunmi/ros2_ws/install/turtlesim/include/turtlesim/turtlesim/srv/detail/teleport_relative__functions.c
[29.347s] -- Installing: /home/leejunmi/ros2_ws/install/turtlesim/include/turtlesim/turtlesim/srv/detail/teleport_relative__functions.h
[29.347s] -- Installing: /home/leejunmi/ros2_ws/install/turtlesim/include/turtlesim/turtlesim/srv/detail/set_pen__functions.h
[29.348s] -- Installing: /home/leejunmi/ros2_ws/install/turtlesim/include/turtlesim/turtlesim/srv/detail/kill__functions.c
[29.348s] -- Installing: /home/leejunmi/ros2_ws/install/turtlesim/include/turtlesim/turtlesim/srv/detail/kill__type_support.h
[29.348s] -- Installing: /home/leejunmi/ros2_ws/install/turtlesim/include/turtlesim/turtlesim/srv/detail/set_pen__functions.c
[29.348s] -- Installing: /home/leejunmi/ros2_ws/install/turtlesim/include/turtlesim/turtlesim/srv/detail/kill__functions.h
[29.348s] -- Installing: /home/leejunmi/ros2_ws/install/turtlesim/include/turtlesim/turtlesim/srv/detail/teleport_absolute__functions.h
[29.348s] -- Installing: /home/leejunmi/ros2_ws/install/turtlesim/include/turtlesim/turtlesim/srv/detail/teleport_relative__struct.h
[29.348s] -- Installing: /home/leejunmi/ros2_ws/install/turtlesim/include/turtlesim/turtlesim/srv/set_pen.h
[29.348s] -- Installing: /home/leejunmi/ros2_ws/install/turtlesim/include/turtlesim/turtlesim/srv/spawn.h
[29.348s] -- Installing: /home/leejunmi/ros2_ws/install/turtlesim/include/turtlesim/turtlesim/srv/teleport_absolute.h
[29.348s] -- Installing: /home/leejunmi/ros2_ws/install/turtlesim/include/turtlesim/turtlesim/action
[29.348s] -- Installing: /home/leejunmi/ros2_ws/install/turtlesim/include/turtlesim/turtlesim/action/rotate_absolute.h
[29.348s] -- Installing: /home/leejunmi/ros2_ws/install/turtlesim/include/turtlesim/turtlesim/action/detail
[29.349s] -- Installing: /home/leejunmi/ros2_ws/install/turtlesim/include/turtlesim/turtlesim/action/detail/rotate_absolute__type_support.h
[29.349s] -- Installing: /home/leejunmi/ros2_ws/install/turtlesim/include/turtlesim/turtlesim/action/detail/rotate_absolute__functions.h
[29.349s] -- Installing: /home/leejunmi/ros2_ws/install/turtlesim/include/turtlesim/turtlesim/action/detail/rotate_absolute__functions.c
[29.349s] -- Installing: /home/leejunmi/ros2_ws/install/turtlesim/include/turtlesim/turtlesim/action/detail/rotate_absolute__struct.h
[29.349s] -- Installing: /home/leejunmi/ros2_ws/install/turtlesim/share/turtlesim/environment/library_path.sh
[29.349s] -- Installing: /home/leejunmi/ros2_ws/install/turtlesim/share/turtlesim/environment/library_path.dsv
[29.349s] -- Installing: /home/leejunmi/ros2_ws/install/turtlesim/lib/libturtlesim__rosidl_generator_c.so
[29.350s] -- Set runtime path of "/home/leejunmi/ros2_ws/install/turtlesim/lib/libturtlesim__rosidl_generator_c.so" to ""
[29.350s] -- Up-to-date: /home/leejunmi/ros2_ws/install/turtlesim/include/turtlesim/turtlesim
[29.350s] -- Up-to-date: /home/leejunmi/ros2_ws/install/turtlesim/include/turtlesim/turtlesim/msg
[29.350s] -- Installing: /home/leejunmi/ros2_ws/install/turtlesim/include/turtlesim/turtlesim/msg/rosidl_typesupport_fastrtps_c__visibility_control.h
[29.350s] -- Up-to-date: /home/leejunmi/ros2_ws/install/turtlesim/include/turtlesim/turtlesim/msg/detail
[29.350s] -- Installing: /home/leejunmi/ros2_ws/install/turtlesim/include/turtlesim/turtlesim/msg/detail/pose__rosidl_typesupport_fastrtps_c.h
[29.350s] -- Installing: /home/leejunmi/ros2_ws/install/turtlesim/include/turtlesim/turtlesim/msg/detail/color__rosidl_typesupport_fastrtps_c.h
[29.350s] -- Up-to-date: /home/leejunmi/ros2_ws/install/turtlesim/include/turtlesim/turtlesim/srv
[29.350s] -- Up-to-date: /home/leejunmi/ros2_ws/install/turtlesim/include/turtlesim/turtlesim/srv/detail
[29.350s] -- Installing: /home/leejunmi/ros2_ws/install/turtlesim/include/turtlesim/turtlesim/srv/detail/teleport_relative__rosidl_typesupport_fastrtps_c.h
[29.350s] -- Installing: /home/leejunmi/ros2_ws/install/turtlesim/include/turtlesim/turtlesim/srv/detail/spawn__rosidl_typesupport_fastrtps_c.h
[29.350s] -- Installing: /home/leejunmi/ros2_ws/install/turtlesim/include/turtlesim/turtlesim/srv/detail/set_pen__rosidl_typesupport_fastrtps_c.h
[29.350s] -- Installing: /home/leejunmi/ros2_ws/install/turtlesim/include/turtlesim/turtlesim/srv/detail/kill__rosidl_typesupport_fastrtps_c.h
[29.351s] -- Installing: /home/leejunmi/ros2_ws/install/turtlesim/include/turtlesim/turtlesim/srv/detail/teleport_absolute__rosidl_typesupport_fastrtps_c.h
[29.351s] -- Up-to-date: /home/leejunmi/ros2_ws/install/turtlesim/include/turtlesim/turtlesim/action
[29.351s] -- Up-to-date: /home/leejunmi/ros2_ws/install/turtlesim/include/turtlesim/turtlesim/action/detail
[29.351s] -- Installing: /home/leejunmi/ros2_ws/install/turtlesim/include/turtlesim/turtlesim/action/detail/rotate_absolute__rosidl_typesupport_fastrtps_c.h
[29.351s] -- Installing: /home/leejunmi/ros2_ws/install/turtlesim/lib/libturtlesim__rosidl_typesupport_fastrtps_c.so
[29.351s] -- Set runtime path of "/home/leejunmi/ros2_ws/install/turtlesim/lib/libturtlesim__rosidl_typesupport_fastrtps_c.so" to ""
[29.351s] -- Up-to-date: /home/leejunmi/ros2_ws/install/turtlesim/include/turtlesim/turtlesim
[29.351s] -- Up-to-date: /home/leejunmi/ros2_ws/install/turtlesim/include/turtlesim/turtlesim/msg
[29.351s] -- Installing: /home/leejunmi/ros2_ws/install/turtlesim/include/turtlesim/turtlesim/msg/pose.hpp
[29.351s] -- Up-to-date: /home/leejunmi/ros2_ws/install/turtlesim/include/turtlesim/turtlesim/msg/detail
[29.351s] -- Installing: /home/leejunmi/ros2_ws/install/turtlesim/include/turtlesim/turtlesim/msg/detail/pose__builder.hpp
[29.352s] -- Installing: /home/leejunmi/ros2_ws/install/turtlesim/include/turtlesim/turtlesim/msg/detail/color__builder.hpp
[29.352s] -- Installing: /home/leejunmi/ros2_ws/install/turtlesim/include/turtlesim/turtlesim/msg/detail/pose__traits.hpp
[29.352s] -- Installing: /home/leejunmi/ros2_ws/install/turtlesim/include/turtlesim/turtlesim/msg/detail/color__struct.hpp
[29.352s] -- Installing: /home/leejunmi/ros2_ws/install/turtlesim/include/turtlesim/turtlesim/msg/detail/color__traits.hpp
[29.352s] -- Installing: /home/leejunmi/ros2_ws/install/turtlesim/include/turtlesim/turtlesim/msg/detail/pose__struct.hpp
[29.352s] -- Installing: /home/leejunmi/ros2_ws/install/turtlesim/include/turtlesim/turtlesim/msg/color.hpp
[29.352s] -- Up-to-date: /home/leejunmi/ros2_ws/install/turtlesim/include/turtlesim/turtlesim/srv
[29.352s] -- Installing: /home/leejunmi/ros2_ws/install/turtlesim/include/turtlesim/turtlesim/srv/set_pen.hpp
[29.352s] -- Installing: /home/leejunmi/ros2_ws/install/turtlesim/include/turtlesim/turtlesim/srv/teleport_relative.hpp
[29.352s] -- Up-to-date: /home/leejunmi/ros2_ws/install/turtlesim/include/turtlesim/turtlesim/srv/detail
[29.352s] -- Installing: /home/leejunmi/ros2_ws/install/turtlesim/include/turtlesim/turtlesim/srv/detail/kill__traits.hpp
[29.353s] -- Installing: /home/leejunmi/ros2_ws/install/turtlesim/include/turtlesim/turtlesim/srv/detail/teleport_absolute__builder.hpp
[29.353s] -- Installing: /home/leejunmi/ros2_ws/install/turtlesim/include/turtlesim/turtlesim/srv/detail/teleport_relative__struct.hpp
[29.353s] -- Installing: /home/leejunmi/ros2_ws/install/turtlesim/include/turtlesim/turtlesim/srv/detail/spawn__traits.hpp
[29.353s] -- Installing: /home/leejunmi/ros2_ws/install/turtlesim/include/turtlesim/turtlesim/srv/detail/set_pen__traits.hpp
[29.353s] -- Installing: /home/leejunmi/ros2_ws/install/turtlesim/include/turtlesim/turtlesim/srv/detail/teleport_absolute__traits.hpp
[29.353s] -- Installing: /home/leejunmi/ros2_ws/install/turtlesim/include/turtlesim/turtlesim/srv/detail/spawn__struct.hpp
[29.353s] -- Installing: /home/leejunmi/ros2_ws/install/turtlesim/include/turtlesim/turtlesim/srv/detail/set_pen__builder.hpp
[29.353s] -- Installing: /home/leejunmi/ros2_ws/install/turtlesim/include/turtlesim/turtlesim/srv/detail/teleport_relative__traits.hpp
[29.353s] -- Installing: /home/leejunmi/ros2_ws/install/turtlesim/include/turtlesim/turtlesim/srv/detail/teleport_relative__builder.hpp
[29.353s] -- Installing: /home/leejunmi/ros2_ws/install/turtlesim/include/turtlesim/turtlesim/srv/detail/spawn__builder.hpp
[29.353s] -- Installing: /home/leejunmi/ros2_ws/install/turtlesim/include/turtlesim/turtlesim/srv/detail/set_pen__struct.hpp
[29.354s] -- Installing: /home/leejunmi/ros2_ws/install/turtlesim/include/turtlesim/turtlesim/srv/detail/kill__builder.hpp
[29.354s] -- Installing: /home/leejunmi/ros2_ws/install/turtlesim/include/turtlesim/turtlesim/srv/detail/kill__struct.hpp
[29.354s] -- Installing: /home/leejunmi/ros2_ws/install/turtlesim/include/turtlesim/turtlesim/srv/detail/teleport_absolute__struct.hpp
[29.354s] -- Installing: /home/leejunmi/ros2_ws/install/turtlesim/include/turtlesim/turtlesim/srv/kill.hpp
[29.354s] -- Installing: /home/leejunmi/ros2_ws/install/turtlesim/include/turtlesim/turtlesim/srv/teleport_absolute.hpp
[29.354s] -- Installing: /home/leejunmi/ros2_ws/install/turtlesim/include/turtlesim/turtlesim/srv/spawn.hpp
[29.354s] -- Up-to-date: /home/leejunmi/ros2_ws/install/turtlesim/include/turtlesim/turtlesim/action
[29.354s] -- Up-to-date: /home/leejunmi/ros2_ws/install/turtlesim/include/turtlesim/turtlesim/action/detail
[29.354s] -- Installing: /home/leejunmi/ros2_ws/install/turtlesim/include/turtlesim/turtlesim/action/detail/rotate_absolute__struct.hpp
[29.354s] -- Installing: /home/leejunmi/ros2_ws/install/turtlesim/include/turtlesim/turtlesim/action/detail/rotate_absolute__builder.hpp
[29.354s] -- Installing: /home/leejunmi/ros2_ws/install/turtlesim/include/turtlesim/turtlesim/action/detail/rotate_absolute__traits.hpp
[29.354s] -- Installing: /home/leejunmi/ros2_ws/install/turtlesim/include/turtlesim/turtlesim/action/rotate_absolute.hpp
[29.355s] -- Up-to-date: /home/leejunmi/ros2_ws/install/turtlesim/include/turtlesim/turtlesim
[29.355s] -- Up-to-date: /home/leejunmi/ros2_ws/install/turtlesim/include/turtlesim/turtlesim/msg
[29.355s] -- Installing: /home/leejunmi/ros2_ws/install/turtlesim/include/turtlesim/turtlesim/msg/rosidl_typesupport_fastrtps_cpp__visibility_control.h
[29.355s] -- Up-to-date: /home/leejunmi/ros2_ws/install/turtlesim/include/turtlesim/turtlesim/msg/detail
[29.355s] -- Installing: /home/leejunmi/ros2_ws/install/turtlesim/include/turtlesim/turtlesim/msg/detail/pose__rosidl_typesupport_fastrtps_cpp.hpp
[29.355s] -- Installing: /home/leejunmi/ros2_ws/install/turtlesim/include/turtlesim/turtlesim/msg/detail/dds_fastrtps
[29.355s] -- Installing: /home/leejunmi/ros2_ws/install/turtlesim/include/turtlesim/turtlesim/msg/detail/color__rosidl_typesupport_fastrtps_cpp.hpp
[29.355s] -- Up-to-date: /home/leejunmi/ros2_ws/install/turtlesim/include/turtlesim/turtlesim/srv
[29.355s] -- Up-to-date: /home/leejunmi/ros2_ws/install/turtlesim/include/turtlesim/turtlesim/srv/detail
[29.355s] -- Installing: /home/leejunmi/ros2_ws/install/turtlesim/include/turtlesim/turtlesim/srv/detail/kill__rosidl_typesupport_fastrtps_cpp.hpp
[29.355s] -- Installing: /home/leejunmi/ros2_ws/install/turtlesim/include/turtlesim/turtlesim/srv/detail/set_pen__rosidl_typesupport_fastrtps_cpp.hpp
[29.355s] -- Installing: /home/leejunmi/ros2_ws/install/turtlesim/include/turtlesim/turtlesim/srv/detail/teleport_relative__rosidl_typesupport_fastrtps_cpp.hpp
[29.355s] -- Installing: /home/leejunmi/ros2_ws/install/turtlesim/include/turtlesim/turtlesim/srv/detail/spawn__rosidl_typesupport_fastrtps_cpp.hpp
[29.356s] -- Installing: /home/leejunmi/ros2_ws/install/turtlesim/include/turtlesim/turtlesim/srv/detail/dds_fastrtps
[29.356s] -- Installing: /home/leejunmi/ros2_ws/install/turtlesim/include/turtlesim/turtlesim/srv/detail/teleport_absolute__rosidl_typesupport_fastrtps_cpp.hpp
[29.356s] -- Up-to-date: /home/leejunmi/ros2_ws/install/turtlesim/include/turtlesim/turtlesim/action
[29.356s] -- Up-to-date: /home/leejunmi/ros2_ws/install/turtlesim/include/turtlesim/turtlesim/action/detail
[29.356s] -- Installing: /home/leejunmi/ros2_ws/install/turtlesim/include/turtlesim/turtlesim/action/detail/rotate_absolute__rosidl_typesupport_fastrtps_cpp.hpp
[29.356s] -- Installing: /home/leejunmi/ros2_ws/install/turtlesim/include/turtlesim/turtlesim/action/detail/dds_fastrtps
[29.356s] -- Installing: /home/leejunmi/ros2_ws/install/turtlesim/lib/libturtlesim__rosidl_typesupport_fastrtps_cpp.so
[29.356s] -- Set runtime path of "/home/leejunmi/ros2_ws/install/turtlesim/lib/libturtlesim__rosidl_typesupport_fastrtps_cpp.so" to ""
[29.356s] -- Up-to-date: /home/leejunmi/ros2_ws/install/turtlesim/include/turtlesim/turtlesim
[29.356s] -- Up-to-date: /home/leejunmi/ros2_ws/install/turtlesim/include/turtlesim/turtlesim/msg
[29.356s] -- Installing: /home/leejunmi/ros2_ws/install/turtlesim/include/turtlesim/turtlesim/msg/rosidl_typesupport_introspection_c__visibility_control.h
[29.356s] -- Up-to-date: /home/leejunmi/ros2_ws/install/turtlesim/include/turtlesim/turtlesim/msg/detail
[29.356s] -- Installing: /home/leejunmi/ros2_ws/install/turtlesim/include/turtlesim/turtlesim/msg/detail/color__type_support.c
[29.357s] -- Installing: /home/leejunmi/ros2_ws/install/turtlesim/include/turtlesim/turtlesim/msg/detail/pose__rosidl_typesupport_introspection_c.h
[29.357s] -- Installing: /home/leejunmi/ros2_ws/install/turtlesim/include/turtlesim/turtlesim/msg/detail/pose__type_support.c
[29.357s] -- Installing: /home/leejunmi/ros2_ws/install/turtlesim/include/turtlesim/turtlesim/msg/detail/color__rosidl_typesupport_introspection_c.h
[29.357s] -- Up-to-date: /home/leejunmi/ros2_ws/install/turtlesim/include/turtlesim/turtlesim/srv
[29.357s] -- Up-to-date: /home/leejunmi/ros2_ws/install/turtlesim/include/turtlesim/turtlesim/srv/detail
[29.357s] -- Installing: /home/leejunmi/ros2_ws/install/turtlesim/include/turtlesim/turtlesim/srv/detail/set_pen__type_support.c
[29.357s] -- Installing: /home/leejunmi/ros2_ws/install/turtlesim/include/turtlesim/turtlesim/srv/detail/kill__type_support.c
[29.357s] -- Installing: /home/leejunmi/ros2_ws/install/turtlesim/include/turtlesim/turtlesim/srv/detail/kill__rosidl_typesupport_introspection_c.h
[29.357s] -- Installing: /home/leejunmi/ros2_ws/install/turtlesim/include/turtlesim/turtlesim/srv/detail/teleport_absolute__rosidl_typesupport_introspection_c.h
[29.357s] -- Installing: /home/leejunmi/ros2_ws/install/turtlesim/include/turtlesim/turtlesim/srv/detail/spawn__rosidl_typesupport_introspection_c.h
[29.357s] -- Installing: /home/leejunmi/ros2_ws/install/turtlesim/include/turtlesim/turtlesim/srv/detail/teleport_absolute__type_support.c
[29.357s] -- Installing: /home/leejunmi/ros2_ws/install/turtlesim/include/turtlesim/turtlesim/srv/detail/set_pen__rosidl_typesupport_introspection_c.h
[29.357s] -- Installing: /home/leejunmi/ros2_ws/install/turtlesim/include/turtlesim/turtlesim/srv/detail/teleport_relative__type_support.c
[29.358s] -- Installing: /home/leejunmi/ros2_ws/install/turtlesim/include/turtlesim/turtlesim/srv/detail/spawn__type_support.c
[29.358s] -- Installing: /home/leejunmi/ros2_ws/install/turtlesim/include/turtlesim/turtlesim/srv/detail/teleport_relative__rosidl_typesupport_introspection_c.h
[29.358s] -- Up-to-date: /home/leejunmi/ros2_ws/install/turtlesim/include/turtlesim/turtlesim/action
[29.358s] -- Up-to-date: /home/leejunmi/ros2_ws/install/turtlesim/include/turtlesim/turtlesim/action/detail
[29.358s] -- Installing: /home/leejunmi/ros2_ws/install/turtlesim/include/turtlesim/turtlesim/action/detail/rotate_absolute__rosidl_typesupport_introspection_c.h
[29.358s] -- Installing: /home/leejunmi/ros2_ws/install/turtlesim/include/turtlesim/turtlesim/action/detail/rotate_absolute__type_support.c
[29.358s] -- Installing: /home/leejunmi/ros2_ws/install/turtlesim/lib/libturtlesim__rosidl_typesupport_introspection_c.so
[29.358s] -- Set runtime path of "/home/leejunmi/ros2_ws/install/turtlesim/lib/libturtlesim__rosidl_typesupport_introspection_c.so" to ""
[29.358s] -- Installing: /home/leejunmi/ros2_ws/install/turtlesim/lib/libturtlesim__rosidl_typesupport_c.so
[29.358s] -- Set runtime path of "/home/leejunmi/ros2_ws/install/turtlesim/lib/libturtlesim__rosidl_typesupport_c.so" to ""
[29.358s] -- Up-to-date: /home/leejunmi/ros2_ws/install/turtlesim/include/turtlesim/turtlesim
[29.358s] -- Up-to-date: /home/leejunmi/ros2_ws/install/turtlesim/include/turtlesim/turtlesim/msg
[29.359s] -- Up-to-date: /home/leejunmi/ros2_ws/install/turtlesim/include/turtlesim/turtlesim/msg/detail
[29.359s] -- Installing: /home/leejunmi/ros2_ws/install/turtlesim/include/turtlesim/turtlesim/msg/detail/pose__type_support.cpp
[29.359s] -- Installing: /home/leejunmi/ros2_ws/install/turtlesim/include/turtlesim/turtlesim/msg/detail/pose__rosidl_typesupport_introspection_cpp.hpp
[29.359s] -- Installing: /home/leejunmi/ros2_ws/install/turtlesim/include/turtlesim/turtlesim/msg/detail/color__rosidl_typesupport_introspection_cpp.hpp
[29.359s] -- Installing: /home/leejunmi/ros2_ws/install/turtlesim/include/turtlesim/turtlesim/msg/detail/color__type_support.cpp
[29.359s] -- Up-to-date: /home/leejunmi/ros2_ws/install/turtlesim/include/turtlesim/turtlesim/srv
[29.359s] -- Up-to-date: /home/leejunmi/ros2_ws/install/turtlesim/include/turtlesim/turtlesim/srv/detail
[29.359s] -- Installing: /home/leejunmi/ros2_ws/install/turtlesim/include/turtlesim/turtlesim/srv/detail/set_pen__type_support.cpp
[29.359s] -- Installing: /home/leejunmi/ros2_ws/install/turtlesim/include/turtlesim/turtlesim/srv/detail/teleport_relative__type_support.cpp
[29.359s] -- Installing: /home/leejunmi/ros2_ws/install/turtlesim/include/turtlesim/turtlesim/srv/detail/teleport_absolute__rosidl_typesupport_introspection_cpp.hpp
[29.359s] -- Installing: /home/leejunmi/ros2_ws/install/turtlesim/include/turtlesim/turtlesim/srv/detail/kill__rosidl_typesupport_introspection_cpp.hpp
[29.359s] -- Installing: /home/leejunmi/ros2_ws/install/turtlesim/include/turtlesim/turtlesim/srv/detail/kill__type_support.cpp
[29.359s] -- Installing: /home/leejunmi/ros2_ws/install/turtlesim/include/turtlesim/turtlesim/srv/detail/spawn__type_support.cpp
[29.360s] -- Installing: /home/leejunmi/ros2_ws/install/turtlesim/include/turtlesim/turtlesim/srv/detail/teleport_relative__rosidl_typesupport_introspection_cpp.hpp
[29.360s] -- Installing: /home/leejunmi/ros2_ws/install/turtlesim/include/turtlesim/turtlesim/srv/detail/teleport_absolute__type_support.cpp
[29.360s] -- Installing: /home/leejunmi/ros2_ws/install/turtlesim/include/turtlesim/turtlesim/srv/detail/spawn__rosidl_typesupport_introspection_cpp.hpp
[29.360s] -- Installing: /home/leejunmi/ros2_ws/install/turtlesim/include/turtlesim/turtlesim/srv/detail/set_pen__rosidl_typesupport_introspection_cpp.hpp
[29.360s] -- Up-to-date: /home/leejunmi/ros2_ws/install/turtlesim/include/turtlesim/turtlesim/action
[29.360s] -- Up-to-date: /home/leejunmi/ros2_ws/install/turtlesim/include/turtlesim/turtlesim/action/detail
[29.360s] -- Installing: /home/leejunmi/ros2_ws/install/turtlesim/include/turtlesim/turtlesim/action/detail/rotate_absolute__type_support.cpp
[29.360s] -- Installing: /home/leejunmi/ros2_ws/install/turtlesim/include/turtlesim/turtlesim/action/detail/rotate_absolute__rosidl_typesupport_introspection_cpp.hpp
[29.360s] -- Installing: /home/leejunmi/ros2_ws/install/turtlesim/lib/libturtlesim__rosidl_typesupport_introspection_cpp.so
[29.360s] -- Set runtime path of "/home/leejunmi/ros2_ws/install/turtlesim/lib/libturtlesim__rosidl_typesupport_introspection_cpp.so" to ""
[29.360s] -- Installing: /home/leejunmi/ros2_ws/install/turtlesim/lib/libturtlesim__rosidl_typesupport_cpp.so
[29.360s] -- Set runtime path of "/home/leejunmi/ros2_ws/install/turtlesim/lib/libturtlesim__rosidl_typesupport_cpp.so" to ""
[29.360s] -- Installing: /home/leejunmi/ros2_ws/install/turtlesim/share/turtlesim/environment/pythonpath.sh
[29.361s] -- Installing: /home/leejunmi/ros2_ws/install/turtlesim/share/turtlesim/environment/pythonpath.dsv
[29.361s] -- Installing: /home/leejunmi/ros2_ws/install/turtlesim/local/lib/python3.10/dist-packages/turtlesim-1.4.2-py3.10.egg-info
[29.361s] -- Installing: /home/leejunmi/ros2_ws/install/turtlesim/local/lib/python3.10/dist-packages/turtlesim-1.4.2-py3.10.egg-info/PKG-INFO
[29.361s] -- Installing: /home/leejunmi/ros2_ws/install/turtlesim/local/lib/python3.10/dist-packages/turtlesim-1.4.2-py3.10.egg-info/top_level.txt
[29.361s] -- Installing: /home/leejunmi/ros2_ws/install/turtlesim/local/lib/python3.10/dist-packages/turtlesim-1.4.2-py3.10.egg-info/SOURCES.txt
[29.361s] -- Installing: /home/leejunmi/ros2_ws/install/turtlesim/local/lib/python3.10/dist-packages/turtlesim-1.4.2-py3.10.egg-info/dependency_links.txt
[29.361s] -- Installing: /home/leejunmi/ros2_ws/install/turtlesim/local/lib/python3.10/dist-packages/turtlesim
[29.361s] -- Installing: /home/leejunmi/ros2_ws/install/turtlesim/local/lib/python3.10/dist-packages/turtlesim/_turtlesim_s.ep.rosidl_typesupport_c.c
[29.361s] -- Installing: /home/leejunmi/ros2_ws/install/turtlesim/local/lib/python3.10/dist-packages/turtlesim/turtlesim_s__rosidl_typesupport_fastrtps_c.cpython-310-x86_64-linux-gnu.so
[29.361s] -- Installing: /home/leejunmi/ros2_ws/install/turtlesim/local/lib/python3.10/dist-packages/turtlesim/msg
[29.362s] -- Installing: /home/leejunmi/ros2_ws/install/turtlesim/local/lib/python3.10/dist-packages/turtlesim/msg/__init__.py
[29.362s] -- Installing: /home/leejunmi/ros2_ws/install/turtlesim/local/lib/python3.10/dist-packages/turtlesim/msg/_pose.py
[29.362s] -- Installing: /home/leejunmi/ros2_ws/install/turtlesim/local/lib/python3.10/dist-packages/turtlesim/msg/_color_s.c
[29.362s] -- Installing: /home/leejunmi/ros2_ws/install/turtlesim/local/lib/python3.10/dist-packages/turtlesim/msg/_color.py
[29.362s] -- Installing: /home/leejunmi/ros2_ws/install/turtlesim/local/lib/python3.10/dist-packages/turtlesim/msg/_pose_s.c
[29.362s] -- Installing: /home/leejunmi/ros2_ws/install/turtlesim/local/lib/python3.10/dist-packages/turtlesim/srv
[29.362s] -- Installing: /home/leejunmi/ros2_ws/install/turtlesim/local/lib/python3.10/dist-packages/turtlesim/srv/_spawn_s.c
[29.362s] -- Installing: /home/leejunmi/ros2_ws/install/turtlesim/local/lib/python3.10/dist-packages/turtlesim/srv/_set_pen_s.c
[29.362s] -- Installing: /home/leejunmi/ros2_ws/install/turtlesim/local/lib/python3.10/dist-packages/turtlesim/srv/_teleport_absolute_s.c
[29.362s] -- Installing: /home/leejunmi/ros2_ws/install/turtlesim/local/lib/python3.10/dist-packages/turtlesim/srv/_teleport_relative_s.c
[29.362s] -- Installing: /home/leejunmi/ros2_ws/install/turtlesim/local/lib/python3.10/dist-packages/turtlesim/srv/_teleport_relative.py
[29.362s] -- Installing: /home/leejunmi/ros2_ws/install/turtlesim/local/lib/python3.10/dist-packages/turtlesim/srv/_spawn.py
[29.362s] -- Installing: /home/leejunmi/ros2_ws/install/turtlesim/local/lib/python3.10/dist-packages/turtlesim/srv/__init__.py
[29.363s] -- Installing: /home/leejunmi/ros2_ws/install/turtlesim/local/lib/python3.10/dist-packages/turtlesim/srv/_kill.py
[29.363s] -- Installing: /home/leejunmi/ros2_ws/install/turtlesim/local/lib/python3.10/dist-packages/turtlesim/srv/_teleport_absolute.py
[29.363s] -- Installing: /home/leejunmi/ros2_ws/install/turtlesim/local/lib/python3.10/dist-packages/turtlesim/srv/_kill_s.c
[29.363s] -- Installing: /home/leejunmi/ros2_ws/install/turtlesim/local/lib/python3.10/dist-packages/turtlesim/srv/_set_pen.py
[29.363s] -- Installing: /home/leejunmi/ros2_ws/install/turtlesim/local/lib/python3.10/dist-packages/turtlesim/_turtlesim_s.ep.rosidl_typesupport_fastrtps_c.c
[29.363s] -- Installing: /home/leejunmi/ros2_ws/install/turtlesim/local/lib/python3.10/dist-packages/turtlesim/action
[29.363s] -- Installing: /home/leejunmi/ros2_ws/install/turtlesim/local/lib/python3.10/dist-packages/turtlesim/action/_rotate_absolute_s.c
[29.363s] -- Installing: /home/leejunmi/ros2_ws/install/turtlesim/local/lib/python3.10/dist-packages/turtlesim/action/__init__.py
[29.363s] -- Installing: /home/leejunmi/ros2_ws/install/turtlesim/local/lib/python3.10/dist-packages/turtlesim/action/_rotate_absolute.py
[29.363s] -- Installing: /home/leejunmi/ros2_ws/install/turtlesim/local/lib/python3.10/dist-packages/turtlesim/__init__.py
[29.363s] -- Installing: /home/leejunmi/ros2_ws/install/turtlesim/local/lib/python3.10/dist-packages/turtlesim/_turtlesim_s.ep.rosidl_typesupport_introspection_c.c
[29.363s] -- Installing: /home/leejunmi/ros2_ws/install/turtlesim/local/lib/python3.10/dist-packages/turtlesim/libturtlesim__rosidl_generator_py.so
[29.364s] -- Installing: /home/leejunmi/ros2_ws/install/turtlesim/local/lib/python3.10/dist-packages/turtlesim/turtlesim_s__rosidl_typesupport_c.cpython-310-x86_64-linux-gnu.so
[29.364s] -- Installing: /home/leejunmi/ros2_ws/install/turtlesim/local/lib/python3.10/dist-packages/turtlesim/turtlesim_s__rosidl_typesupport_introspection_c.cpython-310-x86_64-linux-gnu.so
[29.409s] Listing '/home/leejunmi/ros2_ws/install/turtlesim/local/lib/python3.10/dist-packages/turtlesim'...
[29.409s] Compiling '/home/leejunmi/ros2_ws/install/turtlesim/local/lib/python3.10/dist-packages/turtlesim/__init__.py'...
[29.409s] Listing '/home/leejunmi/ros2_ws/install/turtlesim/local/lib/python3.10/dist-packages/turtlesim/action'...
[29.409s] Compiling '/home/leejunmi/ros2_ws/install/turtlesim/local/lib/python3.10/dist-packages/turtlesim/action/__init__.py'...
[29.409s] Compiling '/home/leejunmi/ros2_ws/install/turtlesim/local/lib/python3.10/dist-packages/turtlesim/action/_rotate_absolute.py'...
[29.409s] Listing '/home/leejunmi/ros2_ws/install/turtlesim/local/lib/python3.10/dist-packages/turtlesim/msg'...
[29.409s] Compiling '/home/leejunmi/ros2_ws/install/turtlesim/local/lib/python3.10/dist-packages/turtlesim/msg/__init__.py'...
[29.409s] Compiling '/home/leejunmi/ros2_ws/install/turtlesim/local/lib/python3.10/dist-packages/turtlesim/msg/_color.py'...
[29.409s] Compiling '/home/leejunmi/ros2_ws/install/turtlesim/local/lib/python3.10/dist-packages/turtlesim/msg/_pose.py'...
[29.409s] Listing '/home/leejunmi/ros2_ws/install/turtlesim/local/lib/python3.10/dist-packages/turtlesim/srv'...
[29.409s] Compiling '/home/leejunmi/ros2_ws/install/turtlesim/local/lib/python3.10/dist-packages/turtlesim/srv/__init__.py'...
[29.409s] Compiling '/home/leejunmi/ros2_ws/install/turtlesim/local/lib/python3.10/dist-packages/turtlesim/srv/_kill.py'...
[29.409s] Compiling '/home/leejunmi/ros2_ws/install/turtlesim/local/lib/python3.10/dist-packages/turtlesim/srv/_set_pen.py'...
[29.409s] Compiling '/home/leejunmi/ros2_ws/install/turtlesim/local/lib/python3.10/dist-packages/turtlesim/srv/_spawn.py'...
[29.410s] Compiling '/home/leejunmi/ros2_ws/install/turtlesim/local/lib/python3.10/dist-packages/turtlesim/srv/_teleport_absolute.py'...
[29.410s] Compiling '/home/leejunmi/ros2_ws/install/turtlesim/local/lib/python3.10/dist-packages/turtlesim/srv/_teleport_relative.py'...
[29.414s] -- Installing: /home/leejunmi/ros2_ws/install/turtlesim/local/lib/python3.10/dist-packages/turtlesim/turtlesim_s__rosidl_typesupport_fastrtps_c.cpython-310-x86_64-linux-gnu.so
[29.414s] -- Set runtime path of "/home/leejunmi/ros2_ws/install/turtlesim/local/lib/python3.10/dist-packages/turtlesim/turtlesim_s__rosidl_typesupport_fastrtps_c.cpython-310-x86_64-linux-gnu.so" to ""
[29.414s] -- Installing: /home/leejunmi/ros2_ws/install/turtlesim/local/lib/python3.10/dist-packages/turtlesim/turtlesim_s__rosidl_typesupport_introspection_c.cpython-310-x86_64-linux-gnu.so
[29.415s] -- Set runtime path of "/home/leejunmi/ros2_ws/install/turtlesim/local/lib/python3.10/dist-packages/turtlesim/turtlesim_s__rosidl_typesupport_introspection_c.cpython-310-x86_64-linux-gnu.so" to ""
[29.415s] -- Installing: /home/leejunmi/ros2_ws/install/turtlesim/local/lib/python3.10/dist-packages/turtlesim/turtlesim_s__rosidl_typesupport_c.cpython-310-x86_64-linux-gnu.so
[29.415s] -- Set runtime path of "/home/leejunmi/ros2_ws/install/turtlesim/local/lib/python3.10/dist-packages/turtlesim/turtlesim_s__rosidl_typesupport_c.cpython-310-x86_64-linux-gnu.so" to ""
[29.415s] -- Installing: /home/leejunmi/ros2_ws/install/turtlesim/lib/libturtlesim__rosidl_generator_py.so
[29.415s] -- Set runtime path of "/home/leejunmi/ros2_ws/install/turtlesim/lib/libturtlesim__rosidl_generator_py.so" to ""
[29.415s] -- Installing: /home/leejunmi/ros2_ws/install/turtlesim/share/turtlesim/action/RotateAbsolute.idl
[29.415s] -- Installing: /home/leejunmi/ros2_ws/install/turtlesim/share/turtlesim/msg/Color.idl
[29.416s] -- Installing: /home/leejunmi/ros2_ws/install/turtlesim/share/turtlesim/msg/Pose.idl
[29.416s] -- Installing: /home/leejunmi/ros2_ws/install/turtlesim/share/turtlesim/srv/Kill.idl
[29.416s] -- Installing: /home/leejunmi/ros2_ws/install/turtlesim/share/turtlesim/srv/SetPen.idl
[29.416s] -- Installing: /home/leejunmi/ros2_ws/install/turtlesim/share/turtlesim/srv/Spawn.idl
[29.416s] -- Installing: /home/leejunmi/ros2_ws/install/turtlesim/share/turtlesim/srv/TeleportAbsolute.idl
[29.416s] -- Installing: /home/leejunmi/ros2_ws/install/turtlesim/share/turtlesim/srv/TeleportRelative.idl
[29.416s] -- Installing: /home/leejunmi/ros2_ws/install/turtlesim/share/turtlesim/action/RotateAbsolute.action
[29.416s] -- Installing: /home/leejunmi/ros2_ws/install/turtlesim/share/turtlesim/msg/Color.msg
[29.416s] -- Installing: /home/leejunmi/ros2_ws/install/turtlesim/share/turtlesim/msg/Pose.msg
[29.416s] -- Installing: /home/leejunmi/ros2_ws/install/turtlesim/share/turtlesim/srv/Kill.srv
[29.417s] -- Installing: /home/leejunmi/ros2_ws/install/turtlesim/share/turtlesim/srv/Kill_Request.msg
[29.417s] -- Installing: /home/leejunmi/ros2_ws/install/turtlesim/share/turtlesim/srv/Kill_Response.msg
[29.417s] -- Installing: /home/leejunmi/ros2_ws/install/turtlesim/share/turtlesim/srv/SetPen.srv
[29.417s] -- Installing: /home/leejunmi/ros2_ws/install/turtlesim/share/turtlesim/srv/SetPen_Request.msg
[29.417s] -- Installing: /home/leejunmi/ros2_ws/install/turtlesim/share/turtlesim/srv/SetPen_Response.msg
[29.417s] -- Installing: /home/leejunmi/ros2_ws/install/turtlesim/share/turtlesim/srv/Spawn.srv
[29.417s] -- Installing: /home/leejunmi/ros2_ws/install/turtlesim/share/turtlesim/srv/Spawn_Request.msg
[29.417s] -- Installing: /home/leejunmi/ros2_ws/install/turtlesim/share/turtlesim/srv/Spawn_Response.msg
[29.417s] -- Installing: /home/leejunmi/ros2_ws/install/turtlesim/share/turtlesim/srv/TeleportAbsolute.srv
[29.417s] -- Installing: /home/leejunmi/ros2_ws/install/turtlesim/share/turtlesim/srv/TeleportAbsolute_Request.msg
[29.418s] -- Installing: /home/leejunmi/ros2_ws/install/turtlesim/share/turtlesim/srv/TeleportAbsolute_Response.msg
[29.418s] -- Installing: /home/leejunmi/ros2_ws/install/turtlesim/share/turtlesim/srv/TeleportRelative.srv
[29.418s] -- Installing: /home/leejunmi/ros2_ws/install/turtlesim/share/turtlesim/srv/TeleportRelative_Request.msg
[29.418s] -- Installing: /home/leejunmi/ros2_ws/install/turtlesim/share/turtlesim/srv/TeleportRelative_Response.msg
[29.418s] -- Installing: /home/leejunmi/ros2_ws/install/turtlesim/lib/turtlesim/turtlesim_node
[29.423s] -- Set runtime path of "/home/leejunmi/ros2_ws/install/turtlesim/lib/turtlesim/turtlesim_node" to ""
[29.423s] -- Installing: /home/leejunmi/ros2_ws/install/turtlesim/lib/turtlesim/turtle_teleop_key
[29.424s] -- Set runtime path of "/home/leejunmi/ros2_ws/install/turtlesim/lib/turtlesim/turtle_teleop_key" to ""
[29.424s] -- Installing: /home/leejunmi/ros2_ws/install/turtlesim/lib/turtlesim/draw_square
[29.427s] -- Set runtime path of "/home/leejunmi/ros2_ws/install/turtlesim/lib/turtlesim/draw_square" to ""
[29.427s] -- Installing: /home/leejunmi/ros2_ws/install/turtlesim/lib/turtlesim/mimic
[29.429s] -- Set runtime path of "/home/leejunmi/ros2_ws/install/turtlesim/lib/turtlesim/mimic" to ""
[29.429s] -- Installing: /home/leejunmi/ros2_ws/install/turtlesim/share/turtlesim/images
[29.429s] -- Installing: /home/leejunmi/ros2_ws/install/turtlesim/share/turtlesim/images/humble.png
[29.430s] -- Installing: /home/leejunmi/ros2_ws/install/turtlesim/share/turtlesim/images/dashing.png
[29.430s] -- Installing: /home/leejunmi/ros2_ws/install/turtlesim/share/turtlesim/images/crystal.png
[29.430s] -- Installing: /home/leejunmi/ros2_ws/install/turtlesim/share/turtlesim/images/ardent.png
[29.430s] -- Installing: /home/leejunmi/ros2_ws/install/turtlesim/share/turtlesim/images/eloquent.png
[29.430s] -- Installing: /home/leejunmi/ros2_ws/install/turtlesim/share/turtlesim/images/foxy.png
[29.430s] -- Installing: /home/leejunmi/ros2_ws/install/turtlesim/share/turtlesim/images/rolling.png
[29.430s] -- Installing: /home/leejunmi/ros2_ws/install/turtlesim/share/turtlesim/images/galactic.png
[29.430s] -- Installing: /home/leejunmi/ros2_ws/install/turtlesim/share/turtlesim/images/bouncy.png
[29.430s] -- Installing: /home/leejunmi/ros2_ws/install/turtlesim/share/turtlesim/launch
[29.430s] -- Installing: /home/leejunmi/ros2_ws/install/turtlesim/share/turtlesim/launch/multisim.launch.py
[29.430s] -- Installing: /home/leejunmi/ros2_ws/install/turtlesim/share/ament_index/resource_index/package_run_dependencies/turtlesim
[29.431s] -- Installing: /home/leejunmi/ros2_ws/install/turtlesim/share/ament_index/resource_index/parent_prefix_path/turtlesim
[29.431s] -- Installing: /home/leejunmi/ros2_ws/install/turtlesim/share/turtlesim/environment/ament_prefix_path.sh
[29.431s] -- Installing: /home/leejunmi/ros2_ws/install/turtlesim/share/turtlesim/environment/ament_prefix_path.dsv
[29.431s] -- Installing: /home/leejunmi/ros2_ws/install/turtlesim/share/turtlesim/environment/path.sh
[29.431s] -- Installing: /home/leejunmi/ros2_ws/install/turtlesim/share/turtlesim/environment/path.dsv
[29.431s] -- Installing: /home/leejunmi/ros2_ws/install/turtlesim/share/turtlesim/local_setup.bash
[29.431s] -- Installing: /home/leejunmi/ros2_ws/install/turtlesim/share/turtlesim/local_setup.sh
[29.431s] -- Installing: /home/leejunmi/ros2_ws/install/turtlesim/share/turtlesim/local_setup.zsh
[29.431s] -- Installing: /home/leejunmi/ros2_ws/install/turtlesim/share/turtlesim/local_setup.dsv
[29.431s] -- Installing: /home/leejunmi/ros2_ws/install/turtlesim/share/turtlesim/package.dsv
[29.431s] -- Installing: /home/leejunmi/ros2_ws/install/turtlesim/share/ament_index/resource_index/packages/turtlesim
[29.432s] -- Installing: /home/leejunmi/ros2_ws/install/turtlesim/share/turtlesim/cmake/export_turtlesim__rosidl_generator_cExport.cmake
[29.432s] -- Installing: /home/leejunmi/ros2_ws/install/turtlesim/share/turtlesim/cmake/export_turtlesim__rosidl_generator_cExport-noconfig.cmake
[29.432s] -- Installing: /home/leejunmi/ros2_ws/install/turtlesim/share/turtlesim/cmake/export_turtlesim__rosidl_typesupport_fastrtps_cExport.cmake
[29.432s] -- Installing: /home/leejunmi/ros2_ws/install/turtlesim/share/turtlesim/cmake/export_turtlesim__rosidl_typesupport_fastrtps_cExport-noconfig.cmake
[29.432s] -- Installing: /home/leejunmi/ros2_ws/install/turtlesim/share/turtlesim/cmake/export_turtlesim__rosidl_generator_cppExport.cmake
[29.432s] -- Installing: /home/leejunmi/ros2_ws/install/turtlesim/share/turtlesim/cmake/export_turtlesim__rosidl_typesupport_fastrtps_cppExport.cmake
[29.432s] -- Installing: /home/leejunmi/ros2_ws/install/turtlesim/share/turtlesim/cmake/export_turtlesim__rosidl_typesupport_fastrtps_cppExport-noconfig.cmake
[29.432s] -- Installing: /home/leejunmi/ros2_ws/install/turtlesim/share/turtlesim/cmake/turtlesim__rosidl_typesupport_introspection_cExport.cmake
[29.432s] -- Installing: /home/leejunmi/ros2_ws/install/turtlesim/share/turtlesim/cmake/turtlesim__rosidl_typesupport_introspection_cExport-noconfig.cmake
[29.432s] -- Installing: /home/leejunmi/ros2_ws/install/turtlesim/share/turtlesim/cmake/turtlesim__rosidl_typesupport_cExport.cmake
[29.433s] -- Installing: /home/leejunmi/ros2_ws/install/turtlesim/share/turtlesim/cmake/turtlesim__rosidl_typesupport_cExport-noconfig.cmake
[29.433s] -- Installing: /home/leejunmi/ros2_ws/install/turtlesim/share/turtlesim/cmake/turtlesim__rosidl_typesupport_introspection_cppExport.cmake
[29.433s] -- Installing: /home/leejunmi/ros2_ws/install/turtlesim/share/turtlesim/cmake/turtlesim__rosidl_typesupport_introspection_cppExport-noconfig.cmake
[29.433s] -- Installing: /home/leejunmi/ros2_ws/install/turtlesim/share/turtlesim/cmake/turtlesim__rosidl_typesupport_cppExport.cmake
[29.433s] -- Installing: /home/leejunmi/ros2_ws/install/turtlesim/share/turtlesim/cmake/turtlesim__rosidl_typesupport_cppExport-noconfig.cmake
[29.433s] -- Installing: /home/leejunmi/ros2_ws/install/turtlesim/share/turtlesim/cmake/export_turtlesim__rosidl_generator_pyExport.cmake
[29.433s] -- Installing: /home/leejunmi/ros2_ws/install/turtlesim/share/turtlesim/cmake/export_turtlesim__rosidl_generator_pyExport-noconfig.cmake
[29.433s] -- Installing: /home/leejunmi/ros2_ws/install/turtlesim/share/turtlesim/cmake/rosidl_cmake-extras.cmake
[29.434s] -- Installing: /home/leejunmi/ros2_ws/install/turtlesim/share/turtlesim/cmake/ament_cmake_export_dependencies-extras.cmake
[29.434s] -- Installing: /home/leejunmi/ros2_ws/install/turtlesim/share/turtlesim/cmake/ament_cmake_export_include_directories-extras.cmake
[29.434s] -- Installing: /home/leejunmi/ros2_ws/install/turtlesim/share/turtlesim/cmake/ament_cmake_export_libraries-extras.cmake
[29.434s] -- Installing: /home/leejunmi/ros2_ws/install/turtlesim/share/turtlesim/cmake/ament_cmake_export_targets-extras.cmake
[29.434s] -- Installing: /home/leejunmi/ros2_ws/install/turtlesim/share/turtlesim/cmake/rosidl_cmake_export_typesupport_targets-extras.cmake
[29.434s] -- Installing: /home/leejunmi/ros2_ws/install/turtlesim/share/turtlesim/cmake/rosidl_cmake_export_typesupport_libraries-extras.cmake
[29.434s] -- Installing: /home/leejunmi/ros2_ws/install/turtlesim/share/turtlesim/cmake/turtlesimConfig.cmake
[29.434s] -- Installing: /home/leejunmi/ros2_ws/install/turtlesim/share/turtlesim/cmake/turtlesimConfig-version.cmake
[29.434s] -- Installing: /home/leejunmi/ros2_ws/install/turtlesim/share/turtlesim/package.xml
[29.437s] Invoked command in '/home/leejunmi/ros2_ws/build/turtlesim' returned '0': CMAKE_PREFIX_PATH=/opt/ros/humble /usr/bin/cmake --install /home/leejunmi/ros2_ws/build/turtlesim
