[0.033s] Invoking command in '/home/leejunmi/ros2_ws/build/examples_rclcpp_cbg_executor': CMAKE_PREFIX_PATH=/opt/ros/humble /usr/bin/cmake --build /home/leejunmi/ros2_ws/build/examples_rclcpp_cbg_executor -- -j8 -l8
[0.161s] [ 40%] Built target ping_pong
[0.180s] [ 70%] Built target ping
[0.185s] [100%] Built target pong
[0.258s] Invoked command in '/home/leejunmi/ros2_ws/build/examples_rclcpp_cbg_executor' returned '0': CMAKE_PREFIX_PATH=/opt/ros/humble /usr/bin/cmake --build /home/leejunmi/ros2_ws/build/examples_rclcpp_cbg_executor -- -j8 -l8
[0.259s] Invoking command in '/home/leejunmi/ros2_ws/build/examples_rclcpp_cbg_executor': CMAKE_PREFIX_PATH=/opt/ros/humble /usr/bin/cmake --install /home/leejunmi/ros2_ws/build/examples_rclcpp_cbg_executor
[0.277s] -- Install configuration: "Release"
[0.277s] -- Up-to-date: /home/leejunmi/ros2_ws/install/examples_rclcpp_cbg_executor/lib/examples_rclcpp_cbg_executor/ping
[0.287s] -- Up-to-date: /home/leejunmi/ros2_ws/install/examples_rclcpp_cbg_executor/lib/examples_rclcpp_cbg_executor/pong
[0.287s] -- Up-to-date: /home/leejunmi/ros2_ws/install/examples_rclcpp_cbg_executor/lib/examples_rclcpp_cbg_executor/ping_pong
[0.288s] -- Up-to-date: /home/leejunmi/ros2_ws/install/examples_rclcpp_cbg_executor/include
[0.288s] -- Up-to-date: /home/leejunmi/ros2_ws/install/examples_rclcpp_cbg_executor/include/examples_rclcpp_cbg_executor
[0.288s] -- Up-to-date: /home/leejunmi/ros2_ws/install/examples_rclcpp_cbg_executor/include/examples_rclcpp_cbg_executor/pong_node.hpp
[0.288s] -- Up-to-date: /home/leejunmi/ros2_ws/install/examples_rclcpp_cbg_executor/include/examples_rclcpp_cbg_executor/ping_node.hpp
[0.288s] -- Up-to-date: /home/leejunmi/ros2_ws/install/examples_rclcpp_cbg_executor/share/ament_index/resource_index/package_run_dependencies/examples_rclcpp_cbg_executor
[0.288s] -- Up-to-date: /home/leejunmi/ros2_ws/install/examples_rclcpp_cbg_executor/share/ament_index/resource_index/parent_prefix_path/examples_rclcpp_cbg_executor
[0.288s] -- Up-to-date: /home/leejunmi/ros2_ws/install/examples_rclcpp_cbg_executor/share/examples_rclcpp_cbg_executor/environment/ament_prefix_path.sh
[0.288s] -- Up-to-date: /home/leejunmi/ros2_ws/install/examples_rclcpp_cbg_executor/share/examples_rclcpp_cbg_executor/environment/ament_prefix_path.dsv
[0.288s] -- Up-to-date: /home/leejunmi/ros2_ws/install/examples_rclcpp_cbg_executor/share/examples_rclcpp_cbg_executor/environment/path.sh
[0.288s] -- Up-to-date: /home/leejunmi/ros2_ws/install/examples_rclcpp_cbg_executor/share/examples_rclcpp_cbg_executor/environment/path.dsv
[0.289s] -- Up-to-date: /home/leejunmi/ros2_ws/install/examples_rclcpp_cbg_executor/share/examples_rclcpp_cbg_executor/local_setup.bash
[0.289s] -- Up-to-date: /home/leejunmi/ros2_ws/install/examples_rclcpp_cbg_executor/share/examples_rclcpp_cbg_executor/local_setup.sh
[0.289s] -- Up-to-date: /home/leejunmi/ros2_ws/install/examples_rclcpp_cbg_executor/share/examples_rclcpp_cbg_executor/local_setup.zsh
[0.289s] -- Up-to-date: /home/leejunmi/ros2_ws/install/examples_rclcpp_cbg_executor/share/examples_rclcpp_cbg_executor/local_setup.dsv
[0.290s] -- Installing: /home/leejunmi/ros2_ws/install/examples_rclcpp_cbg_executor/share/examples_rclcpp_cbg_executor/package.dsv
[0.290s] -- Up-to-date: /home/leejunmi/ros2_ws/install/examples_rclcpp_cbg_executor/share/ament_index/resource_index/packages/examples_rclcpp_cbg_executor
[0.290s] -- Up-to-date: /home/leejunmi/ros2_ws/install/examples_rclcpp_cbg_executor/share/examples_rclcpp_cbg_executor/cmake/ament_cmake_export_dependencies-extras.cmake
[0.291s] -- Up-to-date: /home/leejunmi/ros2_ws/install/examples_rclcpp_cbg_executor/share/examples_rclcpp_cbg_executor/cmake/examples_rclcpp_cbg_executorConfig.cmake
[0.291s] -- Up-to-date: /home/leejunmi/ros2_ws/install/examples_rclcpp_cbg_executor/share/examples_rclcpp_cbg_executor/cmake/examples_rclcpp_cbg_executorConfig-version.cmake
[0.291s] -- Up-to-date: /home/leejunmi/ros2_ws/install/examples_rclcpp_cbg_executor/share/examples_rclcpp_cbg_executor/package.xml
[0.337s] Invoked command in '/home/leejunmi/ros2_ws/build/examples_rclcpp_cbg_executor' returned '0': CMAKE_PREFIX_PATH=/opt/ros/humble /usr/bin/cmake --install /home/leejunmi/ros2_ws/build/examples_rclcpp_cbg_executor
