[0.733s] Invoking command in '/home/leejunmi/ros2_ws/src/img': PYTHONPATH=/home/leejunmi/ros2_ws/build/img/prefix_override:/usr/lib/python3/dist-packages/colcon_core/task/python/colcon_distutils_commands:/home/leejunmi/ros2_ws/install/img/lib/python3.10/site-packages:${PYTHONPATH} /usr/bin/python3 -W ignore:setup.py install is deprecated -W ignore:easy_install command is deprecated setup.py egg_info --egg-base ../../build/img build --build-base /home/leejunmi/ros2_ws/build/img/build install --record /home/leejunmi/ros2_ws/build/img/install.log --single-version-externally-managed install_data
[0.995s] running egg_info
[0.995s] writing ../../build/img/img.egg-info/PKG-INFO
[0.996s] writing dependency_links to ../../build/img/img.egg-info/dependency_links.txt
[0.996s] writing entry points to ../../build/img/img.egg-info/entry_points.txt
[0.996s] writing requirements to ../../build/img/img.egg-info/requires.txt
[0.996s] writing top-level names to ../../build/img/img.egg-info/top_level.txt
[0.998s] reading manifest file '../../build/img/img.egg-info/SOURCES.txt'
[0.998s] adding license file 'LICENSE'
[0.999s] writing manifest file '../../build/img/img.egg-info/SOURCES.txt'
[0.999s] running build
[0.999s] running build_py
[0.999s] copying img/img_pub.py -> /home/leejunmi/ros2_ws/build/img/build/lib/img
[0.999s] running install
[1.000s] running install_lib
[1.002s] copying /home/leejunmi/ros2_ws/build/img/build/lib/img/img_pub.py -> /home/leejunmi/ros2_ws/install/img/lib/python3.10/site-packages/img
[1.002s] byte-compiling /home/leejunmi/ros2_ws/install/img/lib/python3.10/site-packages/img/img_pub.py to img_pub.cpython-310.pyc
[1.003s] running install_data
[1.003s] running install_egg_info
[1.005s] removing '/home/leejunmi/ros2_ws/install/img/lib/python3.10/site-packages/img-0.0.0-py3.10.egg-info' (and everything under it)
[1.005s] Copying ../../build/img/img.egg-info to /home/leejunmi/ros2_ws/install/img/lib/python3.10/site-packages/img-0.0.0-py3.10.egg-info
[1.006s] running install_scripts
[1.027s] Installing pub script to /home/leejunmi/ros2_ws/install/img/lib/img
[1.027s] Installing sub script to /home/leejunmi/ros2_ws/install/img/lib/img
[1.028s] writing list of installed files to '/home/leejunmi/ros2_ws/build/img/install.log'
[1.055s] Invoked command in '/home/leejunmi/ros2_ws/src/img' returned '0': PYTHONPATH=/home/leejunmi/ros2_ws/build/img/prefix_override:/usr/lib/python3/dist-packages/colcon_core/task/python/colcon_distutils_commands:/home/leejunmi/ros2_ws/install/img/lib/python3.10/site-packages:${PYTHONPATH} /usr/bin/python3 -W ignore:setup.py install is deprecated -W ignore:easy_install command is deprecated setup.py egg_info --egg-base ../../build/img build --build-base /home/leejunmi/ros2_ws/build/img/build install --record /home/leejunmi/ros2_ws/build/img/install.log --single-version-externally-managed install_data
