[0.047s] Invoking command in '/home/leejunmi/ros2_ws/build/velodyne_msgs': CMAKE_PREFIX_PATH=/home/leejunmi/ros2_ws/install/velodyne:/home/leejunmi/ros2_ws/install/velodyne_pointcloud:/home/leejunmi/ros2_ws/install/velodyne_driver:/home/leejunmi/ros2_ws/install/velodyne_laserscan:/home/leejunmi/ros2_ws/install/velodyne_msgs:/home/leejunmi/ros2_ws/install/tutorial_interfaces:/home/leejunmi/ros2_ws/install/turtlesim:/home/leejunmi/ros2_ws/install/number:/home/leejunmi/ros2_ws/install/py_pubsub:/home/leejunmi/ros2_ws/install/test_pkg:/home/leejunmi/ros2_ws/install/python_parameters:/home/leejunmi/ros2_ws/install/pkpk:/home/leejunmi/ros2_ws/install/msg_test:/home/leejunmi/ros2_ws/install/my_package:/home/leejunmi/ros2_ws/install/microstrain_inertial_rqt:/home/leejunmi/ros2_ws/install/lidar_intensity:/home/leejunmi/ros2_ws/install/launch_testing_examples:/home/leejunmi/ros2_ws/install/img:/home/leejunmi/ros2_ws/install/examples_rclpy_pointcloud_publisher:/home/leejunmi/ros2_ws/install/examples_rclpy_minimal_subscriber:/home/leejunmi/ros2_ws/install/examples_rclpy_minimal_service:/home/leejunmi/ros2_ws/install/examples_rclpy_minimal_publisher:/home/leejunmi/ros2_ws/install/examples_rclpy_minimal_client:/home/leejunmi/ros2_ws/install/examples_rclpy_minimal_action_server:/home/leejunmi/ros2_ws/install/examples_rclpy_minimal_action_client:/home/leejunmi/ros2_ws/install/examples_rclpy_guard_conditions:/home/leejunmi/ros2_ws/install/examples_rclpy_executors:/opt/ros/humble:/home/leejunmi/ros2_ws/install/microstrain_inertial_msgs:/home/leejunmi/ros2_ws/install/microstrain_inertial_description:/home/leejunmi/ros2_ws/install/examples_rclcpp_wait_set:/home/leejunmi/ros2_ws/install/examples_rclcpp_multithreaded_executor:/home/leejunmi/ros2_ws/install/examples_rclcpp_minimal_timer:/home/leejunmi/ros2_ws/install/examples_rclcpp_minimal_subscriber:/home/leejunmi/ros2_ws/install/examples_rclcpp_minimal_service:/home/leejunmi/ros2_ws/install/examples_rclcpp_minimal_publisher:/home/leejunmi/ros2_ws/install/examples_rclcpp_minimal_composition:/home/leejunmi/ros2_ws/install/examples_rclcpp_minimal_client:/home/leejunmi/ros2_ws/install/examples_rclcpp_minimal_action_server:/home/leejunmi/ros2_ws/install/examples_rclcpp_minimal_action_client:/home/leejunmi/ros2_ws/install/examples_rclcpp_cbg_executor:/home/leejunmi/ros2_ws/install/examples_rclcpp_async_client /usr/bin/cmake --build /home/leejunmi/ros2_ws/build/velodyne_msgs -- -j8 -l8
[0.635s] [  2%] Built target velodyne_msgs__cpp
[0.636s] [ 12%] Built target velodyne_msgs__rosidl_generator_c
[0.636s] [ 12%] Built target ament_cmake_python_copy_velodyne_msgs
[0.636s] [ 23%] Built target velodyne_msgs__rosidl_typesupport_c
[0.636s] [ 33%] Built target velodyne_msgs__rosidl_typesupport_cpp
[0.637s] [ 43%] Built target velodyne_msgs__rosidl_typesupport_introspection_c
[0.637s] [ 53%] Built target velodyne_msgs__rosidl_typesupport_introspection_cpp
[0.637s] [ 64%] Built target velodyne_msgs__rosidl_typesupport_fastrtps_cpp
[0.637s] [ 74%] Built target velodyne_msgs__rosidl_typesupport_fastrtps_c
[0.637s] [ 74%] Built target velodyne_msgs
[0.638s] [ 76%] Built target velodyne_msgs__py
[0.639s] [ 84%] Built target velodyne_msgs__rosidl_generator_py
[0.639s] [ 89%] Built target velodyne_msgs__rosidl_typesupport_fastrtps_c__pyext
[0.639s] [ 94%] Built target velodyne_msgs__rosidl_typesupport_introspection_c__pyext
[0.640s] [100%] Built target velodyne_msgs__rosidl_typesupport_c__pyext
[0.663s] running egg_info
[0.663s] writing velodyne_msgs.egg-info/PKG-INFO
[0.664s] writing dependency_links to velodyne_msgs.egg-info/dependency_links.txt
[0.664s] writing top-level names to velodyne_msgs.egg-info/top_level.txt
[0.667s] reading manifest file 'velodyne_msgs.egg-info/SOURCES.txt'
[0.667s] writing manifest file 'velodyne_msgs.egg-info/SOURCES.txt'
[0.703s] [100%] Built target ament_cmake_python_build_velodyne_msgs_egg
[0.994s] Invoked command in '/home/leejunmi/ros2_ws/build/velodyne_msgs' returned '0': CMAKE_PREFIX_PATH=/home/leejunmi/ros2_ws/install/velodyne:/home/leejunmi/ros2_ws/install/velodyne_pointcloud:/home/leejunmi/ros2_ws/install/velodyne_driver:/home/leejunmi/ros2_ws/install/velodyne_laserscan:/home/leejunmi/ros2_ws/install/velodyne_msgs:/home/leejunmi/ros2_ws/install/tutorial_interfaces:/home/leejunmi/ros2_ws/install/turtlesim:/home/leejunmi/ros2_ws/install/number:/home/leejunmi/ros2_ws/install/py_pubsub:/home/leejunmi/ros2_ws/install/test_pkg:/home/leejunmi/ros2_ws/install/python_parameters:/home/leejunmi/ros2_ws/install/pkpk:/home/leejunmi/ros2_ws/install/msg_test:/home/leejunmi/ros2_ws/install/my_package:/home/leejunmi/ros2_ws/install/microstrain_inertial_rqt:/home/leejunmi/ros2_ws/install/lidar_intensity:/home/leejunmi/ros2_ws/install/launch_testing_examples:/home/leejunmi/ros2_ws/install/img:/home/leejunmi/ros2_ws/install/examples_rclpy_pointcloud_publisher:/home/leejunmi/ros2_ws/install/examples_rclpy_minimal_subscriber:/home/leejunmi/ros2_ws/install/examples_rclpy_minimal_service:/home/leejunmi/ros2_ws/install/examples_rclpy_minimal_publisher:/home/leejunmi/ros2_ws/install/examples_rclpy_minimal_client:/home/leejunmi/ros2_ws/install/examples_rclpy_minimal_action_server:/home/leejunmi/ros2_ws/install/examples_rclpy_minimal_action_client:/home/leejunmi/ros2_ws/install/examples_rclpy_guard_conditions:/home/leejunmi/ros2_ws/install/examples_rclpy_executors:/opt/ros/humble:/home/leejunmi/ros2_ws/install/microstrain_inertial_msgs:/home/leejunmi/ros2_ws/install/microstrain_inertial_description:/home/leejunmi/ros2_ws/install/examples_rclcpp_wait_set:/home/leejunmi/ros2_ws/install/examples_rclcpp_multithreaded_executor:/home/leejunmi/ros2_ws/install/examples_rclcpp_minimal_timer:/home/leejunmi/ros2_ws/install/examples_rclcpp_minimal_subscriber:/home/leejunmi/ros2_ws/install/examples_rclcpp_minimal_service:/home/leejunmi/ros2_ws/install/examples_rclcpp_minimal_publisher:/home/leejunmi/ros2_ws/install/examples_rclcpp_minimal_composition:/home/leejunmi/ros2_ws/install/examples_rclcpp_minimal_client:/home/leejunmi/ros2_ws/install/examples_rclcpp_minimal_action_server:/home/leejunmi/ros2_ws/install/examples_rclcpp_minimal_action_client:/home/leejunmi/ros2_ws/install/examples_rclcpp_cbg_executor:/home/leejunmi/ros2_ws/install/examples_rclcpp_async_client /usr/bin/cmake --build /home/leejunmi/ros2_ws/build/velodyne_msgs -- -j8 -l8
[0.996s] Invoking command in '/home/leejunmi/ros2_ws/build/velodyne_msgs': CMAKE_PREFIX_PATH=/home/leejunmi/ros2_ws/install/velodyne:/home/leejunmi/ros2_ws/install/velodyne_pointcloud:/home/leejunmi/ros2_ws/install/velodyne_driver:/home/leejunmi/ros2_ws/install/velodyne_laserscan:/home/leejunmi/ros2_ws/install/velodyne_msgs:/home/leejunmi/ros2_ws/install/tutorial_interfaces:/home/leejunmi/ros2_ws/install/turtlesim:/home/leejunmi/ros2_ws/install/number:/home/leejunmi/ros2_ws/install/py_pubsub:/home/leejunmi/ros2_ws/install/test_pkg:/home/leejunmi/ros2_ws/install/python_parameters:/home/leejunmi/ros2_ws/install/pkpk:/home/leejunmi/ros2_ws/install/msg_test:/home/leejunmi/ros2_ws/install/my_package:/home/leejunmi/ros2_ws/install/microstrain_inertial_rqt:/home/leejunmi/ros2_ws/install/lidar_intensity:/home/leejunmi/ros2_ws/install/launch_testing_examples:/home/leejunmi/ros2_ws/install/img:/home/leejunmi/ros2_ws/install/examples_rclpy_pointcloud_publisher:/home/leejunmi/ros2_ws/install/examples_rclpy_minimal_subscriber:/home/leejunmi/ros2_ws/install/examples_rclpy_minimal_service:/home/leejunmi/ros2_ws/install/examples_rclpy_minimal_publisher:/home/leejunmi/ros2_ws/install/examples_rclpy_minimal_client:/home/leejunmi/ros2_ws/install/examples_rclpy_minimal_action_server:/home/leejunmi/ros2_ws/install/examples_rclpy_minimal_action_client:/home/leejunmi/ros2_ws/install/examples_rclpy_guard_conditions:/home/leejunmi/ros2_ws/install/examples_rclpy_executors:/opt/ros/humble:/home/leejunmi/ros2_ws/install/microstrain_inertial_msgs:/home/leejunmi/ros2_ws/install/microstrain_inertial_description:/home/leejunmi/ros2_ws/install/examples_rclcpp_wait_set:/home/leejunmi/ros2_ws/install/examples_rclcpp_multithreaded_executor:/home/leejunmi/ros2_ws/install/examples_rclcpp_minimal_timer:/home/leejunmi/ros2_ws/install/examples_rclcpp_minimal_subscriber:/home/leejunmi/ros2_ws/install/examples_rclcpp_minimal_service:/home/leejunmi/ros2_ws/install/examples_rclcpp_minimal_publisher:/home/leejunmi/ros2_ws/install/examples_rclcpp_minimal_composition:/home/leejunmi/ros2_ws/install/examples_rclcpp_minimal_client:/home/leejunmi/ros2_ws/install/examples_rclcpp_minimal_action_server:/home/leejunmi/ros2_ws/install/examples_rclcpp_minimal_action_client:/home/leejunmi/ros2_ws/install/examples_rclcpp_cbg_executor:/home/leejunmi/ros2_ws/install/examples_rclcpp_async_client /usr/bin/cmake --install /home/leejunmi/ros2_ws/build/velodyne_msgs
[1.019s] -- Install configuration: ""
[1.019s] -- Up-to-date: /home/leejunmi/ros2_ws/install/velodyne_msgs/share/ament_index/resource_index/rosidl_interfaces/velodyne_msgs
[1.019s] -- Up-to-date: /home/leejunmi/ros2_ws/install/velodyne_msgs/include/velodyne_msgs/velodyne_msgs
[1.019s] -- Up-to-date: /home/leejunmi/ros2_ws/install/velodyne_msgs/include/velodyne_msgs/velodyne_msgs/msg
[1.019s] -- Up-to-date: /home/leejunmi/ros2_ws/install/velodyne_msgs/include/velodyne_msgs/velodyne_msgs/msg/detail
[1.019s] -- Up-to-date: /home/leejunmi/ros2_ws/install/velodyne_msgs/include/velodyne_msgs/velodyne_msgs/msg/detail/velodyne_packet__type_support.h
[1.020s] -- Up-to-date: /home/leejunmi/ros2_ws/install/velodyne_msgs/include/velodyne_msgs/velodyne_msgs/msg/detail/velodyne_scan__type_support.h
[1.020s] -- Up-to-date: /home/leejunmi/ros2_ws/install/velodyne_msgs/include/velodyne_msgs/velodyne_msgs/msg/detail/velodyne_scan__struct.h
[1.020s] -- Up-to-date: /home/leejunmi/ros2_ws/install/velodyne_msgs/include/velodyne_msgs/velodyne_msgs/msg/detail/velodyne_scan__functions.c
[1.020s] -- Up-to-date: /home/leejunmi/ros2_ws/install/velodyne_msgs/include/velodyne_msgs/velodyne_msgs/msg/detail/velodyne_packet__struct.h
[1.020s] -- Up-to-date: /home/leejunmi/ros2_ws/install/velodyne_msgs/include/velodyne_msgs/velodyne_msgs/msg/detail/velodyne_packet__functions.h
[1.020s] -- Up-to-date: /home/leejunmi/ros2_ws/install/velodyne_msgs/include/velodyne_msgs/velodyne_msgs/msg/detail/velodyne_packet__functions.c
[1.020s] -- Up-to-date: /home/leejunmi/ros2_ws/install/velodyne_msgs/include/velodyne_msgs/velodyne_msgs/msg/detail/velodyne_scan__functions.h
[1.020s] -- Up-to-date: /home/leejunmi/ros2_ws/install/velodyne_msgs/include/velodyne_msgs/velodyne_msgs/msg/velodyne_scan.h
[1.020s] -- Up-to-date: /home/leejunmi/ros2_ws/install/velodyne_msgs/include/velodyne_msgs/velodyne_msgs/msg/velodyne_packet.h
[1.020s] -- Up-to-date: /home/leejunmi/ros2_ws/install/velodyne_msgs/include/velodyne_msgs/velodyne_msgs/msg/rosidl_generator_c__visibility_control.h
[1.020s] -- Up-to-date: /home/leejunmi/ros2_ws/install/velodyne_msgs/share/velodyne_msgs/environment/library_path.sh
[1.020s] -- Up-to-date: /home/leejunmi/ros2_ws/install/velodyne_msgs/share/velodyne_msgs/environment/library_path.dsv
[1.020s] -- Up-to-date: /home/leejunmi/ros2_ws/install/velodyne_msgs/lib/libvelodyne_msgs__rosidl_generator_c.so
[1.020s] -- Up-to-date: /home/leejunmi/ros2_ws/install/velodyne_msgs/include/velodyne_msgs/velodyne_msgs
[1.021s] -- Up-to-date: /home/leejunmi/ros2_ws/install/velodyne_msgs/include/velodyne_msgs/velodyne_msgs/msg
[1.021s] -- Up-to-date: /home/leejunmi/ros2_ws/install/velodyne_msgs/include/velodyne_msgs/velodyne_msgs/msg/rosidl_typesupport_fastrtps_c__visibility_control.h
[1.021s] -- Up-to-date: /home/leejunmi/ros2_ws/install/velodyne_msgs/include/velodyne_msgs/velodyne_msgs/msg/detail
[1.021s] -- Up-to-date: /home/leejunmi/ros2_ws/install/velodyne_msgs/include/velodyne_msgs/velodyne_msgs/msg/detail/velodyne_packet__rosidl_typesupport_fastrtps_c.h
[1.021s] -- Up-to-date: /home/leejunmi/ros2_ws/install/velodyne_msgs/include/velodyne_msgs/velodyne_msgs/msg/detail/velodyne_scan__rosidl_typesupport_fastrtps_c.h
[1.021s] -- Up-to-date: /home/leejunmi/ros2_ws/install/velodyne_msgs/lib/libvelodyne_msgs__rosidl_typesupport_fastrtps_c.so
[1.021s] -- Up-to-date: /home/leejunmi/ros2_ws/install/velodyne_msgs/include/velodyne_msgs/velodyne_msgs
[1.022s] -- Up-to-date: /home/leejunmi/ros2_ws/install/velodyne_msgs/include/velodyne_msgs/velodyne_msgs/msg
[1.022s] -- Up-to-date: /home/leejunmi/ros2_ws/install/velodyne_msgs/include/velodyne_msgs/velodyne_msgs/msg/rosidl_generator_cpp__visibility_control.hpp
[1.022s] -- Up-to-date: /home/leejunmi/ros2_ws/install/velodyne_msgs/include/velodyne_msgs/velodyne_msgs/msg/detail
[1.022s] -- Up-to-date: /home/leejunmi/ros2_ws/install/velodyne_msgs/include/velodyne_msgs/velodyne_msgs/msg/detail/velodyne_packet__builder.hpp
[1.022s] -- Up-to-date: /home/leejunmi/ros2_ws/install/velodyne_msgs/include/velodyne_msgs/velodyne_msgs/msg/detail/velodyne_scan__traits.hpp
[1.022s] -- Up-to-date: /home/leejunmi/ros2_ws/install/velodyne_msgs/include/velodyne_msgs/velodyne_msgs/msg/detail/velodyne_scan__struct.hpp
[1.023s] -- Up-to-date: /home/leejunmi/ros2_ws/install/velodyne_msgs/include/velodyne_msgs/velodyne_msgs/msg/detail/velodyne_packet__struct.hpp
[1.023s] -- Up-to-date: /home/leejunmi/ros2_ws/install/velodyne_msgs/include/velodyne_msgs/velodyne_msgs/msg/detail/velodyne_packet__type_support.hpp
[1.023s] -- Up-to-date: /home/leejunmi/ros2_ws/install/velodyne_msgs/include/velodyne_msgs/velodyne_msgs/msg/detail/velodyne_scan__builder.hpp
[1.023s] -- Up-to-date: /home/leejunmi/ros2_ws/install/velodyne_msgs/include/velodyne_msgs/velodyne_msgs/msg/detail/velodyne_scan__type_support.hpp
[1.023s] -- Up-to-date: /home/leejunmi/ros2_ws/install/velodyne_msgs/include/velodyne_msgs/velodyne_msgs/msg/detail/velodyne_packet__traits.hpp
[1.023s] -- Up-to-date: /home/leejunmi/ros2_ws/install/velodyne_msgs/include/velodyne_msgs/velodyne_msgs/msg/velodyne_packet.hpp
[1.023s] -- Up-to-date: /home/leejunmi/ros2_ws/install/velodyne_msgs/include/velodyne_msgs/velodyne_msgs/msg/velodyne_scan.hpp
[1.023s] -- Up-to-date: /home/leejunmi/ros2_ws/install/velodyne_msgs/include/velodyne_msgs/velodyne_msgs
[1.023s] -- Up-to-date: /home/leejunmi/ros2_ws/install/velodyne_msgs/include/velodyne_msgs/velodyne_msgs/msg
[1.024s] -- Up-to-date: /home/leejunmi/ros2_ws/install/velodyne_msgs/include/velodyne_msgs/velodyne_msgs/msg/rosidl_typesupport_fastrtps_cpp__visibility_control.h
[1.024s] -- Up-to-date: /home/leejunmi/ros2_ws/install/velodyne_msgs/include/velodyne_msgs/velodyne_msgs/msg/detail
[1.024s] -- Up-to-date: /home/leejunmi/ros2_ws/install/velodyne_msgs/include/velodyne_msgs/velodyne_msgs/msg/detail/velodyne_packet__rosidl_typesupport_fastrtps_cpp.hpp
[1.024s] -- Up-to-date: /home/leejunmi/ros2_ws/install/velodyne_msgs/include/velodyne_msgs/velodyne_msgs/msg/detail/velodyne_scan__rosidl_typesupport_fastrtps_cpp.hpp
[1.024s] -- Up-to-date: /home/leejunmi/ros2_ws/install/velodyne_msgs/include/velodyne_msgs/velodyne_msgs/msg/detail/dds_fastrtps
[1.024s] -- Up-to-date: /home/leejunmi/ros2_ws/install/velodyne_msgs/lib/libvelodyne_msgs__rosidl_typesupport_fastrtps_cpp.so
[1.024s] -- Up-to-date: /home/leejunmi/ros2_ws/install/velodyne_msgs/include/velodyne_msgs/velodyne_msgs
[1.024s] -- Up-to-date: /home/leejunmi/ros2_ws/install/velodyne_msgs/include/velodyne_msgs/velodyne_msgs/msg
[1.024s] -- Up-to-date: /home/leejunmi/ros2_ws/install/velodyne_msgs/include/velodyne_msgs/velodyne_msgs/msg/rosidl_typesupport_introspection_c__visibility_control.h
[1.024s] -- Up-to-date: /home/leejunmi/ros2_ws/install/velodyne_msgs/include/velodyne_msgs/velodyne_msgs/msg/detail
[1.024s] -- Up-to-date: /home/leejunmi/ros2_ws/install/velodyne_msgs/include/velodyne_msgs/velodyne_msgs/msg/detail/velodyne_scan__rosidl_typesupport_introspection_c.h
[1.024s] -- Up-to-date: /home/leejunmi/ros2_ws/install/velodyne_msgs/include/velodyne_msgs/velodyne_msgs/msg/detail/velodyne_packet__type_support.c
[1.024s] -- Up-to-date: /home/leejunmi/ros2_ws/install/velodyne_msgs/include/velodyne_msgs/velodyne_msgs/msg/detail/velodyne_scan__type_support.c
[1.025s] -- Up-to-date: /home/leejunmi/ros2_ws/install/velodyne_msgs/include/velodyne_msgs/velodyne_msgs/msg/detail/velodyne_packet__rosidl_typesupport_introspection_c.h
[1.025s] -- Up-to-date: /home/leejunmi/ros2_ws/install/velodyne_msgs/lib/libvelodyne_msgs__rosidl_typesupport_introspection_c.so
[1.025s] -- Up-to-date: /home/leejunmi/ros2_ws/install/velodyne_msgs/lib/libvelodyne_msgs__rosidl_typesupport_c.so
[1.025s] -- Up-to-date: /home/leejunmi/ros2_ws/install/velodyne_msgs/include/velodyne_msgs/velodyne_msgs
[1.025s] -- Up-to-date: /home/leejunmi/ros2_ws/install/velodyne_msgs/include/velodyne_msgs/velodyne_msgs/msg
[1.025s] -- Up-to-date: /home/leejunmi/ros2_ws/install/velodyne_msgs/include/velodyne_msgs/velodyne_msgs/msg/detail
[1.025s] -- Up-to-date: /home/leejunmi/ros2_ws/install/velodyne_msgs/include/velodyne_msgs/velodyne_msgs/msg/detail/velodyne_packet__rosidl_typesupport_introspection_cpp.hpp
[1.025s] -- Up-to-date: /home/leejunmi/ros2_ws/install/velodyne_msgs/include/velodyne_msgs/velodyne_msgs/msg/detail/velodyne_packet__type_support.cpp
[1.025s] -- Up-to-date: /home/leejunmi/ros2_ws/install/velodyne_msgs/include/velodyne_msgs/velodyne_msgs/msg/detail/velodyne_scan__type_support.cpp
[1.025s] -- Up-to-date: /home/leejunmi/ros2_ws/install/velodyne_msgs/include/velodyne_msgs/velodyne_msgs/msg/detail/velodyne_scan__rosidl_typesupport_introspection_cpp.hpp
[1.025s] -- Up-to-date: /home/leejunmi/ros2_ws/install/velodyne_msgs/lib/libvelodyne_msgs__rosidl_typesupport_introspection_cpp.so
[1.026s] -- Up-to-date: /home/leejunmi/ros2_ws/install/velodyne_msgs/lib/libvelodyne_msgs__rosidl_typesupport_cpp.so
[1.026s] -- Up-to-date: /home/leejunmi/ros2_ws/install/velodyne_msgs/share/velodyne_msgs/environment/pythonpath.sh
[1.026s] -- Up-to-date: /home/leejunmi/ros2_ws/install/velodyne_msgs/share/velodyne_msgs/environment/pythonpath.dsv
[1.026s] -- Up-to-date: /home/leejunmi/ros2_ws/install/velodyne_msgs/local/lib/python3.10/dist-packages/velodyne_msgs-2.5.1-py3.10.egg-info
[1.026s] -- Installing: /home/leejunmi/ros2_ws/install/velodyne_msgs/local/lib/python3.10/dist-packages/velodyne_msgs-2.5.1-py3.10.egg-info/PKG-INFO
[1.026s] -- Installing: /home/leejunmi/ros2_ws/install/velodyne_msgs/local/lib/python3.10/dist-packages/velodyne_msgs-2.5.1-py3.10.egg-info/top_level.txt
[1.026s] -- Installing: /home/leejunmi/ros2_ws/install/velodyne_msgs/local/lib/python3.10/dist-packages/velodyne_msgs-2.5.1-py3.10.egg-info/SOURCES.txt
[1.027s] -- Installing: /home/leejunmi/ros2_ws/install/velodyne_msgs/local/lib/python3.10/dist-packages/velodyne_msgs-2.5.1-py3.10.egg-info/dependency_links.txt
[1.029s] -- Up-to-date: /home/leejunmi/ros2_ws/install/velodyne_msgs/local/lib/python3.10/dist-packages/velodyne_msgs
[1.029s] -- Up-to-date: /home/leejunmi/ros2_ws/install/velodyne_msgs/local/lib/python3.10/dist-packages/velodyne_msgs/velodyne_msgs_s__rosidl_typesupport_fastrtps_c.cpython-310-x86_64-linux-gnu.so
[1.029s] -- Up-to-date: /home/leejunmi/ros2_ws/install/velodyne_msgs/local/lib/python3.10/dist-packages/velodyne_msgs/msg
[1.029s] -- Up-to-date: /home/leejunmi/ros2_ws/install/velodyne_msgs/local/lib/python3.10/dist-packages/velodyne_msgs/msg/_velodyne_packet_s.c
[1.029s] -- Up-to-date: /home/leejunmi/ros2_ws/install/velodyne_msgs/local/lib/python3.10/dist-packages/velodyne_msgs/msg/__init__.py
[1.029s] -- Up-to-date: /home/leejunmi/ros2_ws/install/velodyne_msgs/local/lib/python3.10/dist-packages/velodyne_msgs/msg/_velodyne_packet.py
[1.029s] -- Up-to-date: /home/leejunmi/ros2_ws/install/velodyne_msgs/local/lib/python3.10/dist-packages/velodyne_msgs/msg/_velodyne_scan_s.c
[1.029s] -- Up-to-date: /home/leejunmi/ros2_ws/install/velodyne_msgs/local/lib/python3.10/dist-packages/velodyne_msgs/msg/_velodyne_scan.py
[1.029s] -- Up-to-date: /home/leejunmi/ros2_ws/install/velodyne_msgs/local/lib/python3.10/dist-packages/velodyne_msgs/_velodyne_msgs_s.ep.rosidl_typesupport_fastrtps_c.c
[1.030s] -- Up-to-date: /home/leejunmi/ros2_ws/install/velodyne_msgs/local/lib/python3.10/dist-packages/velodyne_msgs/_velodyne_msgs_s.ep.rosidl_typesupport_introspection_c.c
[1.030s] -- Up-to-date: /home/leejunmi/ros2_ws/install/velodyne_msgs/local/lib/python3.10/dist-packages/velodyne_msgs/__init__.py
[1.030s] -- Up-to-date: /home/leejunmi/ros2_ws/install/velodyne_msgs/local/lib/python3.10/dist-packages/velodyne_msgs/_velodyne_msgs_s.ep.rosidl_typesupport_c.c
[1.030s] -- Up-to-date: /home/leejunmi/ros2_ws/install/velodyne_msgs/local/lib/python3.10/dist-packages/velodyne_msgs/libvelodyne_msgs__rosidl_generator_py.so
[1.030s] -- Up-to-date: /home/leejunmi/ros2_ws/install/velodyne_msgs/local/lib/python3.10/dist-packages/velodyne_msgs/velodyne_msgs_s__rosidl_typesupport_introspection_c.cpython-310-x86_64-linux-gnu.so
[1.030s] -- Up-to-date: /home/leejunmi/ros2_ws/install/velodyne_msgs/local/lib/python3.10/dist-packages/velodyne_msgs/velodyne_msgs_s__rosidl_typesupport_c.cpython-310-x86_64-linux-gnu.so
[1.088s] Listing '/home/leejunmi/ros2_ws/install/velodyne_msgs/local/lib/python3.10/dist-packages/velodyne_msgs'...
[1.088s] Listing '/home/leejunmi/ros2_ws/install/velodyne_msgs/local/lib/python3.10/dist-packages/velodyne_msgs/msg'...
[1.100s] -- Up-to-date: /home/leejunmi/ros2_ws/install/velodyne_msgs/local/lib/python3.10/dist-packages/velodyne_msgs/velodyne_msgs_s__rosidl_typesupport_fastrtps_c.cpython-310-x86_64-linux-gnu.so
[1.101s] -- Up-to-date: /home/leejunmi/ros2_ws/install/velodyne_msgs/local/lib/python3.10/dist-packages/velodyne_msgs/velodyne_msgs_s__rosidl_typesupport_introspection_c.cpython-310-x86_64-linux-gnu.so
[1.101s] -- Up-to-date: /home/leejunmi/ros2_ws/install/velodyne_msgs/local/lib/python3.10/dist-packages/velodyne_msgs/velodyne_msgs_s__rosidl_typesupport_c.cpython-310-x86_64-linux-gnu.so
[1.101s] -- Up-to-date: /home/leejunmi/ros2_ws/install/velodyne_msgs/lib/libvelodyne_msgs__rosidl_generator_py.so
[1.102s] -- Up-to-date: /home/leejunmi/ros2_ws/install/velodyne_msgs/share/velodyne_msgs/msg/VelodynePacket.idl
[1.102s] -- Up-to-date: /home/leejunmi/ros2_ws/install/velodyne_msgs/share/velodyne_msgs/msg/VelodyneScan.idl
[1.102s] -- Up-to-date: /home/leejunmi/ros2_ws/install/velodyne_msgs/share/velodyne_msgs/msg/VelodynePacket.msg
[1.102s] -- Up-to-date: /home/leejunmi/ros2_ws/install/velodyne_msgs/share/velodyne_msgs/msg/VelodyneScan.msg
[1.102s] -- Up-to-date: /home/leejunmi/ros2_ws/install/velodyne_msgs/share/ament_index/resource_index/package_run_dependencies/velodyne_msgs
[1.102s] -- Up-to-date: /home/leejunmi/ros2_ws/install/velodyne_msgs/share/ament_index/resource_index/parent_prefix_path/velodyne_msgs
[1.102s] -- Up-to-date: /home/leejunmi/ros2_ws/install/velodyne_msgs/share/velodyne_msgs/environment/ament_prefix_path.sh
[1.103s] -- Up-to-date: /home/leejunmi/ros2_ws/install/velodyne_msgs/share/velodyne_msgs/environment/ament_prefix_path.dsv
[1.103s] -- Up-to-date: /home/leejunmi/ros2_ws/install/velodyne_msgs/share/velodyne_msgs/environment/path.sh
[1.103s] -- Up-to-date: /home/leejunmi/ros2_ws/install/velodyne_msgs/share/velodyne_msgs/environment/path.dsv
[1.103s] -- Up-to-date: /home/leejunmi/ros2_ws/install/velodyne_msgs/share/velodyne_msgs/local_setup.bash
[1.103s] -- Up-to-date: /home/leejunmi/ros2_ws/install/velodyne_msgs/share/velodyne_msgs/local_setup.sh
[1.103s] -- Up-to-date: /home/leejunmi/ros2_ws/install/velodyne_msgs/share/velodyne_msgs/local_setup.zsh
[1.103s] -- Up-to-date: /home/leejunmi/ros2_ws/install/velodyne_msgs/share/velodyne_msgs/local_setup.dsv
[1.104s] -- Installing: /home/leejunmi/ros2_ws/install/velodyne_msgs/share/velodyne_msgs/package.dsv
[1.104s] -- Up-to-date: /home/leejunmi/ros2_ws/install/velodyne_msgs/share/ament_index/resource_index/packages/velodyne_msgs
[1.104s] -- Up-to-date: /home/leejunmi/ros2_ws/install/velodyne_msgs/share/velodyne_msgs/cmake/export_velodyne_msgs__rosidl_generator_cExport.cmake
[1.105s] -- Up-to-date: /home/leejunmi/ros2_ws/install/velodyne_msgs/share/velodyne_msgs/cmake/export_velodyne_msgs__rosidl_generator_cExport-noconfig.cmake
[1.105s] -- Up-to-date: /home/leejunmi/ros2_ws/install/velodyne_msgs/share/velodyne_msgs/cmake/export_velodyne_msgs__rosidl_typesupport_fastrtps_cExport.cmake
[1.105s] -- Up-to-date: /home/leejunmi/ros2_ws/install/velodyne_msgs/share/velodyne_msgs/cmake/export_velodyne_msgs__rosidl_typesupport_fastrtps_cExport-noconfig.cmake
[1.105s] -- Up-to-date: /home/leejunmi/ros2_ws/install/velodyne_msgs/share/velodyne_msgs/cmake/export_velodyne_msgs__rosidl_generator_cppExport.cmake
[1.105s] -- Up-to-date: /home/leejunmi/ros2_ws/install/velodyne_msgs/share/velodyne_msgs/cmake/export_velodyne_msgs__rosidl_typesupport_fastrtps_cppExport.cmake
[1.105s] -- Up-to-date: /home/leejunmi/ros2_ws/install/velodyne_msgs/share/velodyne_msgs/cmake/export_velodyne_msgs__rosidl_typesupport_fastrtps_cppExport-noconfig.cmake
[1.105s] -- Up-to-date: /home/leejunmi/ros2_ws/install/velodyne_msgs/share/velodyne_msgs/cmake/velodyne_msgs__rosidl_typesupport_introspection_cExport.cmake
[1.106s] -- Up-to-date: /home/leejunmi/ros2_ws/install/velodyne_msgs/share/velodyne_msgs/cmake/velodyne_msgs__rosidl_typesupport_introspection_cExport-noconfig.cmake
[1.106s] -- Up-to-date: /home/leejunmi/ros2_ws/install/velodyne_msgs/share/velodyne_msgs/cmake/velodyne_msgs__rosidl_typesupport_cExport.cmake
[1.106s] -- Up-to-date: /home/leejunmi/ros2_ws/install/velodyne_msgs/share/velodyne_msgs/cmake/velodyne_msgs__rosidl_typesupport_cExport-noconfig.cmake
[1.106s] -- Up-to-date: /home/leejunmi/ros2_ws/install/velodyne_msgs/share/velodyne_msgs/cmake/velodyne_msgs__rosidl_typesupport_introspection_cppExport.cmake
[1.106s] -- Up-to-date: /home/leejunmi/ros2_ws/install/velodyne_msgs/share/velodyne_msgs/cmake/velodyne_msgs__rosidl_typesupport_introspection_cppExport-noconfig.cmake
[1.106s] -- Up-to-date: /home/leejunmi/ros2_ws/install/velodyne_msgs/share/velodyne_msgs/cmake/velodyne_msgs__rosidl_typesupport_cppExport.cmake
[1.107s] -- Up-to-date: /home/leejunmi/ros2_ws/install/velodyne_msgs/share/velodyne_msgs/cmake/velodyne_msgs__rosidl_typesupport_cppExport-noconfig.cmake
[1.107s] -- Up-to-date: /home/leejunmi/ros2_ws/install/velodyne_msgs/share/velodyne_msgs/cmake/export_velodyne_msgs__rosidl_generator_pyExport.cmake
[1.107s] -- Up-to-date: /home/leejunmi/ros2_ws/install/velodyne_msgs/share/velodyne_msgs/cmake/export_velodyne_msgs__rosidl_generator_pyExport-noconfig.cmake
[1.107s] -- Up-to-date: /home/leejunmi/ros2_ws/install/velodyne_msgs/share/velodyne_msgs/cmake/rosidl_cmake-extras.cmake
[1.107s] -- Up-to-date: /home/leejunmi/ros2_ws/install/velodyne_msgs/share/velodyne_msgs/cmake/ament_cmake_export_dependencies-extras.cmake
[1.107s] -- Up-to-date: /home/leejunmi/ros2_ws/install/velodyne_msgs/share/velodyne_msgs/cmake/ament_cmake_export_include_directories-extras.cmake
[1.108s] -- Up-to-date: /home/leejunmi/ros2_ws/install/velodyne_msgs/share/velodyne_msgs/cmake/ament_cmake_export_libraries-extras.cmake
[1.108s] -- Up-to-date: /home/leejunmi/ros2_ws/install/velodyne_msgs/share/velodyne_msgs/cmake/ament_cmake_export_targets-extras.cmake
[1.108s] -- Up-to-date: /home/leejunmi/ros2_ws/install/velodyne_msgs/share/velodyne_msgs/cmake/rosidl_cmake_export_typesupport_targets-extras.cmake
[1.108s] -- Up-to-date: /home/leejunmi/ros2_ws/install/velodyne_msgs/share/velodyne_msgs/cmake/rosidl_cmake_export_typesupport_libraries-extras.cmake
[1.108s] -- Up-to-date: /home/leejunmi/ros2_ws/install/velodyne_msgs/share/velodyne_msgs/cmake/velodyne_msgsConfig.cmake
[1.108s] -- Up-to-date: /home/leejunmi/ros2_ws/install/velodyne_msgs/share/velodyne_msgs/cmake/velodyne_msgsConfig-version.cmake
[1.109s] -- Up-to-date: /home/leejunmi/ros2_ws/install/velodyne_msgs/share/velodyne_msgs/package.xml
[1.143s] Invoked command in '/home/leejunmi/ros2_ws/build/velodyne_msgs' returned '0': CMAKE_PREFIX_PATH=/home/leejunmi/ros2_ws/install/velodyne:/home/leejunmi/ros2_ws/install/velodyne_pointcloud:/home/leejunmi/ros2_ws/install/velodyne_driver:/home/leejunmi/ros2_ws/install/velodyne_laserscan:/home/leejunmi/ros2_ws/install/velodyne_msgs:/home/leejunmi/ros2_ws/install/tutorial_interfaces:/home/leejunmi/ros2_ws/install/turtlesim:/home/leejunmi/ros2_ws/install/number:/home/leejunmi/ros2_ws/install/py_pubsub:/home/leejunmi/ros2_ws/install/test_pkg:/home/leejunmi/ros2_ws/install/python_parameters:/home/leejunmi/ros2_ws/install/pkpk:/home/leejunmi/ros2_ws/install/msg_test:/home/leejunmi/ros2_ws/install/my_package:/home/leejunmi/ros2_ws/install/microstrain_inertial_rqt:/home/leejunmi/ros2_ws/install/lidar_intensity:/home/leejunmi/ros2_ws/install/launch_testing_examples:/home/leejunmi/ros2_ws/install/img:/home/leejunmi/ros2_ws/install/examples_rclpy_pointcloud_publisher:/home/leejunmi/ros2_ws/install/examples_rclpy_minimal_subscriber:/home/leejunmi/ros2_ws/install/examples_rclpy_minimal_service:/home/leejunmi/ros2_ws/install/examples_rclpy_minimal_publisher:/home/leejunmi/ros2_ws/install/examples_rclpy_minimal_client:/home/leejunmi/ros2_ws/install/examples_rclpy_minimal_action_server:/home/leejunmi/ros2_ws/install/examples_rclpy_minimal_action_client:/home/leejunmi/ros2_ws/install/examples_rclpy_guard_conditions:/home/leejunmi/ros2_ws/install/examples_rclpy_executors:/opt/ros/humble:/home/leejunmi/ros2_ws/install/microstrain_inertial_msgs:/home/leejunmi/ros2_ws/install/microstrain_inertial_description:/home/leejunmi/ros2_ws/install/examples_rclcpp_wait_set:/home/leejunmi/ros2_ws/install/examples_rclcpp_multithreaded_executor:/home/leejunmi/ros2_ws/install/examples_rclcpp_minimal_timer:/home/leejunmi/ros2_ws/install/examples_rclcpp_minimal_subscriber:/home/leejunmi/ros2_ws/install/examples_rclcpp_minimal_service:/home/leejunmi/ros2_ws/install/examples_rclcpp_minimal_publisher:/home/leejunmi/ros2_ws/install/examples_rclcpp_minimal_composition:/home/leejunmi/ros2_ws/install/examples_rclcpp_minimal_client:/home/leejunmi/ros2_ws/install/examples_rclcpp_minimal_action_server:/home/leejunmi/ros2_ws/install/examples_rclcpp_minimal_action_client:/home/leejunmi/ros2_ws/install/examples_rclcpp_cbg_executor:/home/leejunmi/ros2_ws/install/examples_rclcpp_async_client /usr/bin/cmake --install /home/leejunmi/ros2_ws/build/velodyne_msgs
