[ 25%] [32mBuilding CXX object CMakeFiles/velodyne_laserscan.dir/src/velodyne_laserscan.cpp.o[0m
[ 50%] [32m[1mLinking CXX shared library libvelodyne_laserscan.so[0m
[ 50%] Built target velodyne_laserscan
[ 75%] [32mBuilding CXX object CMakeFiles/velodyne_laserscan_node.dir/src/node.cpp.o[0m
[100%] [32m[1mLinking CXX executable velodyne_laserscan_node[0m
[100%] Built target velodyne_laserscan_node
-- Install configuration: ""
-- Installing: /home/leejunmi/ros2_ws/install/velodyne_laserscan/lib/libvelodyne_laserscan.so
-- Set runtime path of "/home/leejunmi/ros2_ws/install/velodyne_laserscan/lib/libvelodyne_laserscan.so" to ""
-- Installing: /home/leejunmi/ros2_ws/install/velodyne_laserscan/lib/velodyne_laserscan/velodyne_laserscan_node
-- Set runtime path of "/home/leejunmi/ros2_ws/install/velodyne_laserscan/lib/velodyne_laserscan/velodyne_laserscan_node" to ""
-- Installing: /home/leejunmi/ros2_ws/install/velodyne_laserscan/include/velodyne_laserscan
-- Installing: /home/leejunmi/ros2_ws/install/velodyne_laserscan/include/velodyne_laserscan/velodyne_laserscan.hpp
-- Installing: /home/leejunmi/ros2_ws/install/velodyne_laserscan/share/velodyne_laserscan/config
-- Installing: /home/leejunmi/ros2_ws/install/velodyne_laserscan/share/velodyne_laserscan/config/default-velodyne_laserscan_node-params.yaml
-- Installing: /home/leejunmi/ros2_ws/install/velodyne_laserscan/share/velodyne_laserscan/launch
-- Installing: /home/leejunmi/ros2_ws/install/velodyne_laserscan/share/velodyne_laserscan/launch/velodyne_laserscan_node-launch.py
-- Installing: /home/leejunmi/ros2_ws/install/velodyne_laserscan/share/velodyne_laserscan/launch/velodyne_laserscan_node-composed-launch.py
-- Installing: /home/leejunmi/ros2_ws/install/velodyne_laserscan/share/ament_index/resource_index/package_run_dependencies/velodyne_laserscan
-- Installing: /home/leejunmi/ros2_ws/install/velodyne_laserscan/share/ament_index/resource_index/parent_prefix_path/velodyne_laserscan
-- Installing: /home/leejunmi/ros2_ws/install/velodyne_laserscan/share/velodyne_laserscan/environment/ament_prefix_path.sh
-- Installing: /home/leejunmi/ros2_ws/install/velodyne_laserscan/share/velodyne_laserscan/environment/ament_prefix_path.dsv
-- Installing: /home/leejunmi/ros2_ws/install/velodyne_laserscan/share/velodyne_laserscan/environment/path.sh
-- Installing: /home/leejunmi/ros2_ws/install/velodyne_laserscan/share/velodyne_laserscan/environment/path.dsv
-- Installing: /home/leejunmi/ros2_ws/install/velodyne_laserscan/share/velodyne_laserscan/local_setup.bash
-- Installing: /home/leejunmi/ros2_ws/install/velodyne_laserscan/share/velodyne_laserscan/local_setup.sh
-- Installing: /home/leejunmi/ros2_ws/install/velodyne_laserscan/share/velodyne_laserscan/local_setup.zsh
-- Installing: /home/leejunmi/ros2_ws/install/velodyne_laserscan/share/velodyne_laserscan/local_setup.dsv
-- Installing: /home/leejunmi/ros2_ws/install/velodyne_laserscan/share/velodyne_laserscan/package.dsv
-- Installing: /home/leejunmi/ros2_ws/install/velodyne_laserscan/share/ament_index/resource_index/packages/velodyne_laserscan
-- Installing: /home/leejunmi/ros2_ws/install/velodyne_laserscan/share/ament_index/resource_index/rclcpp_components/velodyne_laserscan
-- Installing: /home/leejunmi/ros2_ws/install/velodyne_laserscan/share/velodyne_laserscan/cmake/velodyne_laserscanExport.cmake
-- Installing: /home/leejunmi/ros2_ws/install/velodyne_laserscan/share/velodyne_laserscan/cmake/velodyne_laserscanExport-noconfig.cmake
-- Installing: /home/leejunmi/ros2_ws/install/velodyne_laserscan/share/velodyne_laserscan/cmake/ament_cmake_export_include_directories-extras.cmake
-- Installing: /home/leejunmi/ros2_ws/install/velodyne_laserscan/share/velodyne_laserscan/cmake/ament_cmake_export_targets-extras.cmake
-- Installing: /home/leejunmi/ros2_ws/install/velodyne_laserscan/share/velodyne_laserscan/cmake/ament_cmake_export_dependencies-extras.cmake
-- Installing: /home/leejunmi/ros2_ws/install/velodyne_laserscan/share/velodyne_laserscan/cmake/velodyne_laserscanConfig.cmake
-- Installing: /home/leejunmi/ros2_ws/install/velodyne_laserscan/share/velodyne_laserscan/cmake/velodyne_laserscanConfig-version.cmake
-- Installing: /home/leejunmi/ros2_ws/install/velodyne_laserscan/share/velodyne_laserscan/package.xml
