-- Install configuration: ""
-- Up-to-date: /home/leejunmi/ros2_ws/install/microstrain_inertial_description/share/microstrain_inertial_description/urdf
-- Up-to-date: /home/leejunmi/ros2_ws/install/microstrain_inertial_description/share/microstrain_inertial_description/urdf/gv7.urdf.xacro
-- Up-to-date: /home/leejunmi/ros2_ws/install/microstrain_inertial_description/share/microstrain_inertial_description/urdf/cv7.urdf.xacro
-- Up-to-date: /home/leejunmi/ros2_ws/install/microstrain_inertial_description/share/microstrain_inertial_description/urdf/gq7.urdf.xacro
-- Up-to-date: /home/leejunmi/ros2_ws/install/microstrain_inertial_description/share/microstrain_inertial_description/urdf/rtk.urdf.xacro
-- Up-to-date: /home/leejunmi/ros2_ws/install/microstrain_inertial_description/share/microstrain_inertial_description/urdf/gx5_15.urdf.xacro
-- Up-to-date: /home/leejunmi/ros2_ws/install/microstrain_inertial_description/share/microstrain_inertial_description/urdf/gx5_25.urdf.xacro
-- Up-to-date: /home/leejunmi/ros2_ws/install/microstrain_inertial_description/share/microstrain_inertial_description/urdf/cv5.urdf.xacro
-- Up-to-date: /home/leejunmi/ros2_ws/install/microstrain_inertial_description/share/microstrain_inertial_description/urdf/gx5_45.urdf.xacro
-- Up-to-date: /home/leejunmi/ros2_ws/install/microstrain_inertial_description/share/microstrain_inertial_description/meshes
-- Up-to-date: /home/leejunmi/ros2_ws/install/microstrain_inertial_description/share/microstrain_inertial_description/meshes/gv7.stl
-- Up-to-date: /home/leejunmi/ros2_ws/install/microstrain_inertial_description/share/microstrain_inertial_description/meshes/rtk.stl
-- Up-to-date: /home/leejunmi/ros2_ws/install/microstrain_inertial_description/share/microstrain_inertial_description/meshes/cv5.stl
-- Up-to-date: /home/leejunmi/ros2_ws/install/microstrain_inertial_description/share/microstrain_inertial_description/meshes/gx5_45.stl
-- Up-to-date: /home/leejunmi/ros2_ws/install/microstrain_inertial_description/share/microstrain_inertial_description/meshes/gx5_25.stl
-- Up-to-date: /home/leejunmi/ros2_ws/install/microstrain_inertial_description/share/microstrain_inertial_description/meshes/cv7.stl
-- Up-to-date: /home/leejunmi/ros2_ws/install/microstrain_inertial_description/share/microstrain_inertial_description/meshes/gq7.stl
-- Up-to-date: /home/leejunmi/ros2_ws/install/microstrain_inertial_description/share/microstrain_inertial_description/meshes/gx5_15.stl
-- Up-to-date: /home/leejunmi/ros2_ws/install/microstrain_inertial_description/share/ament_index/resource_index/package_run_dependencies/microstrain_inertial_description
-- Up-to-date: /home/leejunmi/ros2_ws/install/microstrain_inertial_description/share/ament_index/resource_index/parent_prefix_path/microstrain_inertial_description
-- Up-to-date: /home/leejunmi/ros2_ws/install/microstrain_inertial_description/share/microstrain_inertial_description/environment/ament_prefix_path.sh
-- Up-to-date: /home/leejunmi/ros2_ws/install/microstrain_inertial_description/share/microstrain_inertial_description/environment/ament_prefix_path.dsv
-- Up-to-date: /home/leejunmi/ros2_ws/install/microstrain_inertial_description/share/microstrain_inertial_description/environment/path.sh
-- Up-to-date: /home/leejunmi/ros2_ws/install/microstrain_inertial_description/share/microstrain_inertial_description/environment/path.dsv
-- Up-to-date: /home/leejunmi/ros2_ws/install/microstrain_inertial_description/share/microstrain_inertial_description/local_setup.bash
-- Up-to-date: /home/leejunmi/ros2_ws/install/microstrain_inertial_description/share/microstrain_inertial_description/local_setup.sh
-- Up-to-date: /home/leejunmi/ros2_ws/install/microstrain_inertial_description/share/microstrain_inertial_description/local_setup.zsh
-- Up-to-date: /home/leejunmi/ros2_ws/install/microstrain_inertial_description/share/microstrain_inertial_description/local_setup.dsv
-- Up-to-date: /home/leejunmi/ros2_ws/install/microstrain_inertial_description/share/microstrain_inertial_description/package.dsv
-- Up-to-date: /home/leejunmi/ros2_ws/install/microstrain_inertial_description/share/ament_index/resource_index/packages/microstrain_inertial_description
-- Up-to-date: /home/leejunmi/ros2_ws/install/microstrain_inertial_description/share/microstrain_inertial_description/cmake/microstrain_inertial_descriptionConfig.cmake
-- Up-to-date: /home/leejunmi/ros2_ws/install/microstrain_inertial_description/share/microstrain_inertial_description/cmake/microstrain_inertial_descriptionConfig-version.cmake
-- Up-to-date: /home/leejunmi/ros2_ws/install/microstrain_inertial_description/share/microstrain_inertial_description/package.xml
