[1.262s] Invoking command in '/home/leejunmi/ros2_ws/src/microstrain_inertial/microstrain_inertial_rqt': PYTHONPATH=/home/leejunmi/ros2_ws/build/microstrain_inertial_rqt/prefix_override:/usr/lib/python3/dist-packages/colcon_core/task/python/colcon_distutils_commands:/home/leejunmi/ros2_ws/install/microstrain_inertial_rqt/lib/python3.10/site-packages:${PYTHONPATH} /usr/bin/python3 -W ignore:setup.py install is deprecated -W ignore:easy_install command is deprecated setup.py egg_info --egg-base ../../../build/microstrain_inertial_rqt build --build-base /home/leejunmi/ros2_ws/build/microstrain_inertial_rqt/build install --record /home/leejunmi/ros2_ws/build/microstrain_inertial_rqt/install.log --single-version-externally-managed install_data
[1.762s] running egg_info
[1.763s] writing ../../../build/microstrain_inertial_rqt/microstrain_inertial_rqt.egg-info/PKG-INFO
[1.763s] writing dependency_links to ../../../build/microstrain_inertial_rqt/microstrain_inertial_rqt.egg-info/dependency_links.txt
[1.764s] writing requirements to ../../../build/microstrain_inertial_rqt/microstrain_inertial_rqt.egg-info/requires.txt
[1.765s] writing top-level names to ../../../build/microstrain_inertial_rqt/microstrain_inertial_rqt.egg-info/top_level.txt
[1.772s] reading manifest file '../../../build/microstrain_inertial_rqt/microstrain_inertial_rqt.egg-info/SOURCES.txt'
[1.773s] adding license file 'LICENSE'
[1.777s] writing manifest file '../../../build/microstrain_inertial_rqt/microstrain_inertial_rqt.egg-info/SOURCES.txt'
[1.781s] running build
[1.781s] running build_py
[1.783s] running install
[1.785s] running install_lib
[1.789s] running install_data
[1.792s] running install_egg_info
[1.797s] removing '/home/leejunmi/ros2_ws/install/microstrain_inertial_rqt/lib/python3.10/site-packages/microstrain_inertial_rqt-4.3.0-py3.10.egg-info' (and everything under it)
[1.798s] Copying ../../../build/microstrain_inertial_rqt/microstrain_inertial_rqt.egg-info to /home/leejunmi/ros2_ws/install/microstrain_inertial_rqt/lib/python3.10/site-packages/microstrain_inertial_rqt-4.3.0-py3.10.egg-info
[1.802s] running install_scripts
[1.846s] writing list of installed files to '/home/leejunmi/ros2_ws/build/microstrain_inertial_rqt/install.log'
[1.915s] Invoked command in '/home/leejunmi/ros2_ws/src/microstrain_inertial/microstrain_inertial_rqt' returned '0': PYTHONPATH=/home/leejunmi/ros2_ws/build/microstrain_inertial_rqt/prefix_override:/usr/lib/python3/dist-packages/colcon_core/task/python/colcon_distutils_commands:/home/leejunmi/ros2_ws/install/microstrain_inertial_rqt/lib/python3.10/site-packages:${PYTHONPATH} /usr/bin/python3 -W ignore:setup.py install is deprecated -W ignore:easy_install command is deprecated setup.py egg_info --egg-base ../../../build/microstrain_inertial_rqt build --build-base /home/leejunmi/ros2_ws/build/microstrain_inertial_rqt/build install --record /home/leejunmi/ros2_ws/build/microstrain_inertial_rqt/install.log --single-version-externally-managed install_data
