[0.633s] Invoking command in '/home/leejunmi/ros2_ws/src/examples/rclpy/guard_conditions': PYTHONPATH=/home/leejunmi/ros2_ws/build/examples_rclpy_guard_conditions/prefix_override:/usr/lib/python3/dist-packages/colcon_core/task/python/colcon_distutils_commands:/home/leejunmi/ros2_ws/install/examples_rclpy_guard_conditions/lib/python3.10/site-packages:${PYTHONPATH} /usr/bin/python3 -W ignore:setup.py install is deprecated -W ignore:easy_install command is deprecated setup.py egg_info --egg-base ../../../../build/examples_rclpy_guard_conditions build --build-base /home/leejunmi/ros2_ws/build/examples_rclpy_guard_conditions/build install --record /home/leejunmi/ros2_ws/build/examples_rclpy_guard_conditions/install.log --single-version-externally-managed install_data
[0.904s] running egg_info
[0.904s] creating ../../../../build/examples_rclpy_guard_conditions/examples_rclpy_guard_conditions.egg-info
[0.905s] writing ../../../../build/examples_rclpy_guard_conditions/examples_rclpy_guard_conditions.egg-info/PKG-INFO
[0.905s] writing dependency_links to ../../../../build/examples_rclpy_guard_conditions/examples_rclpy_guard_conditions.egg-info/dependency_links.txt
[0.905s] writing entry points to ../../../../build/examples_rclpy_guard_conditions/examples_rclpy_guard_conditions.egg-info/entry_points.txt
[0.905s] writing requirements to ../../../../build/examples_rclpy_guard_conditions/examples_rclpy_guard_conditions.egg-info/requires.txt
[0.905s] writing top-level names to ../../../../build/examples_rclpy_guard_conditions/examples_rclpy_guard_conditions.egg-info/top_level.txt
[0.905s] writing manifest file '../../../../build/examples_rclpy_guard_conditions/examples_rclpy_guard_conditions.egg-info/SOURCES.txt'
[0.915s] reading manifest file '../../../../build/examples_rclpy_guard_conditions/examples_rclpy_guard_conditions.egg-info/SOURCES.txt'
[0.916s] writing manifest file '../../../../build/examples_rclpy_guard_conditions/examples_rclpy_guard_conditions.egg-info/SOURCES.txt'
[0.916s] running build
[0.916s] running build_py
[0.916s] creating /home/leejunmi/ros2_ws/build/examples_rclpy_guard_conditions/build
[0.916s] creating /home/leejunmi/ros2_ws/build/examples_rclpy_guard_conditions/build/lib
[0.916s] creating /home/leejunmi/ros2_ws/build/examples_rclpy_guard_conditions/build/lib/examples_rclpy_guard_conditions
[0.916s] copying examples_rclpy_guard_conditions/__init__.py -> /home/leejunmi/ros2_ws/build/examples_rclpy_guard_conditions/build/lib/examples_rclpy_guard_conditions
[0.916s] copying examples_rclpy_guard_conditions/trigger_guard_condition.py -> /home/leejunmi/ros2_ws/build/examples_rclpy_guard_conditions/build/lib/examples_rclpy_guard_conditions
[0.916s] running install
[0.918s] running install_lib
[0.918s] creating /home/leejunmi/ros2_ws/install/examples_rclpy_guard_conditions/lib/python3.10/site-packages/examples_rclpy_guard_conditions
[0.919s] copying /home/leejunmi/ros2_ws/build/examples_rclpy_guard_conditions/build/lib/examples_rclpy_guard_conditions/__init__.py -> /home/leejunmi/ros2_ws/install/examples_rclpy_guard_conditions/lib/python3.10/site-packages/examples_rclpy_guard_conditions
[0.919s] copying /home/leejunmi/ros2_ws/build/examples_rclpy_guard_conditions/build/lib/examples_rclpy_guard_conditions/trigger_guard_condition.py -> /home/leejunmi/ros2_ws/install/examples_rclpy_guard_conditions/lib/python3.10/site-packages/examples_rclpy_guard_conditions
[0.919s] byte-compiling /home/leejunmi/ros2_ws/install/examples_rclpy_guard_conditions/lib/python3.10/site-packages/examples_rclpy_guard_conditions/__init__.py to __init__.cpython-310.pyc
[0.919s] byte-compiling /home/leejunmi/ros2_ws/install/examples_rclpy_guard_conditions/lib/python3.10/site-packages/examples_rclpy_guard_conditions/trigger_guard_condition.py to trigger_guard_condition.cpython-310.pyc
[0.920s] running install_data
[0.920s] creating /home/leejunmi/ros2_ws/install/examples_rclpy_guard_conditions/share/ament_index
[0.920s] creating /home/leejunmi/ros2_ws/install/examples_rclpy_guard_conditions/share/ament_index/resource_index
[0.920s] creating /home/leejunmi/ros2_ws/install/examples_rclpy_guard_conditions/share/ament_index/resource_index/packages
[0.920s] copying resource/examples_rclpy_guard_conditions -> /home/leejunmi/ros2_ws/install/examples_rclpy_guard_conditions/share/ament_index/resource_index/packages
[0.920s] copying package.xml -> /home/leejunmi/ros2_ws/install/examples_rclpy_guard_conditions/share/examples_rclpy_guard_conditions
[0.920s] running install_egg_info
[0.922s] Copying ../../../../build/examples_rclpy_guard_conditions/examples_rclpy_guard_conditions.egg-info to /home/leejunmi/ros2_ws/install/examples_rclpy_guard_conditions/lib/python3.10/site-packages/examples_rclpy_guard_conditions-0.15.3-py3.10.egg-info
[0.923s] running install_scripts
[0.943s] Installing trigger_guard_condition script to /home/leejunmi/ros2_ws/install/examples_rclpy_guard_conditions/lib/examples_rclpy_guard_conditions
[0.944s] writing list of installed files to '/home/leejunmi/ros2_ws/build/examples_rclpy_guard_conditions/install.log'
[0.969s] Invoked command in '/home/leejunmi/ros2_ws/src/examples/rclpy/guard_conditions' returned '0': PYTHONPATH=/home/leejunmi/ros2_ws/build/examples_rclpy_guard_conditions/prefix_override:/usr/lib/python3/dist-packages/colcon_core/task/python/colcon_distutils_commands:/home/leejunmi/ros2_ws/install/examples_rclpy_guard_conditions/lib/python3.10/site-packages:${PYTHONPATH} /usr/bin/python3 -W ignore:setup.py install is deprecated -W ignore:easy_install command is deprecated setup.py egg_info --egg-base ../../../../build/examples_rclpy_guard_conditions build --build-base /home/leejunmi/ros2_ws/build/examples_rclpy_guard_conditions/build install --record /home/leejunmi/ros2_ws/build/examples_rclpy_guard_conditions/install.log --single-version-externally-managed install_data
