running egg_info
writing ../../build/img/img.egg-info/PKG-INFO
writing dependency_links to ../../build/img/img.egg-info/dependency_links.txt
writing entry points to ../../build/img/img.egg-info/entry_points.txt
writing requirements to ../../build/img/img.egg-info/requires.txt
writing top-level names to ../../build/img/img.egg-info/top_level.txt
reading manifest file '../../build/img/img.egg-info/SOURCES.txt'
adding license file 'LICENSE'
writing manifest file '../../build/img/img.egg-info/SOURCES.txt'
running build
running build_py
copying img/img_pub.py -> /home/leejunmi/ros2_ws/build/img/build/lib/img
copying img/img_sub.py -> /home/leejunmi/ros2_ws/build/img/build/lib/img
running install
running install_lib
copying /home/leejunmi/ros2_ws/build/img/build/lib/img/img_pub.py -> /home/leejunmi/ros2_ws/install/img/lib/python3.10/site-packages/img
copying /home/leejunmi/ros2_ws/build/img/build/lib/img/img_sub.py -> /home/leejunmi/ros2_ws/install/img/lib/python3.10/site-packages/img
byte-compiling /home/leejunmi/ros2_ws/install/img/lib/python3.10/site-packages/img/img_pub.py to img_pub.cpython-310.pyc
byte-compiling /home/leejunmi/ros2_ws/install/img/lib/python3.10/site-packages/img/img_sub.py to img_sub.cpython-310.pyc
running install_data
running install_egg_info
removing '/home/leejunmi/ros2_ws/install/img/lib/python3.10/site-packages/img-0.0.0-py3.10.egg-info' (and everything under it)
Copying ../../build/img/img.egg-info to /home/leejunmi/ros2_ws/install/img/lib/python3.10/site-packages/img-0.0.0-py3.10.egg-info
running install_scripts
Installing pub script to /home/leejunmi/ros2_ws/install/img/lib/img
Installing sub script to /home/leejunmi/ros2_ws/install/img/lib/img
writing list of installed files to '/home/leejunmi/ros2_ws/build/img/install.log'
