[2.043s] Invoking command in '/home/leejunmi/ros2_ws/src/py_pubsub': PYTHONPATH=/home/leejunmi/ros2_ws/build/py_pubsub/prefix_override:/usr/lib/python3/dist-packages/colcon_core/task/python/colcon_distutils_commands:/home/leejunmi/ros2_ws/install/py_pubsub/lib/python3.10/site-packages:${PYTHONPATH} /usr/bin/python3 -W ignore:setup.py install is deprecated -W ignore:easy_install command is deprecated setup.py egg_info --egg-base ../../build/py_pubsub build --build-base /home/leejunmi/ros2_ws/build/py_pubsub/build install --record /home/leejunmi/ros2_ws/build/py_pubsub/install.log --single-version-externally-managed install_data
[2.416s] running egg_info
[2.417s] writing ../../build/py_pubsub/py_pubsub.egg-info/PKG-INFO
[2.417s] writing dependency_links to ../../build/py_pubsub/py_pubsub.egg-info/dependency_links.txt
[2.417s] writing entry points to ../../build/py_pubsub/py_pubsub.egg-info/entry_points.txt
[2.418s] writing requirements to ../../build/py_pubsub/py_pubsub.egg-info/requires.txt
[2.418s] writing top-level names to ../../build/py_pubsub/py_pubsub.egg-info/top_level.txt
[2.421s] reading manifest file '../../build/py_pubsub/py_pubsub.egg-info/SOURCES.txt'
[2.422s] adding license file 'LICENSE'
[2.423s] writing manifest file '../../build/py_pubsub/py_pubsub.egg-info/SOURCES.txt'
[2.423s] running build
[2.423s] running build_py
[2.423s] running install
[2.424s] running install_lib
[2.426s] running install_data
[2.426s] running install_egg_info
[2.430s] removing '/home/leejunmi/ros2_ws/install/py_pubsub/lib/python3.10/site-packages/py_pubsub-0.0.0-py3.10.egg-info' (and everything under it)
[2.430s] Copying ../../build/py_pubsub/py_pubsub.egg-info to /home/leejunmi/ros2_ws/install/py_pubsub/lib/python3.10/site-packages/py_pubsub-0.0.0-py3.10.egg-info
[2.431s] running install_scripts
[2.468s] Installing listener script to /home/leejunmi/ros2_ws/install/py_pubsub/lib/py_pubsub
[2.468s] Installing talker script to /home/leejunmi/ros2_ws/install/py_pubsub/lib/py_pubsub
[2.469s] writing list of installed files to '/home/leejunmi/ros2_ws/build/py_pubsub/install.log'
[2.521s] Invoked command in '/home/leejunmi/ros2_ws/src/py_pubsub' returned '0': PYTHONPATH=/home/leejunmi/ros2_ws/build/py_pubsub/prefix_override:/usr/lib/python3/dist-packages/colcon_core/task/python/colcon_distutils_commands:/home/leejunmi/ros2_ws/install/py_pubsub/lib/python3.10/site-packages:${PYTHONPATH} /usr/bin/python3 -W ignore:setup.py install is deprecated -W ignore:easy_install command is deprecated setup.py egg_info --egg-base ../../build/py_pubsub build --build-base /home/leejunmi/ros2_ws/build/py_pubsub/build install --record /home/leejunmi/ros2_ws/build/py_pubsub/install.log --single-version-externally-managed install_data
