running egg_info
creating ../../../build/microstrain_inertial_rqt/microstrain_inertial_rqt.egg-info
writing ../../../build/microstrain_inertial_rqt/microstrain_inertial_rqt.egg-info/PKG-INFO
writing dependency_links to ../../../build/microstrain_inertial_rqt/microstrain_inertial_rqt.egg-info/dependency_links.txt
writing requirements to ../../../build/microstrain_inertial_rqt/microstrain_inertial_rqt.egg-info/requires.txt
writing top-level names to ../../../build/microstrain_inertial_rqt/microstrain_inertial_rqt.egg-info/top_level.txt
writing manifest file '../../../build/microstrain_inertial_rqt/microstrain_inertial_rqt.egg-info/SOURCES.txt'
reading manifest file '../../../build/microstrain_inertial_rqt/microstrain_inertial_rqt.egg-info/SOURCES.txt'
adding license file 'LICENSE'
writing manifest file '../../../build/microstrain_inertial_rqt/microstrain_inertial_rqt.egg-info/SOURCES.txt'
running build
running build_py
creating /home/leejunmi/ros2_ws/build/microstrain_inertial_rqt/build
creating /home/leejunmi/ros2_ws/build/microstrain_inertial_rqt/build/lib
creating /home/leejunmi/ros2_ws/build/microstrain_inertial_rqt/build/lib/microstrain_inertial_rqt
copying microstrain_inertial_rqt_common/src/microstrain_inertial_rqt/filter_data.py -> /home/leejunmi/ros2_ws/build/microstrain_inertial_rqt/build/lib/microstrain_inertial_rqt
copying microstrain_inertial_rqt_common/src/microstrain_inertial_rqt/gnss_data.py -> /home/leejunmi/ros2_ws/build/microstrain_inertial_rqt/build/lib/microstrain_inertial_rqt
copying microstrain_inertial_rqt_common/src/microstrain_inertial_rqt/gq7_led.py -> /home/leejunmi/ros2_ws/build/microstrain_inertial_rqt/build/lib/microstrain_inertial_rqt
copying microstrain_inertial_rqt_common/src/microstrain_inertial_rqt/__init__.py -> /home/leejunmi/ros2_ws/build/microstrain_inertial_rqt/build/lib/microstrain_inertial_rqt
copying microstrain_inertial_rqt_common/src/microstrain_inertial_rqt/quickview.py -> /home/leejunmi/ros2_ws/build/microstrain_inertial_rqt/build/lib/microstrain_inertial_rqt
copying microstrain_inertial_rqt_common/src/microstrain_inertial_rqt/rtk_status.py -> /home/leejunmi/ros2_ws/build/microstrain_inertial_rqt/build/lib/microstrain_inertial_rqt
copying microstrain_inertial_rqt_common/src/microstrain_inertial_rqt/sensor_data.py -> /home/leejunmi/ros2_ws/build/microstrain_inertial_rqt/build/lib/microstrain_inertial_rqt
creating /home/leejunmi/ros2_ws/build/microstrain_inertial_rqt/build/lib/microstrain_inertial_rqt/utils
copying microstrain_inertial_rqt_common/src/microstrain_inertial_rqt/utils/constants.py -> /home/leejunmi/ros2_ws/build/microstrain_inertial_rqt/build/lib/microstrain_inertial_rqt/utils
copying microstrain_inertial_rqt_common/src/microstrain_inertial_rqt/utils/subscribers.py -> /home/leejunmi/ros2_ws/build/microstrain_inertial_rqt/build/lib/microstrain_inertial_rqt/utils
copying microstrain_inertial_rqt_common/src/microstrain_inertial_rqt/utils/__init__.py -> /home/leejunmi/ros2_ws/build/microstrain_inertial_rqt/build/lib/microstrain_inertial_rqt/utils
copying microstrain_inertial_rqt_common/src/microstrain_inertial_rqt/utils/common.py -> /home/leejunmi/ros2_ws/build/microstrain_inertial_rqt/build/lib/microstrain_inertial_rqt/utils
copying microstrain_inertial_rqt_common/src/microstrain_inertial_rqt/utils/services.py -> /home/leejunmi/ros2_ws/build/microstrain_inertial_rqt/build/lib/microstrain_inertial_rqt/utils
copying microstrain_inertial_rqt_common/src/microstrain_inertial_rqt/utils/widgets.py -> /home/leejunmi/ros2_ws/build/microstrain_inertial_rqt/build/lib/microstrain_inertial_rqt/utils
running install
running install_lib
creating /home/leejunmi/ros2_ws/install/microstrain_inertial_rqt/lib/python3.10/site-packages/microstrain_inertial_rqt
copying /home/leejunmi/ros2_ws/build/microstrain_inertial_rqt/build/lib/microstrain_inertial_rqt/filter_data.py -> /home/leejunmi/ros2_ws/install/microstrain_inertial_rqt/lib/python3.10/site-packages/microstrain_inertial_rqt
copying /home/leejunmi/ros2_ws/build/microstrain_inertial_rqt/build/lib/microstrain_inertial_rqt/gnss_data.py -> /home/leejunmi/ros2_ws/install/microstrain_inertial_rqt/lib/python3.10/site-packages/microstrain_inertial_rqt
copying /home/leejunmi/ros2_ws/build/microstrain_inertial_rqt/build/lib/microstrain_inertial_rqt/gq7_led.py -> /home/leejunmi/ros2_ws/install/microstrain_inertial_rqt/lib/python3.10/site-packages/microstrain_inertial_rqt
creating /home/leejunmi/ros2_ws/install/microstrain_inertial_rqt/lib/python3.10/site-packages/microstrain_inertial_rqt/utils
copying /home/leejunmi/ros2_ws/build/microstrain_inertial_rqt/build/lib/microstrain_inertial_rqt/utils/constants.py -> /home/leejunmi/ros2_ws/install/microstrain_inertial_rqt/lib/python3.10/site-packages/microstrain_inertial_rqt/utils
copying /home/leejunmi/ros2_ws/build/microstrain_inertial_rqt/build/lib/microstrain_inertial_rqt/utils/subscribers.py -> /home/leejunmi/ros2_ws/install/microstrain_inertial_rqt/lib/python3.10/site-packages/microstrain_inertial_rqt/utils
copying /home/leejunmi/ros2_ws/build/microstrain_inertial_rqt/build/lib/microstrain_inertial_rqt/utils/__init__.py -> /home/leejunmi/ros2_ws/install/microstrain_inertial_rqt/lib/python3.10/site-packages/microstrain_inertial_rqt/utils
copying /home/leejunmi/ros2_ws/build/microstrain_inertial_rqt/build/lib/microstrain_inertial_rqt/utils/common.py -> /home/leejunmi/ros2_ws/install/microstrain_inertial_rqt/lib/python3.10/site-packages/microstrain_inertial_rqt/utils
copying /home/leejunmi/ros2_ws/build/microstrain_inertial_rqt/build/lib/microstrain_inertial_rqt/utils/services.py -> /home/leejunmi/ros2_ws/install/microstrain_inertial_rqt/lib/python3.10/site-packages/microstrain_inertial_rqt/utils
copying /home/leejunmi/ros2_ws/build/microstrain_inertial_rqt/build/lib/microstrain_inertial_rqt/utils/widgets.py -> /home/leejunmi/ros2_ws/install/microstrain_inertial_rqt/lib/python3.10/site-packages/microstrain_inertial_rqt/utils
copying /home/leejunmi/ros2_ws/build/microstrain_inertial_rqt/build/lib/microstrain_inertial_rqt/__init__.py -> /home/leejunmi/ros2_ws/install/microstrain_inertial_rqt/lib/python3.10/site-packages/microstrain_inertial_rqt
copying /home/leejunmi/ros2_ws/build/microstrain_inertial_rqt/build/lib/microstrain_inertial_rqt/quickview.py -> /home/leejunmi/ros2_ws/install/microstrain_inertial_rqt/lib/python3.10/site-packages/microstrain_inertial_rqt
copying /home/leejunmi/ros2_ws/build/microstrain_inertial_rqt/build/lib/microstrain_inertial_rqt/rtk_status.py -> /home/leejunmi/ros2_ws/install/microstrain_inertial_rqt/lib/python3.10/site-packages/microstrain_inertial_rqt
copying /home/leejunmi/ros2_ws/build/microstrain_inertial_rqt/build/lib/microstrain_inertial_rqt/sensor_data.py -> /home/leejunmi/ros2_ws/install/microstrain_inertial_rqt/lib/python3.10/site-packages/microstrain_inertial_rqt
byte-compiling /home/leejunmi/ros2_ws/install/microstrain_inertial_rqt/lib/python3.10/site-packages/microstrain_inertial_rqt/filter_data.py to filter_data.cpython-310.pyc
byte-compiling /home/leejunmi/ros2_ws/install/microstrain_inertial_rqt/lib/python3.10/site-packages/microstrain_inertial_rqt/gnss_data.py to gnss_data.cpython-310.pyc
byte-compiling /home/leejunmi/ros2_ws/install/microstrain_inertial_rqt/lib/python3.10/site-packages/microstrain_inertial_rqt/gq7_led.py to gq7_led.cpython-310.pyc
byte-compiling /home/leejunmi/ros2_ws/install/microstrain_inertial_rqt/lib/python3.10/site-packages/microstrain_inertial_rqt/utils/constants.py to constants.cpython-310.pyc
byte-compiling /home/leejunmi/ros2_ws/install/microstrain_inertial_rqt/lib/python3.10/site-packages/microstrain_inertial_rqt/utils/subscribers.py to subscribers.cpython-310.pyc
byte-compiling /home/leejunmi/ros2_ws/install/microstrain_inertial_rqt/lib/python3.10/site-packages/microstrain_inertial_rqt/utils/__init__.py to __init__.cpython-310.pyc
byte-compiling /home/leejunmi/ros2_ws/install/microstrain_inertial_rqt/lib/python3.10/site-packages/microstrain_inertial_rqt/utils/common.py to common.cpython-310.pyc
byte-compiling /home/leejunmi/ros2_ws/install/microstrain_inertial_rqt/lib/python3.10/site-packages/microstrain_inertial_rqt/utils/services.py to services.cpython-310.pyc
byte-compiling /home/leejunmi/ros2_ws/install/microstrain_inertial_rqt/lib/python3.10/site-packages/microstrain_inertial_rqt/utils/widgets.py to widgets.cpython-310.pyc
byte-compiling /home/leejunmi/ros2_ws/install/microstrain_inertial_rqt/lib/python3.10/site-packages/microstrain_inertial_rqt/__init__.py to __init__.cpython-310.pyc
byte-compiling /home/leejunmi/ros2_ws/install/microstrain_inertial_rqt/lib/python3.10/site-packages/microstrain_inertial_rqt/quickview.py to quickview.cpython-310.pyc
byte-compiling /home/leejunmi/ros2_ws/install/microstrain_inertial_rqt/lib/python3.10/site-packages/microstrain_inertial_rqt/rtk_status.py to rtk_status.cpython-310.pyc
byte-compiling /home/leejunmi/ros2_ws/install/microstrain_inertial_rqt/lib/python3.10/site-packages/microstrain_inertial_rqt/sensor_data.py to sensor_data.cpython-310.pyc
running install_data
creating /home/leejunmi/ros2_ws/install/microstrain_inertial_rqt/share/ament_index
creating /home/leejunmi/ros2_ws/install/microstrain_inertial_rqt/share/ament_index/resource_index
creating /home/leejunmi/ros2_ws/install/microstrain_inertial_rqt/share/ament_index/resource_index/packages
copying resource/microstrain_inertial_rqt -> /home/leejunmi/ros2_ws/install/microstrain_inertial_rqt/share/ament_index/resource_index/packages
copying package.xml -> /home/leejunmi/ros2_ws/install/microstrain_inertial_rqt/share/microstrain_inertial_rqt
copying launch/quickview_launch.py -> /home/leejunmi/ros2_ws/install/microstrain_inertial_rqt/share/microstrain_inertial_rqt
creating /home/leejunmi/ros2_ws/install/microstrain_inertial_rqt/share/microstrain_inertial_rqt/microstrain_inertial_rqt_common
copying microstrain_inertial_rqt_common/plugin.xml -> /home/leejunmi/ros2_ws/install/microstrain_inertial_rqt/share/microstrain_inertial_rqt/microstrain_inertial_rqt_common
creating /home/leejunmi/ros2_ws/install/microstrain_inertial_rqt/share/microstrain_inertial_rqt/microstrain_inertial_rqt_common/resource
copying microstrain_inertial_rqt_common/resource/quickview.perspective -> /home/leejunmi/ros2_ws/install/microstrain_inertial_rqt/share/microstrain_inertial_rqt/microstrain_inertial_rqt_common/resource
copying microstrain_inertial_rqt_common/resource/GNSSData.ui -> /home/leejunmi/ros2_ws/install/microstrain_inertial_rqt/share/microstrain_inertial_rqt/microstrain_inertial_rqt_common/resource
copying microstrain_inertial_rqt_common/resource/GQ7LED.ui -> /home/leejunmi/ros2_ws/install/microstrain_inertial_rqt/share/microstrain_inertial_rqt/microstrain_inertial_rqt_common/resource
copying microstrain_inertial_rqt_common/resource/SensorData.ui -> /home/leejunmi/ros2_ws/install/microstrain_inertial_rqt/share/microstrain_inertial_rqt/microstrain_inertial_rqt_common/resource
copying microstrain_inertial_rqt_common/resource/RTKStatus.ui -> /home/leejunmi/ros2_ws/install/microstrain_inertial_rqt/share/microstrain_inertial_rqt/microstrain_inertial_rqt_common/resource
copying microstrain_inertial_rqt_common/resource/DeviceSelector.ui -> /home/leejunmi/ros2_ws/install/microstrain_inertial_rqt/share/microstrain_inertial_rqt/microstrain_inertial_rqt_common/resource
copying microstrain_inertial_rqt_common/resource/FilterData.ui -> /home/leejunmi/ros2_ws/install/microstrain_inertial_rqt/share/microstrain_inertial_rqt/microstrain_inertial_rqt_common/resource
creating /home/leejunmi/ros2_ws/install/microstrain_inertial_rqt/share/microstrain_inertial_rqt/microstrain_inertial_rqt_common/resource/icons
copying microstrain_inertial_rqt_common/resource/icons/icon-yellow-unchecked.png -> /home/leejunmi/ros2_ws/install/microstrain_inertial_rqt/share/microstrain_inertial_rqt/microstrain_inertial_rqt_common/resource/icons
copying microstrain_inertial_rqt_common/resource/icons/icon-blue-checked.png -> /home/leejunmi/ros2_ws/install/microstrain_inertial_rqt/share/microstrain_inertial_rqt/microstrain_inertial_rqt_common/resource/icons
copying microstrain_inertial_rqt_common/resource/icons/icon-teal-unchecked.png -> /home/leejunmi/ros2_ws/install/microstrain_inertial_rqt/share/microstrain_inertial_rqt/microstrain_inertial_rqt_common/resource/icons
copying microstrain_inertial_rqt_common/resource/icons/icon-blue-unchecked.png -> /home/leejunmi/ros2_ws/install/microstrain_inertial_rqt/share/microstrain_inertial_rqt/microstrain_inertial_rqt_common/resource/icons
copying microstrain_inertial_rqt_common/resource/icons/icon-grey-unchecked.png -> /home/leejunmi/ros2_ws/install/microstrain_inertial_rqt/share/microstrain_inertial_rqt/microstrain_inertial_rqt_common/resource/icons
copying microstrain_inertial_rqt_common/resource/icons/icon-green-unchecked.png -> /home/leejunmi/ros2_ws/install/microstrain_inertial_rqt/share/microstrain_inertial_rqt/microstrain_inertial_rqt_common/resource/icons
copying microstrain_inertial_rqt_common/resource/icons/icon-grey-checked.png -> /home/leejunmi/ros2_ws/install/microstrain_inertial_rqt/share/microstrain_inertial_rqt/microstrain_inertial_rqt_common/resource/icons
copying microstrain_inertial_rqt_common/resource/icons/icon-red-checked.png -> /home/leejunmi/ros2_ws/install/microstrain_inertial_rqt/share/microstrain_inertial_rqt/microstrain_inertial_rqt_common/resource/icons
copying microstrain_inertial_rqt_common/resource/icons/icon-red-unchecked.png -> /home/leejunmi/ros2_ws/install/microstrain_inertial_rqt/share/microstrain_inertial_rqt/microstrain_inertial_rqt_common/resource/icons
copying microstrain_inertial_rqt_common/resource/icons/icon-green-checked.png -> /home/leejunmi/ros2_ws/install/microstrain_inertial_rqt/share/microstrain_inertial_rqt/microstrain_inertial_rqt_common/resource/icons
copying microstrain_inertial_rqt_common/resource/icons/icon-teal-checked.png -> /home/leejunmi/ros2_ws/install/microstrain_inertial_rqt/share/microstrain_inertial_rqt/microstrain_inertial_rqt_common/resource/icons
copying microstrain_inertial_rqt_common/resource/icons/icon-yellow-checked.png -> /home/leejunmi/ros2_ws/install/microstrain_inertial_rqt/share/microstrain_inertial_rqt/microstrain_inertial_rqt_common/resource/icons
running install_egg_info
Copying ../../../build/microstrain_inertial_rqt/microstrain_inertial_rqt.egg-info to /home/leejunmi/ros2_ws/install/microstrain_inertial_rqt/lib/python3.10/site-packages/microstrain_inertial_rqt-4.3.0-py3.10.egg-info
running install_scripts
writing list of installed files to '/home/leejunmi/ros2_ws/build/microstrain_inertial_rqt/install.log'
