/home/leejunmi/ros2_ws/install/lidar_intensity/lib/python3.10/site-packages/lidar_intensity/create_marker_noise.py
/home/leejunmi/ros2_ws/install/lidar_intensity/lib/python3.10/site-packages/lidar_intensity/__init__.py
/home/leejunmi/ros2_ws/install/lidar_intensity/lib/python3.10/site-packages/lidar_intensity/lidar_intensity.py
/home/leejunmi/ros2_ws/install/lidar_intensity/lib/python3.10/site-packages/lidar_intensity/create_marker.py
/home/leejunmi/ros2_ws/install/lidar_intensity/lib/python3.10/site-packages/lidar_intensity/__pycache__/create_marker_noise.cpython-310.pyc
/home/leejunmi/ros2_ws/install/lidar_intensity/lib/python3.10/site-packages/lidar_intensity/__pycache__/__init__.cpython-310.pyc
/home/leejunmi/ros2_ws/install/lidar_intensity/lib/python3.10/site-packages/lidar_intensity/__pycache__/lidar_intensity.cpython-310.pyc
/home/leejunmi/ros2_ws/install/lidar_intensity/lib/python3.10/site-packages/lidar_intensity/__pycache__/create_marker.cpython-310.pyc
/home/leejunmi/ros2_ws/install/lidar_intensity/share/ament_index/resource_index/packages/lidar_intensity
/home/leejunmi/ros2_ws/install/lidar_intensity/share/lidar_intensity/package.xml
/home/leejunmi/ros2_ws/install/lidar_intensity/lib/python3.10/site-packages/lidar_intensity-0.0.0-py3.10.egg-info/entry_points.txt
/home/leejunmi/ros2_ws/install/lidar_intensity/lib/python3.10/site-packages/lidar_intensity-0.0.0-py3.10.egg-info/PKG-INFO
/home/leejunmi/ros2_ws/install/lidar_intensity/lib/python3.10/site-packages/lidar_intensity-0.0.0-py3.10.egg-info/top_level.txt
/home/leejunmi/ros2_ws/install/lidar_intensity/lib/python3.10/site-packages/lidar_intensity-0.0.0-py3.10.egg-info/SOURCES.txt
/home/leejunmi/ros2_ws/install/lidar_intensity/lib/python3.10/site-packages/lidar_intensity-0.0.0-py3.10.egg-info/zip-safe
/home/leejunmi/ros2_ws/install/lidar_intensity/lib/python3.10/site-packages/lidar_intensity-0.0.0-py3.10.egg-info/dependency_links.txt
/home/leejunmi/ros2_ws/install/lidar_intensity/lib/python3.10/site-packages/lidar_intensity-0.0.0-py3.10.egg-info/requires.txt
/home/leejunmi/ros2_ws/install/lidar_intensity/lib/lidar_intensity/marker
/home/leejunmi/ros2_ws/install/lidar_intensity/lib/lidar_intensity/noise_marker
/home/leejunmi/ros2_ws/install/lidar_intensity/lib/lidar_intensity/s
