[2.151s] Invoking command in '/home/leejunmi/ros2_ws/src/pkpk': PYTHONPATH=/home/leejunmi/ros2_ws/build/pkpk/prefix_override:/usr/lib/python3/dist-packages/colcon_core/task/python/colcon_distutils_commands:/home/leejunmi/ros2_ws/install/pkpk/lib/python3.10/site-packages:${PYTHONPATH} /usr/bin/python3 -W ignore:setup.py install is deprecated -W ignore:easy_install command is deprecated setup.py egg_info --egg-base ../../build/pkpk build --build-base /home/leejunmi/ros2_ws/build/pkpk/build install --record /home/leejunmi/ros2_ws/build/pkpk/install.log --single-version-externally-managed install_data
[2.357s] /home/leejunmi/.local/lib/python3.10/site-packages/setuptools/_distutils/dist.py:261: UserWarning: Unknown distribution option: 'tests_require'
[2.357s]   warnings.warn(msg)
[2.483s] running egg_info
[2.510s] writing ../../build/pkpk/pkpk.egg-info/PKG-INFO
[2.510s] writing dependency_links to ../../build/pkpk/pkpk.egg-info/dependency_links.txt
[2.514s] writing requirements to ../../build/pkpk/pkpk.egg-info/requires.txt
[2.515s] writing top-level names to ../../build/pkpk/pkpk.egg-info/top_level.txt
[2.586s] reading manifest file '../../build/pkpk/pkpk.egg-info/SOURCES.txt'
[2.587s] adding license file 'LICENSE'
[2.587s] Traceback (most recent call last):
[2.587s]   File "/home/leejunmi/ros2_ws/src/pkpk/setup.py", line 5, in <module>
[2.587s]     setup(
[2.587s]   File "/home/leejunmi/.local/lib/python3.10/site-packages/setuptools/__init__.py", line 117, in setup
[2.588s]     return distutils.core.setup(**attrs)
[2.588s]   File "/home/leejunmi/.local/lib/python3.10/site-packages/setuptools/_distutils/core.py", line 183, in setup
[2.588s]     return run_commands(dist)
[2.588s]   File "/home/leejunmi/.local/lib/python3.10/site-packages/setuptools/_distutils/core.py", line 199, in run_commands
[2.588s]     dist.run_commands()
[2.588s]   File "/home/leejunmi/.local/lib/python3.10/site-packages/setuptools/_distutils/dist.py", line 954, in run_commands
[2.588s]     self.run_command(cmd)
[2.589s]   File "/home/leejunmi/.local/lib/python3.10/site-packages/setuptools/dist.py", line 995, in run_command
[2.589s]     super().run_command(command)
[2.589s]   File "/home/leejunmi/.local/lib/python3.10/site-packages/setuptools/_distutils/dist.py", line 973, in run_command
[2.589s]     cmd_obj.run()
[2.589s]   File "/home/leejunmi/.local/lib/python3.10/site-packages/setuptools/command/egg_info.py", line 313, in run
[2.589s]     self.find_sources()
[2.589s]   File "/home/leejunmi/.local/lib/python3.10/site-packages/setuptools/command/egg_info.py", line 321, in find_sources
[2.590s]     mm.run()
[2.590s]   File "/home/leejunmi/.local/lib/python3.10/site-packages/setuptools/command/egg_info.py", line 549, in run
[2.590s]     self.prune_file_list()
[2.590s]   File "/home/leejunmi/.local/lib/python3.10/site-packages/setuptools/command/sdist.py", line 162, in prune_file_list
[2.590s]     super().prune_file_list()
[2.590s]   File "/home/leejunmi/.local/lib/python3.10/site-packages/setuptools/_distutils/command/sdist.py", line 380, in prune_file_list
[2.591s]     base_dir = self.distribution.get_fullname()
[2.591s]   File "/home/leejunmi/.local/lib/python3.10/site-packages/setuptools/_core_metadata.py", line 267, in get_fullname
[2.591s]     return _distribution_fullname(self.get_name(), self.get_version())
[2.591s]   File "/home/leejunmi/.local/lib/python3.10/site-packages/setuptools/_core_metadata.py", line 285, in _distribution_fullname
[2.591s]     canonicalize_version(version, strip_trailing_zero=False),
[2.592s] TypeError: canonicalize_version() got an unexpected keyword argument 'strip_trailing_zero'
