[1.608s] Invoking command in '/home/leejunmi/ros2_ws/src/py_pubsub': PYTHONPATH=/home/leejunmi/ros2_ws/build/py_pubsub/prefix_override:/usr/lib/python3/dist-packages/colcon_core/task/python/colcon_distutils_commands:/home/leejunmi/ros2_ws/install/py_pubsub/lib/python3.10/site-packages:${PYTHONPATH} /usr/bin/python3 -W ignore:setup.py install is deprecated -W ignore:easy_install command is deprecated setup.py egg_info --egg-base ../../build/py_pubsub build --build-base /home/leejunmi/ros2_ws/build/py_pubsub/build install --record /home/leejunmi/ros2_ws/build/py_pubsub/install.log --single-version-externally-managed install_data
[1.935s] running egg_info
[1.936s] writing ../../build/py_pubsub/py_pubsub.egg-info/PKG-INFO
[1.936s] writing dependency_links to ../../build/py_pubsub/py_pubsub.egg-info/dependency_links.txt
[1.936s] writing entry points to ../../build/py_pubsub/py_pubsub.egg-info/entry_points.txt
[1.937s] writing requirements to ../../build/py_pubsub/py_pubsub.egg-info/requires.txt
[1.937s] writing top-level names to ../../build/py_pubsub/py_pubsub.egg-info/top_level.txt
[1.938s] reading manifest file '../../build/py_pubsub/py_pubsub.egg-info/SOURCES.txt'
[1.939s] adding license file 'LICENSE'
[1.939s] writing manifest file '../../build/py_pubsub/py_pubsub.egg-info/SOURCES.txt'
[1.939s] running build
[1.940s] running build_py
[1.940s] running install
[1.940s] running install_lib
[1.941s] running install_data
[1.942s] running install_egg_info
[1.943s] removing '/home/leejunmi/ros2_ws/install/py_pubsub/lib/python3.10/site-packages/py_pubsub-0.0.0-py3.10.egg-info' (and everything under it)
[1.944s] Copying ../../build/py_pubsub/py_pubsub.egg-info to /home/leejunmi/ros2_ws/install/py_pubsub/lib/python3.10/site-packages/py_pubsub-0.0.0-py3.10.egg-info
[1.944s] running install_scripts
[1.967s] Installing listener script to /home/leejunmi/ros2_ws/install/py_pubsub/lib/py_pubsub
[1.968s] Installing talker script to /home/leejunmi/ros2_ws/install/py_pubsub/lib/py_pubsub
[1.968s] writing list of installed files to '/home/leejunmi/ros2_ws/build/py_pubsub/install.log'
[2.000s] Invoked command in '/home/leejunmi/ros2_ws/src/py_pubsub' returned '0': PYTHONPATH=/home/leejunmi/ros2_ws/build/py_pubsub/prefix_override:/usr/lib/python3/dist-packages/colcon_core/task/python/colcon_distutils_commands:/home/leejunmi/ros2_ws/install/py_pubsub/lib/python3.10/site-packages:${PYTHONPATH} /usr/bin/python3 -W ignore:setup.py install is deprecated -W ignore:easy_install command is deprecated setup.py egg_info --egg-base ../../build/py_pubsub build --build-base /home/leejunmi/ros2_ws/build/py_pubsub/build install --record /home/leejunmi/ros2_ws/build/py_pubsub/install.log --single-version-externally-managed install_data
