[0.781s] Invoking command in '/home/leejunmi/ros2_ws/src/img': PYTHONPATH=/home/leejunmi/ros2_ws/build/img/prefix_override:/usr/lib/python3/dist-packages/colcon_core/task/python/colcon_distutils_commands:/home/leejunmi/ros2_ws/install/img/lib/python3.10/site-packages:${PYTHONPATH} /usr/bin/python3 -W ignore:setup.py install is deprecated -W ignore:easy_install command is deprecated setup.py egg_info --egg-base ../../build/img build --build-base /home/leejunmi/ros2_ws/build/img/build install --record /home/leejunmi/ros2_ws/build/img/install.log --single-version-externally-managed install_data
[0.963s] /home/leejunmi/.local/lib/python3.10/site-packages/setuptools/_distutils/dist.py:261: UserWarning: Unknown distribution option: 'tests_require'
[0.963s]   warnings.warn(msg)
[1.072s] running egg_info
[1.090s] writing ../../build/img/img.egg-info/PKG-INFO
[1.090s] writing dependency_links to ../../build/img/img.egg-info/dependency_links.txt
[1.090s] writing entry points to ../../build/img/img.egg-info/entry_points.txt
[1.090s] writing requirements to ../../build/img/img.egg-info/requires.txt
[1.091s] writing top-level names to ../../build/img/img.egg-info/top_level.txt
[1.129s] reading manifest file '../../build/img/img.egg-info/SOURCES.txt'
[1.129s] adding license file 'LICENSE'
[1.129s] Traceback (most recent call last):
[1.130s]   File "/home/leejunmi/ros2_ws/src/img/setup.py", line 5, in <module>
[1.130s]     setup(
[1.130s]   File "/home/leejunmi/.local/lib/python3.10/site-packages/setuptools/__init__.py", line 117, in setup
[1.130s]     return distutils.core.setup(**attrs)
[1.130s]   File "/home/leejunmi/.local/lib/python3.10/site-packages/setuptools/_distutils/core.py", line 183, in setup
[1.130s]     return run_commands(dist)
[1.130s]   File "/home/leejunmi/.local/lib/python3.10/site-packages/setuptools/_distutils/core.py", line 199, in run_commands
[1.130s]     dist.run_commands()
[1.130s]   File "/home/leejunmi/.local/lib/python3.10/site-packages/setuptools/_distutils/dist.py", line 954, in run_commands
[1.130s]     self.run_command(cmd)
[1.130s]   File "/home/leejunmi/.local/lib/python3.10/site-packages/setuptools/dist.py", line 995, in run_command
[1.130s]     super().run_command(command)
[1.131s]   File "/home/leejunmi/.local/lib/python3.10/site-packages/setuptools/_distutils/dist.py", line 973, in run_command
[1.131s]     cmd_obj.run()
[1.131s]   File "/home/leejunmi/.local/lib/python3.10/site-packages/setuptools/command/egg_info.py", line 313, in run
[1.131s]     self.find_sources()
[1.131s]   File "/home/leejunmi/.local/lib/python3.10/site-packages/setuptools/command/egg_info.py", line 321, in find_sources
[1.131s]     mm.run()
[1.131s]   File "/home/leejunmi/.local/lib/python3.10/site-packages/setuptools/command/egg_info.py", line 549, in run
[1.131s]     self.prune_file_list()
[1.131s]   File "/home/leejunmi/.local/lib/python3.10/site-packages/setuptools/command/sdist.py", line 162, in prune_file_list
[1.131s]     super().prune_file_list()
[1.131s]   File "/home/leejunmi/.local/lib/python3.10/site-packages/setuptools/_distutils/command/sdist.py", line 380, in prune_file_list
[1.131s]     base_dir = self.distribution.get_fullname()
[1.131s]   File "/home/leejunmi/.local/lib/python3.10/site-packages/setuptools/_core_metadata.py", line 267, in get_fullname
[1.131s]     return _distribution_fullname(self.get_name(), self.get_version())
[1.131s]   File "/home/leejunmi/.local/lib/python3.10/site-packages/setuptools/_core_metadata.py", line 285, in _distribution_fullname
[1.131s]     canonicalize_version(version, strip_trailing_zero=False),
[1.131s] TypeError: canonicalize_version() got an unexpected keyword argument 'strip_trailing_zero'
[1.154s] Invoked command in '/home/leejunmi/ros2_ws/src/img' returned '1': PYTHONPATH=/home/leejunmi/ros2_ws/build/img/prefix_override:/usr/lib/python3/dist-packages/colcon_core/task/python/colcon_distutils_commands:/home/leejunmi/ros2_ws/install/img/lib/python3.10/site-packages:${PYTHONPATH} /usr/bin/python3 -W ignore:setup.py install is deprecated -W ignore:easy_install command is deprecated setup.py egg_info --egg-base ../../build/img build --build-base /home/leejunmi/ros2_ws/build/img/build install --record /home/leejunmi/ros2_ws/build/img/install.log --single-version-externally-managed install_data
