[4.462s] Invoking command in '/home/leejunmi/ros2_ws/src/examples/rclpy/services/minimal_client': PYTHONPATH=/home/leejunmi/ros2_ws/build/examples_rclpy_minimal_client/prefix_override:/usr/lib/python3/dist-packages/colcon_core/task/python/colcon_distutils_commands:/home/leejunmi/ros2_ws/install/examples_rclpy_minimal_client/lib/python3.10/site-packages:${PYTHONPATH} /usr/bin/python3 -W ignore:setup.py install is deprecated -W ignore:easy_install command is deprecated setup.py egg_info --egg-base ../../../../../build/examples_rclpy_minimal_client build --build-base /home/leejunmi/ros2_ws/build/examples_rclpy_minimal_client/build install --record /home/leejunmi/ros2_ws/build/examples_rclpy_minimal_client/install.log --single-version-externally-managed install_data
[5.138s] running egg_info
[5.138s] writing ../../../../../build/examples_rclpy_minimal_client/examples_rclpy_minimal_client.egg-info/PKG-INFO
[5.138s] writing dependency_links to ../../../../../build/examples_rclpy_minimal_client/examples_rclpy_minimal_client.egg-info/dependency_links.txt
[5.139s] writing entry points to ../../../../../build/examples_rclpy_minimal_client/examples_rclpy_minimal_client.egg-info/entry_points.txt
[5.139s] writing requirements to ../../../../../build/examples_rclpy_minimal_client/examples_rclpy_minimal_client.egg-info/requires.txt
[5.139s] writing top-level names to ../../../../../build/examples_rclpy_minimal_client/examples_rclpy_minimal_client.egg-info/top_level.txt
[5.147s] reading manifest file '../../../../../build/examples_rclpy_minimal_client/examples_rclpy_minimal_client.egg-info/SOURCES.txt'
[5.147s] writing manifest file '../../../../../build/examples_rclpy_minimal_client/examples_rclpy_minimal_client.egg-info/SOURCES.txt'
[5.147s] running build
[5.153s] running build_py
[5.153s] running install
[5.153s] running install_lib
[5.153s] running install_data
[5.154s] running install_egg_info
[5.170s] removing '/home/leejunmi/ros2_ws/install/examples_rclpy_minimal_client/lib/python3.10/site-packages/examples_rclpy_minimal_client-0.15.3-py3.10.egg-info' (and everything under it)
[5.170s] Copying ../../../../../build/examples_rclpy_minimal_client/examples_rclpy_minimal_client.egg-info to /home/leejunmi/ros2_ws/install/examples_rclpy_minimal_client/lib/python3.10/site-packages/examples_rclpy_minimal_client-0.15.3-py3.10.egg-info
[5.171s] running install_scripts
[5.230s] Installing client script to /home/leejunmi/ros2_ws/install/examples_rclpy_minimal_client/lib/examples_rclpy_minimal_client
[5.231s] Installing client_async script to /home/leejunmi/ros2_ws/install/examples_rclpy_minimal_client/lib/examples_rclpy_minimal_client
[5.231s] Installing client_async_callback script to /home/leejunmi/ros2_ws/install/examples_rclpy_minimal_client/lib/examples_rclpy_minimal_client
[5.231s] Installing client_async_member_function script to /home/leejunmi/ros2_ws/install/examples_rclpy_minimal_client/lib/examples_rclpy_minimal_client
[5.231s] writing list of installed files to '/home/leejunmi/ros2_ws/build/examples_rclpy_minimal_client/install.log'
[5.327s] Invoked command in '/home/leejunmi/ros2_ws/src/examples/rclpy/services/minimal_client' returned '0': PYTHONPATH=/home/leejunmi/ros2_ws/build/examples_rclpy_minimal_client/prefix_override:/usr/lib/python3/dist-packages/colcon_core/task/python/colcon_distutils_commands:/home/leejunmi/ros2_ws/install/examples_rclpy_minimal_client/lib/python3.10/site-packages:${PYTHONPATH} /usr/bin/python3 -W ignore:setup.py install is deprecated -W ignore:easy_install command is deprecated setup.py egg_info --egg-base ../../../../../build/examples_rclpy_minimal_client build --build-base /home/leejunmi/ros2_ws/build/examples_rclpy_minimal_client/build install --record /home/leejunmi/ros2_ws/build/examples_rclpy_minimal_client/install.log --single-version-externally-managed install_data
