[2.637s] Invoking command in '/home/leejunmi/ros2_ws/src/py_pubsub': CMAKE_PREFIX_PATH=/home/leejunmi/ros2_ws/install/tutorial_interfaces:/home/leejunmi/ros2_ws/install/velodyne_msgs:/home/leejunmi/ros2_ws/install/turtlesim:/home/leejunmi/ros2_ws/install/number:/home/leejunmi/ros2_ws/install/microstrain_inertial_msgs:/home/leejunmi/ros2_ws/install/microstrain_inertial_description:/home/leejunmi/ros2_ws/install/examples_rclcpp_wait_set:/home/leejunmi/ros2_ws/install/examples_rclcpp_multithreaded_executor:/home/leejunmi/ros2_ws/install/examples_rclcpp_minimal_timer:/home/leejunmi/ros2_ws/install/examples_rclcpp_minimal_subscriber:/home/leejunmi/ros2_ws/install/examples_rclcpp_minimal_service:/home/leejunmi/ros2_ws/install/examples_rclcpp_minimal_publisher:/home/leejunmi/ros2_ws/install/examples_rclcpp_minimal_composition:/home/leejunmi/ros2_ws/install/examples_rclcpp_minimal_client:/home/leejunmi/ros2_ws/install/examples_rclcpp_minimal_action_server:/home/leejunmi/ros2_ws/install/examples_rclcpp_minimal_action_client:/home/leejunmi/ros2_ws/install/examples_rclcpp_cbg_executor:/home/leejunmi/ros2_ws/install/examples_rclcpp_async_client LD_LIBRARY_PATH=/home/leejunmi/ros2_ws/install/tutorial_interfaces/lib:/home/leejunmi/ros2_ws/install/velodyne_msgs/lib:/home/leejunmi/ros2_ws/install/turtlesim/lib:/home/leejunmi/ros2_ws/install/number/lib:/home/leejunmi/ros2_ws/install/microstrain_inertial_msgs/lib:/home/leejunmi/ros2_ws/install/examples_rclcpp_wait_set/lib:/home/leejunmi/ros2_ws/install/examples_rclcpp_minimal_subscriber/lib:/home/leejunmi/ros2_ws/install/examples_rclcpp_minimal_composition/lib:/opt/ros/humble/opt/rviz_ogre_vendor/lib:/opt/ros/humble/lib/x86_64-linux-gnu:/opt/ros/humble/lib PYTHONPATH=/home/leejunmi/ros2_ws/build/py_pubsub/prefix_override:/usr/lib/python3/dist-packages/colcon_core/task/python/colcon_distutils_commands:/home/leejunmi/ros2_ws/install/py_pubsub/lib/python3.10/site-packages:${PYTHONPATH} /usr/bin/python3 -W ignore:setup.py install is deprecated -W ignore:easy_install command is deprecated setup.py egg_info --egg-base ../../build/py_pubsub build --build-base /home/leejunmi/ros2_ws/build/py_pubsub/build install --record /home/leejunmi/ros2_ws/build/py_pubsub/install.log --single-version-externally-managed install_data
[3.530s] running egg_info
[3.531s] writing ../../build/py_pubsub/py_pubsub.egg-info/PKG-INFO
[3.548s] writing dependency_links to ../../build/py_pubsub/py_pubsub.egg-info/dependency_links.txt
[3.548s] writing entry points to ../../build/py_pubsub/py_pubsub.egg-info/entry_points.txt
[3.548s] writing requirements to ../../build/py_pubsub/py_pubsub.egg-info/requires.txt
[3.548s] writing top-level names to ../../build/py_pubsub/py_pubsub.egg-info/top_level.txt
[3.551s] reading manifest file '../../build/py_pubsub/py_pubsub.egg-info/SOURCES.txt'
[3.551s] adding license file 'LICENSE'
[3.556s] writing manifest file '../../build/py_pubsub/py_pubsub.egg-info/SOURCES.txt'
[3.557s] running build
[3.557s] running build_py
[3.558s] running install
[3.559s] running install_lib
[3.565s] running install_data
[3.565s] running install_egg_info
[3.578s] removing '/home/leejunmi/ros2_ws/install/py_pubsub/lib/python3.10/site-packages/py_pubsub-0.0.0-py3.10.egg-info' (and everything under it)
[3.578s] Copying ../../build/py_pubsub/py_pubsub.egg-info to /home/leejunmi/ros2_ws/install/py_pubsub/lib/python3.10/site-packages/py_pubsub-0.0.0-py3.10.egg-info
[3.581s] running install_scripts
[3.630s] Installing listener script to /home/leejunmi/ros2_ws/install/py_pubsub/lib/py_pubsub
[3.634s] Installing talker script to /home/leejunmi/ros2_ws/install/py_pubsub/lib/py_pubsub
[3.635s] writing list of installed files to '/home/leejunmi/ros2_ws/build/py_pubsub/install.log'
[3.705s] Invoked command in '/home/leejunmi/ros2_ws/src/py_pubsub' returned '0': CMAKE_PREFIX_PATH=/home/leejunmi/ros2_ws/install/tutorial_interfaces:/home/leejunmi/ros2_ws/install/velodyne_msgs:/home/leejunmi/ros2_ws/install/turtlesim:/home/leejunmi/ros2_ws/install/number:/home/leejunmi/ros2_ws/install/microstrain_inertial_msgs:/home/leejunmi/ros2_ws/install/microstrain_inertial_description:/home/leejunmi/ros2_ws/install/examples_rclcpp_wait_set:/home/leejunmi/ros2_ws/install/examples_rclcpp_multithreaded_executor:/home/leejunmi/ros2_ws/install/examples_rclcpp_minimal_timer:/home/leejunmi/ros2_ws/install/examples_rclcpp_minimal_subscriber:/home/leejunmi/ros2_ws/install/examples_rclcpp_minimal_service:/home/leejunmi/ros2_ws/install/examples_rclcpp_minimal_publisher:/home/leejunmi/ros2_ws/install/examples_rclcpp_minimal_composition:/home/leejunmi/ros2_ws/install/examples_rclcpp_minimal_client:/home/leejunmi/ros2_ws/install/examples_rclcpp_minimal_action_server:/home/leejunmi/ros2_ws/install/examples_rclcpp_minimal_action_client:/home/leejunmi/ros2_ws/install/examples_rclcpp_cbg_executor:/home/leejunmi/ros2_ws/install/examples_rclcpp_async_client LD_LIBRARY_PATH=/home/leejunmi/ros2_ws/install/tutorial_interfaces/lib:/home/leejunmi/ros2_ws/install/velodyne_msgs/lib:/home/leejunmi/ros2_ws/install/turtlesim/lib:/home/leejunmi/ros2_ws/install/number/lib:/home/leejunmi/ros2_ws/install/microstrain_inertial_msgs/lib:/home/leejunmi/ros2_ws/install/examples_rclcpp_wait_set/lib:/home/leejunmi/ros2_ws/install/examples_rclcpp_minimal_subscriber/lib:/home/leejunmi/ros2_ws/install/examples_rclcpp_minimal_composition/lib:/opt/ros/humble/opt/rviz_ogre_vendor/lib:/opt/ros/humble/lib/x86_64-linux-gnu:/opt/ros/humble/lib PYTHONPATH=/home/leejunmi/ros2_ws/build/py_pubsub/prefix_override:/usr/lib/python3/dist-packages/colcon_core/task/python/colcon_distutils_commands:/home/leejunmi/ros2_ws/install/py_pubsub/lib/python3.10/site-packages:${PYTHONPATH} /usr/bin/python3 -W ignore:setup.py install is deprecated -W ignore:easy_install command is deprecated setup.py egg_info --egg-base ../../build/py_pubsub build --build-base /home/leejunmi/ros2_ws/build/py_pubsub/build install --record /home/leejunmi/ros2_ws/build/py_pubsub/install.log --single-version-externally-managed install_data
