[0.050s] Invoking command in '/home/leejunmi/ros2_ws/build/tutorial_interfaces': CMAKE_PREFIX_PATH=/home/leejunmi/ros2_ws/install/tutorial_interfaces:/home/leejunmi/ros2_ws/install/turtlesim:/home/leejunmi/ros2_ws/install/number:/home/leejunmi/ros2_ws/install/py_pubsub:/home/leejunmi/ros2_ws/install/test_pkg:/home/leejunmi/ros2_ws/install/python_parameters:/home/leejunmi/ros2_ws/install/pkpk:/home/leejunmi/ros2_ws/install/msg_test:/home/leejunmi/ros2_ws/install/my_package:/home/leejunmi/ros2_ws/install/microstrain_inertial_rqt:/home/leejunmi/ros2_ws/install/lidar_intensity:/home/leejunmi/ros2_ws/install/launch_testing_examples:/home/leejunmi/ros2_ws/install/img:/home/leejunmi/ros2_ws/install/examples_rclpy_pointcloud_publisher:/home/leejunmi/ros2_ws/install/examples_rclpy_minimal_subscriber:/home/leejunmi/ros2_ws/install/examples_rclpy_minimal_service:/home/leejunmi/ros2_ws/install/examples_rclpy_minimal_publisher:/home/leejunmi/ros2_ws/install/examples_rclpy_minimal_client:/home/leejunmi/ros2_ws/install/examples_rclpy_minimal_action_server:/home/leejunmi/ros2_ws/install/examples_rclpy_minimal_action_client:/home/leejunmi/ros2_ws/install/examples_rclpy_guard_conditions:/home/leejunmi/ros2_ws/install/examples_rclpy_executors:/opt/ros/humble:/home/leejunmi/ros2_ws/install/microstrain_inertial_msgs:/home/leejunmi/ros2_ws/install/microstrain_inertial_description:/home/leejunmi/ros2_ws/install/examples_rclcpp_wait_set:/home/leejunmi/ros2_ws/install/examples_rclcpp_multithreaded_executor:/home/leejunmi/ros2_ws/install/examples_rclcpp_minimal_timer:/home/leejunmi/ros2_ws/install/examples_rclcpp_minimal_subscriber:/home/leejunmi/ros2_ws/install/examples_rclcpp_minimal_service:/home/leejunmi/ros2_ws/install/examples_rclcpp_minimal_publisher:/home/leejunmi/ros2_ws/install/examples_rclcpp_minimal_composition:/home/leejunmi/ros2_ws/install/examples_rclcpp_minimal_client:/home/leejunmi/ros2_ws/install/examples_rclcpp_minimal_action_server:/home/leejunmi/ros2_ws/install/examples_rclcpp_minimal_action_client:/home/leejunmi/ros2_ws/install/examples_rclcpp_cbg_executor:/home/leejunmi/ros2_ws/install/examples_rclcpp_async_client /usr/bin/cmake --build /home/leejunmi/ros2_ws/build/tutorial_interfaces -- -j8 -l8
[1.617s] [  2%] Built target tutorial_interfaces__cpp
[1.618s] [ 12%] Built target tutorial_interfaces__rosidl_generator_c
[1.618s] [ 12%] Built target ament_cmake_python_copy_tutorial_interfaces
[1.618s] [ 23%] Built target tutorial_interfaces__rosidl_typesupport_cpp
[1.618s] [ 34%] Built target tutorial_interfaces__rosidl_typesupport_fastrtps_cpp
[1.618s] [ 55%] Built target tutorial_interfaces__rosidl_typesupport_introspection_cpp
[1.618s] [ 55%] Built target tutorial_interfaces__rosidl_typesupport_fastrtps_c
[1.618s] [ 65%] Built target tutorial_interfaces__rosidl_typesupport_introspection_c
[1.618s] [ 76%] Built target tutorial_interfaces__rosidl_typesupport_c
[1.618s] [ 76%] Built target tutorial_interfaces
[1.618s] [ 78%] Built target tutorial_interfaces__py
[1.618s] [ 87%] Built target tutorial_interfaces__rosidl_generator_py
[1.618s] [ 91%] Built target tutorial_interfaces__rosidl_typesupport_fastrtps_c__pyext
[1.618s] [ 95%] Built target tutorial_interfaces__rosidl_typesupport_c__pyext
[1.618s] [100%] Built target tutorial_interfaces__rosidl_typesupport_introspection_c__pyext
[1.618s] running egg_info
[1.619s] writing tutorial_interfaces.egg-info/PKG-INFO
[1.619s] writing dependency_links to tutorial_interfaces.egg-info/dependency_links.txt
[1.619s] writing top-level names to tutorial_interfaces.egg-info/top_level.txt
[1.619s] reading manifest file 'tutorial_interfaces.egg-info/SOURCES.txt'
[1.619s] writing manifest file 'tutorial_interfaces.egg-info/SOURCES.txt'
[1.619s] [100%] Built target ament_cmake_python_build_tutorial_interfaces_egg
[1.922s] Invoked command in '/home/leejunmi/ros2_ws/build/tutorial_interfaces' returned '0': CMAKE_PREFIX_PATH=/home/leejunmi/ros2_ws/install/tutorial_interfaces:/home/leejunmi/ros2_ws/install/turtlesim:/home/leejunmi/ros2_ws/install/number:/home/leejunmi/ros2_ws/install/py_pubsub:/home/leejunmi/ros2_ws/install/test_pkg:/home/leejunmi/ros2_ws/install/python_parameters:/home/leejunmi/ros2_ws/install/pkpk:/home/leejunmi/ros2_ws/install/msg_test:/home/leejunmi/ros2_ws/install/my_package:/home/leejunmi/ros2_ws/install/microstrain_inertial_rqt:/home/leejunmi/ros2_ws/install/lidar_intensity:/home/leejunmi/ros2_ws/install/launch_testing_examples:/home/leejunmi/ros2_ws/install/img:/home/leejunmi/ros2_ws/install/examples_rclpy_pointcloud_publisher:/home/leejunmi/ros2_ws/install/examples_rclpy_minimal_subscriber:/home/leejunmi/ros2_ws/install/examples_rclpy_minimal_service:/home/leejunmi/ros2_ws/install/examples_rclpy_minimal_publisher:/home/leejunmi/ros2_ws/install/examples_rclpy_minimal_client:/home/leejunmi/ros2_ws/install/examples_rclpy_minimal_action_server:/home/leejunmi/ros2_ws/install/examples_rclpy_minimal_action_client:/home/leejunmi/ros2_ws/install/examples_rclpy_guard_conditions:/home/leejunmi/ros2_ws/install/examples_rclpy_executors:/opt/ros/humble:/home/leejunmi/ros2_ws/install/microstrain_inertial_msgs:/home/leejunmi/ros2_ws/install/microstrain_inertial_description:/home/leejunmi/ros2_ws/install/examples_rclcpp_wait_set:/home/leejunmi/ros2_ws/install/examples_rclcpp_multithreaded_executor:/home/leejunmi/ros2_ws/install/examples_rclcpp_minimal_timer:/home/leejunmi/ros2_ws/install/examples_rclcpp_minimal_subscriber:/home/leejunmi/ros2_ws/install/examples_rclcpp_minimal_service:/home/leejunmi/ros2_ws/install/examples_rclcpp_minimal_publisher:/home/leejunmi/ros2_ws/install/examples_rclcpp_minimal_composition:/home/leejunmi/ros2_ws/install/examples_rclcpp_minimal_client:/home/leejunmi/ros2_ws/install/examples_rclcpp_minimal_action_server:/home/leejunmi/ros2_ws/install/examples_rclcpp_minimal_action_client:/home/leejunmi/ros2_ws/install/examples_rclcpp_cbg_executor:/home/leejunmi/ros2_ws/install/examples_rclcpp_async_client /usr/bin/cmake --build /home/leejunmi/ros2_ws/build/tutorial_interfaces -- -j8 -l8
[1.931s] Invoking command in '/home/leejunmi/ros2_ws/build/tutorial_interfaces': CMAKE_PREFIX_PATH=/home/leejunmi/ros2_ws/install/tutorial_interfaces:/home/leejunmi/ros2_ws/install/turtlesim:/home/leejunmi/ros2_ws/install/number:/home/leejunmi/ros2_ws/install/py_pubsub:/home/leejunmi/ros2_ws/install/test_pkg:/home/leejunmi/ros2_ws/install/python_parameters:/home/leejunmi/ros2_ws/install/pkpk:/home/leejunmi/ros2_ws/install/msg_test:/home/leejunmi/ros2_ws/install/my_package:/home/leejunmi/ros2_ws/install/microstrain_inertial_rqt:/home/leejunmi/ros2_ws/install/lidar_intensity:/home/leejunmi/ros2_ws/install/launch_testing_examples:/home/leejunmi/ros2_ws/install/img:/home/leejunmi/ros2_ws/install/examples_rclpy_pointcloud_publisher:/home/leejunmi/ros2_ws/install/examples_rclpy_minimal_subscriber:/home/leejunmi/ros2_ws/install/examples_rclpy_minimal_service:/home/leejunmi/ros2_ws/install/examples_rclpy_minimal_publisher:/home/leejunmi/ros2_ws/install/examples_rclpy_minimal_client:/home/leejunmi/ros2_ws/install/examples_rclpy_minimal_action_server:/home/leejunmi/ros2_ws/install/examples_rclpy_minimal_action_client:/home/leejunmi/ros2_ws/install/examples_rclpy_guard_conditions:/home/leejunmi/ros2_ws/install/examples_rclpy_executors:/opt/ros/humble:/home/leejunmi/ros2_ws/install/microstrain_inertial_msgs:/home/leejunmi/ros2_ws/install/microstrain_inertial_description:/home/leejunmi/ros2_ws/install/examples_rclcpp_wait_set:/home/leejunmi/ros2_ws/install/examples_rclcpp_multithreaded_executor:/home/leejunmi/ros2_ws/install/examples_rclcpp_minimal_timer:/home/leejunmi/ros2_ws/install/examples_rclcpp_minimal_subscriber:/home/leejunmi/ros2_ws/install/examples_rclcpp_minimal_service:/home/leejunmi/ros2_ws/install/examples_rclcpp_minimal_publisher:/home/leejunmi/ros2_ws/install/examples_rclcpp_minimal_composition:/home/leejunmi/ros2_ws/install/examples_rclcpp_minimal_client:/home/leejunmi/ros2_ws/install/examples_rclcpp_minimal_action_server:/home/leejunmi/ros2_ws/install/examples_rclcpp_minimal_action_client:/home/leejunmi/ros2_ws/install/examples_rclcpp_cbg_executor:/home/leejunmi/ros2_ws/install/examples_rclcpp_async_client /usr/bin/cmake --install /home/leejunmi/ros2_ws/build/tutorial_interfaces
[1.940s] -- Install configuration: "Debug"
[1.941s] -- Up-to-date: /home/leejunmi/ros2_ws/install/tutorial_interfaces/share/ament_index/resource_index/rosidl_interfaces/tutorial_interfaces
[1.941s] -- Up-to-date: /home/leejunmi/ros2_ws/install/tutorial_interfaces/include/tutorial_interfaces/tutorial_interfaces
[1.941s] -- Up-to-date: /home/leejunmi/ros2_ws/install/tutorial_interfaces/include/tutorial_interfaces/tutorial_interfaces/msg
[1.943s] -- Up-to-date: /home/leejunmi/ros2_ws/install/tutorial_interfaces/include/tutorial_interfaces/tutorial_interfaces/msg/num.h
[1.944s] -- Up-to-date: /home/leejunmi/ros2_ws/install/tutorial_interfaces/include/tutorial_interfaces/tutorial_interfaces/msg/sphere.h
[1.945s] -- Up-to-date: /home/leejunmi/ros2_ws/install/tutorial_interfaces/include/tutorial_interfaces/tutorial_interfaces/msg/detail
[1.945s] -- Up-to-date: /home/leejunmi/ros2_ws/install/tutorial_interfaces/include/tutorial_interfaces/tutorial_interfaces/msg/detail/sphere__functions.c
[1.946s] -- Up-to-date: /home/leejunmi/ros2_ws/install/tutorial_interfaces/include/tutorial_interfaces/tutorial_interfaces/msg/detail/sphere__type_support.h
[1.946s] -- Up-to-date: /home/leejunmi/ros2_ws/install/tutorial_interfaces/include/tutorial_interfaces/tutorial_interfaces/msg/detail/sphere__functions.h
[1.946s] -- Up-to-date: /home/leejunmi/ros2_ws/install/tutorial_interfaces/include/tutorial_interfaces/tutorial_interfaces/msg/detail/sphere__struct.h
[1.946s] -- Up-to-date: /home/leejunmi/ros2_ws/install/tutorial_interfaces/include/tutorial_interfaces/tutorial_interfaces/msg/detail/num__struct.h
[1.947s] -- Up-to-date: /home/leejunmi/ros2_ws/install/tutorial_interfaces/include/tutorial_interfaces/tutorial_interfaces/msg/detail/num__type_support.h
[1.947s] -- Up-to-date: /home/leejunmi/ros2_ws/install/tutorial_interfaces/include/tutorial_interfaces/tutorial_interfaces/msg/detail/num__functions.c
[1.947s] -- Up-to-date: /home/leejunmi/ros2_ws/install/tutorial_interfaces/include/tutorial_interfaces/tutorial_interfaces/msg/detail/num__functions.h
[1.947s] -- Up-to-date: /home/leejunmi/ros2_ws/install/tutorial_interfaces/include/tutorial_interfaces/tutorial_interfaces/msg/rosidl_generator_c__visibility_control.h
[1.947s] -- Up-to-date: /home/leejunmi/ros2_ws/install/tutorial_interfaces/include/tutorial_interfaces/tutorial_interfaces/srv
[1.947s] -- Up-to-date: /home/leejunmi/ros2_ws/install/tutorial_interfaces/include/tutorial_interfaces/tutorial_interfaces/srv/detail
[1.947s] -- Up-to-date: /home/leejunmi/ros2_ws/install/tutorial_interfaces/include/tutorial_interfaces/tutorial_interfaces/srv/detail/add_three_ints__type_support.h
[1.947s] -- Up-to-date: /home/leejunmi/ros2_ws/install/tutorial_interfaces/include/tutorial_interfaces/tutorial_interfaces/srv/detail/add_three_ints__functions.c
[1.947s] -- Up-to-date: /home/leejunmi/ros2_ws/install/tutorial_interfaces/include/tutorial_interfaces/tutorial_interfaces/srv/detail/add_three_ints__functions.h
[1.947s] -- Up-to-date: /home/leejunmi/ros2_ws/install/tutorial_interfaces/include/tutorial_interfaces/tutorial_interfaces/srv/detail/add_three_ints__struct.h
[1.947s] -- Up-to-date: /home/leejunmi/ros2_ws/install/tutorial_interfaces/include/tutorial_interfaces/tutorial_interfaces/srv/add_three_ints.h
[1.947s] -- Up-to-date: /home/leejunmi/ros2_ws/install/tutorial_interfaces/share/tutorial_interfaces/environment/library_path.sh
[1.948s] -- Up-to-date: /home/leejunmi/ros2_ws/install/tutorial_interfaces/share/tutorial_interfaces/environment/library_path.dsv
[1.948s] -- Up-to-date: /home/leejunmi/ros2_ws/install/tutorial_interfaces/lib/libtutorial_interfaces__rosidl_generator_c.so
[1.948s] -- Up-to-date: /home/leejunmi/ros2_ws/install/tutorial_interfaces/include/tutorial_interfaces/tutorial_interfaces
[1.948s] -- Up-to-date: /home/leejunmi/ros2_ws/install/tutorial_interfaces/include/tutorial_interfaces/tutorial_interfaces/msg
[1.948s] -- Up-to-date: /home/leejunmi/ros2_ws/install/tutorial_interfaces/include/tutorial_interfaces/tutorial_interfaces/msg/rosidl_typesupport_fastrtps_c__visibility_control.h
[1.949s] -- Up-to-date: /home/leejunmi/ros2_ws/install/tutorial_interfaces/include/tutorial_interfaces/tutorial_interfaces/msg/detail
[1.949s] -- Up-to-date: /home/leejunmi/ros2_ws/install/tutorial_interfaces/include/tutorial_interfaces/tutorial_interfaces/msg/detail/sphere__rosidl_typesupport_fastrtps_c.h
[1.949s] -- Up-to-date: /home/leejunmi/ros2_ws/install/tutorial_interfaces/include/tutorial_interfaces/tutorial_interfaces/msg/detail/num__rosidl_typesupport_fastrtps_c.h
[1.949s] -- Up-to-date: /home/leejunmi/ros2_ws/install/tutorial_interfaces/include/tutorial_interfaces/tutorial_interfaces/srv
[1.949s] -- Up-to-date: /home/leejunmi/ros2_ws/install/tutorial_interfaces/include/tutorial_interfaces/tutorial_interfaces/srv/detail
[1.949s] -- Up-to-date: /home/leejunmi/ros2_ws/install/tutorial_interfaces/include/tutorial_interfaces/tutorial_interfaces/srv/detail/add_three_ints__rosidl_typesupport_fastrtps_c.h
[1.949s] -- Up-to-date: /home/leejunmi/ros2_ws/install/tutorial_interfaces/lib/libtutorial_interfaces__rosidl_typesupport_fastrtps_c.so
[1.949s] -- Up-to-date: /home/leejunmi/ros2_ws/install/tutorial_interfaces/include/tutorial_interfaces/tutorial_interfaces
[1.949s] -- Up-to-date: /home/leejunmi/ros2_ws/install/tutorial_interfaces/include/tutorial_interfaces/tutorial_interfaces/msg
[1.949s] -- Up-to-date: /home/leejunmi/ros2_ws/install/tutorial_interfaces/include/tutorial_interfaces/tutorial_interfaces/msg/rosidl_generator_cpp__visibility_control.hpp
[1.950s] -- Up-to-date: /home/leejunmi/ros2_ws/install/tutorial_interfaces/include/tutorial_interfaces/tutorial_interfaces/msg/sphere.hpp
[1.950s] -- Up-to-date: /home/leejunmi/ros2_ws/install/tutorial_interfaces/include/tutorial_interfaces/tutorial_interfaces/msg/detail
[1.953s] -- Up-to-date: /home/leejunmi/ros2_ws/install/tutorial_interfaces/include/tutorial_interfaces/tutorial_interfaces/msg/detail/num__builder.hpp
[1.953s] -- Up-to-date: /home/leejunmi/ros2_ws/install/tutorial_interfaces/include/tutorial_interfaces/tutorial_interfaces/msg/detail/sphere__traits.hpp
[1.953s] -- Up-to-date: /home/leejunmi/ros2_ws/install/tutorial_interfaces/include/tutorial_interfaces/tutorial_interfaces/msg/detail/sphere__builder.hpp
[1.953s] -- Up-to-date: /home/leejunmi/ros2_ws/install/tutorial_interfaces/include/tutorial_interfaces/tutorial_interfaces/msg/detail/num__struct.hpp
[1.953s] -- Up-to-date: /home/leejunmi/ros2_ws/install/tutorial_interfaces/include/tutorial_interfaces/tutorial_interfaces/msg/detail/num__traits.hpp
[1.954s] -- Up-to-date: /home/leejunmi/ros2_ws/install/tutorial_interfaces/include/tutorial_interfaces/tutorial_interfaces/msg/detail/sphere__type_support.hpp
[1.954s] -- Up-to-date: /home/leejunmi/ros2_ws/install/tutorial_interfaces/include/tutorial_interfaces/tutorial_interfaces/msg/detail/sphere__struct.hpp
[1.954s] -- Up-to-date: /home/leejunmi/ros2_ws/install/tutorial_interfaces/include/tutorial_interfaces/tutorial_interfaces/msg/detail/num__type_support.hpp
[1.954s] -- Up-to-date: /home/leejunmi/ros2_ws/install/tutorial_interfaces/include/tutorial_interfaces/tutorial_interfaces/msg/num.hpp
[1.954s] -- Up-to-date: /home/leejunmi/ros2_ws/install/tutorial_interfaces/include/tutorial_interfaces/tutorial_interfaces/srv
[1.954s] -- Up-to-date: /home/leejunmi/ros2_ws/install/tutorial_interfaces/include/tutorial_interfaces/tutorial_interfaces/srv/add_three_ints.hpp
[1.954s] -- Up-to-date: /home/leejunmi/ros2_ws/install/tutorial_interfaces/include/tutorial_interfaces/tutorial_interfaces/srv/detail
[1.960s] -- Up-to-date: /home/leejunmi/ros2_ws/install/tutorial_interfaces/include/tutorial_interfaces/tutorial_interfaces/srv/detail/add_three_ints__traits.hpp
[1.960s] -- Up-to-date: /home/leejunmi/ros2_ws/install/tutorial_interfaces/include/tutorial_interfaces/tutorial_interfaces/srv/detail/add_three_ints__type_support.hpp
[1.960s] -- Up-to-date: /home/leejunmi/ros2_ws/install/tutorial_interfaces/include/tutorial_interfaces/tutorial_interfaces/srv/detail/add_three_ints__builder.hpp
[1.960s] -- Up-to-date: /home/leejunmi/ros2_ws/install/tutorial_interfaces/include/tutorial_interfaces/tutorial_interfaces/srv/detail/add_three_ints__struct.hpp
[1.960s] -- Up-to-date: /home/leejunmi/ros2_ws/install/tutorial_interfaces/include/tutorial_interfaces/tutorial_interfaces
[1.960s] -- Up-to-date: /home/leejunmi/ros2_ws/install/tutorial_interfaces/include/tutorial_interfaces/tutorial_interfaces/msg
[1.961s] -- Up-to-date: /home/leejunmi/ros2_ws/install/tutorial_interfaces/include/tutorial_interfaces/tutorial_interfaces/msg/rosidl_typesupport_fastrtps_cpp__visibility_control.h
[1.961s] -- Up-to-date: /home/leejunmi/ros2_ws/install/tutorial_interfaces/include/tutorial_interfaces/tutorial_interfaces/msg/detail
[1.961s] -- Up-to-date: /home/leejunmi/ros2_ws/install/tutorial_interfaces/include/tutorial_interfaces/tutorial_interfaces/msg/detail/num__rosidl_typesupport_fastrtps_cpp.hpp
[1.961s] -- Up-to-date: /home/leejunmi/ros2_ws/install/tutorial_interfaces/include/tutorial_interfaces/tutorial_interfaces/msg/detail/dds_fastrtps
[1.961s] -- Up-to-date: /home/leejunmi/ros2_ws/install/tutorial_interfaces/include/tutorial_interfaces/tutorial_interfaces/msg/detail/sphere__rosidl_typesupport_fastrtps_cpp.hpp
[1.961s] -- Up-to-date: /home/leejunmi/ros2_ws/install/tutorial_interfaces/include/tutorial_interfaces/tutorial_interfaces/srv
[1.961s] -- Up-to-date: /home/leejunmi/ros2_ws/install/tutorial_interfaces/include/tutorial_interfaces/tutorial_interfaces/srv/detail
[1.961s] -- Up-to-date: /home/leejunmi/ros2_ws/install/tutorial_interfaces/include/tutorial_interfaces/tutorial_interfaces/srv/detail/dds_fastrtps
[1.961s] -- Up-to-date: /home/leejunmi/ros2_ws/install/tutorial_interfaces/include/tutorial_interfaces/tutorial_interfaces/srv/detail/add_three_ints__rosidl_typesupport_fastrtps_cpp.hpp
[1.962s] -- Up-to-date: /home/leejunmi/ros2_ws/install/tutorial_interfaces/lib/libtutorial_interfaces__rosidl_typesupport_fastrtps_cpp.so
[1.962s] -- Up-to-date: /home/leejunmi/ros2_ws/install/tutorial_interfaces/include/tutorial_interfaces/tutorial_interfaces
[1.962s] -- Up-to-date: /home/leejunmi/ros2_ws/install/tutorial_interfaces/include/tutorial_interfaces/tutorial_interfaces/msg
[1.962s] -- Up-to-date: /home/leejunmi/ros2_ws/install/tutorial_interfaces/include/tutorial_interfaces/tutorial_interfaces/msg/rosidl_typesupport_introspection_c__visibility_control.h
[1.962s] -- Up-to-date: /home/leejunmi/ros2_ws/install/tutorial_interfaces/include/tutorial_interfaces/tutorial_interfaces/msg/detail
[1.962s] -- Up-to-date: /home/leejunmi/ros2_ws/install/tutorial_interfaces/include/tutorial_interfaces/tutorial_interfaces/msg/detail/sphere__rosidl_typesupport_introspection_c.h
[1.962s] -- Up-to-date: /home/leejunmi/ros2_ws/install/tutorial_interfaces/include/tutorial_interfaces/tutorial_interfaces/msg/detail/sphere__type_support.c
[1.962s] -- Up-to-date: /home/leejunmi/ros2_ws/install/tutorial_interfaces/include/tutorial_interfaces/tutorial_interfaces/msg/detail/num__type_support.c
[1.962s] -- Up-to-date: /home/leejunmi/ros2_ws/install/tutorial_interfaces/include/tutorial_interfaces/tutorial_interfaces/msg/detail/num__rosidl_typesupport_introspection_c.h
[1.962s] -- Up-to-date: /home/leejunmi/ros2_ws/install/tutorial_interfaces/include/tutorial_interfaces/tutorial_interfaces/srv
[1.963s] -- Up-to-date: /home/leejunmi/ros2_ws/install/tutorial_interfaces/include/tutorial_interfaces/tutorial_interfaces/srv/detail
[1.963s] -- Up-to-date: /home/leejunmi/ros2_ws/install/tutorial_interfaces/include/tutorial_interfaces/tutorial_interfaces/srv/detail/add_three_ints__rosidl_typesupport_introspection_c.h
[1.963s] -- Up-to-date: /home/leejunmi/ros2_ws/install/tutorial_interfaces/include/tutorial_interfaces/tutorial_interfaces/srv/detail/add_three_ints__type_support.c
[1.963s] -- Up-to-date: /home/leejunmi/ros2_ws/install/tutorial_interfaces/lib/libtutorial_interfaces__rosidl_typesupport_introspection_c.so
[1.963s] -- Up-to-date: /home/leejunmi/ros2_ws/install/tutorial_interfaces/lib/libtutorial_interfaces__rosidl_typesupport_c.so
[1.963s] -- Up-to-date: /home/leejunmi/ros2_ws/install/tutorial_interfaces/include/tutorial_interfaces/tutorial_interfaces
[1.963s] -- Up-to-date: /home/leejunmi/ros2_ws/install/tutorial_interfaces/include/tutorial_interfaces/tutorial_interfaces/msg
[1.969s] -- Up-to-date: /home/leejunmi/ros2_ws/install/tutorial_interfaces/include/tutorial_interfaces/tutorial_interfaces/msg/detail
[1.969s] -- Up-to-date: /home/leejunmi/ros2_ws/install/tutorial_interfaces/include/tutorial_interfaces/tutorial_interfaces/msg/detail/num__rosidl_typesupport_introspection_cpp.hpp
[1.969s] -- Up-to-date: /home/leejunmi/ros2_ws/install/tutorial_interfaces/include/tutorial_interfaces/tutorial_interfaces/msg/detail/num__type_support.cpp
[1.969s] -- Up-to-date: /home/leejunmi/ros2_ws/install/tutorial_interfaces/include/tutorial_interfaces/tutorial_interfaces/msg/detail/sphere__type_support.cpp
[1.969s] -- Up-to-date: /home/leejunmi/ros2_ws/install/tutorial_interfaces/include/tutorial_interfaces/tutorial_interfaces/msg/detail/sphere__rosidl_typesupport_introspection_cpp.hpp
[1.969s] -- Up-to-date: /home/leejunmi/ros2_ws/install/tutorial_interfaces/include/tutorial_interfaces/tutorial_interfaces/srv
[1.969s] -- Up-to-date: /home/leejunmi/ros2_ws/install/tutorial_interfaces/include/tutorial_interfaces/tutorial_interfaces/srv/detail
[1.969s] -- Up-to-date: /home/leejunmi/ros2_ws/install/tutorial_interfaces/include/tutorial_interfaces/tutorial_interfaces/srv/detail/add_three_ints__type_support.cpp
[1.969s] -- Up-to-date: /home/leejunmi/ros2_ws/install/tutorial_interfaces/include/tutorial_interfaces/tutorial_interfaces/srv/detail/add_three_ints__rosidl_typesupport_introspection_cpp.hpp
[1.970s] -- Up-to-date: /home/leejunmi/ros2_ws/install/tutorial_interfaces/lib/libtutorial_interfaces__rosidl_typesupport_introspection_cpp.so
[1.970s] -- Up-to-date: /home/leejunmi/ros2_ws/install/tutorial_interfaces/lib/libtutorial_interfaces__rosidl_typesupport_cpp.so
[1.970s] -- Up-to-date: /home/leejunmi/ros2_ws/install/tutorial_interfaces/share/tutorial_interfaces/environment/pythonpath.sh
[1.972s] -- Up-to-date: /home/leejunmi/ros2_ws/install/tutorial_interfaces/share/tutorial_interfaces/environment/pythonpath.dsv
[1.978s] -- Up-to-date: /home/leejunmi/ros2_ws/install/tutorial_interfaces/local/lib/python3.10/dist-packages/tutorial_interfaces-0.0.0-py3.10.egg-info
[1.978s] -- Installing: /home/leejunmi/ros2_ws/install/tutorial_interfaces/local/lib/python3.10/dist-packages/tutorial_interfaces-0.0.0-py3.10.egg-info/PKG-INFO
[1.978s] -- Installing: /home/leejunmi/ros2_ws/install/tutorial_interfaces/local/lib/python3.10/dist-packages/tutorial_interfaces-0.0.0-py3.10.egg-info/top_level.txt
[1.979s] -- Installing: /home/leejunmi/ros2_ws/install/tutorial_interfaces/local/lib/python3.10/dist-packages/tutorial_interfaces-0.0.0-py3.10.egg-info/SOURCES.txt
[1.980s] -- Installing: /home/leejunmi/ros2_ws/install/tutorial_interfaces/local/lib/python3.10/dist-packages/tutorial_interfaces-0.0.0-py3.10.egg-info/dependency_links.txt
[1.981s] -- Up-to-date: /home/leejunmi/ros2_ws/install/tutorial_interfaces/local/lib/python3.10/dist-packages/tutorial_interfaces
[1.981s] -- Up-to-date: /home/leejunmi/ros2_ws/install/tutorial_interfaces/local/lib/python3.10/dist-packages/tutorial_interfaces/_tutorial_interfaces_s.ep.rosidl_typesupport_introspection_c.c
[1.981s] -- Up-to-date: /home/leejunmi/ros2_ws/install/tutorial_interfaces/local/lib/python3.10/dist-packages/tutorial_interfaces/msg
[1.981s] -- Up-to-date: /home/leejunmi/ros2_ws/install/tutorial_interfaces/local/lib/python3.10/dist-packages/tutorial_interfaces/msg/_sphere_s.c
[1.981s] -- Up-to-date: /home/leejunmi/ros2_ws/install/tutorial_interfaces/local/lib/python3.10/dist-packages/tutorial_interfaces/msg/_num.py
[1.982s] -- Up-to-date: /home/leejunmi/ros2_ws/install/tutorial_interfaces/local/lib/python3.10/dist-packages/tutorial_interfaces/msg/_sphere.py
[1.982s] -- Up-to-date: /home/leejunmi/ros2_ws/install/tutorial_interfaces/local/lib/python3.10/dist-packages/tutorial_interfaces/msg/_num_s.c
[1.982s] -- Up-to-date: /home/leejunmi/ros2_ws/install/tutorial_interfaces/local/lib/python3.10/dist-packages/tutorial_interfaces/msg/__init__.py
[1.982s] -- Up-to-date: /home/leejunmi/ros2_ws/install/tutorial_interfaces/local/lib/python3.10/dist-packages/tutorial_interfaces/_tutorial_interfaces_s.ep.rosidl_typesupport_fastrtps_c.c
[1.982s] -- Up-to-date: /home/leejunmi/ros2_ws/install/tutorial_interfaces/local/lib/python3.10/dist-packages/tutorial_interfaces/libtutorial_interfaces__rosidl_generator_py.so
[1.982s] -- Up-to-date: /home/leejunmi/ros2_ws/install/tutorial_interfaces/local/lib/python3.10/dist-packages/tutorial_interfaces/tutorial_interfaces_s__rosidl_typesupport_c.cpython-310-x86_64-linux-gnu.so
[1.982s] -- Up-to-date: /home/leejunmi/ros2_ws/install/tutorial_interfaces/local/lib/python3.10/dist-packages/tutorial_interfaces/srv
[1.982s] -- Up-to-date: /home/leejunmi/ros2_ws/install/tutorial_interfaces/local/lib/python3.10/dist-packages/tutorial_interfaces/srv/_add_three_ints_s.c
[1.982s] -- Up-to-date: /home/leejunmi/ros2_ws/install/tutorial_interfaces/local/lib/python3.10/dist-packages/tutorial_interfaces/srv/__init__.py
[1.983s] -- Up-to-date: /home/leejunmi/ros2_ws/install/tutorial_interfaces/local/lib/python3.10/dist-packages/tutorial_interfaces/srv/_add_three_ints.py
[1.983s] -- Up-to-date: /home/leejunmi/ros2_ws/install/tutorial_interfaces/local/lib/python3.10/dist-packages/tutorial_interfaces/_tutorial_interfaces_s.ep.rosidl_typesupport_c.c
[1.983s] -- Up-to-date: /home/leejunmi/ros2_ws/install/tutorial_interfaces/local/lib/python3.10/dist-packages/tutorial_interfaces/__init__.py
[1.983s] -- Up-to-date: /home/leejunmi/ros2_ws/install/tutorial_interfaces/local/lib/python3.10/dist-packages/tutorial_interfaces/tutorial_interfaces_s__rosidl_typesupport_fastrtps_c.cpython-310-x86_64-linux-gnu.so
[1.983s] -- Up-to-date: /home/leejunmi/ros2_ws/install/tutorial_interfaces/local/lib/python3.10/dist-packages/tutorial_interfaces/tutorial_interfaces_s__rosidl_typesupport_introspection_c.cpython-310-x86_64-linux-gnu.so
[2.015s] Listing '/home/leejunmi/ros2_ws/install/tutorial_interfaces/local/lib/python3.10/dist-packages/tutorial_interfaces'...
[2.015s] Listing '/home/leejunmi/ros2_ws/install/tutorial_interfaces/local/lib/python3.10/dist-packages/tutorial_interfaces/msg'...
[2.015s] Listing '/home/leejunmi/ros2_ws/install/tutorial_interfaces/local/lib/python3.10/dist-packages/tutorial_interfaces/srv'...
[2.024s] -- Up-to-date: /home/leejunmi/ros2_ws/install/tutorial_interfaces/local/lib/python3.10/dist-packages/tutorial_interfaces/tutorial_interfaces_s__rosidl_typesupport_fastrtps_c.cpython-310-x86_64-linux-gnu.so
[2.024s] -- Up-to-date: /home/leejunmi/ros2_ws/install/tutorial_interfaces/local/lib/python3.10/dist-packages/tutorial_interfaces/tutorial_interfaces_s__rosidl_typesupport_introspection_c.cpython-310-x86_64-linux-gnu.so
[2.025s] -- Up-to-date: /home/leejunmi/ros2_ws/install/tutorial_interfaces/local/lib/python3.10/dist-packages/tutorial_interfaces/tutorial_interfaces_s__rosidl_typesupport_c.cpython-310-x86_64-linux-gnu.so
[2.025s] -- Up-to-date: /home/leejunmi/ros2_ws/install/tutorial_interfaces/lib/libtutorial_interfaces__rosidl_generator_py.so
[2.026s] -- Up-to-date: /home/leejunmi/ros2_ws/install/tutorial_interfaces/share/tutorial_interfaces/msg/Num.idl
[2.026s] -- Up-to-date: /home/leejunmi/ros2_ws/install/tutorial_interfaces/share/tutorial_interfaces/msg/Sphere.idl
[2.026s] -- Up-to-date: /home/leejunmi/ros2_ws/install/tutorial_interfaces/share/tutorial_interfaces/srv/AddThreeInts.idl
[2.026s] -- Up-to-date: /home/leejunmi/ros2_ws/install/tutorial_interfaces/share/tutorial_interfaces/msg/Num.msg
[2.027s] -- Up-to-date: /home/leejunmi/ros2_ws/install/tutorial_interfaces/share/tutorial_interfaces/msg/Sphere.msg
[2.027s] -- Up-to-date: /home/leejunmi/ros2_ws/install/tutorial_interfaces/share/tutorial_interfaces/srv/AddThreeInts.srv
[2.028s] -- Up-to-date: /home/leejunmi/ros2_ws/install/tutorial_interfaces/share/tutorial_interfaces/srv/AddThreeInts_Request.msg
[2.028s] -- Up-to-date: /home/leejunmi/ros2_ws/install/tutorial_interfaces/share/tutorial_interfaces/srv/AddThreeInts_Response.msg
[2.028s] -- Up-to-date: /home/leejunmi/ros2_ws/install/tutorial_interfaces/share/ament_index/resource_index/package_run_dependencies/tutorial_interfaces
[2.029s] -- Up-to-date: /home/leejunmi/ros2_ws/install/tutorial_interfaces/share/ament_index/resource_index/parent_prefix_path/tutorial_interfaces
[2.030s] -- Up-to-date: /home/leejunmi/ros2_ws/install/tutorial_interfaces/share/tutorial_interfaces/environment/ament_prefix_path.sh
[2.031s] -- Up-to-date: /home/leejunmi/ros2_ws/install/tutorial_interfaces/share/tutorial_interfaces/environment/ament_prefix_path.dsv
[2.031s] -- Up-to-date: /home/leejunmi/ros2_ws/install/tutorial_interfaces/share/tutorial_interfaces/environment/path.sh
[2.031s] -- Up-to-date: /home/leejunmi/ros2_ws/install/tutorial_interfaces/share/tutorial_interfaces/environment/path.dsv
[2.031s] -- Up-to-date: /home/leejunmi/ros2_ws/install/tutorial_interfaces/share/tutorial_interfaces/local_setup.bash
[2.032s] -- Up-to-date: /home/leejunmi/ros2_ws/install/tutorial_interfaces/share/tutorial_interfaces/local_setup.sh
[2.032s] -- Up-to-date: /home/leejunmi/ros2_ws/install/tutorial_interfaces/share/tutorial_interfaces/local_setup.zsh
[2.032s] -- Up-to-date: /home/leejunmi/ros2_ws/install/tutorial_interfaces/share/tutorial_interfaces/local_setup.dsv
[2.032s] -- Installing: /home/leejunmi/ros2_ws/install/tutorial_interfaces/share/tutorial_interfaces/package.dsv
[2.033s] -- Up-to-date: /home/leejunmi/ros2_ws/install/tutorial_interfaces/share/ament_index/resource_index/packages/tutorial_interfaces
[2.033s] -- Up-to-date: /home/leejunmi/ros2_ws/install/tutorial_interfaces/share/tutorial_interfaces/cmake/export_tutorial_interfaces__rosidl_generator_cExport.cmake
[2.033s] -- Up-to-date: /home/leejunmi/ros2_ws/install/tutorial_interfaces/share/tutorial_interfaces/cmake/export_tutorial_interfaces__rosidl_generator_cExport-debug.cmake
[2.033s] -- Up-to-date: /home/leejunmi/ros2_ws/install/tutorial_interfaces/share/tutorial_interfaces/cmake/export_tutorial_interfaces__rosidl_typesupport_fastrtps_cExport.cmake
[2.034s] -- Up-to-date: /home/leejunmi/ros2_ws/install/tutorial_interfaces/share/tutorial_interfaces/cmake/export_tutorial_interfaces__rosidl_typesupport_fastrtps_cExport-debug.cmake
[2.034s] -- Up-to-date: /home/leejunmi/ros2_ws/install/tutorial_interfaces/share/tutorial_interfaces/cmake/export_tutorial_interfaces__rosidl_generator_cppExport.cmake
[2.034s] -- Up-to-date: /home/leejunmi/ros2_ws/install/tutorial_interfaces/share/tutorial_interfaces/cmake/export_tutorial_interfaces__rosidl_typesupport_fastrtps_cppExport.cmake
[2.035s] -- Up-to-date: /home/leejunmi/ros2_ws/install/tutorial_interfaces/share/tutorial_interfaces/cmake/export_tutorial_interfaces__rosidl_typesupport_fastrtps_cppExport-debug.cmake
[2.035s] -- Up-to-date: /home/leejunmi/ros2_ws/install/tutorial_interfaces/share/tutorial_interfaces/cmake/tutorial_interfaces__rosidl_typesupport_introspection_cExport.cmake
[2.035s] -- Up-to-date: /home/leejunmi/ros2_ws/install/tutorial_interfaces/share/tutorial_interfaces/cmake/tutorial_interfaces__rosidl_typesupport_introspection_cExport-debug.cmake
[2.036s] -- Up-to-date: /home/leejunmi/ros2_ws/install/tutorial_interfaces/share/tutorial_interfaces/cmake/tutorial_interfaces__rosidl_typesupport_cExport.cmake
[2.037s] -- Up-to-date: /home/leejunmi/ros2_ws/install/tutorial_interfaces/share/tutorial_interfaces/cmake/tutorial_interfaces__rosidl_typesupport_cExport-debug.cmake
[2.037s] -- Up-to-date: /home/leejunmi/ros2_ws/install/tutorial_interfaces/share/tutorial_interfaces/cmake/tutorial_interfaces__rosidl_typesupport_introspection_cppExport.cmake
[2.037s] -- Up-to-date: /home/leejunmi/ros2_ws/install/tutorial_interfaces/share/tutorial_interfaces/cmake/tutorial_interfaces__rosidl_typesupport_introspection_cppExport-debug.cmake
[2.037s] -- Up-to-date: /home/leejunmi/ros2_ws/install/tutorial_interfaces/share/tutorial_interfaces/cmake/tutorial_interfaces__rosidl_typesupport_cppExport.cmake
[2.037s] -- Up-to-date: /home/leejunmi/ros2_ws/install/tutorial_interfaces/share/tutorial_interfaces/cmake/tutorial_interfaces__rosidl_typesupport_cppExport-debug.cmake
[2.037s] -- Up-to-date: /home/leejunmi/ros2_ws/install/tutorial_interfaces/share/tutorial_interfaces/cmake/export_tutorial_interfaces__rosidl_generator_pyExport.cmake
[2.038s] -- Up-to-date: /home/leejunmi/ros2_ws/install/tutorial_interfaces/share/tutorial_interfaces/cmake/export_tutorial_interfaces__rosidl_generator_pyExport-debug.cmake
[2.038s] -- Up-to-date: /home/leejunmi/ros2_ws/install/tutorial_interfaces/share/tutorial_interfaces/cmake/rosidl_cmake-extras.cmake
[2.038s] -- Up-to-date: /home/leejunmi/ros2_ws/install/tutorial_interfaces/share/tutorial_interfaces/cmake/ament_cmake_export_dependencies-extras.cmake
[2.038s] -- Up-to-date: /home/leejunmi/ros2_ws/install/tutorial_interfaces/share/tutorial_interfaces/cmake/ament_cmake_export_include_directories-extras.cmake
[2.038s] -- Up-to-date: /home/leejunmi/ros2_ws/install/tutorial_interfaces/share/tutorial_interfaces/cmake/ament_cmake_export_libraries-extras.cmake
[2.038s] -- Up-to-date: /home/leejunmi/ros2_ws/install/tutorial_interfaces/share/tutorial_interfaces/cmake/ament_cmake_export_targets-extras.cmake
[2.038s] -- Up-to-date: /home/leejunmi/ros2_ws/install/tutorial_interfaces/share/tutorial_interfaces/cmake/rosidl_cmake_export_typesupport_targets-extras.cmake
[2.038s] -- Up-to-date: /home/leejunmi/ros2_ws/install/tutorial_interfaces/share/tutorial_interfaces/cmake/rosidl_cmake_export_typesupport_libraries-extras.cmake
[2.039s] -- Up-to-date: /home/leejunmi/ros2_ws/install/tutorial_interfaces/share/tutorial_interfaces/cmake/tutorial_interfacesConfig.cmake
[2.039s] -- Up-to-date: /home/leejunmi/ros2_ws/install/tutorial_interfaces/share/tutorial_interfaces/cmake/tutorial_interfacesConfig-version.cmake
[2.040s] -- Up-to-date: /home/leejunmi/ros2_ws/install/tutorial_interfaces/share/tutorial_interfaces/package.xml
[2.042s] Invoked command in '/home/leejunmi/ros2_ws/build/tutorial_interfaces' returned '0': CMAKE_PREFIX_PATH=/home/leejunmi/ros2_ws/install/tutorial_interfaces:/home/leejunmi/ros2_ws/install/turtlesim:/home/leejunmi/ros2_ws/install/number:/home/leejunmi/ros2_ws/install/py_pubsub:/home/leejunmi/ros2_ws/install/test_pkg:/home/leejunmi/ros2_ws/install/python_parameters:/home/leejunmi/ros2_ws/install/pkpk:/home/leejunmi/ros2_ws/install/msg_test:/home/leejunmi/ros2_ws/install/my_package:/home/leejunmi/ros2_ws/install/microstrain_inertial_rqt:/home/leejunmi/ros2_ws/install/lidar_intensity:/home/leejunmi/ros2_ws/install/launch_testing_examples:/home/leejunmi/ros2_ws/install/img:/home/leejunmi/ros2_ws/install/examples_rclpy_pointcloud_publisher:/home/leejunmi/ros2_ws/install/examples_rclpy_minimal_subscriber:/home/leejunmi/ros2_ws/install/examples_rclpy_minimal_service:/home/leejunmi/ros2_ws/install/examples_rclpy_minimal_publisher:/home/leejunmi/ros2_ws/install/examples_rclpy_minimal_client:/home/leejunmi/ros2_ws/install/examples_rclpy_minimal_action_server:/home/leejunmi/ros2_ws/install/examples_rclpy_minimal_action_client:/home/leejunmi/ros2_ws/install/examples_rclpy_guard_conditions:/home/leejunmi/ros2_ws/install/examples_rclpy_executors:/opt/ros/humble:/home/leejunmi/ros2_ws/install/microstrain_inertial_msgs:/home/leejunmi/ros2_ws/install/microstrain_inertial_description:/home/leejunmi/ros2_ws/install/examples_rclcpp_wait_set:/home/leejunmi/ros2_ws/install/examples_rclcpp_multithreaded_executor:/home/leejunmi/ros2_ws/install/examples_rclcpp_minimal_timer:/home/leejunmi/ros2_ws/install/examples_rclcpp_minimal_subscriber:/home/leejunmi/ros2_ws/install/examples_rclcpp_minimal_service:/home/leejunmi/ros2_ws/install/examples_rclcpp_minimal_publisher:/home/leejunmi/ros2_ws/install/examples_rclcpp_minimal_composition:/home/leejunmi/ros2_ws/install/examples_rclcpp_minimal_client:/home/leejunmi/ros2_ws/install/examples_rclcpp_minimal_action_server:/home/leejunmi/ros2_ws/install/examples_rclcpp_minimal_action_client:/home/leejunmi/ros2_ws/install/examples_rclcpp_cbg_executor:/home/leejunmi/ros2_ws/install/examples_rclcpp_async_client /usr/bin/cmake --install /home/leejunmi/ros2_ws/build/tutorial_interfaces
