[0.034s] Invoking command in '/home/leejunmi/ros2_ws/build/number': CMAKE_PREFIX_PATH=/opt/ros/humble /usr/bin/cmake --build /home/leejunmi/ros2_ws/build/number -- -j8 -l8
[0.147s] [  3%] Built target number__cpp
[0.155s] [ 12%] Built target number__rosidl_generator_c
[0.193s] [ 12%] Built target ament_cmake_python_copy_number
[0.244s] [ 22%] Built target number__rosidl_typesupport_introspection_cpp
[0.244s] [ 32%] Built target number__rosidl_typesupport_cpp
[0.256s] [ 41%] Built target number__rosidl_typesupport_introspection_c
[0.256s] [ 51%] Built target number__rosidl_typesupport_fastrtps_c
[0.256s] [ 61%] Built target number__rosidl_typesupport_fastrtps_cpp
[0.270s] [ 70%] Built target number__rosidl_typesupport_c
[0.330s] [ 70%] Built target number
[0.345s] [ 74%] Built target number__py
[0.378s] [ 80%] Built target number__rosidl_generator_py
[0.416s] [ 87%] Built target number__rosidl_typesupport_c__pyext
[0.420s] [ 93%] Built target number__rosidl_typesupport_introspection_c__pyext
[0.426s] [100%] Built target number__rosidl_typesupport_fastrtps_c__pyext
[0.788s] running egg_info
[0.788s] writing number.egg-info/PKG-INFO
[0.788s] writing dependency_links to number.egg-info/dependency_links.txt
[0.788s] writing top-level names to number.egg-info/top_level.txt
[0.793s] reading manifest file 'number.egg-info/SOURCES.txt'
[0.796s] writing manifest file 'number.egg-info/SOURCES.txt'
[0.871s] [100%] Built target ament_cmake_python_build_number_egg
[0.925s] Invoked command in '/home/leejunmi/ros2_ws/build/number' returned '0': CMAKE_PREFIX_PATH=/opt/ros/humble /usr/bin/cmake --build /home/leejunmi/ros2_ws/build/number -- -j8 -l8
[0.928s] Invoking command in '/home/leejunmi/ros2_ws/build/number': CMAKE_PREFIX_PATH=/opt/ros/humble /usr/bin/cmake --install /home/leejunmi/ros2_ws/build/number
[0.969s] -- Install configuration: ""
[0.969s] -- Up-to-date: /home/leejunmi/ros2_ws/install/number/share/ament_index/resource_index/rosidl_interfaces/number
[0.970s] -- Up-to-date: /home/leejunmi/ros2_ws/install/number/include/number/number
[0.970s] -- Up-to-date: /home/leejunmi/ros2_ws/install/number/include/number/number/msg
[0.970s] -- Up-to-date: /home/leejunmi/ros2_ws/install/number/include/number/number/msg/detail
[0.970s] -- Up-to-date: /home/leejunmi/ros2_ws/install/number/include/number/number/msg/detail/num_num__type_support.h
[0.970s] -- Up-to-date: /home/leejunmi/ros2_ws/install/number/include/number/number/msg/detail/num_num__functions.c
[0.970s] -- Up-to-date: /home/leejunmi/ros2_ws/install/number/include/number/number/msg/detail/num_num__struct.h
[0.970s] -- Up-to-date: /home/leejunmi/ros2_ws/install/number/include/number/number/msg/detail/num_num__functions.h
[0.970s] -- Up-to-date: /home/leejunmi/ros2_ws/install/number/include/number/number/msg/num_num.h
[0.970s] -- Up-to-date: /home/leejunmi/ros2_ws/install/number/include/number/number/msg/rosidl_generator_c__visibility_control.h
[0.971s] -- Up-to-date: /home/leejunmi/ros2_ws/install/number/share/number/environment/library_path.sh
[0.971s] -- Up-to-date: /home/leejunmi/ros2_ws/install/number/share/number/environment/library_path.dsv
[0.971s] -- Up-to-date: /home/leejunmi/ros2_ws/install/number/lib/libnumber__rosidl_generator_c.so
[0.971s] -- Up-to-date: /home/leejunmi/ros2_ws/install/number/include/number/number
[0.971s] -- Up-to-date: /home/leejunmi/ros2_ws/install/number/include/number/number/msg
[0.971s] -- Up-to-date: /home/leejunmi/ros2_ws/install/number/include/number/number/msg/rosidl_typesupport_fastrtps_c__visibility_control.h
[0.971s] -- Up-to-date: /home/leejunmi/ros2_ws/install/number/include/number/number/msg/detail
[0.971s] -- Up-to-date: /home/leejunmi/ros2_ws/install/number/include/number/number/msg/detail/num_num__rosidl_typesupport_fastrtps_c.h
[0.971s] -- Up-to-date: /home/leejunmi/ros2_ws/install/number/lib/libnumber__rosidl_typesupport_fastrtps_c.so
[0.972s] -- Up-to-date: /home/leejunmi/ros2_ws/install/number/include/number/number
[0.972s] -- Up-to-date: /home/leejunmi/ros2_ws/install/number/include/number/number/msg
[0.972s] -- Up-to-date: /home/leejunmi/ros2_ws/install/number/include/number/number/msg/rosidl_typesupport_introspection_c__visibility_control.h
[0.972s] -- Up-to-date: /home/leejunmi/ros2_ws/install/number/include/number/number/msg/detail
[0.972s] -- Up-to-date: /home/leejunmi/ros2_ws/install/number/include/number/number/msg/detail/num_num__rosidl_typesupport_introspection_c.h
[0.972s] -- Up-to-date: /home/leejunmi/ros2_ws/install/number/include/number/number/msg/detail/num_num__type_support.c
[0.972s] -- Up-to-date: /home/leejunmi/ros2_ws/install/number/lib/libnumber__rosidl_typesupport_introspection_c.so
[0.972s] -- Up-to-date: /home/leejunmi/ros2_ws/install/number/lib/libnumber__rosidl_typesupport_c.so
[0.972s] -- Up-to-date: /home/leejunmi/ros2_ws/install/number/include/number/number
[0.973s] -- Up-to-date: /home/leejunmi/ros2_ws/install/number/include/number/number/msg
[0.973s] -- Up-to-date: /home/leejunmi/ros2_ws/install/number/include/number/number/msg/detail
[0.973s] -- Up-to-date: /home/leejunmi/ros2_ws/install/number/include/number/number/msg/detail/num_num__struct.hpp
[0.973s] -- Up-to-date: /home/leejunmi/ros2_ws/install/number/include/number/number/msg/detail/num_num__builder.hpp
[0.973s] -- Up-to-date: /home/leejunmi/ros2_ws/install/number/include/number/number/msg/detail/num_num__traits.hpp
[0.973s] -- Up-to-date: /home/leejunmi/ros2_ws/install/number/include/number/number/msg/num_num.hpp
[0.973s] -- Up-to-date: /home/leejunmi/ros2_ws/install/number/include/number/number
[0.973s] -- Up-to-date: /home/leejunmi/ros2_ws/install/number/include/number/number/msg
[0.974s] -- Up-to-date: /home/leejunmi/ros2_ws/install/number/include/number/number/msg/rosidl_typesupport_fastrtps_cpp__visibility_control.h
[0.974s] -- Up-to-date: /home/leejunmi/ros2_ws/install/number/include/number/number/msg/detail
[0.974s] -- Up-to-date: /home/leejunmi/ros2_ws/install/number/include/number/number/msg/detail/dds_fastrtps
[0.974s] -- Up-to-date: /home/leejunmi/ros2_ws/install/number/include/number/number/msg/detail/num_num__rosidl_typesupport_fastrtps_cpp.hpp
[0.974s] -- Up-to-date: /home/leejunmi/ros2_ws/install/number/lib/libnumber__rosidl_typesupport_fastrtps_cpp.so
[0.974s] -- Up-to-date: /home/leejunmi/ros2_ws/install/number/include/number/number
[0.974s] -- Up-to-date: /home/leejunmi/ros2_ws/install/number/include/number/number/msg
[0.974s] -- Up-to-date: /home/leejunmi/ros2_ws/install/number/include/number/number/msg/detail
[0.974s] -- Up-to-date: /home/leejunmi/ros2_ws/install/number/include/number/number/msg/detail/num_num__rosidl_typesupport_introspection_cpp.hpp
[0.975s] -- Up-to-date: /home/leejunmi/ros2_ws/install/number/include/number/number/msg/detail/num_num__type_support.cpp
[0.975s] -- Up-to-date: /home/leejunmi/ros2_ws/install/number/lib/libnumber__rosidl_typesupport_introspection_cpp.so
[0.975s] -- Up-to-date: /home/leejunmi/ros2_ws/install/number/lib/libnumber__rosidl_typesupport_cpp.so
[0.975s] -- Up-to-date: /home/leejunmi/ros2_ws/install/number/share/number/environment/pythonpath.sh
[0.975s] -- Up-to-date: /home/leejunmi/ros2_ws/install/number/share/number/environment/pythonpath.dsv
[0.975s] -- Up-to-date: /home/leejunmi/ros2_ws/install/number/local/lib/python3.10/dist-packages/number-0.0.0-py3.10.egg-info
[0.975s] -- Installing: /home/leejunmi/ros2_ws/install/number/local/lib/python3.10/dist-packages/number-0.0.0-py3.10.egg-info/PKG-INFO
[0.975s] -- Installing: /home/leejunmi/ros2_ws/install/number/local/lib/python3.10/dist-packages/number-0.0.0-py3.10.egg-info/top_level.txt
[0.975s] -- Installing: /home/leejunmi/ros2_ws/install/number/local/lib/python3.10/dist-packages/number-0.0.0-py3.10.egg-info/SOURCES.txt
[0.976s] -- Installing: /home/leejunmi/ros2_ws/install/number/local/lib/python3.10/dist-packages/number-0.0.0-py3.10.egg-info/dependency_links.txt
[0.976s] -- Up-to-date: /home/leejunmi/ros2_ws/install/number/local/lib/python3.10/dist-packages/number
[0.976s] -- Up-to-date: /home/leejunmi/ros2_ws/install/number/local/lib/python3.10/dist-packages/number/_number_s.ep.rosidl_typesupport_fastrtps_c.c
[0.976s] -- Up-to-date: /home/leejunmi/ros2_ws/install/number/local/lib/python3.10/dist-packages/number/msg
[0.976s] -- Up-to-date: /home/leejunmi/ros2_ws/install/number/local/lib/python3.10/dist-packages/number/msg/_num_num.py
[0.976s] -- Up-to-date: /home/leejunmi/ros2_ws/install/number/local/lib/python3.10/dist-packages/number/msg/__init__.py
[0.976s] -- Up-to-date: /home/leejunmi/ros2_ws/install/number/local/lib/python3.10/dist-packages/number/msg/_num_num_s.c
[0.976s] -- Up-to-date: /home/leejunmi/ros2_ws/install/number/local/lib/python3.10/dist-packages/number/number_s__rosidl_typesupport_introspection_c.cpython-310-x86_64-linux-gnu.so
[0.977s] -- Up-to-date: /home/leejunmi/ros2_ws/install/number/local/lib/python3.10/dist-packages/number/_number_s.ep.rosidl_typesupport_c.c
[0.977s] -- Up-to-date: /home/leejunmi/ros2_ws/install/number/local/lib/python3.10/dist-packages/number/number_s__rosidl_typesupport_c.cpython-310-x86_64-linux-gnu.so
[0.977s] -- Up-to-date: /home/leejunmi/ros2_ws/install/number/local/lib/python3.10/dist-packages/number/libnumber__rosidl_generator_py.so
[0.977s] -- Up-to-date: /home/leejunmi/ros2_ws/install/number/local/lib/python3.10/dist-packages/number/__init__.py
[0.977s] -- Up-to-date: /home/leejunmi/ros2_ws/install/number/local/lib/python3.10/dist-packages/number/_number_s.ep.rosidl_typesupport_introspection_c.c
[0.977s] -- Up-to-date: /home/leejunmi/ros2_ws/install/number/local/lib/python3.10/dist-packages/number/number_s__rosidl_typesupport_fastrtps_c.cpython-310-x86_64-linux-gnu.so
[0.981s] Listing '/home/leejunmi/ros2_ws/install/number/local/lib/python3.10/dist-packages/number'...
[0.981s] Listing '/home/leejunmi/ros2_ws/install/number/local/lib/python3.10/dist-packages/number/msg'...
[0.987s] -- Up-to-date: /home/leejunmi/ros2_ws/install/number/local/lib/python3.10/dist-packages/number/number_s__rosidl_typesupport_fastrtps_c.cpython-310-x86_64-linux-gnu.so
[0.987s] -- Up-to-date: /home/leejunmi/ros2_ws/install/number/local/lib/python3.10/dist-packages/number/number_s__rosidl_typesupport_introspection_c.cpython-310-x86_64-linux-gnu.so
[0.987s] -- Up-to-date: /home/leejunmi/ros2_ws/install/number/local/lib/python3.10/dist-packages/number/number_s__rosidl_typesupport_c.cpython-310-x86_64-linux-gnu.so
[0.988s] -- Up-to-date: /home/leejunmi/ros2_ws/install/number/lib/libnumber__rosidl_generator_py.so
[0.988s] -- Up-to-date: /home/leejunmi/ros2_ws/install/number/share/number/msg/NumNum.idl
[0.988s] -- Up-to-date: /home/leejunmi/ros2_ws/install/number/share/number/msg/NumNum.msg
[0.988s] -- Up-to-date: /home/leejunmi/ros2_ws/install/number/share/ament_index/resource_index/package_run_dependencies/number
[0.988s] -- Up-to-date: /home/leejunmi/ros2_ws/install/number/share/ament_index/resource_index/parent_prefix_path/number
[0.988s] -- Installing: /home/leejunmi/ros2_ws/install/number/share/number/environment/ament_prefix_path.sh
[0.988s] -- Up-to-date: /home/leejunmi/ros2_ws/install/number/share/number/environment/ament_prefix_path.dsv
[0.989s] -- Installing: /home/leejunmi/ros2_ws/install/number/share/number/environment/path.sh
[0.989s] -- Up-to-date: /home/leejunmi/ros2_ws/install/number/share/number/environment/path.dsv
[0.989s] -- Up-to-date: /home/leejunmi/ros2_ws/install/number/share/number/local_setup.bash
[0.989s] -- Up-to-date: /home/leejunmi/ros2_ws/install/number/share/number/local_setup.sh
[0.989s] -- Up-to-date: /home/leejunmi/ros2_ws/install/number/share/number/local_setup.zsh
[0.990s] -- Up-to-date: /home/leejunmi/ros2_ws/install/number/share/number/local_setup.dsv
[0.990s] -- Installing: /home/leejunmi/ros2_ws/install/number/share/number/package.dsv
[0.990s] -- Up-to-date: /home/leejunmi/ros2_ws/install/number/share/ament_index/resource_index/packages/number
[0.990s] -- Up-to-date: /home/leejunmi/ros2_ws/install/number/share/number/cmake/export_number__rosidl_generator_cExport.cmake
[0.990s] -- Up-to-date: /home/leejunmi/ros2_ws/install/number/share/number/cmake/export_number__rosidl_generator_cExport-noconfig.cmake
[0.990s] -- Up-to-date: /home/leejunmi/ros2_ws/install/number/share/number/cmake/export_number__rosidl_typesupport_fastrtps_cExport.cmake
[0.990s] -- Up-to-date: /home/leejunmi/ros2_ws/install/number/share/number/cmake/export_number__rosidl_typesupport_fastrtps_cExport-noconfig.cmake
[0.990s] -- Up-to-date: /home/leejunmi/ros2_ws/install/number/share/number/cmake/number__rosidl_typesupport_introspection_cExport.cmake
[0.991s] -- Up-to-date: /home/leejunmi/ros2_ws/install/number/share/number/cmake/number__rosidl_typesupport_introspection_cExport-noconfig.cmake
[0.991s] -- Up-to-date: /home/leejunmi/ros2_ws/install/number/share/number/cmake/number__rosidl_typesupport_cExport.cmake
[0.991s] -- Up-to-date: /home/leejunmi/ros2_ws/install/number/share/number/cmake/number__rosidl_typesupport_cExport-noconfig.cmake
[0.991s] -- Up-to-date: /home/leejunmi/ros2_ws/install/number/share/number/cmake/export_number__rosidl_generator_cppExport.cmake
[0.991s] -- Up-to-date: /home/leejunmi/ros2_ws/install/number/share/number/cmake/export_number__rosidl_typesupport_fastrtps_cppExport.cmake
[0.991s] -- Up-to-date: /home/leejunmi/ros2_ws/install/number/share/number/cmake/export_number__rosidl_typesupport_fastrtps_cppExport-noconfig.cmake
[0.991s] -- Up-to-date: /home/leejunmi/ros2_ws/install/number/share/number/cmake/number__rosidl_typesupport_introspection_cppExport.cmake
[0.991s] -- Up-to-date: /home/leejunmi/ros2_ws/install/number/share/number/cmake/number__rosidl_typesupport_introspection_cppExport-noconfig.cmake
[0.992s] -- Up-to-date: /home/leejunmi/ros2_ws/install/number/share/number/cmake/number__rosidl_typesupport_cppExport.cmake
[0.992s] -- Up-to-date: /home/leejunmi/ros2_ws/install/number/share/number/cmake/number__rosidl_typesupport_cppExport-noconfig.cmake
[0.992s] -- Up-to-date: /home/leejunmi/ros2_ws/install/number/share/number/cmake/export_number__rosidl_generator_pyExport.cmake
[0.992s] -- Up-to-date: /home/leejunmi/ros2_ws/install/number/share/number/cmake/export_number__rosidl_generator_pyExport-noconfig.cmake
[0.992s] -- Up-to-date: /home/leejunmi/ros2_ws/install/number/share/number/cmake/rosidl_cmake-extras.cmake
[0.992s] -- Up-to-date: /home/leejunmi/ros2_ws/install/number/share/number/cmake/ament_cmake_export_include_directories-extras.cmake
[0.992s] -- Up-to-date: /home/leejunmi/ros2_ws/install/number/share/number/cmake/ament_cmake_export_libraries-extras.cmake
[0.992s] -- Up-to-date: /home/leejunmi/ros2_ws/install/number/share/number/cmake/ament_cmake_export_targets-extras.cmake
[0.993s] -- Up-to-date: /home/leejunmi/ros2_ws/install/number/share/number/cmake/rosidl_cmake_export_typesupport_targets-extras.cmake
[0.993s] -- Up-to-date: /home/leejunmi/ros2_ws/install/number/share/number/cmake/ament_cmake_export_dependencies-extras.cmake
[0.993s] -- Up-to-date: /home/leejunmi/ros2_ws/install/number/share/number/cmake/rosidl_cmake_export_typesupport_libraries-extras.cmake
[0.993s] -- Up-to-date: /home/leejunmi/ros2_ws/install/number/share/number/cmake/numberConfig.cmake
[0.993s] -- Up-to-date: /home/leejunmi/ros2_ws/install/number/share/number/cmake/numberConfig-version.cmake
[0.993s] -- Up-to-date: /home/leejunmi/ros2_ws/install/number/share/number/package.xml
[1.792s] Invoked command in '/home/leejunmi/ros2_ws/build/number' returned '0': CMAKE_PREFIX_PATH=/opt/ros/humble /usr/bin/cmake --install /home/leejunmi/ros2_ws/build/number
