[0.031s] Invoking command in '/home/leejunmi/ros2_ws/build/examples_rclcpp_wait_set': CMAKE_PREFIX_PATH=/opt/ros/humble /usr/bin/cmake --build /home/leejunmi/ros2_ws/build/examples_rclcpp_wait_set -- -j8 -l8
[0.481s] [  8%] Built target talker
[0.481s] [ 16%] Built target wait_set_listener
[0.481s] [ 29%] Built target listener
[0.482s] [ 33%] Built target wait_set_talker
[0.482s] [ 41%] Built target wait_set
[0.482s] [ 50%] Built target wait_set_topics_and_timer
[0.482s] [ 58%] Built target thread_safe_wait_set
[0.482s] [ 66%] Built target static_wait_set
[0.483s] [ 75%] Built target wait_set_topics_with_different_rates
[0.483s] [ 83%] Built target wait_set_random_order
[0.484s] [ 91%] Built target executor_random_order
[0.484s] [100%] Built target wait_set_composed
[0.496s] Invoked command in '/home/leejunmi/ros2_ws/build/examples_rclcpp_wait_set' returned '0': CMAKE_PREFIX_PATH=/opt/ros/humble /usr/bin/cmake --build /home/leejunmi/ros2_ws/build/examples_rclcpp_wait_set -- -j8 -l8
[0.499s] Invoking command in '/home/leejunmi/ros2_ws/build/examples_rclcpp_wait_set': CMAKE_PREFIX_PATH=/opt/ros/humble /usr/bin/cmake --install /home/leejunmi/ros2_ws/build/examples_rclcpp_wait_set
[0.527s] -- Install configuration: "Release"
[0.533s] -- Up-to-date: /home/leejunmi/ros2_ws/install/examples_rclcpp_wait_set/lib/examples_rclcpp_wait_set/wait_set_talker
[0.533s] -- Up-to-date: /home/leejunmi/ros2_ws/install/examples_rclcpp_wait_set/lib/examples_rclcpp_wait_set/wait_set_listener
[0.533s] -- Up-to-date: /home/leejunmi/ros2_ws/install/examples_rclcpp_wait_set/lib/libtalker.so
[0.534s] -- Up-to-date: /home/leejunmi/ros2_ws/install/examples_rclcpp_wait_set/lib/liblistener.so
[0.534s] -- Up-to-date: /home/leejunmi/ros2_ws/install/examples_rclcpp_wait_set/lib/examples_rclcpp_wait_set/wait_set
[0.534s] -- Up-to-date: /home/leejunmi/ros2_ws/install/examples_rclcpp_wait_set/lib/examples_rclcpp_wait_set/static_wait_set
[0.534s] -- Up-to-date: /home/leejunmi/ros2_ws/install/examples_rclcpp_wait_set/lib/examples_rclcpp_wait_set/thread_safe_wait_set
[0.537s] -- Up-to-date: /home/leejunmi/ros2_ws/install/examples_rclcpp_wait_set/lib/examples_rclcpp_wait_set/wait_set_topics_and_timer
[0.537s] -- Up-to-date: /home/leejunmi/ros2_ws/install/examples_rclcpp_wait_set/lib/examples_rclcpp_wait_set/wait_set_random_order
[0.538s] -- Up-to-date: /home/leejunmi/ros2_ws/install/examples_rclcpp_wait_set/lib/examples_rclcpp_wait_set/executor_random_order
[0.538s] -- Up-to-date: /home/leejunmi/ros2_ws/install/examples_rclcpp_wait_set/lib/examples_rclcpp_wait_set/wait_set_topics_with_different_rates
[0.538s] -- Up-to-date: /home/leejunmi/ros2_ws/install/examples_rclcpp_wait_set/lib/examples_rclcpp_wait_set/wait_set_composed
[0.538s] -- Up-to-date: /home/leejunmi/ros2_ws/install/examples_rclcpp_wait_set/share/ament_index/resource_index/package_run_dependencies/examples_rclcpp_wait_set
[0.538s] -- Up-to-date: /home/leejunmi/ros2_ws/install/examples_rclcpp_wait_set/share/ament_index/resource_index/parent_prefix_path/examples_rclcpp_wait_set
[0.538s] -- Up-to-date: /home/leejunmi/ros2_ws/install/examples_rclcpp_wait_set/share/examples_rclcpp_wait_set/environment/ament_prefix_path.sh
[0.538s] -- Up-to-date: /home/leejunmi/ros2_ws/install/examples_rclcpp_wait_set/share/examples_rclcpp_wait_set/environment/ament_prefix_path.dsv
[0.538s] -- Up-to-date: /home/leejunmi/ros2_ws/install/examples_rclcpp_wait_set/share/examples_rclcpp_wait_set/environment/path.sh
[0.539s] -- Up-to-date: /home/leejunmi/ros2_ws/install/examples_rclcpp_wait_set/share/examples_rclcpp_wait_set/environment/path.dsv
[0.539s] -- Up-to-date: /home/leejunmi/ros2_ws/install/examples_rclcpp_wait_set/share/examples_rclcpp_wait_set/local_setup.bash
[0.539s] -- Up-to-date: /home/leejunmi/ros2_ws/install/examples_rclcpp_wait_set/share/examples_rclcpp_wait_set/local_setup.sh
[0.539s] -- Up-to-date: /home/leejunmi/ros2_ws/install/examples_rclcpp_wait_set/share/examples_rclcpp_wait_set/local_setup.zsh
[0.539s] -- Up-to-date: /home/leejunmi/ros2_ws/install/examples_rclcpp_wait_set/share/examples_rclcpp_wait_set/local_setup.dsv
[0.539s] -- Installing: /home/leejunmi/ros2_ws/install/examples_rclcpp_wait_set/share/examples_rclcpp_wait_set/package.dsv
[0.540s] -- Up-to-date: /home/leejunmi/ros2_ws/install/examples_rclcpp_wait_set/share/ament_index/resource_index/packages/examples_rclcpp_wait_set
[0.541s] -- Up-to-date: /home/leejunmi/ros2_ws/install/examples_rclcpp_wait_set/share/ament_index/resource_index/rclcpp_components/examples_rclcpp_wait_set
[0.541s] -- Up-to-date: /home/leejunmi/ros2_ws/install/examples_rclcpp_wait_set/share/examples_rclcpp_wait_set/cmake/examples_rclcpp_wait_setConfig.cmake
[0.541s] -- Up-to-date: /home/leejunmi/ros2_ws/install/examples_rclcpp_wait_set/share/examples_rclcpp_wait_set/cmake/examples_rclcpp_wait_setConfig-version.cmake
[0.541s] -- Up-to-date: /home/leejunmi/ros2_ws/install/examples_rclcpp_wait_set/share/examples_rclcpp_wait_set/package.xml
[0.656s] Invoked command in '/home/leejunmi/ros2_ws/build/examples_rclcpp_wait_set' returned '0': CMAKE_PREFIX_PATH=/opt/ros/humble /usr/bin/cmake --install /home/leejunmi/ros2_ws/build/examples_rclcpp_wait_set
