running egg_info
writing ../../build/pkpk/pkpk.egg-info/PKG-INFO
writing dependency_links to ../../build/pkpk/pkpk.egg-info/dependency_links.txt
writing entry points to ../../build/pkpk/pkpk.egg-info/entry_points.txt
writing requirements to ../../build/pkpk/pkpk.egg-info/requires.txt
writing top-level names to ../../build/pkpk/pkpk.egg-info/top_level.txt
reading manifest file '../../build/pkpk/pkpk.egg-info/SOURCES.txt'
adding license file 'LICENSE'
writing manifest file '../../build/pkpk/pkpk.egg-info/SOURCES.txt'
running build
running build_py
copying pkpk/node1.py -> /home/leejunmi/ros2_ws/build/pkpk/build/lib/pkpk
copying pkpk/node2.py -> /home/leejunmi/ros2_ws/build/pkpk/build/lib/pkpk
copying pkpk/node3.py -> /home/leejunmi/ros2_ws/build/pkpk/build/lib/pkpk
running install
running install_lib
copying /home/leejunmi/ros2_ws/build/pkpk/build/lib/pkpk/node1.py -> /home/leejunmi/ros2_ws/install/pkpk/lib/python3.10/site-packages/pkpk
copying /home/leejunmi/ros2_ws/build/pkpk/build/lib/pkpk/node2.py -> /home/leejunmi/ros2_ws/install/pkpk/lib/python3.10/site-packages/pkpk
copying /home/leejunmi/ros2_ws/build/pkpk/build/lib/pkpk/node3.py -> /home/leejunmi/ros2_ws/install/pkpk/lib/python3.10/site-packages/pkpk
byte-compiling /home/leejunmi/ros2_ws/install/pkpk/lib/python3.10/site-packages/pkpk/node1.py to node1.cpython-310.pyc
byte-compiling /home/leejunmi/ros2_ws/install/pkpk/lib/python3.10/site-packages/pkpk/node2.py to node2.cpython-310.pyc
byte-compiling /home/leejunmi/ros2_ws/install/pkpk/lib/python3.10/site-packages/pkpk/node3.py to node3.cpython-310.pyc
running install_data
running install_egg_info
removing '/home/leejunmi/ros2_ws/install/pkpk/lib/python3.10/site-packages/pkpk-0.0.0-py3.10.egg-info' (and everything under it)
Copying ../../build/pkpk/pkpk.egg-info to /home/leejunmi/ros2_ws/install/pkpk/lib/python3.10/site-packages/pkpk-0.0.0-py3.10.egg-info
running install_scripts
writing list of installed files to '/home/leejunmi/ros2_ws/build/pkpk/install.log'
