[2.046s] Invoking command in '/home/leejunmi/ros2_ws/src/pkpk': PYTHONPATH=/home/leejunmi/ros2_ws/build/pkpk/prefix_override:/usr/lib/python3/dist-packages/colcon_core/task/python/colcon_distutils_commands:/home/leejunmi/ros2_ws/install/pkpk/lib/python3.10/site-packages:${PYTHONPATH} /usr/bin/python3 -W ignore:setup.py install is deprecated -W ignore:easy_install command is deprecated setup.py egg_info --egg-base ../../build/pkpk build --build-base /home/leejunmi/ros2_ws/build/pkpk/build install --record /home/leejunmi/ros2_ws/build/pkpk/install.log --single-version-externally-managed install_data
[2.515s] running egg_info
[2.516s] writing ../../build/pkpk/pkpk.egg-info/PKG-INFO
[2.516s] writing dependency_links to ../../build/pkpk/pkpk.egg-info/dependency_links.txt
[2.516s] writing entry points to ../../build/pkpk/pkpk.egg-info/entry_points.txt
[2.517s] writing requirements to ../../build/pkpk/pkpk.egg-info/requires.txt
[2.517s] writing top-level names to ../../build/pkpk/pkpk.egg-info/top_level.txt
[2.521s] reading manifest file '../../build/pkpk/pkpk.egg-info/SOURCES.txt'
[2.521s] adding license file 'LICENSE'
[2.523s] writing manifest file '../../build/pkpk/pkpk.egg-info/SOURCES.txt'
[2.523s] running build
[2.524s] running build_py
[2.524s] running install
[2.525s] running install_lib
[2.529s] running install_data
[2.529s] running install_egg_info
[2.532s] removing '/home/leejunmi/ros2_ws/install/pkpk/lib/python3.10/site-packages/pkpk-0.0.0-py3.10.egg-info' (and everything under it)
[2.532s] Copying ../../build/pkpk/pkpk.egg-info to /home/leejunmi/ros2_ws/install/pkpk/lib/python3.10/site-packages/pkpk-0.0.0-py3.10.egg-info
[2.534s] running install_scripts
[2.568s] writing list of installed files to '/home/leejunmi/ros2_ws/build/pkpk/install.log'
[2.610s] Invoked command in '/home/leejunmi/ros2_ws/src/pkpk' returned '0': PYTHONPATH=/home/leejunmi/ros2_ws/build/pkpk/prefix_override:/usr/lib/python3/dist-packages/colcon_core/task/python/colcon_distutils_commands:/home/leejunmi/ros2_ws/install/pkpk/lib/python3.10/site-packages:${PYTHONPATH} /usr/bin/python3 -W ignore:setup.py install is deprecated -W ignore:easy_install command is deprecated setup.py egg_info --egg-base ../../build/pkpk build --build-base /home/leejunmi/ros2_ws/build/pkpk/build install --record /home/leejunmi/ros2_ws/build/pkpk/install.log --single-version-externally-managed install_data
