[1.588s] Invoking command in '/home/leejunmi/ros2_ws/src/my_package': PYTHONPATH=/home/leejunmi/ros2_ws/build/my_package/prefix_override:/usr/lib/python3/dist-packages/colcon_core/task/python/colcon_distutils_commands:/home/leejunmi/ros2_ws/install/my_package/lib/python3.10/site-packages:${PYTHONPATH} /usr/bin/python3 -W ignore:setup.py install is deprecated -W ignore:easy_install command is deprecated setup.py egg_info --egg-base ../../build/my_package build --build-base /home/leejunmi/ros2_ws/build/my_package/build install --record /home/leejunmi/ros2_ws/build/my_package/install.log --single-version-externally-managed install_data
[1.843s] running egg_info
[1.844s] writing ../../build/my_package/my_package.egg-info/PKG-INFO
[1.844s] writing dependency_links to ../../build/my_package/my_package.egg-info/dependency_links.txt
[1.844s] writing entry points to ../../build/my_package/my_package.egg-info/entry_points.txt
[1.844s] writing requirements to ../../build/my_package/my_package.egg-info/requires.txt
[1.844s] writing top-level names to ../../build/my_package/my_package.egg-info/top_level.txt
[1.846s] reading manifest file '../../build/my_package/my_package.egg-info/SOURCES.txt'
[1.846s] adding license file 'LICENSE'
[1.847s] writing manifest file '../../build/my_package/my_package.egg-info/SOURCES.txt'
[1.847s] running build
[1.847s] running build_py
[1.847s] copying my_package/my_node.py -> /home/leejunmi/ros2_ws/build/my_package/build/lib/my_package
[1.847s] running install
[1.848s] running install_lib
[1.850s] copying /home/leejunmi/ros2_ws/build/my_package/build/lib/my_package/my_node.py -> /home/leejunmi/ros2_ws/install/my_package/lib/python3.10/site-packages/my_package
[1.850s] byte-compiling /home/leejunmi/ros2_ws/install/my_package/lib/python3.10/site-packages/my_package/my_node.py to my_node.cpython-310.pyc
[1.850s] running install_data
[1.851s] running install_egg_info
[1.853s] removing '/home/leejunmi/ros2_ws/install/my_package/lib/python3.10/site-packages/my_package-0.0.0-py3.10.egg-info' (and everything under it)
[1.853s] Copying ../../build/my_package/my_package.egg-info to /home/leejunmi/ros2_ws/install/my_package/lib/python3.10/site-packages/my_package-0.0.0-py3.10.egg-info
[1.854s] running install_scripts
[1.877s] Installing my_node script to /home/leejunmi/ros2_ws/install/my_package/lib/my_package
[1.877s] writing list of installed files to '/home/leejunmi/ros2_ws/build/my_package/install.log'
[1.903s] Invoked command in '/home/leejunmi/ros2_ws/src/my_package' returned '0': PYTHONPATH=/home/leejunmi/ros2_ws/build/my_package/prefix_override:/usr/lib/python3/dist-packages/colcon_core/task/python/colcon_distutils_commands:/home/leejunmi/ros2_ws/install/my_package/lib/python3.10/site-packages:${PYTHONPATH} /usr/bin/python3 -W ignore:setup.py install is deprecated -W ignore:easy_install command is deprecated setup.py egg_info --egg-base ../../build/my_package build --build-base /home/leejunmi/ros2_ws/build/my_package/build install --record /home/leejunmi/ros2_ws/build/my_package/install.log --single-version-externally-managed install_data
