[1.409s] Invoking command in '/home/leejunmi/ros2_ws/src/examples/rclpy/services/minimal_client': PYTHONPATH=/home/leejunmi/ros2_ws/build/examples_rclpy_minimal_client/prefix_override:/usr/lib/python3/dist-packages/colcon_core/task/python/colcon_distutils_commands:/home/leejunmi/ros2_ws/install/examples_rclpy_minimal_client/lib/python3.10/site-packages:${PYTHONPATH} /usr/bin/python3 -W ignore:setup.py install is deprecated -W ignore:easy_install command is deprecated setup.py egg_info --egg-base ../../../../../build/examples_rclpy_minimal_client build --build-base /home/leejunmi/ros2_ws/build/examples_rclpy_minimal_client/build install --record /home/leejunmi/ros2_ws/build/examples_rclpy_minimal_client/install.log --single-version-externally-managed install_data
[1.667s] running egg_info
[1.668s] writing ../../../../../build/examples_rclpy_minimal_client/examples_rclpy_minimal_client.egg-info/PKG-INFO
[1.668s] writing dependency_links to ../../../../../build/examples_rclpy_minimal_client/examples_rclpy_minimal_client.egg-info/dependency_links.txt
[1.669s] writing entry points to ../../../../../build/examples_rclpy_minimal_client/examples_rclpy_minimal_client.egg-info/entry_points.txt
[1.669s] writing requirements to ../../../../../build/examples_rclpy_minimal_client/examples_rclpy_minimal_client.egg-info/requires.txt
[1.669s] writing top-level names to ../../../../../build/examples_rclpy_minimal_client/examples_rclpy_minimal_client.egg-info/top_level.txt
[1.671s] reading manifest file '../../../../../build/examples_rclpy_minimal_client/examples_rclpy_minimal_client.egg-info/SOURCES.txt'
[1.672s] writing manifest file '../../../../../build/examples_rclpy_minimal_client/examples_rclpy_minimal_client.egg-info/SOURCES.txt'
[1.672s] running build
[1.672s] running build_py
[1.673s] running install
[1.673s] running install_lib
[1.676s] running install_data
[1.676s] running install_egg_info
[1.678s] removing '/home/leejunmi/ros2_ws/install/examples_rclpy_minimal_client/lib/python3.10/site-packages/examples_rclpy_minimal_client-0.15.3-py3.10.egg-info' (and everything under it)
[1.679s] Copying ../../../../../build/examples_rclpy_minimal_client/examples_rclpy_minimal_client.egg-info to /home/leejunmi/ros2_ws/install/examples_rclpy_minimal_client/lib/python3.10/site-packages/examples_rclpy_minimal_client-0.15.3-py3.10.egg-info
[1.679s] running install_scripts
[1.700s] Installing client script to /home/leejunmi/ros2_ws/install/examples_rclpy_minimal_client/lib/examples_rclpy_minimal_client
[1.701s] Installing client_async script to /home/leejunmi/ros2_ws/install/examples_rclpy_minimal_client/lib/examples_rclpy_minimal_client
[1.701s] Installing client_async_callback script to /home/leejunmi/ros2_ws/install/examples_rclpy_minimal_client/lib/examples_rclpy_minimal_client
[1.701s] Installing client_async_member_function script to /home/leejunmi/ros2_ws/install/examples_rclpy_minimal_client/lib/examples_rclpy_minimal_client
[1.701s] writing list of installed files to '/home/leejunmi/ros2_ws/build/examples_rclpy_minimal_client/install.log'
[2.023s] Invoked command in '/home/leejunmi/ros2_ws/src/examples/rclpy/services/minimal_client' returned '0': PYTHONPATH=/home/leejunmi/ros2_ws/build/examples_rclpy_minimal_client/prefix_override:/usr/lib/python3/dist-packages/colcon_core/task/python/colcon_distutils_commands:/home/leejunmi/ros2_ws/install/examples_rclpy_minimal_client/lib/python3.10/site-packages:${PYTHONPATH} /usr/bin/python3 -W ignore:setup.py install is deprecated -W ignore:easy_install command is deprecated setup.py egg_info --egg-base ../../../../../build/examples_rclpy_minimal_client build --build-base /home/leejunmi/ros2_ws/build/examples_rclpy_minimal_client/build install --record /home/leejunmi/ros2_ws/build/examples_rclpy_minimal_client/install.log --single-version-externally-managed install_data
