[0.051s] Invoking command in '/home/leejunmi/ros2_ws/build/tutorial_interfaces': CMAKE_PREFIX_PATH=${CMAKE_PREFIX_PATH}:/home/leejunmi/ros2_ws/install/py_pubsub:/home/leejunmi/ros2_ws/install/test_pkg:/home/leejunmi/ros2_ws/install/python_parameters:/home/leejunmi/ros2_ws/install/pkpk:/home/leejunmi/ros2_ws/install/msg_test:/home/leejunmi/ros2_ws/install/my_package:/home/leejunmi/ros2_ws/install/launch_testing_examples:/home/leejunmi/ros2_ws/install/examples_rclpy_pointcloud_publisher:/home/leejunmi/ros2_ws/install/examples_rclpy_minimal_subscriber:/home/leejunmi/ros2_ws/install/examples_rclpy_minimal_service:/home/leejunmi/ros2_ws/install/examples_rclpy_minimal_publisher:/home/leejunmi/ros2_ws/install/examples_rclpy_minimal_client:/home/leejunmi/ros2_ws/install/examples_rclpy_minimal_action_server:/home/leejunmi/ros2_ws/install/examples_rclpy_minimal_action_client:/home/leejunmi/ros2_ws/install/examples_rclpy_guard_conditions:/home/leejunmi/ros2_ws/install/examples_rclpy_executors:/opt/ros/humble /usr/bin/cmake --build /home/leejunmi/ros2_ws/build/tutorial_interfaces -- -j8 -l8
[0.140s] [  2%] Built target tutorial_interfaces__cpp
[0.169s] [  2%] Built target ament_cmake_python_copy_tutorial_interfaces
[0.171s] [ 12%] Built target tutorial_interfaces__rosidl_generator_c
[0.261s] [ 23%] Built target tutorial_interfaces__rosidl_typesupport_introspection_cpp
[0.265s] [ 34%] Built target tutorial_interfaces__rosidl_typesupport_cpp
[0.265s] [ 44%] Built target tutorial_interfaces__rosidl_typesupport_fastrtps_cpp
[0.279s] [ 55%] Built target tutorial_interfaces__rosidl_typesupport_fastrtps_c
[0.279s] [ 65%] Built target tutorial_interfaces__rosidl_typesupport_introspection_c
[0.315s] [ 76%] Built target tutorial_interfaces__rosidl_typesupport_c
[0.364s] [ 76%] Built target tutorial_interfaces
[0.426s] [ 78%] Built target tutorial_interfaces__py
[0.467s] [ 87%] Built target tutorial_interfaces__rosidl_generator_py
[0.496s] [ 91%] Built target tutorial_interfaces__rosidl_typesupport_fastrtps_c__pyext
[0.501s] [ 95%] Built target tutorial_interfaces__rosidl_typesupport_introspection_c__pyext
[0.504s] [100%] Built target tutorial_interfaces__rosidl_typesupport_c__pyext
[0.762s] running egg_info
[0.766s] writing tutorial_interfaces.egg-info/PKG-INFO
[0.768s] writing dependency_links to tutorial_interfaces.egg-info/dependency_links.txt
[0.777s] writing top-level names to tutorial_interfaces.egg-info/top_level.txt
[0.785s] reading manifest file 'tutorial_interfaces.egg-info/SOURCES.txt'
[0.788s] writing manifest file 'tutorial_interfaces.egg-info/SOURCES.txt'
[0.920s] [100%] Built target ament_cmake_python_build_tutorial_interfaces_egg
[1.046s] Invoked command in '/home/leejunmi/ros2_ws/build/tutorial_interfaces' returned '0': CMAKE_PREFIX_PATH=${CMAKE_PREFIX_PATH}:/home/leejunmi/ros2_ws/install/py_pubsub:/home/leejunmi/ros2_ws/install/test_pkg:/home/leejunmi/ros2_ws/install/python_parameters:/home/leejunmi/ros2_ws/install/pkpk:/home/leejunmi/ros2_ws/install/msg_test:/home/leejunmi/ros2_ws/install/my_package:/home/leejunmi/ros2_ws/install/launch_testing_examples:/home/leejunmi/ros2_ws/install/examples_rclpy_pointcloud_publisher:/home/leejunmi/ros2_ws/install/examples_rclpy_minimal_subscriber:/home/leejunmi/ros2_ws/install/examples_rclpy_minimal_service:/home/leejunmi/ros2_ws/install/examples_rclpy_minimal_publisher:/home/leejunmi/ros2_ws/install/examples_rclpy_minimal_client:/home/leejunmi/ros2_ws/install/examples_rclpy_minimal_action_server:/home/leejunmi/ros2_ws/install/examples_rclpy_minimal_action_client:/home/leejunmi/ros2_ws/install/examples_rclpy_guard_conditions:/home/leejunmi/ros2_ws/install/examples_rclpy_executors:/opt/ros/humble /usr/bin/cmake --build /home/leejunmi/ros2_ws/build/tutorial_interfaces -- -j8 -l8
[1.048s] Invoking command in '/home/leejunmi/ros2_ws/build/tutorial_interfaces': CMAKE_PREFIX_PATH=${CMAKE_PREFIX_PATH}:/home/leejunmi/ros2_ws/install/py_pubsub:/home/leejunmi/ros2_ws/install/test_pkg:/home/leejunmi/ros2_ws/install/python_parameters:/home/leejunmi/ros2_ws/install/pkpk:/home/leejunmi/ros2_ws/install/msg_test:/home/leejunmi/ros2_ws/install/my_package:/home/leejunmi/ros2_ws/install/launch_testing_examples:/home/leejunmi/ros2_ws/install/examples_rclpy_pointcloud_publisher:/home/leejunmi/ros2_ws/install/examples_rclpy_minimal_subscriber:/home/leejunmi/ros2_ws/install/examples_rclpy_minimal_service:/home/leejunmi/ros2_ws/install/examples_rclpy_minimal_publisher:/home/leejunmi/ros2_ws/install/examples_rclpy_minimal_client:/home/leejunmi/ros2_ws/install/examples_rclpy_minimal_action_server:/home/leejunmi/ros2_ws/install/examples_rclpy_minimal_action_client:/home/leejunmi/ros2_ws/install/examples_rclpy_guard_conditions:/home/leejunmi/ros2_ws/install/examples_rclpy_executors:/opt/ros/humble /usr/bin/cmake --install /home/leejunmi/ros2_ws/build/tutorial_interfaces
[1.067s] -- Install configuration: ""
[1.067s] -- Up-to-date: /home/leejunmi/ros2_ws/install/tutorial_interfaces/share/ament_index/resource_index/rosidl_interfaces/tutorial_interfaces
[1.067s] -- Up-to-date: /home/leejunmi/ros2_ws/install/tutorial_interfaces/include/tutorial_interfaces/tutorial_interfaces
[1.067s] -- Up-to-date: /home/leejunmi/ros2_ws/install/tutorial_interfaces/include/tutorial_interfaces/tutorial_interfaces/msg
[1.067s] -- Up-to-date: /home/leejunmi/ros2_ws/install/tutorial_interfaces/include/tutorial_interfaces/tutorial_interfaces/msg/num.h
[1.068s] -- Up-to-date: /home/leejunmi/ros2_ws/install/tutorial_interfaces/include/tutorial_interfaces/tutorial_interfaces/msg/sphere.h
[1.068s] -- Up-to-date: /home/leejunmi/ros2_ws/install/tutorial_interfaces/include/tutorial_interfaces/tutorial_interfaces/msg/detail
[1.068s] -- Up-to-date: /home/leejunmi/ros2_ws/install/tutorial_interfaces/include/tutorial_interfaces/tutorial_interfaces/msg/detail/sphere__functions.c
[1.068s] -- Up-to-date: /home/leejunmi/ros2_ws/install/tutorial_interfaces/include/tutorial_interfaces/tutorial_interfaces/msg/detail/sphere__type_support.h
[1.068s] -- Up-to-date: /home/leejunmi/ros2_ws/install/tutorial_interfaces/include/tutorial_interfaces/tutorial_interfaces/msg/detail/sphere__functions.h
[1.068s] -- Up-to-date: /home/leejunmi/ros2_ws/install/tutorial_interfaces/include/tutorial_interfaces/tutorial_interfaces/msg/detail/sphere__struct.h
[1.068s] -- Up-to-date: /home/leejunmi/ros2_ws/install/tutorial_interfaces/include/tutorial_interfaces/tutorial_interfaces/msg/detail/num__struct.h
[1.069s] -- Up-to-date: /home/leejunmi/ros2_ws/install/tutorial_interfaces/include/tutorial_interfaces/tutorial_interfaces/msg/detail/num__type_support.h
[1.069s] -- Up-to-date: /home/leejunmi/ros2_ws/install/tutorial_interfaces/include/tutorial_interfaces/tutorial_interfaces/msg/detail/num__functions.c
[1.069s] -- Up-to-date: /home/leejunmi/ros2_ws/install/tutorial_interfaces/include/tutorial_interfaces/tutorial_interfaces/msg/detail/num__functions.h
[1.069s] -- Up-to-date: /home/leejunmi/ros2_ws/install/tutorial_interfaces/include/tutorial_interfaces/tutorial_interfaces/msg/rosidl_generator_c__visibility_control.h
[1.069s] -- Up-to-date: /home/leejunmi/ros2_ws/install/tutorial_interfaces/include/tutorial_interfaces/tutorial_interfaces/srv
[1.069s] -- Up-to-date: /home/leejunmi/ros2_ws/install/tutorial_interfaces/include/tutorial_interfaces/tutorial_interfaces/srv/detail
[1.070s] -- Up-to-date: /home/leejunmi/ros2_ws/install/tutorial_interfaces/include/tutorial_interfaces/tutorial_interfaces/srv/detail/add_three_ints__type_support.h
[1.070s] -- Up-to-date: /home/leejunmi/ros2_ws/install/tutorial_interfaces/include/tutorial_interfaces/tutorial_interfaces/srv/detail/add_three_ints__functions.c
[1.070s] -- Up-to-date: /home/leejunmi/ros2_ws/install/tutorial_interfaces/include/tutorial_interfaces/tutorial_interfaces/srv/detail/add_three_ints__functions.h
[1.070s] -- Up-to-date: /home/leejunmi/ros2_ws/install/tutorial_interfaces/include/tutorial_interfaces/tutorial_interfaces/srv/detail/add_three_ints__struct.h
[1.070s] -- Up-to-date: /home/leejunmi/ros2_ws/install/tutorial_interfaces/include/tutorial_interfaces/tutorial_interfaces/srv/add_three_ints.h
[1.070s] -- Up-to-date: /home/leejunmi/ros2_ws/install/tutorial_interfaces/share/tutorial_interfaces/environment/library_path.sh
[1.070s] -- Up-to-date: /home/leejunmi/ros2_ws/install/tutorial_interfaces/share/tutorial_interfaces/environment/library_path.dsv
[1.070s] -- Up-to-date: /home/leejunmi/ros2_ws/install/tutorial_interfaces/lib/libtutorial_interfaces__rosidl_generator_c.so
[1.070s] -- Up-to-date: /home/leejunmi/ros2_ws/install/tutorial_interfaces/include/tutorial_interfaces/tutorial_interfaces
[1.071s] -- Up-to-date: /home/leejunmi/ros2_ws/install/tutorial_interfaces/include/tutorial_interfaces/tutorial_interfaces/msg
[1.071s] -- Up-to-date: /home/leejunmi/ros2_ws/install/tutorial_interfaces/include/tutorial_interfaces/tutorial_interfaces/msg/rosidl_typesupport_fastrtps_c__visibility_control.h
[1.071s] -- Up-to-date: /home/leejunmi/ros2_ws/install/tutorial_interfaces/include/tutorial_interfaces/tutorial_interfaces/msg/detail
[1.071s] -- Up-to-date: /home/leejunmi/ros2_ws/install/tutorial_interfaces/include/tutorial_interfaces/tutorial_interfaces/msg/detail/sphere__rosidl_typesupport_fastrtps_c.h
[1.071s] -- Up-to-date: /home/leejunmi/ros2_ws/install/tutorial_interfaces/include/tutorial_interfaces/tutorial_interfaces/msg/detail/num__rosidl_typesupport_fastrtps_c.h
[1.071s] -- Up-to-date: /home/leejunmi/ros2_ws/install/tutorial_interfaces/include/tutorial_interfaces/tutorial_interfaces/srv
[1.071s] -- Up-to-date: /home/leejunmi/ros2_ws/install/tutorial_interfaces/include/tutorial_interfaces/tutorial_interfaces/srv/detail
[1.071s] -- Up-to-date: /home/leejunmi/ros2_ws/install/tutorial_interfaces/include/tutorial_interfaces/tutorial_interfaces/srv/detail/add_three_ints__rosidl_typesupport_fastrtps_c.h
[1.072s] -- Up-to-date: /home/leejunmi/ros2_ws/install/tutorial_interfaces/lib/libtutorial_interfaces__rosidl_typesupport_fastrtps_c.so
[1.072s] -- Up-to-date: /home/leejunmi/ros2_ws/install/tutorial_interfaces/include/tutorial_interfaces/tutorial_interfaces
[1.072s] -- Up-to-date: /home/leejunmi/ros2_ws/install/tutorial_interfaces/include/tutorial_interfaces/tutorial_interfaces/msg
[1.072s] -- Up-to-date: /home/leejunmi/ros2_ws/install/tutorial_interfaces/include/tutorial_interfaces/tutorial_interfaces/msg/sphere.hpp
[1.072s] -- Up-to-date: /home/leejunmi/ros2_ws/install/tutorial_interfaces/include/tutorial_interfaces/tutorial_interfaces/msg/detail
[1.072s] -- Up-to-date: /home/leejunmi/ros2_ws/install/tutorial_interfaces/include/tutorial_interfaces/tutorial_interfaces/msg/detail/num__builder.hpp
[1.072s] -- Up-to-date: /home/leejunmi/ros2_ws/install/tutorial_interfaces/include/tutorial_interfaces/tutorial_interfaces/msg/detail/sphere__traits.hpp
[1.072s] -- Up-to-date: /home/leejunmi/ros2_ws/install/tutorial_interfaces/include/tutorial_interfaces/tutorial_interfaces/msg/detail/sphere__builder.hpp
[1.073s] -- Up-to-date: /home/leejunmi/ros2_ws/install/tutorial_interfaces/include/tutorial_interfaces/tutorial_interfaces/msg/detail/num__struct.hpp
[1.073s] -- Up-to-date: /home/leejunmi/ros2_ws/install/tutorial_interfaces/include/tutorial_interfaces/tutorial_interfaces/msg/detail/num__traits.hpp
[1.073s] -- Up-to-date: /home/leejunmi/ros2_ws/install/tutorial_interfaces/include/tutorial_interfaces/tutorial_interfaces/msg/detail/sphere__struct.hpp
[1.073s] -- Up-to-date: /home/leejunmi/ros2_ws/install/tutorial_interfaces/include/tutorial_interfaces/tutorial_interfaces/msg/num.hpp
[1.073s] -- Up-to-date: /home/leejunmi/ros2_ws/install/tutorial_interfaces/include/tutorial_interfaces/tutorial_interfaces/srv
[1.073s] -- Up-to-date: /home/leejunmi/ros2_ws/install/tutorial_interfaces/include/tutorial_interfaces/tutorial_interfaces/srv/add_three_ints.hpp
[1.073s] -- Up-to-date: /home/leejunmi/ros2_ws/install/tutorial_interfaces/include/tutorial_interfaces/tutorial_interfaces/srv/detail
[1.073s] -- Up-to-date: /home/leejunmi/ros2_ws/install/tutorial_interfaces/include/tutorial_interfaces/tutorial_interfaces/srv/detail/add_three_ints__traits.hpp
[1.074s] -- Up-to-date: /home/leejunmi/ros2_ws/install/tutorial_interfaces/include/tutorial_interfaces/tutorial_interfaces/srv/detail/add_three_ints__builder.hpp
[1.074s] -- Up-to-date: /home/leejunmi/ros2_ws/install/tutorial_interfaces/include/tutorial_interfaces/tutorial_interfaces/srv/detail/add_three_ints__struct.hpp
[1.074s] -- Up-to-date: /home/leejunmi/ros2_ws/install/tutorial_interfaces/include/tutorial_interfaces/tutorial_interfaces
[1.074s] -- Up-to-date: /home/leejunmi/ros2_ws/install/tutorial_interfaces/include/tutorial_interfaces/tutorial_interfaces/msg
[1.074s] -- Up-to-date: /home/leejunmi/ros2_ws/install/tutorial_interfaces/include/tutorial_interfaces/tutorial_interfaces/msg/rosidl_typesupport_fastrtps_cpp__visibility_control.h
[1.074s] -- Up-to-date: /home/leejunmi/ros2_ws/install/tutorial_interfaces/include/tutorial_interfaces/tutorial_interfaces/msg/detail
[1.074s] -- Up-to-date: /home/leejunmi/ros2_ws/install/tutorial_interfaces/include/tutorial_interfaces/tutorial_interfaces/msg/detail/num__rosidl_typesupport_fastrtps_cpp.hpp
[1.074s] -- Up-to-date: /home/leejunmi/ros2_ws/install/tutorial_interfaces/include/tutorial_interfaces/tutorial_interfaces/msg/detail/dds_fastrtps
[1.075s] -- Up-to-date: /home/leejunmi/ros2_ws/install/tutorial_interfaces/include/tutorial_interfaces/tutorial_interfaces/msg/detail/sphere__rosidl_typesupport_fastrtps_cpp.hpp
[1.075s] -- Up-to-date: /home/leejunmi/ros2_ws/install/tutorial_interfaces/include/tutorial_interfaces/tutorial_interfaces/srv
[1.075s] -- Up-to-date: /home/leejunmi/ros2_ws/install/tutorial_interfaces/include/tutorial_interfaces/tutorial_interfaces/srv/detail
[1.075s] -- Up-to-date: /home/leejunmi/ros2_ws/install/tutorial_interfaces/include/tutorial_interfaces/tutorial_interfaces/srv/detail/dds_fastrtps
[1.075s] -- Up-to-date: /home/leejunmi/ros2_ws/install/tutorial_interfaces/include/tutorial_interfaces/tutorial_interfaces/srv/detail/add_three_ints__rosidl_typesupport_fastrtps_cpp.hpp
[1.075s] -- Up-to-date: /home/leejunmi/ros2_ws/install/tutorial_interfaces/lib/libtutorial_interfaces__rosidl_typesupport_fastrtps_cpp.so
[1.075s] -- Up-to-date: /home/leejunmi/ros2_ws/install/tutorial_interfaces/include/tutorial_interfaces/tutorial_interfaces
[1.075s] -- Up-to-date: /home/leejunmi/ros2_ws/install/tutorial_interfaces/include/tutorial_interfaces/tutorial_interfaces/msg
[1.075s] -- Up-to-date: /home/leejunmi/ros2_ws/install/tutorial_interfaces/include/tutorial_interfaces/tutorial_interfaces/msg/rosidl_typesupport_introspection_c__visibility_control.h
[1.076s] -- Up-to-date: /home/leejunmi/ros2_ws/install/tutorial_interfaces/include/tutorial_interfaces/tutorial_interfaces/msg/detail
[1.076s] -- Up-to-date: /home/leejunmi/ros2_ws/install/tutorial_interfaces/include/tutorial_interfaces/tutorial_interfaces/msg/detail/sphere__rosidl_typesupport_introspection_c.h
[1.076s] -- Up-to-date: /home/leejunmi/ros2_ws/install/tutorial_interfaces/include/tutorial_interfaces/tutorial_interfaces/msg/detail/sphere__type_support.c
[1.076s] -- Up-to-date: /home/leejunmi/ros2_ws/install/tutorial_interfaces/include/tutorial_interfaces/tutorial_interfaces/msg/detail/num__type_support.c
[1.076s] -- Up-to-date: /home/leejunmi/ros2_ws/install/tutorial_interfaces/include/tutorial_interfaces/tutorial_interfaces/msg/detail/num__rosidl_typesupport_introspection_c.h
[1.076s] -- Up-to-date: /home/leejunmi/ros2_ws/install/tutorial_interfaces/include/tutorial_interfaces/tutorial_interfaces/srv
[1.076s] -- Up-to-date: /home/leejunmi/ros2_ws/install/tutorial_interfaces/include/tutorial_interfaces/tutorial_interfaces/srv/detail
[1.076s] -- Up-to-date: /home/leejunmi/ros2_ws/install/tutorial_interfaces/include/tutorial_interfaces/tutorial_interfaces/srv/detail/add_three_ints__rosidl_typesupport_introspection_c.h
[1.076s] -- Up-to-date: /home/leejunmi/ros2_ws/install/tutorial_interfaces/include/tutorial_interfaces/tutorial_interfaces/srv/detail/add_three_ints__type_support.c
[1.077s] -- Up-to-date: /home/leejunmi/ros2_ws/install/tutorial_interfaces/lib/libtutorial_interfaces__rosidl_typesupport_introspection_c.so
[1.077s] -- Up-to-date: /home/leejunmi/ros2_ws/install/tutorial_interfaces/lib/libtutorial_interfaces__rosidl_typesupport_c.so
[1.077s] -- Up-to-date: /home/leejunmi/ros2_ws/install/tutorial_interfaces/include/tutorial_interfaces/tutorial_interfaces
[1.077s] -- Up-to-date: /home/leejunmi/ros2_ws/install/tutorial_interfaces/include/tutorial_interfaces/tutorial_interfaces/msg
[1.077s] -- Up-to-date: /home/leejunmi/ros2_ws/install/tutorial_interfaces/include/tutorial_interfaces/tutorial_interfaces/msg/detail
[1.078s] -- Up-to-date: /home/leejunmi/ros2_ws/install/tutorial_interfaces/include/tutorial_interfaces/tutorial_interfaces/msg/detail/num__rosidl_typesupport_introspection_cpp.hpp
[1.078s] -- Up-to-date: /home/leejunmi/ros2_ws/install/tutorial_interfaces/include/tutorial_interfaces/tutorial_interfaces/msg/detail/num__type_support.cpp
[1.078s] -- Up-to-date: /home/leejunmi/ros2_ws/install/tutorial_interfaces/include/tutorial_interfaces/tutorial_interfaces/msg/detail/sphere__type_support.cpp
[1.078s] -- Up-to-date: /home/leejunmi/ros2_ws/install/tutorial_interfaces/include/tutorial_interfaces/tutorial_interfaces/msg/detail/sphere__rosidl_typesupport_introspection_cpp.hpp
[1.078s] -- Up-to-date: /home/leejunmi/ros2_ws/install/tutorial_interfaces/include/tutorial_interfaces/tutorial_interfaces/srv
[1.078s] -- Up-to-date: /home/leejunmi/ros2_ws/install/tutorial_interfaces/include/tutorial_interfaces/tutorial_interfaces/srv/detail
[1.078s] -- Up-to-date: /home/leejunmi/ros2_ws/install/tutorial_interfaces/include/tutorial_interfaces/tutorial_interfaces/srv/detail/add_three_ints__type_support.cpp
[1.078s] -- Up-to-date: /home/leejunmi/ros2_ws/install/tutorial_interfaces/include/tutorial_interfaces/tutorial_interfaces/srv/detail/add_three_ints__rosidl_typesupport_introspection_cpp.hpp
[1.079s] -- Up-to-date: /home/leejunmi/ros2_ws/install/tutorial_interfaces/lib/libtutorial_interfaces__rosidl_typesupport_introspection_cpp.so
[1.079s] -- Up-to-date: /home/leejunmi/ros2_ws/install/tutorial_interfaces/lib/libtutorial_interfaces__rosidl_typesupport_cpp.so
[1.079s] -- Up-to-date: /home/leejunmi/ros2_ws/install/tutorial_interfaces/share/tutorial_interfaces/environment/pythonpath.sh
[1.079s] -- Up-to-date: /home/leejunmi/ros2_ws/install/tutorial_interfaces/share/tutorial_interfaces/environment/pythonpath.dsv
[1.079s] -- Up-to-date: /home/leejunmi/ros2_ws/install/tutorial_interfaces/local/lib/python3.10/dist-packages/tutorial_interfaces-0.0.0-py3.10.egg-info
[1.079s] -- Installing: /home/leejunmi/ros2_ws/install/tutorial_interfaces/local/lib/python3.10/dist-packages/tutorial_interfaces-0.0.0-py3.10.egg-info/PKG-INFO
[1.080s] -- Installing: /home/leejunmi/ros2_ws/install/tutorial_interfaces/local/lib/python3.10/dist-packages/tutorial_interfaces-0.0.0-py3.10.egg-info/top_level.txt
[1.080s] -- Installing: /home/leejunmi/ros2_ws/install/tutorial_interfaces/local/lib/python3.10/dist-packages/tutorial_interfaces-0.0.0-py3.10.egg-info/SOURCES.txt
[1.080s] -- Installing: /home/leejunmi/ros2_ws/install/tutorial_interfaces/local/lib/python3.10/dist-packages/tutorial_interfaces-0.0.0-py3.10.egg-info/dependency_links.txt
[1.080s] -- Up-to-date: /home/leejunmi/ros2_ws/install/tutorial_interfaces/local/lib/python3.10/dist-packages/tutorial_interfaces
[1.080s] -- Up-to-date: /home/leejunmi/ros2_ws/install/tutorial_interfaces/local/lib/python3.10/dist-packages/tutorial_interfaces/_tutorial_interfaces_s.ep.rosidl_typesupport_introspection_c.c
[1.081s] -- Up-to-date: /home/leejunmi/ros2_ws/install/tutorial_interfaces/local/lib/python3.10/dist-packages/tutorial_interfaces/msg
[1.081s] -- Up-to-date: /home/leejunmi/ros2_ws/install/tutorial_interfaces/local/lib/python3.10/dist-packages/tutorial_interfaces/msg/_sphere_s.c
[1.081s] -- Up-to-date: /home/leejunmi/ros2_ws/install/tutorial_interfaces/local/lib/python3.10/dist-packages/tutorial_interfaces/msg/_num.py
[1.081s] -- Up-to-date: /home/leejunmi/ros2_ws/install/tutorial_interfaces/local/lib/python3.10/dist-packages/tutorial_interfaces/msg/_sphere.py
[1.081s] -- Up-to-date: /home/leejunmi/ros2_ws/install/tutorial_interfaces/local/lib/python3.10/dist-packages/tutorial_interfaces/msg/_num_s.c
[1.081s] -- Up-to-date: /home/leejunmi/ros2_ws/install/tutorial_interfaces/local/lib/python3.10/dist-packages/tutorial_interfaces/msg/__init__.py
[1.081s] -- Up-to-date: /home/leejunmi/ros2_ws/install/tutorial_interfaces/local/lib/python3.10/dist-packages/tutorial_interfaces/_tutorial_interfaces_s.ep.rosidl_typesupport_fastrtps_c.c
[1.081s] -- Up-to-date: /home/leejunmi/ros2_ws/install/tutorial_interfaces/local/lib/python3.10/dist-packages/tutorial_interfaces/libtutorial_interfaces__rosidl_generator_py.so
[1.082s] -- Up-to-date: /home/leejunmi/ros2_ws/install/tutorial_interfaces/local/lib/python3.10/dist-packages/tutorial_interfaces/tutorial_interfaces_s__rosidl_typesupport_c.cpython-310-x86_64-linux-gnu.so
[1.082s] -- Up-to-date: /home/leejunmi/ros2_ws/install/tutorial_interfaces/local/lib/python3.10/dist-packages/tutorial_interfaces/srv
[1.082s] -- Up-to-date: /home/leejunmi/ros2_ws/install/tutorial_interfaces/local/lib/python3.10/dist-packages/tutorial_interfaces/srv/_add_three_ints_s.c
[1.082s] -- Up-to-date: /home/leejunmi/ros2_ws/install/tutorial_interfaces/local/lib/python3.10/dist-packages/tutorial_interfaces/srv/__init__.py
[1.082s] -- Up-to-date: /home/leejunmi/ros2_ws/install/tutorial_interfaces/local/lib/python3.10/dist-packages/tutorial_interfaces/srv/_add_three_ints.py
[1.082s] -- Up-to-date: /home/leejunmi/ros2_ws/install/tutorial_interfaces/local/lib/python3.10/dist-packages/tutorial_interfaces/_tutorial_interfaces_s.ep.rosidl_typesupport_c.c
[1.082s] -- Up-to-date: /home/leejunmi/ros2_ws/install/tutorial_interfaces/local/lib/python3.10/dist-packages/tutorial_interfaces/__init__.py
[1.082s] -- Up-to-date: /home/leejunmi/ros2_ws/install/tutorial_interfaces/local/lib/python3.10/dist-packages/tutorial_interfaces/tutorial_interfaces_s__rosidl_typesupport_fastrtps_c.cpython-310-x86_64-linux-gnu.so
[1.082s] -- Up-to-date: /home/leejunmi/ros2_ws/install/tutorial_interfaces/local/lib/python3.10/dist-packages/tutorial_interfaces/tutorial_interfaces_s__rosidl_typesupport_introspection_c.cpython-310-x86_64-linux-gnu.so
[1.110s] Listing '/home/leejunmi/ros2_ws/install/tutorial_interfaces/local/lib/python3.10/dist-packages/tutorial_interfaces'...
[1.110s] Listing '/home/leejunmi/ros2_ws/install/tutorial_interfaces/local/lib/python3.10/dist-packages/tutorial_interfaces/msg'...
[1.110s] Listing '/home/leejunmi/ros2_ws/install/tutorial_interfaces/local/lib/python3.10/dist-packages/tutorial_interfaces/srv'...
[1.115s] -- Up-to-date: /home/leejunmi/ros2_ws/install/tutorial_interfaces/local/lib/python3.10/dist-packages/tutorial_interfaces/tutorial_interfaces_s__rosidl_typesupport_fastrtps_c.cpython-310-x86_64-linux-gnu.so
[1.116s] -- Up-to-date: /home/leejunmi/ros2_ws/install/tutorial_interfaces/local/lib/python3.10/dist-packages/tutorial_interfaces/tutorial_interfaces_s__rosidl_typesupport_introspection_c.cpython-310-x86_64-linux-gnu.so
[1.116s] -- Up-to-date: /home/leejunmi/ros2_ws/install/tutorial_interfaces/local/lib/python3.10/dist-packages/tutorial_interfaces/tutorial_interfaces_s__rosidl_typesupport_c.cpython-310-x86_64-linux-gnu.so
[1.116s] -- Up-to-date: /home/leejunmi/ros2_ws/install/tutorial_interfaces/lib/libtutorial_interfaces__rosidl_generator_py.so
[1.116s] -- Up-to-date: /home/leejunmi/ros2_ws/install/tutorial_interfaces/share/tutorial_interfaces/msg/Num.idl
[1.116s] -- Up-to-date: /home/leejunmi/ros2_ws/install/tutorial_interfaces/share/tutorial_interfaces/msg/Sphere.idl
[1.116s] -- Up-to-date: /home/leejunmi/ros2_ws/install/tutorial_interfaces/share/tutorial_interfaces/srv/AddThreeInts.idl
[1.117s] -- Up-to-date: /home/leejunmi/ros2_ws/install/tutorial_interfaces/share/tutorial_interfaces/msg/Num.msg
[1.117s] -- Up-to-date: /home/leejunmi/ros2_ws/install/tutorial_interfaces/share/tutorial_interfaces/msg/Sphere.msg
[1.117s] -- Up-to-date: /home/leejunmi/ros2_ws/install/tutorial_interfaces/share/tutorial_interfaces/srv/AddThreeInts.srv
[1.117s] -- Up-to-date: /home/leejunmi/ros2_ws/install/tutorial_interfaces/share/tutorial_interfaces/srv/AddThreeInts_Request.msg
[1.117s] -- Up-to-date: /home/leejunmi/ros2_ws/install/tutorial_interfaces/share/tutorial_interfaces/srv/AddThreeInts_Response.msg
[1.117s] -- Up-to-date: /home/leejunmi/ros2_ws/install/tutorial_interfaces/share/ament_index/resource_index/package_run_dependencies/tutorial_interfaces
[1.117s] -- Up-to-date: /home/leejunmi/ros2_ws/install/tutorial_interfaces/share/ament_index/resource_index/parent_prefix_path/tutorial_interfaces
[1.117s] -- Up-to-date: /home/leejunmi/ros2_ws/install/tutorial_interfaces/share/tutorial_interfaces/environment/ament_prefix_path.sh
[1.117s] -- Up-to-date: /home/leejunmi/ros2_ws/install/tutorial_interfaces/share/tutorial_interfaces/environment/ament_prefix_path.dsv
[1.117s] -- Up-to-date: /home/leejunmi/ros2_ws/install/tutorial_interfaces/share/tutorial_interfaces/environment/path.sh
[1.117s] -- Up-to-date: /home/leejunmi/ros2_ws/install/tutorial_interfaces/share/tutorial_interfaces/environment/path.dsv
[1.117s] -- Up-to-date: /home/leejunmi/ros2_ws/install/tutorial_interfaces/share/tutorial_interfaces/local_setup.bash
[1.118s] -- Up-to-date: /home/leejunmi/ros2_ws/install/tutorial_interfaces/share/tutorial_interfaces/local_setup.sh
[1.118s] -- Up-to-date: /home/leejunmi/ros2_ws/install/tutorial_interfaces/share/tutorial_interfaces/local_setup.zsh
[1.118s] -- Up-to-date: /home/leejunmi/ros2_ws/install/tutorial_interfaces/share/tutorial_interfaces/local_setup.dsv
[1.118s] -- Installing: /home/leejunmi/ros2_ws/install/tutorial_interfaces/share/tutorial_interfaces/package.dsv
[1.118s] -- Up-to-date: /home/leejunmi/ros2_ws/install/tutorial_interfaces/share/ament_index/resource_index/packages/tutorial_interfaces
[1.118s] -- Up-to-date: /home/leejunmi/ros2_ws/install/tutorial_interfaces/share/tutorial_interfaces/cmake/export_tutorial_interfaces__rosidl_generator_cExport.cmake
[1.118s] -- Up-to-date: /home/leejunmi/ros2_ws/install/tutorial_interfaces/share/tutorial_interfaces/cmake/export_tutorial_interfaces__rosidl_generator_cExport-noconfig.cmake
[1.118s] -- Up-to-date: /home/leejunmi/ros2_ws/install/tutorial_interfaces/share/tutorial_interfaces/cmake/export_tutorial_interfaces__rosidl_typesupport_fastrtps_cExport.cmake
[1.118s] -- Up-to-date: /home/leejunmi/ros2_ws/install/tutorial_interfaces/share/tutorial_interfaces/cmake/export_tutorial_interfaces__rosidl_typesupport_fastrtps_cExport-noconfig.cmake
[1.118s] -- Up-to-date: /home/leejunmi/ros2_ws/install/tutorial_interfaces/share/tutorial_interfaces/cmake/export_tutorial_interfaces__rosidl_generator_cppExport.cmake
[1.118s] -- Up-to-date: /home/leejunmi/ros2_ws/install/tutorial_interfaces/share/tutorial_interfaces/cmake/export_tutorial_interfaces__rosidl_typesupport_fastrtps_cppExport.cmake
[1.118s] -- Up-to-date: /home/leejunmi/ros2_ws/install/tutorial_interfaces/share/tutorial_interfaces/cmake/export_tutorial_interfaces__rosidl_typesupport_fastrtps_cppExport-noconfig.cmake
[1.118s] -- Up-to-date: /home/leejunmi/ros2_ws/install/tutorial_interfaces/share/tutorial_interfaces/cmake/tutorial_interfaces__rosidl_typesupport_introspection_cExport.cmake
[1.118s] -- Up-to-date: /home/leejunmi/ros2_ws/install/tutorial_interfaces/share/tutorial_interfaces/cmake/tutorial_interfaces__rosidl_typesupport_introspection_cExport-noconfig.cmake
[1.118s] -- Up-to-date: /home/leejunmi/ros2_ws/install/tutorial_interfaces/share/tutorial_interfaces/cmake/tutorial_interfaces__rosidl_typesupport_cExport.cmake
[1.119s] -- Up-to-date: /home/leejunmi/ros2_ws/install/tutorial_interfaces/share/tutorial_interfaces/cmake/tutorial_interfaces__rosidl_typesupport_cExport-noconfig.cmake
[1.119s] -- Up-to-date: /home/leejunmi/ros2_ws/install/tutorial_interfaces/share/tutorial_interfaces/cmake/tutorial_interfaces__rosidl_typesupport_introspection_cppExport.cmake
[1.119s] -- Up-to-date: /home/leejunmi/ros2_ws/install/tutorial_interfaces/share/tutorial_interfaces/cmake/tutorial_interfaces__rosidl_typesupport_introspection_cppExport-noconfig.cmake
[1.119s] -- Up-to-date: /home/leejunmi/ros2_ws/install/tutorial_interfaces/share/tutorial_interfaces/cmake/tutorial_interfaces__rosidl_typesupport_cppExport.cmake
[1.119s] -- Up-to-date: /home/leejunmi/ros2_ws/install/tutorial_interfaces/share/tutorial_interfaces/cmake/tutorial_interfaces__rosidl_typesupport_cppExport-noconfig.cmake
[1.119s] -- Up-to-date: /home/leejunmi/ros2_ws/install/tutorial_interfaces/share/tutorial_interfaces/cmake/export_tutorial_interfaces__rosidl_generator_pyExport.cmake
[1.119s] -- Up-to-date: /home/leejunmi/ros2_ws/install/tutorial_interfaces/share/tutorial_interfaces/cmake/export_tutorial_interfaces__rosidl_generator_pyExport-noconfig.cmake
[1.119s] -- Up-to-date: /home/leejunmi/ros2_ws/install/tutorial_interfaces/share/tutorial_interfaces/cmake/rosidl_cmake-extras.cmake
[1.119s] -- Up-to-date: /home/leejunmi/ros2_ws/install/tutorial_interfaces/share/tutorial_interfaces/cmake/ament_cmake_export_dependencies-extras.cmake
[1.119s] -- Up-to-date: /home/leejunmi/ros2_ws/install/tutorial_interfaces/share/tutorial_interfaces/cmake/ament_cmake_export_include_directories-extras.cmake
[1.120s] -- Up-to-date: /home/leejunmi/ros2_ws/install/tutorial_interfaces/share/tutorial_interfaces/cmake/ament_cmake_export_libraries-extras.cmake
[1.120s] -- Up-to-date: /home/leejunmi/ros2_ws/install/tutorial_interfaces/share/tutorial_interfaces/cmake/ament_cmake_export_targets-extras.cmake
[1.120s] -- Up-to-date: /home/leejunmi/ros2_ws/install/tutorial_interfaces/share/tutorial_interfaces/cmake/rosidl_cmake_export_typesupport_targets-extras.cmake
[1.120s] -- Up-to-date: /home/leejunmi/ros2_ws/install/tutorial_interfaces/share/tutorial_interfaces/cmake/rosidl_cmake_export_typesupport_libraries-extras.cmake
[1.120s] -- Up-to-date: /home/leejunmi/ros2_ws/install/tutorial_interfaces/share/tutorial_interfaces/cmake/tutorial_interfacesConfig.cmake
[1.120s] -- Up-to-date: /home/leejunmi/ros2_ws/install/tutorial_interfaces/share/tutorial_interfaces/cmake/tutorial_interfacesConfig-version.cmake
[1.120s] -- Up-to-date: /home/leejunmi/ros2_ws/install/tutorial_interfaces/share/tutorial_interfaces/package.xml
[1.833s] Invoked command in '/home/leejunmi/ros2_ws/build/tutorial_interfaces' returned '0': CMAKE_PREFIX_PATH=${CMAKE_PREFIX_PATH}:/home/leejunmi/ros2_ws/install/py_pubsub:/home/leejunmi/ros2_ws/install/test_pkg:/home/leejunmi/ros2_ws/install/python_parameters:/home/leejunmi/ros2_ws/install/pkpk:/home/leejunmi/ros2_ws/install/msg_test:/home/leejunmi/ros2_ws/install/my_package:/home/leejunmi/ros2_ws/install/launch_testing_examples:/home/leejunmi/ros2_ws/install/examples_rclpy_pointcloud_publisher:/home/leejunmi/ros2_ws/install/examples_rclpy_minimal_subscriber:/home/leejunmi/ros2_ws/install/examples_rclpy_minimal_service:/home/leejunmi/ros2_ws/install/examples_rclpy_minimal_publisher:/home/leejunmi/ros2_ws/install/examples_rclpy_minimal_client:/home/leejunmi/ros2_ws/install/examples_rclpy_minimal_action_server:/home/leejunmi/ros2_ws/install/examples_rclpy_minimal_action_client:/home/leejunmi/ros2_ws/install/examples_rclpy_guard_conditions:/home/leejunmi/ros2_ws/install/examples_rclpy_executors:/opt/ros/humble /usr/bin/cmake --install /home/leejunmi/ros2_ws/build/tutorial_interfaces
