[0.110s] DEBUG:colcon:Command line arguments: ['/usr/bin/colcon', 'build']
[0.110s] DEBUG:colcon:Parsed command line arguments: Namespace(log_base=None, log_level=None, verb_name='build', build_base='build', install_base='install', merge_install=False, symlink_install=False, test_result_base=None, continue_on_error=False, executor='parallel', parallel_workers=8, event_handlers=None, ignore_user_meta=False, metas=['./colcon.meta'], base_paths=['.'], packages_ignore=None, packages_ignore_regex=None, paths=None, packages_up_to=None, packages_up_to_regex=None, packages_above=None, packages_above_and_dependencies=None, packages_above_depth=None, packages_select_by_dep=None, packages_skip_by_dep=None, packages_skip_up_to=None, packages_select_build_failed=False, packages_skip_build_finished=False, packages_select_test_failures=False, packages_skip_test_passed=False, packages_select=None, packages_skip=None, packages_select_regex=None, packages_skip_regex=None, packages_start=None, packages_end=None, allow_overriding=[], cmake_args=None, cmake_target=None, cmake_target_skip_unavailable=False, cmake_clean_cache=False, cmake_clean_first=False, cmake_force_configure=False, ament_cmake_args=None, catkin_cmake_args=None, catkin_skip_building_tests=False, mixin_files=None, mixin=None, verb_parser=<colcon_mixin.mixin.mixin_argument.MixinArgumentDecorator object at 0x7c404c7162c0>, verb_extension=<colcon_core.verb.build.BuildVerb object at 0x7c404c715d50>, main=<bound method BuildVerb.main of <colcon_core.verb.build.BuildVerb object at 0x7c404c715d50>>, mixin_verb=('build',))
[0.302s] Level 1:colcon.colcon_core.package_discovery:discover_packages(colcon_meta) check parameters
[0.302s] Level 1:colcon.colcon_core.package_discovery:discover_packages(recursive) check parameters
[0.302s] Level 1:colcon.colcon_core.package_discovery:discover_packages(ignore) check parameters
[0.302s] Level 1:colcon.colcon_core.package_discovery:discover_packages(path) check parameters
[0.302s] Level 1:colcon.colcon_core.package_discovery:discover_packages(colcon_meta) discover
[0.302s] Level 1:colcon.colcon_core.package_discovery:discover_packages(recursive) discover
[0.302s] INFO:colcon.colcon_core.package_discovery:Crawling recursively for packages in '/home/leejunmi/ros2_ws'
[0.302s] Level 1:colcon.colcon_core.package_identification:_identify(.) by extensions ['ignore', 'ignore_ament_install']
[0.303s] Level 1:colcon.colcon_core.package_identification:_identify(.) by extension 'ignore'
[0.303s] Level 1:colcon.colcon_core.package_identification:_identify(.) by extension 'ignore_ament_install'
[0.303s] Level 1:colcon.colcon_core.package_identification:_identify(.) by extensions ['colcon_pkg']
[0.303s] Level 1:colcon.colcon_core.package_identification:_identify(.) by extension 'colcon_pkg'
[0.303s] Level 1:colcon.colcon_core.package_identification:_identify(.) by extensions ['colcon_meta']
[0.303s] Level 1:colcon.colcon_core.package_identification:_identify(.) by extension 'colcon_meta'
[0.303s] Level 1:colcon.colcon_core.package_identification:_identify(.) by extensions ['ros']
[0.303s] Level 1:colcon.colcon_core.package_identification:_identify(.) by extension 'ros'
[0.322s] Level 1:colcon.colcon_core.package_identification:_identify(.) by extensions ['cmake', 'python']
[0.322s] Level 1:colcon.colcon_core.package_identification:_identify(.) by extension 'cmake'
[0.322s] Level 1:colcon.colcon_core.package_identification:_identify(.) by extension 'python'
[0.322s] Level 1:colcon.colcon_core.package_identification:_identify(.) by extensions ['python_setup_py']
[0.322s] Level 1:colcon.colcon_core.package_identification:_identify(.) by extension 'python_setup_py'
[0.322s] Level 1:colcon.colcon_core.package_identification:_identify(build) by extensions ['ignore', 'ignore_ament_install']
[0.322s] Level 1:colcon.colcon_core.package_identification:_identify(build) by extension 'ignore'
[0.322s] Level 1:colcon.colcon_core.package_identification:_identify(build) ignored
[0.323s] Level 1:colcon.colcon_core.package_identification:_identify(install) by extensions ['ignore', 'ignore_ament_install']
[0.323s] Level 1:colcon.colcon_core.package_identification:_identify(install) by extension 'ignore'
[0.323s] Level 1:colcon.colcon_core.package_identification:_identify(install) ignored
[0.323s] Level 1:colcon.colcon_core.package_identification:_identify(launch) by extensions ['ignore', 'ignore_ament_install']
[0.323s] Level 1:colcon.colcon_core.package_identification:_identify(launch) by extension 'ignore'
[0.323s] Level 1:colcon.colcon_core.package_identification:_identify(launch) by extension 'ignore_ament_install'
[0.323s] Level 1:colcon.colcon_core.package_identification:_identify(launch) by extensions ['colcon_pkg']
[0.323s] Level 1:colcon.colcon_core.package_identification:_identify(launch) by extension 'colcon_pkg'
[0.323s] Level 1:colcon.colcon_core.package_identification:_identify(launch) by extensions ['colcon_meta']
[0.323s] Level 1:colcon.colcon_core.package_identification:_identify(launch) by extension 'colcon_meta'
[0.323s] Level 1:colcon.colcon_core.package_identification:_identify(launch) by extensions ['ros']
[0.323s] Level 1:colcon.colcon_core.package_identification:_identify(launch) by extension 'ros'
[0.323s] Level 1:colcon.colcon_core.package_identification:_identify(launch) by extensions ['cmake', 'python']
[0.323s] Level 1:colcon.colcon_core.package_identification:_identify(launch) by extension 'cmake'
[0.323s] Level 1:colcon.colcon_core.package_identification:_identify(launch) by extension 'python'
[0.323s] Level 1:colcon.colcon_core.package_identification:_identify(launch) by extensions ['python_setup_py']
[0.323s] Level 1:colcon.colcon_core.package_identification:_identify(launch) by extension 'python_setup_py'
[0.323s] Level 1:colcon.colcon_core.package_identification:_identify(launch/__pycache__) by extensions ['ignore', 'ignore_ament_install']
[0.324s] Level 1:colcon.colcon_core.package_identification:_identify(launch/__pycache__) by extension 'ignore'
[0.324s] Level 1:colcon.colcon_core.package_identification:_identify(launch/__pycache__) by extension 'ignore_ament_install'
[0.324s] Level 1:colcon.colcon_core.package_identification:_identify(launch/__pycache__) by extensions ['colcon_pkg']
[0.324s] Level 1:colcon.colcon_core.package_identification:_identify(launch/__pycache__) by extension 'colcon_pkg'
[0.324s] Level 1:colcon.colcon_core.package_identification:_identify(launch/__pycache__) by extensions ['colcon_meta']
[0.324s] Level 1:colcon.colcon_core.package_identification:_identify(launch/__pycache__) by extension 'colcon_meta'
[0.324s] Level 1:colcon.colcon_core.package_identification:_identify(launch/__pycache__) by extensions ['ros']
[0.324s] Level 1:colcon.colcon_core.package_identification:_identify(launch/__pycache__) by extension 'ros'
[0.324s] Level 1:colcon.colcon_core.package_identification:_identify(launch/__pycache__) by extensions ['cmake', 'python']
[0.324s] Level 1:colcon.colcon_core.package_identification:_identify(launch/__pycache__) by extension 'cmake'
[0.324s] Level 1:colcon.colcon_core.package_identification:_identify(launch/__pycache__) by extension 'python'
[0.324s] Level 1:colcon.colcon_core.package_identification:_identify(launch/__pycache__) by extensions ['python_setup_py']
[0.324s] Level 1:colcon.colcon_core.package_identification:_identify(launch/__pycache__) by extension 'python_setup_py'
[0.324s] Level 1:colcon.colcon_core.package_identification:_identify(log) by extensions ['ignore', 'ignore_ament_install']
[0.324s] Level 1:colcon.colcon_core.package_identification:_identify(log) by extension 'ignore'
[0.324s] Level 1:colcon.colcon_core.package_identification:_identify(log) ignored
[0.324s] Level 1:colcon.colcon_core.package_identification:_identify(src) by extensions ['ignore', 'ignore_ament_install']
[0.325s] Level 1:colcon.colcon_core.package_identification:_identify(src) by extension 'ignore'
[0.325s] Level 1:colcon.colcon_core.package_identification:_identify(src) by extension 'ignore_ament_install'
[0.325s] Level 1:colcon.colcon_core.package_identification:_identify(src) by extensions ['colcon_pkg']
[0.325s] Level 1:colcon.colcon_core.package_identification:_identify(src) by extension 'colcon_pkg'
[0.325s] Level 1:colcon.colcon_core.package_identification:_identify(src) by extensions ['colcon_meta']
[0.325s] Level 1:colcon.colcon_core.package_identification:_identify(src) by extension 'colcon_meta'
[0.325s] Level 1:colcon.colcon_core.package_identification:_identify(src) by extensions ['ros']
[0.325s] Level 1:colcon.colcon_core.package_identification:_identify(src) by extension 'ros'
[0.325s] Level 1:colcon.colcon_core.package_identification:_identify(src) by extensions ['cmake', 'python']
[0.325s] Level 1:colcon.colcon_core.package_identification:_identify(src) by extension 'cmake'
[0.325s] Level 1:colcon.colcon_core.package_identification:_identify(src) by extension 'python'
[0.325s] Level 1:colcon.colcon_core.package_identification:_identify(src) by extensions ['python_setup_py']
[0.325s] Level 1:colcon.colcon_core.package_identification:_identify(src) by extension 'python_setup_py'
[0.325s] Level 1:colcon.colcon_core.package_identification:_identify(src/img) by extensions ['ignore', 'ignore_ament_install']
[0.325s] Level 1:colcon.colcon_core.package_identification:_identify(src/img) by extension 'ignore'
[0.325s] Level 1:colcon.colcon_core.package_identification:_identify(src/img) by extension 'ignore_ament_install'
[0.325s] Level 1:colcon.colcon_core.package_identification:_identify(src/img) by extensions ['colcon_pkg']
[0.325s] Level 1:colcon.colcon_core.package_identification:_identify(src/img) by extension 'colcon_pkg'
[0.325s] Level 1:colcon.colcon_core.package_identification:_identify(src/img) by extensions ['colcon_meta']
[0.326s] Level 1:colcon.colcon_core.package_identification:_identify(src/img) by extension 'colcon_meta'
[0.326s] Level 1:colcon.colcon_core.package_identification:_identify(src/img) by extensions ['ros']
[0.326s] Level 1:colcon.colcon_core.package_identification:_identify(src/img) by extension 'ros'
[0.328s] DEBUG:colcon.colcon_core.package_identification:Package 'src/img' with type 'ros.ament_python' and name 'img'
[0.328s] Level 1:colcon.colcon_core.package_identification:_identify(src/lidar_intensity) by extensions ['ignore', 'ignore_ament_install']
[0.328s] Level 1:colcon.colcon_core.package_identification:_identify(src/lidar_intensity) by extension 'ignore'
[0.328s] Level 1:colcon.colcon_core.package_identification:_identify(src/lidar_intensity) by extension 'ignore_ament_install'
[0.328s] Level 1:colcon.colcon_core.package_identification:_identify(src/lidar_intensity) by extensions ['colcon_pkg']
[0.328s] Level 1:colcon.colcon_core.package_identification:_identify(src/lidar_intensity) by extension 'colcon_pkg'
[0.328s] Level 1:colcon.colcon_core.package_identification:_identify(src/lidar_intensity) by extensions ['colcon_meta']
[0.328s] Level 1:colcon.colcon_core.package_identification:_identify(src/lidar_intensity) by extension 'colcon_meta'
[0.328s] Level 1:colcon.colcon_core.package_identification:_identify(src/lidar_intensity) by extensions ['ros']
[0.328s] Level 1:colcon.colcon_core.package_identification:_identify(src/lidar_intensity) by extension 'ros'
[0.329s] DEBUG:colcon.colcon_core.package_identification:Package 'src/lidar_intensity' with type 'ros.ament_python' and name 'lidar_intensity'
[0.329s] Level 1:colcon.colcon_core.package_identification:_identify(src/msg_test) by extensions ['ignore', 'ignore_ament_install']
[0.329s] Level 1:colcon.colcon_core.package_identification:_identify(src/msg_test) by extension 'ignore'
[0.329s] Level 1:colcon.colcon_core.package_identification:_identify(src/msg_test) by extension 'ignore_ament_install'
[0.329s] Level 1:colcon.colcon_core.package_identification:_identify(src/msg_test) by extensions ['colcon_pkg']
[0.329s] Level 1:colcon.colcon_core.package_identification:_identify(src/msg_test) by extension 'colcon_pkg'
[0.329s] Level 1:colcon.colcon_core.package_identification:_identify(src/msg_test) by extensions ['colcon_meta']
[0.329s] Level 1:colcon.colcon_core.package_identification:_identify(src/msg_test) by extension 'colcon_meta'
[0.330s] Level 1:colcon.colcon_core.package_identification:_identify(src/msg_test) by extensions ['ros']
[0.330s] Level 1:colcon.colcon_core.package_identification:_identify(src/msg_test) by extension 'ros'
[0.330s] DEBUG:colcon.colcon_core.package_identification:Package 'src/msg_test' with type 'ros.ament_python' and name 'msg_test'
[0.330s] Level 1:colcon.colcon_core.package_identification:_identify(src/my_package) by extensions ['ignore', 'ignore_ament_install']
[0.330s] Level 1:colcon.colcon_core.package_identification:_identify(src/my_package) by extension 'ignore'
[0.330s] Level 1:colcon.colcon_core.package_identification:_identify(src/my_package) by extension 'ignore_ament_install'
[0.330s] Level 1:colcon.colcon_core.package_identification:_identify(src/my_package) by extensions ['colcon_pkg']
[0.331s] Level 1:colcon.colcon_core.package_identification:_identify(src/my_package) by extension 'colcon_pkg'
[0.331s] Level 1:colcon.colcon_core.package_identification:_identify(src/my_package) by extensions ['colcon_meta']
[0.331s] Level 1:colcon.colcon_core.package_identification:_identify(src/my_package) by extension 'colcon_meta'
[0.331s] Level 1:colcon.colcon_core.package_identification:_identify(src/my_package) by extensions ['ros']
[0.331s] Level 1:colcon.colcon_core.package_identification:_identify(src/my_package) by extension 'ros'
[0.331s] DEBUG:colcon.colcon_core.package_identification:Package 'src/my_package' with type 'ros.ament_python' and name 'my_package'
[0.331s] Level 1:colcon.colcon_core.package_identification:_identify(src/number) by extensions ['ignore', 'ignore_ament_install']
[0.331s] Level 1:colcon.colcon_core.package_identification:_identify(src/number) by extension 'ignore'
[0.331s] Level 1:colcon.colcon_core.package_identification:_identify(src/number) by extension 'ignore_ament_install'
[0.331s] Level 1:colcon.colcon_core.package_identification:_identify(src/number) by extensions ['colcon_pkg']
[0.331s] Level 1:colcon.colcon_core.package_identification:_identify(src/number) by extension 'colcon_pkg'
[0.332s] Level 1:colcon.colcon_core.package_identification:_identify(src/number) by extensions ['colcon_meta']
[0.332s] Level 1:colcon.colcon_core.package_identification:_identify(src/number) by extension 'colcon_meta'
[0.332s] Level 1:colcon.colcon_core.package_identification:_identify(src/number) by extensions ['ros']
[0.332s] Level 1:colcon.colcon_core.package_identification:_identify(src/number) by extension 'ros'
[0.332s] DEBUG:colcon.colcon_core.package_identification:Package 'src/number' with type 'ros.ament_cmake' and name 'number'
[0.332s] Level 1:colcon.colcon_core.package_identification:_identify(src/pkpk) by extensions ['ignore', 'ignore_ament_install']
[0.332s] Level 1:colcon.colcon_core.package_identification:_identify(src/pkpk) by extension 'ignore'
[0.332s] Level 1:colcon.colcon_core.package_identification:_identify(src/pkpk) by extension 'ignore_ament_install'
[0.332s] Level 1:colcon.colcon_core.package_identification:_identify(src/pkpk) by extensions ['colcon_pkg']
[0.332s] Level 1:colcon.colcon_core.package_identification:_identify(src/pkpk) by extension 'colcon_pkg'
[0.332s] Level 1:colcon.colcon_core.package_identification:_identify(src/pkpk) by extensions ['colcon_meta']
[0.333s] Level 1:colcon.colcon_core.package_identification:_identify(src/pkpk) by extension 'colcon_meta'
[0.333s] Level 1:colcon.colcon_core.package_identification:_identify(src/pkpk) by extensions ['ros']
[0.333s] Level 1:colcon.colcon_core.package_identification:_identify(src/pkpk) by extension 'ros'
[0.333s] DEBUG:colcon.colcon_core.package_identification:Package 'src/pkpk' with type 'ros.ament_python' and name 'pkpk'
[0.333s] Level 1:colcon.colcon_core.package_identification:_identify(src/py_pubsub) by extensions ['ignore', 'ignore_ament_install']
[0.333s] Level 1:colcon.colcon_core.package_identification:_identify(src/py_pubsub) by extension 'ignore'
[0.333s] Level 1:colcon.colcon_core.package_identification:_identify(src/py_pubsub) by extension 'ignore_ament_install'
[0.333s] Level 1:colcon.colcon_core.package_identification:_identify(src/py_pubsub) by extensions ['colcon_pkg']
[0.333s] Level 1:colcon.colcon_core.package_identification:_identify(src/py_pubsub) by extension 'colcon_pkg'
[0.333s] Level 1:colcon.colcon_core.package_identification:_identify(src/py_pubsub) by extensions ['colcon_meta']
[0.333s] Level 1:colcon.colcon_core.package_identification:_identify(src/py_pubsub) by extension 'colcon_meta'
[0.334s] Level 1:colcon.colcon_core.package_identification:_identify(src/py_pubsub) by extensions ['ros']
[0.334s] Level 1:colcon.colcon_core.package_identification:_identify(src/py_pubsub) by extension 'ros'
[0.334s] DEBUG:colcon.colcon_core.package_identification:Package 'src/py_pubsub' with type 'ros.ament_python' and name 'py_pubsub'
[0.334s] Level 1:colcon.colcon_core.package_identification:_identify(src/test_pkg) by extensions ['ignore', 'ignore_ament_install']
[0.334s] Level 1:colcon.colcon_core.package_identification:_identify(src/test_pkg) by extension 'ignore'
[0.334s] Level 1:colcon.colcon_core.package_identification:_identify(src/test_pkg) by extension 'ignore_ament_install'
[0.334s] Level 1:colcon.colcon_core.package_identification:_identify(src/test_pkg) by extensions ['colcon_pkg']
[0.334s] Level 1:colcon.colcon_core.package_identification:_identify(src/test_pkg) by extension 'colcon_pkg'
[0.334s] Level 1:colcon.colcon_core.package_identification:_identify(src/test_pkg) by extensions ['colcon_meta']
[0.334s] Level 1:colcon.colcon_core.package_identification:_identify(src/test_pkg) by extension 'colcon_meta'
[0.335s] Level 1:colcon.colcon_core.package_identification:_identify(src/test_pkg) by extensions ['ros']
[0.335s] Level 1:colcon.colcon_core.package_identification:_identify(src/test_pkg) by extension 'ros'
[0.335s] DEBUG:colcon.colcon_core.package_identification:Package 'src/test_pkg' with type 'ros.ament_python' and name 'test_pkg'
[0.335s] Level 1:colcon.colcon_core.package_identification:_identify(src/tutorial_interfaces) by extensions ['ignore', 'ignore_ament_install']
[0.335s] Level 1:colcon.colcon_core.package_identification:_identify(src/tutorial_interfaces) by extension 'ignore'
[0.335s] Level 1:colcon.colcon_core.package_identification:_identify(src/tutorial_interfaces) by extension 'ignore_ament_install'
[0.335s] Level 1:colcon.colcon_core.package_identification:_identify(src/tutorial_interfaces) by extensions ['colcon_pkg']
[0.335s] Level 1:colcon.colcon_core.package_identification:_identify(src/tutorial_interfaces) by extension 'colcon_pkg'
[0.335s] Level 1:colcon.colcon_core.package_identification:_identify(src/tutorial_interfaces) by extensions ['colcon_meta']
[0.335s] Level 1:colcon.colcon_core.package_identification:_identify(src/tutorial_interfaces) by extension 'colcon_meta'
[0.335s] Level 1:colcon.colcon_core.package_identification:_identify(src/tutorial_interfaces) by extensions ['ros']
[0.335s] Level 1:colcon.colcon_core.package_identification:_identify(src/tutorial_interfaces) by extension 'ros'
[0.336s] DEBUG:colcon.colcon_core.package_identification:Package 'src/tutorial_interfaces' with type 'ros.ament_cmake' and name 'tutorial_interfaces'
[0.336s] Level 1:colcon.colcon_core.package_discovery:discover_packages(recursive) using defaults
[0.336s] Level 1:colcon.colcon_core.package_discovery:discover_packages(ignore) discover
[0.336s] Level 1:colcon.colcon_core.package_discovery:discover_packages(ignore) using defaults
[0.336s] Level 1:colcon.colcon_core.package_discovery:discover_packages(path) discover
[0.336s] Level 1:colcon.colcon_core.package_discovery:discover_packages(path) using defaults
[0.357s] Level 1:colcon.colcon_core.package_discovery:discover_packages(prefix_path) check parameters
[0.357s] Level 1:colcon.colcon_core.package_discovery:discover_packages(prefix_path) discover
[0.360s] DEBUG:colcon.colcon_installed_package_information.package_discovery:Found 34 installed packages in /home/leejunmi/ros2_ws/install
[0.362s] DEBUG:colcon.colcon_installed_package_information.package_discovery:Found 294 installed packages in /opt/ros/humble
[0.364s] Level 1:colcon.colcon_core.package_discovery:discover_packages(prefix_path) using defaults
[0.401s] Level 5:colcon.colcon_core.verb:set package 'img' build argument 'cmake_args' from command line to 'None'
[0.401s] Level 5:colcon.colcon_core.verb:set package 'img' build argument 'cmake_target' from command line to 'None'
[0.401s] Level 5:colcon.colcon_core.verb:set package 'img' build argument 'cmake_target_skip_unavailable' from command line to 'False'
[0.401s] Level 5:colcon.colcon_core.verb:set package 'img' build argument 'cmake_clean_cache' from command line to 'False'
[0.401s] Level 5:colcon.colcon_core.verb:set package 'img' build argument 'cmake_clean_first' from command line to 'False'
[0.401s] Level 5:colcon.colcon_core.verb:set package 'img' build argument 'cmake_force_configure' from command line to 'False'
[0.401s] Level 5:colcon.colcon_core.verb:set package 'img' build argument 'ament_cmake_args' from command line to 'None'
[0.401s] Level 5:colcon.colcon_core.verb:set package 'img' build argument 'catkin_cmake_args' from command line to 'None'
[0.401s] Level 5:colcon.colcon_core.verb:set package 'img' build argument 'catkin_skip_building_tests' from command line to 'False'
[0.401s] DEBUG:colcon.colcon_core.verb:Building package 'img' with the following arguments: {'ament_cmake_args': None, 'build_base': '/home/leejunmi/ros2_ws/build/img', 'catkin_cmake_args': None, 'catkin_skip_building_tests': False, 'cmake_args': None, 'cmake_clean_cache': False, 'cmake_clean_first': False, 'cmake_force_configure': False, 'cmake_target': None, 'cmake_target_skip_unavailable': False, 'install_base': '/home/leejunmi/ros2_ws/install/img', 'merge_install': False, 'path': '/home/leejunmi/ros2_ws/src/img', 'symlink_install': False, 'test_result_base': None}
[0.401s] Level 5:colcon.colcon_core.verb:set package 'lidar_intensity' build argument 'cmake_args' from command line to 'None'
[0.402s] Level 5:colcon.colcon_core.verb:set package 'lidar_intensity' build argument 'cmake_target' from command line to 'None'
[0.402s] Level 5:colcon.colcon_core.verb:set package 'lidar_intensity' build argument 'cmake_target_skip_unavailable' from command line to 'False'
[0.402s] Level 5:colcon.colcon_core.verb:set package 'lidar_intensity' build argument 'cmake_clean_cache' from command line to 'False'
[0.402s] Level 5:colcon.colcon_core.verb:set package 'lidar_intensity' build argument 'cmake_clean_first' from command line to 'False'
[0.402s] Level 5:colcon.colcon_core.verb:set package 'lidar_intensity' build argument 'cmake_force_configure' from command line to 'False'
[0.402s] Level 5:colcon.colcon_core.verb:set package 'lidar_intensity' build argument 'ament_cmake_args' from command line to 'None'
[0.402s] Level 5:colcon.colcon_core.verb:set package 'lidar_intensity' build argument 'catkin_cmake_args' from command line to 'None'
[0.402s] Level 5:colcon.colcon_core.verb:set package 'lidar_intensity' build argument 'catkin_skip_building_tests' from command line to 'False'
[0.402s] DEBUG:colcon.colcon_core.verb:Building package 'lidar_intensity' with the following arguments: {'ament_cmake_args': None, 'build_base': '/home/leejunmi/ros2_ws/build/lidar_intensity', 'catkin_cmake_args': None, 'catkin_skip_building_tests': False, 'cmake_args': None, 'cmake_clean_cache': False, 'cmake_clean_first': False, 'cmake_force_configure': False, 'cmake_target': None, 'cmake_target_skip_unavailable': False, 'install_base': '/home/leejunmi/ros2_ws/install/lidar_intensity', 'merge_install': False, 'path': '/home/leejunmi/ros2_ws/src/lidar_intensity', 'symlink_install': False, 'test_result_base': None}
[0.402s] Level 5:colcon.colcon_core.verb:set package 'my_package' build argument 'cmake_args' from command line to 'None'
[0.402s] Level 5:colcon.colcon_core.verb:set package 'my_package' build argument 'cmake_target' from command line to 'None'
[0.402s] Level 5:colcon.colcon_core.verb:set package 'my_package' build argument 'cmake_target_skip_unavailable' from command line to 'False'
[0.402s] Level 5:colcon.colcon_core.verb:set package 'my_package' build argument 'cmake_clean_cache' from command line to 'False'
[0.402s] Level 5:colcon.colcon_core.verb:set package 'my_package' build argument 'cmake_clean_first' from command line to 'False'
[0.402s] Level 5:colcon.colcon_core.verb:set package 'my_package' build argument 'cmake_force_configure' from command line to 'False'
[0.402s] Level 5:colcon.colcon_core.verb:set package 'my_package' build argument 'ament_cmake_args' from command line to 'None'
[0.402s] Level 5:colcon.colcon_core.verb:set package 'my_package' build argument 'catkin_cmake_args' from command line to 'None'
[0.402s] Level 5:colcon.colcon_core.verb:set package 'my_package' build argument 'catkin_skip_building_tests' from command line to 'False'
[0.402s] DEBUG:colcon.colcon_core.verb:Building package 'my_package' with the following arguments: {'ament_cmake_args': None, 'build_base': '/home/leejunmi/ros2_ws/build/my_package', 'catkin_cmake_args': None, 'catkin_skip_building_tests': False, 'cmake_args': None, 'cmake_clean_cache': False, 'cmake_clean_first': False, 'cmake_force_configure': False, 'cmake_target': None, 'cmake_target_skip_unavailable': False, 'install_base': '/home/leejunmi/ros2_ws/install/my_package', 'merge_install': False, 'path': '/home/leejunmi/ros2_ws/src/my_package', 'symlink_install': False, 'test_result_base': None}
[0.403s] Level 5:colcon.colcon_core.verb:set package 'number' build argument 'cmake_args' from command line to 'None'
[0.403s] Level 5:colcon.colcon_core.verb:set package 'number' build argument 'cmake_target' from command line to 'None'
[0.403s] Level 5:colcon.colcon_core.verb:set package 'number' build argument 'cmake_target_skip_unavailable' from command line to 'False'
[0.403s] Level 5:colcon.colcon_core.verb:set package 'number' build argument 'cmake_clean_cache' from command line to 'False'
[0.403s] Level 5:colcon.colcon_core.verb:set package 'number' build argument 'cmake_clean_first' from command line to 'False'
[0.403s] Level 5:colcon.colcon_core.verb:set package 'number' build argument 'cmake_force_configure' from command line to 'False'
[0.403s] Level 5:colcon.colcon_core.verb:set package 'number' build argument 'ament_cmake_args' from command line to 'None'
[0.403s] Level 5:colcon.colcon_core.verb:set package 'number' build argument 'catkin_cmake_args' from command line to 'None'
[0.403s] Level 5:colcon.colcon_core.verb:set package 'number' build argument 'catkin_skip_building_tests' from command line to 'False'
[0.403s] DEBUG:colcon.colcon_core.verb:Building package 'number' with the following arguments: {'ament_cmake_args': None, 'build_base': '/home/leejunmi/ros2_ws/build/number', 'catkin_cmake_args': None, 'catkin_skip_building_tests': False, 'cmake_args': None, 'cmake_clean_cache': False, 'cmake_clean_first': False, 'cmake_force_configure': False, 'cmake_target': None, 'cmake_target_skip_unavailable': False, 'install_base': '/home/leejunmi/ros2_ws/install/number', 'merge_install': False, 'path': '/home/leejunmi/ros2_ws/src/number', 'symlink_install': False, 'test_result_base': None}
[0.403s] Level 5:colcon.colcon_core.verb:set package 'pkpk' build argument 'cmake_args' from command line to 'None'
[0.403s] Level 5:colcon.colcon_core.verb:set package 'pkpk' build argument 'cmake_target' from command line to 'None'
[0.403s] Level 5:colcon.colcon_core.verb:set package 'pkpk' build argument 'cmake_target_skip_unavailable' from command line to 'False'
[0.403s] Level 5:colcon.colcon_core.verb:set package 'pkpk' build argument 'cmake_clean_cache' from command line to 'False'
[0.403s] Level 5:colcon.colcon_core.verb:set package 'pkpk' build argument 'cmake_clean_first' from command line to 'False'
[0.403s] Level 5:colcon.colcon_core.verb:set package 'pkpk' build argument 'cmake_force_configure' from command line to 'False'
[0.403s] Level 5:colcon.colcon_core.verb:set package 'pkpk' build argument 'ament_cmake_args' from command line to 'None'
[0.403s] Level 5:colcon.colcon_core.verb:set package 'pkpk' build argument 'catkin_cmake_args' from command line to 'None'
[0.403s] Level 5:colcon.colcon_core.verb:set package 'pkpk' build argument 'catkin_skip_building_tests' from command line to 'False'
[0.403s] DEBUG:colcon.colcon_core.verb:Building package 'pkpk' with the following arguments: {'ament_cmake_args': None, 'build_base': '/home/leejunmi/ros2_ws/build/pkpk', 'catkin_cmake_args': None, 'catkin_skip_building_tests': False, 'cmake_args': None, 'cmake_clean_cache': False, 'cmake_clean_first': False, 'cmake_force_configure': False, 'cmake_target': None, 'cmake_target_skip_unavailable': False, 'install_base': '/home/leejunmi/ros2_ws/install/pkpk', 'merge_install': False, 'path': '/home/leejunmi/ros2_ws/src/pkpk', 'symlink_install': False, 'test_result_base': None}
[0.404s] Level 5:colcon.colcon_core.verb:set package 'test_pkg' build argument 'cmake_args' from command line to 'None'
[0.404s] Level 5:colcon.colcon_core.verb:set package 'test_pkg' build argument 'cmake_target' from command line to 'None'
[0.404s] Level 5:colcon.colcon_core.verb:set package 'test_pkg' build argument 'cmake_target_skip_unavailable' from command line to 'False'
[0.404s] Level 5:colcon.colcon_core.verb:set package 'test_pkg' build argument 'cmake_clean_cache' from command line to 'False'
[0.404s] Level 5:colcon.colcon_core.verb:set package 'test_pkg' build argument 'cmake_clean_first' from command line to 'False'
[0.404s] Level 5:colcon.colcon_core.verb:set package 'test_pkg' build argument 'cmake_force_configure' from command line to 'False'
[0.404s] Level 5:colcon.colcon_core.verb:set package 'test_pkg' build argument 'ament_cmake_args' from command line to 'None'
[0.404s] Level 5:colcon.colcon_core.verb:set package 'test_pkg' build argument 'catkin_cmake_args' from command line to 'None'
[0.404s] Level 5:colcon.colcon_core.verb:set package 'test_pkg' build argument 'catkin_skip_building_tests' from command line to 'False'
[0.404s] DEBUG:colcon.colcon_core.verb:Building package 'test_pkg' with the following arguments: {'ament_cmake_args': None, 'build_base': '/home/leejunmi/ros2_ws/build/test_pkg', 'catkin_cmake_args': None, 'catkin_skip_building_tests': False, 'cmake_args': None, 'cmake_clean_cache': False, 'cmake_clean_first': False, 'cmake_force_configure': False, 'cmake_target': None, 'cmake_target_skip_unavailable': False, 'install_base': '/home/leejunmi/ros2_ws/install/test_pkg', 'merge_install': False, 'path': '/home/leejunmi/ros2_ws/src/test_pkg', 'symlink_install': False, 'test_result_base': None}
[0.404s] Level 5:colcon.colcon_core.verb:set package 'tutorial_interfaces' build argument 'cmake_args' from command line to 'None'
[0.404s] Level 5:colcon.colcon_core.verb:set package 'tutorial_interfaces' build argument 'cmake_target' from command line to 'None'
[0.404s] Level 5:colcon.colcon_core.verb:set package 'tutorial_interfaces' build argument 'cmake_target_skip_unavailable' from command line to 'False'
[0.404s] Level 5:colcon.colcon_core.verb:set package 'tutorial_interfaces' build argument 'cmake_clean_cache' from command line to 'False'
[0.404s] Level 5:colcon.colcon_core.verb:set package 'tutorial_interfaces' build argument 'cmake_clean_first' from command line to 'False'
[0.404s] Level 5:colcon.colcon_core.verb:set package 'tutorial_interfaces' build argument 'cmake_force_configure' from command line to 'False'
[0.404s] Level 5:colcon.colcon_core.verb:set package 'tutorial_interfaces' build argument 'ament_cmake_args' from command line to 'None'
[0.404s] Level 5:colcon.colcon_core.verb:set package 'tutorial_interfaces' build argument 'catkin_cmake_args' from command line to 'None'
[0.404s] Level 5:colcon.colcon_core.verb:set package 'tutorial_interfaces' build argument 'catkin_skip_building_tests' from command line to 'False'
[0.404s] DEBUG:colcon.colcon_core.verb:Building package 'tutorial_interfaces' with the following arguments: {'ament_cmake_args': None, 'build_base': '/home/leejunmi/ros2_ws/build/tutorial_interfaces', 'catkin_cmake_args': None, 'catkin_skip_building_tests': False, 'cmake_args': None, 'cmake_clean_cache': False, 'cmake_clean_first': False, 'cmake_force_configure': False, 'cmake_target': None, 'cmake_target_skip_unavailable': False, 'install_base': '/home/leejunmi/ros2_ws/install/tutorial_interfaces', 'merge_install': False, 'path': '/home/leejunmi/ros2_ws/src/tutorial_interfaces', 'symlink_install': False, 'test_result_base': None}
[0.405s] Level 5:colcon.colcon_core.verb:set package 'msg_test' build argument 'cmake_args' from command line to 'None'
[0.405s] Level 5:colcon.colcon_core.verb:set package 'msg_test' build argument 'cmake_target' from command line to 'None'
[0.405s] Level 5:colcon.colcon_core.verb:set package 'msg_test' build argument 'cmake_target_skip_unavailable' from command line to 'False'
[0.405s] Level 5:colcon.colcon_core.verb:set package 'msg_test' build argument 'cmake_clean_cache' from command line to 'False'
[0.405s] Level 5:colcon.colcon_core.verb:set package 'msg_test' build argument 'cmake_clean_first' from command line to 'False'
[0.405s] Level 5:colcon.colcon_core.verb:set package 'msg_test' build argument 'cmake_force_configure' from command line to 'False'
[0.405s] Level 5:colcon.colcon_core.verb:set package 'msg_test' build argument 'ament_cmake_args' from command line to 'None'
[0.405s] Level 5:colcon.colcon_core.verb:set package 'msg_test' build argument 'catkin_cmake_args' from command line to 'None'
[0.405s] Level 5:colcon.colcon_core.verb:set package 'msg_test' build argument 'catkin_skip_building_tests' from command line to 'False'
[0.405s] DEBUG:colcon.colcon_core.verb:Building package 'msg_test' with the following arguments: {'ament_cmake_args': None, 'build_base': '/home/leejunmi/ros2_ws/build/msg_test', 'catkin_cmake_args': None, 'catkin_skip_building_tests': False, 'cmake_args': None, 'cmake_clean_cache': False, 'cmake_clean_first': False, 'cmake_force_configure': False, 'cmake_target': None, 'cmake_target_skip_unavailable': False, 'install_base': '/home/leejunmi/ros2_ws/install/msg_test', 'merge_install': False, 'path': '/home/leejunmi/ros2_ws/src/msg_test', 'symlink_install': False, 'test_result_base': None}
[0.405s] Level 5:colcon.colcon_core.verb:set package 'py_pubsub' build argument 'cmake_args' from command line to 'None'
[0.405s] Level 5:colcon.colcon_core.verb:set package 'py_pubsub' build argument 'cmake_target' from command line to 'None'
[0.405s] Level 5:colcon.colcon_core.verb:set package 'py_pubsub' build argument 'cmake_target_skip_unavailable' from command line to 'False'
[0.405s] Level 5:colcon.colcon_core.verb:set package 'py_pubsub' build argument 'cmake_clean_cache' from command line to 'False'
[0.405s] Level 5:colcon.colcon_core.verb:set package 'py_pubsub' build argument 'cmake_clean_first' from command line to 'False'
[0.405s] Level 5:colcon.colcon_core.verb:set package 'py_pubsub' build argument 'cmake_force_configure' from command line to 'False'
[0.405s] Level 5:colcon.colcon_core.verb:set package 'py_pubsub' build argument 'ament_cmake_args' from command line to 'None'
[0.405s] Level 5:colcon.colcon_core.verb:set package 'py_pubsub' build argument 'catkin_cmake_args' from command line to 'None'
[0.405s] Level 5:colcon.colcon_core.verb:set package 'py_pubsub' build argument 'catkin_skip_building_tests' from command line to 'False'
[0.405s] DEBUG:colcon.colcon_core.verb:Building package 'py_pubsub' with the following arguments: {'ament_cmake_args': None, 'build_base': '/home/leejunmi/ros2_ws/build/py_pubsub', 'catkin_cmake_args': None, 'catkin_skip_building_tests': False, 'cmake_args': None, 'cmake_clean_cache': False, 'cmake_clean_first': False, 'cmake_force_configure': False, 'cmake_target': None, 'cmake_target_skip_unavailable': False, 'install_base': '/home/leejunmi/ros2_ws/install/py_pubsub', 'merge_install': False, 'path': '/home/leejunmi/ros2_ws/src/py_pubsub', 'symlink_install': False, 'test_result_base': None}
[0.406s] INFO:colcon.colcon_core.executor:Executing jobs using 'parallel' executor
[0.406s] DEBUG:colcon.colcon_parallel_executor.executor.parallel:run_until_complete
[0.407s] INFO:colcon.colcon_ros.task.ament_cmake.build:Building ROS package in '/home/leejunmi/ros2_ws/src/number' with build type 'ament_cmake'
[0.407s] INFO:colcon.colcon_cmake.task.cmake.build:Building CMake package in '/home/leejunmi/ros2_ws/src/number'
[0.409s] INFO:colcon.colcon_core.plugin_system:Skipping extension 'colcon_core.shell.bat': Not used on non-Windows systems
[0.409s] INFO:colcon.colcon_core.shell:Skip shell extension 'powershell' for command environment: Not usable outside of PowerShell
[0.409s] DEBUG:colcon.colcon_core.shell:Skip shell extension 'dsv' for command environment
[0.414s] INFO:colcon.colcon_ros.task.ament_cmake.build:Building ROS package in '/home/leejunmi/ros2_ws/src/tutorial_interfaces' with build type 'ament_cmake'
[0.414s] INFO:colcon.colcon_cmake.task.cmake.build:Building CMake package in '/home/leejunmi/ros2_ws/src/tutorial_interfaces'
[0.414s] INFO:colcon.colcon_core.shell:Skip shell extension 'powershell' for command environment: Not usable outside of PowerShell
[0.415s] DEBUG:colcon.colcon_core.shell:Skip shell extension 'dsv' for command environment
[0.419s] INFO:colcon.colcon_ros.task.ament_python.build:Building ROS package in '/home/leejunmi/ros2_ws/src/img' with build type 'ament_python'
[0.420s] Level 1:colcon.colcon_core.shell:create_environment_hook('img', 'ament_prefix_path')
[0.420s] INFO:colcon.colcon_core.shell:Creating environment hook '/home/leejunmi/ros2_ws/install/img/share/img/hook/ament_prefix_path.ps1'
[0.421s] INFO:colcon.colcon_core.shell:Creating environment descriptor '/home/leejunmi/ros2_ws/install/img/share/img/hook/ament_prefix_path.dsv'
[0.421s] INFO:colcon.colcon_core.shell:Creating environment hook '/home/leejunmi/ros2_ws/install/img/share/img/hook/ament_prefix_path.sh'
[0.422s] INFO:colcon.colcon_core.shell:Skip shell extension 'powershell' for command environment: Not usable outside of PowerShell
[0.422s] DEBUG:colcon.colcon_core.shell:Skip shell extension 'dsv' for command environment
[0.426s] INFO:colcon.colcon_ros.task.ament_python.build:Building ROS package in '/home/leejunmi/ros2_ws/src/lidar_intensity' with build type 'ament_python'
[0.426s] Level 1:colcon.colcon_core.shell:create_environment_hook('lidar_intensity', 'ament_prefix_path')
[0.427s] INFO:colcon.colcon_core.shell:Creating environment hook '/home/leejunmi/ros2_ws/install/lidar_intensity/share/lidar_intensity/hook/ament_prefix_path.ps1'
[0.427s] INFO:colcon.colcon_core.shell:Creating environment descriptor '/home/leejunmi/ros2_ws/install/lidar_intensity/share/lidar_intensity/hook/ament_prefix_path.dsv'
[0.428s] INFO:colcon.colcon_core.shell:Creating environment hook '/home/leejunmi/ros2_ws/install/lidar_intensity/share/lidar_intensity/hook/ament_prefix_path.sh'
[0.428s] INFO:colcon.colcon_core.shell:Skip shell extension 'powershell' for command environment: Not usable outside of PowerShell
[0.428s] DEBUG:colcon.colcon_core.shell:Skip shell extension 'dsv' for command environment
[0.432s] INFO:colcon.colcon_ros.task.ament_python.build:Building ROS package in '/home/leejunmi/ros2_ws/src/my_package' with build type 'ament_python'
[0.432s] Level 1:colcon.colcon_core.shell:create_environment_hook('my_package', 'ament_prefix_path')
[0.433s] INFO:colcon.colcon_core.shell:Creating environment hook '/home/leejunmi/ros2_ws/install/my_package/share/my_package/hook/ament_prefix_path.ps1'
[0.433s] INFO:colcon.colcon_core.shell:Creating environment descriptor '/home/leejunmi/ros2_ws/install/my_package/share/my_package/hook/ament_prefix_path.dsv'
[0.434s] INFO:colcon.colcon_core.shell:Creating environment hook '/home/leejunmi/ros2_ws/install/my_package/share/my_package/hook/ament_prefix_path.sh'
[0.434s] INFO:colcon.colcon_core.shell:Skip shell extension 'powershell' for command environment: Not usable outside of PowerShell
[0.434s] DEBUG:colcon.colcon_core.shell:Skip shell extension 'dsv' for command environment
[0.440s] INFO:colcon.colcon_ros.task.ament_python.build:Building ROS package in '/home/leejunmi/ros2_ws/src/pkpk' with build type 'ament_python'
[0.440s] Level 1:colcon.colcon_core.shell:create_environment_hook('pkpk', 'ament_prefix_path')
[0.440s] INFO:colcon.colcon_core.shell:Creating environment hook '/home/leejunmi/ros2_ws/install/pkpk/share/pkpk/hook/ament_prefix_path.ps1'
[0.441s] INFO:colcon.colcon_core.shell:Creating environment descriptor '/home/leejunmi/ros2_ws/install/pkpk/share/pkpk/hook/ament_prefix_path.dsv'
[0.441s] INFO:colcon.colcon_core.shell:Creating environment hook '/home/leejunmi/ros2_ws/install/pkpk/share/pkpk/hook/ament_prefix_path.sh'
[0.441s] INFO:colcon.colcon_core.shell:Skip shell extension 'powershell' for command environment: Not usable outside of PowerShell
[0.441s] DEBUG:colcon.colcon_core.shell:Skip shell extension 'dsv' for command environment
[0.446s] INFO:colcon.colcon_ros.task.ament_python.build:Building ROS package in '/home/leejunmi/ros2_ws/src/test_pkg' with build type 'ament_python'
[0.446s] Level 1:colcon.colcon_core.shell:create_environment_hook('test_pkg', 'ament_prefix_path')
[0.446s] INFO:colcon.colcon_core.shell:Creating environment hook '/home/leejunmi/ros2_ws/install/test_pkg/share/test_pkg/hook/ament_prefix_path.ps1'
[0.446s] INFO:colcon.colcon_core.shell:Creating environment descriptor '/home/leejunmi/ros2_ws/install/test_pkg/share/test_pkg/hook/ament_prefix_path.dsv'
[0.447s] INFO:colcon.colcon_core.shell:Creating environment hook '/home/leejunmi/ros2_ws/install/test_pkg/share/test_pkg/hook/ament_prefix_path.sh'
[0.447s] INFO:colcon.colcon_core.shell:Skip shell extension 'powershell' for command environment: Not usable outside of PowerShell
[0.448s] DEBUG:colcon.colcon_core.shell:Skip shell extension 'dsv' for command environment
[0.457s] DEBUG:colcon.colcon_core.event_handler.log_command:Invoking command in '/home/leejunmi/ros2_ws/build/number': CMAKE_PREFIX_PATH=${CMAKE_PREFIX_PATH}:/home/leejunmi/ros2_ws/install/py_pubsub:/home/leejunmi/ros2_ws/install/test_pkg:/home/leejunmi/ros2_ws/install/python_parameters:/home/leejunmi/ros2_ws/install/pkpk:/home/leejunmi/ros2_ws/install/msg_test:/home/leejunmi/ros2_ws/install/my_package:/home/leejunmi/ros2_ws/install/lidar_intensity:/home/leejunmi/ros2_ws/install/launch_testing_examples:/home/leejunmi/ros2_ws/install/img:/home/leejunmi/ros2_ws/install/examples_rclpy_pointcloud_publisher:/home/leejunmi/ros2_ws/install/examples_rclpy_minimal_subscriber:/home/leejunmi/ros2_ws/install/examples_rclpy_minimal_service:/home/leejunmi/ros2_ws/install/examples_rclpy_minimal_publisher:/home/leejunmi/ros2_ws/install/examples_rclpy_minimal_client:/home/leejunmi/ros2_ws/install/examples_rclpy_minimal_action_server:/home/leejunmi/ros2_ws/install/examples_rclpy_minimal_action_client:/home/leejunmi/ros2_ws/install/examples_rclpy_guard_conditions:/home/leejunmi/ros2_ws/install/examples_rclpy_executors:/opt/ros/humble /usr/bin/cmake --build /home/leejunmi/ros2_ws/build/number -- -j8 -l8
[0.462s] DEBUG:colcon.colcon_core.event_handler.log_command:Invoking command in '/home/leejunmi/ros2_ws/build/tutorial_interfaces': CMAKE_PREFIX_PATH=${CMAKE_PREFIX_PATH}:/home/leejunmi/ros2_ws/install/py_pubsub:/home/leejunmi/ros2_ws/install/test_pkg:/home/leejunmi/ros2_ws/install/python_parameters:/home/leejunmi/ros2_ws/install/pkpk:/home/leejunmi/ros2_ws/install/msg_test:/home/leejunmi/ros2_ws/install/my_package:/home/leejunmi/ros2_ws/install/lidar_intensity:/home/leejunmi/ros2_ws/install/launch_testing_examples:/home/leejunmi/ros2_ws/install/img:/home/leejunmi/ros2_ws/install/examples_rclpy_pointcloud_publisher:/home/leejunmi/ros2_ws/install/examples_rclpy_minimal_subscriber:/home/leejunmi/ros2_ws/install/examples_rclpy_minimal_service:/home/leejunmi/ros2_ws/install/examples_rclpy_minimal_publisher:/home/leejunmi/ros2_ws/install/examples_rclpy_minimal_client:/home/leejunmi/ros2_ws/install/examples_rclpy_minimal_action_server:/home/leejunmi/ros2_ws/install/examples_rclpy_minimal_action_client:/home/leejunmi/ros2_ws/install/examples_rclpy_guard_conditions:/home/leejunmi/ros2_ws/install/examples_rclpy_executors:/opt/ros/humble /usr/bin/cmake --build /home/leejunmi/ros2_ws/build/tutorial_interfaces -- -j8 -l8
[0.862s] INFO:colcon.colcon_core.task.python.build:Building Python package in '/home/leejunmi/ros2_ws/src/img'
[0.862s] INFO:colcon.colcon_core.shell:Skip shell extension 'powershell' for command environment: Not usable outside of PowerShell
[0.862s] DEBUG:colcon.colcon_core.shell:Skip shell extension 'dsv' for command environment
[1.198s] INFO:colcon.colcon_core.task.python.build:Building Python package in '/home/leejunmi/ros2_ws/src/lidar_intensity'
[1.198s] INFO:colcon.colcon_core.shell:Skip shell extension 'powershell' for command environment: Not usable outside of PowerShell
[1.198s] DEBUG:colcon.colcon_core.shell:Skip shell extension 'dsv' for command environment
[1.493s] INFO:colcon.colcon_core.task.python.build:Building Python package in '/home/leejunmi/ros2_ws/src/my_package'
[1.493s] INFO:colcon.colcon_core.shell:Skip shell extension 'powershell' for command environment: Not usable outside of PowerShell
[1.494s] DEBUG:colcon.colcon_core.shell:Skip shell extension 'dsv' for command environment
[1.788s] INFO:colcon.colcon_core.task.python.build:Building Python package in '/home/leejunmi/ros2_ws/src/pkpk'
[1.788s] INFO:colcon.colcon_core.shell:Skip shell extension 'powershell' for command environment: Not usable outside of PowerShell
[1.788s] DEBUG:colcon.colcon_core.shell:Skip shell extension 'dsv' for command environment
[2.090s] INFO:colcon.colcon_core.task.python.build:Building Python package in '/home/leejunmi/ros2_ws/src/test_pkg'
[2.090s] INFO:colcon.colcon_core.shell:Skip shell extension 'powershell' for command environment: Not usable outside of PowerShell
[2.091s] DEBUG:colcon.colcon_core.shell:Skip shell extension 'dsv' for command environment
[2.096s] DEBUG:colcon.colcon_core.event_handler.log_command:Invoked command in '/home/leejunmi/ros2_ws/build/number' returned '0': CMAKE_PREFIX_PATH=${CMAKE_PREFIX_PATH}:/home/leejunmi/ros2_ws/install/py_pubsub:/home/leejunmi/ros2_ws/install/test_pkg:/home/leejunmi/ros2_ws/install/python_parameters:/home/leejunmi/ros2_ws/install/pkpk:/home/leejunmi/ros2_ws/install/msg_test:/home/leejunmi/ros2_ws/install/my_package:/home/leejunmi/ros2_ws/install/lidar_intensity:/home/leejunmi/ros2_ws/install/launch_testing_examples:/home/leejunmi/ros2_ws/install/img:/home/leejunmi/ros2_ws/install/examples_rclpy_pointcloud_publisher:/home/leejunmi/ros2_ws/install/examples_rclpy_minimal_subscriber:/home/leejunmi/ros2_ws/install/examples_rclpy_minimal_service:/home/leejunmi/ros2_ws/install/examples_rclpy_minimal_publisher:/home/leejunmi/ros2_ws/install/examples_rclpy_minimal_client:/home/leejunmi/ros2_ws/install/examples_rclpy_minimal_action_server:/home/leejunmi/ros2_ws/install/examples_rclpy_minimal_action_client:/home/leejunmi/ros2_ws/install/examples_rclpy_guard_conditions:/home/leejunmi/ros2_ws/install/examples_rclpy_executors:/opt/ros/humble /usr/bin/cmake --build /home/leejunmi/ros2_ws/build/number -- -j8 -l8
[2.105s] DEBUG:colcon.colcon_core.event_handler.log_command:Invoking command in '/home/leejunmi/ros2_ws/build/number': CMAKE_PREFIX_PATH=${CMAKE_PREFIX_PATH}:/home/leejunmi/ros2_ws/install/py_pubsub:/home/leejunmi/ros2_ws/install/test_pkg:/home/leejunmi/ros2_ws/install/python_parameters:/home/leejunmi/ros2_ws/install/pkpk:/home/leejunmi/ros2_ws/install/msg_test:/home/leejunmi/ros2_ws/install/my_package:/home/leejunmi/ros2_ws/install/lidar_intensity:/home/leejunmi/ros2_ws/install/launch_testing_examples:/home/leejunmi/ros2_ws/install/img:/home/leejunmi/ros2_ws/install/examples_rclpy_pointcloud_publisher:/home/leejunmi/ros2_ws/install/examples_rclpy_minimal_subscriber:/home/leejunmi/ros2_ws/install/examples_rclpy_minimal_service:/home/leejunmi/ros2_ws/install/examples_rclpy_minimal_publisher:/home/leejunmi/ros2_ws/install/examples_rclpy_minimal_client:/home/leejunmi/ros2_ws/install/examples_rclpy_minimal_action_server:/home/leejunmi/ros2_ws/install/examples_rclpy_minimal_action_client:/home/leejunmi/ros2_ws/install/examples_rclpy_guard_conditions:/home/leejunmi/ros2_ws/install/examples_rclpy_executors:/opt/ros/humble /usr/bin/cmake --install /home/leejunmi/ros2_ws/build/number
[2.106s] DEBUG:colcon.colcon_core.event_handler.log_command:Invoked command in '/home/leejunmi/ros2_ws/build/tutorial_interfaces' returned '0': CMAKE_PREFIX_PATH=${CMAKE_PREFIX_PATH}:/home/leejunmi/ros2_ws/install/py_pubsub:/home/leejunmi/ros2_ws/install/test_pkg:/home/leejunmi/ros2_ws/install/python_parameters:/home/leejunmi/ros2_ws/install/pkpk:/home/leejunmi/ros2_ws/install/msg_test:/home/leejunmi/ros2_ws/install/my_package:/home/leejunmi/ros2_ws/install/lidar_intensity:/home/leejunmi/ros2_ws/install/launch_testing_examples:/home/leejunmi/ros2_ws/install/img:/home/leejunmi/ros2_ws/install/examples_rclpy_pointcloud_publisher:/home/leejunmi/ros2_ws/install/examples_rclpy_minimal_subscriber:/home/leejunmi/ros2_ws/install/examples_rclpy_minimal_service:/home/leejunmi/ros2_ws/install/examples_rclpy_minimal_publisher:/home/leejunmi/ros2_ws/install/examples_rclpy_minimal_client:/home/leejunmi/ros2_ws/install/examples_rclpy_minimal_action_server:/home/leejunmi/ros2_ws/install/examples_rclpy_minimal_action_client:/home/leejunmi/ros2_ws/install/examples_rclpy_guard_conditions:/home/leejunmi/ros2_ws/install/examples_rclpy_executors:/opt/ros/humble /usr/bin/cmake --build /home/leejunmi/ros2_ws/build/tutorial_interfaces -- -j8 -l8
[2.108s] DEBUG:colcon.colcon_core.event_handler.log_command:Invoking command in '/home/leejunmi/ros2_ws/build/tutorial_interfaces': CMAKE_PREFIX_PATH=${CMAKE_PREFIX_PATH}:/home/leejunmi/ros2_ws/install/py_pubsub:/home/leejunmi/ros2_ws/install/test_pkg:/home/leejunmi/ros2_ws/install/python_parameters:/home/leejunmi/ros2_ws/install/pkpk:/home/leejunmi/ros2_ws/install/msg_test:/home/leejunmi/ros2_ws/install/my_package:/home/leejunmi/ros2_ws/install/lidar_intensity:/home/leejunmi/ros2_ws/install/launch_testing_examples:/home/leejunmi/ros2_ws/install/img:/home/leejunmi/ros2_ws/install/examples_rclpy_pointcloud_publisher:/home/leejunmi/ros2_ws/install/examples_rclpy_minimal_subscriber:/home/leejunmi/ros2_ws/install/examples_rclpy_minimal_service:/home/leejunmi/ros2_ws/install/examples_rclpy_minimal_publisher:/home/leejunmi/ros2_ws/install/examples_rclpy_minimal_client:/home/leejunmi/ros2_ws/install/examples_rclpy_minimal_action_server:/home/leejunmi/ros2_ws/install/examples_rclpy_minimal_action_client:/home/leejunmi/ros2_ws/install/examples_rclpy_guard_conditions:/home/leejunmi/ros2_ws/install/examples_rclpy_executors:/opt/ros/humble /usr/bin/cmake --install /home/leejunmi/ros2_ws/build/tutorial_interfaces
[2.218s] Level 1:colcon.colcon_core.environment:create_environment_scripts_only(number)
[2.223s] DEBUG:colcon.colcon_core.event_handler.log_command:Invoked command in '/home/leejunmi/ros2_ws/build/number' returned '0': CMAKE_PREFIX_PATH=${CMAKE_PREFIX_PATH}:/home/leejunmi/ros2_ws/install/py_pubsub:/home/leejunmi/ros2_ws/install/test_pkg:/home/leejunmi/ros2_ws/install/python_parameters:/home/leejunmi/ros2_ws/install/pkpk:/home/leejunmi/ros2_ws/install/msg_test:/home/leejunmi/ros2_ws/install/my_package:/home/leejunmi/ros2_ws/install/lidar_intensity:/home/leejunmi/ros2_ws/install/launch_testing_examples:/home/leejunmi/ros2_ws/install/img:/home/leejunmi/ros2_ws/install/examples_rclpy_pointcloud_publisher:/home/leejunmi/ros2_ws/install/examples_rclpy_minimal_subscriber:/home/leejunmi/ros2_ws/install/examples_rclpy_minimal_service:/home/leejunmi/ros2_ws/install/examples_rclpy_minimal_publisher:/home/leejunmi/ros2_ws/install/examples_rclpy_minimal_client:/home/leejunmi/ros2_ws/install/examples_rclpy_minimal_action_server:/home/leejunmi/ros2_ws/install/examples_rclpy_minimal_action_client:/home/leejunmi/ros2_ws/install/examples_rclpy_guard_conditions:/home/leejunmi/ros2_ws/install/examples_rclpy_executors:/opt/ros/humble /usr/bin/cmake --install /home/leejunmi/ros2_ws/build/number
[2.226s] Level 1:colcon.colcon_core.environment:checking '/home/leejunmi/ros2_ws/install/number' for CMake module files
[2.227s] Level 1:colcon.colcon_core.environment:checking '/home/leejunmi/ros2_ws/install/number' for CMake config files
[2.228s] Level 1:colcon.colcon_core.shell:create_environment_hook('number', 'cmake_prefix_path')
[2.228s] INFO:colcon.colcon_core.shell:Creating environment hook '/home/leejunmi/ros2_ws/install/number/share/number/hook/cmake_prefix_path.ps1'
[2.229s] INFO:colcon.colcon_core.shell:Creating environment descriptor '/home/leejunmi/ros2_ws/install/number/share/number/hook/cmake_prefix_path.dsv'
[2.230s] INFO:colcon.colcon_core.shell:Creating environment hook '/home/leejunmi/ros2_ws/install/number/share/number/hook/cmake_prefix_path.sh'
[2.231s] Level 1:colcon.colcon_core.environment:checking '/home/leejunmi/ros2_ws/install/number/lib'
[2.231s] Level 1:colcon.colcon_core.shell:create_environment_hook('number', 'ld_library_path_lib')
[2.231s] INFO:colcon.colcon_core.shell:Creating environment hook '/home/leejunmi/ros2_ws/install/number/share/number/hook/ld_library_path_lib.ps1'
[2.232s] INFO:colcon.colcon_core.shell:Creating environment descriptor '/home/leejunmi/ros2_ws/install/number/share/number/hook/ld_library_path_lib.dsv'
[2.233s] INFO:colcon.colcon_core.shell:Creating environment hook '/home/leejunmi/ros2_ws/install/number/share/number/hook/ld_library_path_lib.sh'
[2.233s] Level 1:colcon.colcon_core.environment:checking '/home/leejunmi/ros2_ws/install/number/bin'
[2.233s] Level 1:colcon.colcon_core.environment:checking '/home/leejunmi/ros2_ws/install/number/lib/pkgconfig/number.pc'
[2.234s] Level 1:colcon.colcon_core.environment:checking '/home/leejunmi/ros2_ws/install/number/lib/python3.10/site-packages'
[2.234s] Level 1:colcon.colcon_core.environment:checking '/home/leejunmi/ros2_ws/install/number/bin'
[2.235s] INFO:colcon.colcon_core.shell:Creating package script '/home/leejunmi/ros2_ws/install/number/share/number/package.ps1'
[2.236s] INFO:colcon.colcon_core.shell:Creating package descriptor '/home/leejunmi/ros2_ws/install/number/share/number/package.dsv'
[2.240s] INFO:colcon.colcon_core.shell:Creating package script '/home/leejunmi/ros2_ws/install/number/share/number/package.sh'
[2.242s] INFO:colcon.colcon_core.shell:Creating package script '/home/leejunmi/ros2_ws/install/number/share/number/package.bash'
[2.243s] INFO:colcon.colcon_core.shell:Creating package script '/home/leejunmi/ros2_ws/install/number/share/number/package.zsh'
[2.244s] Level 1:colcon.colcon_core.environment:create_file_with_runtime_dependencies(/home/leejunmi/ros2_ws/install/number/share/colcon-core/packages/number)
[2.245s] Level 1:colcon.colcon_core.environment:create_environment_scripts_only(number)
[2.246s] Level 1:colcon.colcon_core.environment:checking '/home/leejunmi/ros2_ws/install/number' for CMake module files
[2.247s] Level 1:colcon.colcon_core.environment:checking '/home/leejunmi/ros2_ws/install/number' for CMake config files
[2.248s] Level 1:colcon.colcon_core.shell:create_environment_hook('number', 'cmake_prefix_path')
[2.251s] INFO:colcon.colcon_core.shell:Creating environment hook '/home/leejunmi/ros2_ws/install/number/share/number/hook/cmake_prefix_path.ps1'
[2.252s] INFO:colcon.colcon_core.shell:Creating environment descriptor '/home/leejunmi/ros2_ws/install/number/share/number/hook/cmake_prefix_path.dsv'
[2.253s] INFO:colcon.colcon_core.shell:Creating environment hook '/home/leejunmi/ros2_ws/install/number/share/number/hook/cmake_prefix_path.sh'
[2.254s] Level 1:colcon.colcon_core.environment:checking '/home/leejunmi/ros2_ws/install/number/lib'
[2.254s] Level 1:colcon.colcon_core.shell:create_environment_hook('number', 'ld_library_path_lib')
[2.255s] INFO:colcon.colcon_core.shell:Creating environment hook '/home/leejunmi/ros2_ws/install/number/share/number/hook/ld_library_path_lib.ps1'
[2.255s] INFO:colcon.colcon_core.shell:Creating environment descriptor '/home/leejunmi/ros2_ws/install/number/share/number/hook/ld_library_path_lib.dsv'
[2.256s] INFO:colcon.colcon_core.shell:Creating environment hook '/home/leejunmi/ros2_ws/install/number/share/number/hook/ld_library_path_lib.sh'
[2.257s] Level 1:colcon.colcon_core.environment:checking '/home/leejunmi/ros2_ws/install/number/bin'
[2.257s] Level 1:colcon.colcon_core.environment:checking '/home/leejunmi/ros2_ws/install/number/lib/pkgconfig/number.pc'
[2.257s] Level 1:colcon.colcon_core.environment:checking '/home/leejunmi/ros2_ws/install/number/lib/python3.10/site-packages'
[2.264s] Level 1:colcon.colcon_core.environment:checking '/home/leejunmi/ros2_ws/install/number/bin'
[2.264s] INFO:colcon.colcon_core.shell:Creating package script '/home/leejunmi/ros2_ws/install/number/share/number/package.ps1'
[2.266s] INFO:colcon.colcon_core.shell:Creating package descriptor '/home/leejunmi/ros2_ws/install/number/share/number/package.dsv'
[2.267s] INFO:colcon.colcon_core.shell:Creating package script '/home/leejunmi/ros2_ws/install/number/share/number/package.sh'
[2.268s] INFO:colcon.colcon_core.shell:Creating package script '/home/leejunmi/ros2_ws/install/number/share/number/package.bash'
[2.268s] INFO:colcon.colcon_core.shell:Creating package script '/home/leejunmi/ros2_ws/install/number/share/number/package.zsh'
[2.269s] Level 1:colcon.colcon_core.environment:create_file_with_runtime_dependencies(/home/leejunmi/ros2_ws/install/number/share/colcon-core/packages/number)
[2.270s] Level 1:colcon.colcon_core.environment:create_environment_scripts_only(tutorial_interfaces)
[2.270s] Level 1:colcon.colcon_core.environment:checking '/home/leejunmi/ros2_ws/install/tutorial_interfaces' for CMake module files
[2.272s] DEBUG:colcon.colcon_core.event_handler.log_command:Invoked command in '/home/leejunmi/ros2_ws/build/tutorial_interfaces' returned '0': CMAKE_PREFIX_PATH=${CMAKE_PREFIX_PATH}:/home/leejunmi/ros2_ws/install/py_pubsub:/home/leejunmi/ros2_ws/install/test_pkg:/home/leejunmi/ros2_ws/install/python_parameters:/home/leejunmi/ros2_ws/install/pkpk:/home/leejunmi/ros2_ws/install/msg_test:/home/leejunmi/ros2_ws/install/my_package:/home/leejunmi/ros2_ws/install/lidar_intensity:/home/leejunmi/ros2_ws/install/launch_testing_examples:/home/leejunmi/ros2_ws/install/img:/home/leejunmi/ros2_ws/install/examples_rclpy_pointcloud_publisher:/home/leejunmi/ros2_ws/install/examples_rclpy_minimal_subscriber:/home/leejunmi/ros2_ws/install/examples_rclpy_minimal_service:/home/leejunmi/ros2_ws/install/examples_rclpy_minimal_publisher:/home/leejunmi/ros2_ws/install/examples_rclpy_minimal_client:/home/leejunmi/ros2_ws/install/examples_rclpy_minimal_action_server:/home/leejunmi/ros2_ws/install/examples_rclpy_minimal_action_client:/home/leejunmi/ros2_ws/install/examples_rclpy_guard_conditions:/home/leejunmi/ros2_ws/install/examples_rclpy_executors:/opt/ros/humble /usr/bin/cmake --install /home/leejunmi/ros2_ws/build/tutorial_interfaces
[2.272s] Level 1:colcon.colcon_core.environment:checking '/home/leejunmi/ros2_ws/install/tutorial_interfaces' for CMake config files
[2.273s] Level 1:colcon.colcon_core.shell:create_environment_hook('tutorial_interfaces', 'cmake_prefix_path')
[2.274s] INFO:colcon.colcon_core.shell:Creating environment hook '/home/leejunmi/ros2_ws/install/tutorial_interfaces/share/tutorial_interfaces/hook/cmake_prefix_path.ps1'
[2.274s] INFO:colcon.colcon_core.shell:Creating environment descriptor '/home/leejunmi/ros2_ws/install/tutorial_interfaces/share/tutorial_interfaces/hook/cmake_prefix_path.dsv'
[2.275s] INFO:colcon.colcon_core.shell:Creating environment hook '/home/leejunmi/ros2_ws/install/tutorial_interfaces/share/tutorial_interfaces/hook/cmake_prefix_path.sh'
[2.276s] Level 1:colcon.colcon_core.environment:checking '/home/leejunmi/ros2_ws/install/tutorial_interfaces/lib'
[2.276s] Level 1:colcon.colcon_core.shell:create_environment_hook('tutorial_interfaces', 'ld_library_path_lib')
[2.276s] INFO:colcon.colcon_core.shell:Creating environment hook '/home/leejunmi/ros2_ws/install/tutorial_interfaces/share/tutorial_interfaces/hook/ld_library_path_lib.ps1'
[2.277s] INFO:colcon.colcon_core.shell:Creating environment descriptor '/home/leejunmi/ros2_ws/install/tutorial_interfaces/share/tutorial_interfaces/hook/ld_library_path_lib.dsv'
[2.277s] INFO:colcon.colcon_core.shell:Creating environment hook '/home/leejunmi/ros2_ws/install/tutorial_interfaces/share/tutorial_interfaces/hook/ld_library_path_lib.sh'
[2.278s] Level 1:colcon.colcon_core.environment:checking '/home/leejunmi/ros2_ws/install/tutorial_interfaces/bin'
[2.278s] Level 1:colcon.colcon_core.environment:checking '/home/leejunmi/ros2_ws/install/tutorial_interfaces/lib/pkgconfig/tutorial_interfaces.pc'
[2.278s] Level 1:colcon.colcon_core.environment:checking '/home/leejunmi/ros2_ws/install/tutorial_interfaces/lib/python3.10/site-packages'
[2.279s] Level 1:colcon.colcon_core.environment:checking '/home/leejunmi/ros2_ws/install/tutorial_interfaces/bin'
[2.279s] INFO:colcon.colcon_core.shell:Creating package script '/home/leejunmi/ros2_ws/install/tutorial_interfaces/share/tutorial_interfaces/package.ps1'
[2.280s] INFO:colcon.colcon_core.shell:Creating package descriptor '/home/leejunmi/ros2_ws/install/tutorial_interfaces/share/tutorial_interfaces/package.dsv'
[2.281s] INFO:colcon.colcon_core.shell:Creating package script '/home/leejunmi/ros2_ws/install/tutorial_interfaces/share/tutorial_interfaces/package.sh'
[2.281s] INFO:colcon.colcon_core.shell:Creating package script '/home/leejunmi/ros2_ws/install/tutorial_interfaces/share/tutorial_interfaces/package.bash'
[2.282s] INFO:colcon.colcon_core.shell:Creating package script '/home/leejunmi/ros2_ws/install/tutorial_interfaces/share/tutorial_interfaces/package.zsh'
[2.283s] Level 1:colcon.colcon_core.environment:create_file_with_runtime_dependencies(/home/leejunmi/ros2_ws/install/tutorial_interfaces/share/colcon-core/packages/tutorial_interfaces)
[2.284s] Level 1:colcon.colcon_core.environment:create_environment_scripts_only(tutorial_interfaces)
[2.284s] Level 1:colcon.colcon_core.environment:checking '/home/leejunmi/ros2_ws/install/tutorial_interfaces' for CMake module files
[2.285s] Level 1:colcon.colcon_core.environment:checking '/home/leejunmi/ros2_ws/install/tutorial_interfaces' for CMake config files
[2.286s] Level 1:colcon.colcon_core.shell:create_environment_hook('tutorial_interfaces', 'cmake_prefix_path')
[2.286s] INFO:colcon.colcon_core.shell:Creating environment hook '/home/leejunmi/ros2_ws/install/tutorial_interfaces/share/tutorial_interfaces/hook/cmake_prefix_path.ps1'
[2.287s] INFO:colcon.colcon_core.shell:Creating environment descriptor '/home/leejunmi/ros2_ws/install/tutorial_interfaces/share/tutorial_interfaces/hook/cmake_prefix_path.dsv'
[2.288s] INFO:colcon.colcon_core.shell:Creating environment hook '/home/leejunmi/ros2_ws/install/tutorial_interfaces/share/tutorial_interfaces/hook/cmake_prefix_path.sh'
[2.288s] Level 1:colcon.colcon_core.environment:checking '/home/leejunmi/ros2_ws/install/tutorial_interfaces/lib'
[2.288s] Level 1:colcon.colcon_core.shell:create_environment_hook('tutorial_interfaces', 'ld_library_path_lib')
[2.289s] INFO:colcon.colcon_core.shell:Creating environment hook '/home/leejunmi/ros2_ws/install/tutorial_interfaces/share/tutorial_interfaces/hook/ld_library_path_lib.ps1'
[2.290s] INFO:colcon.colcon_core.shell:Creating environment descriptor '/home/leejunmi/ros2_ws/install/tutorial_interfaces/share/tutorial_interfaces/hook/ld_library_path_lib.dsv'
[2.290s] INFO:colcon.colcon_core.shell:Creating environment hook '/home/leejunmi/ros2_ws/install/tutorial_interfaces/share/tutorial_interfaces/hook/ld_library_path_lib.sh'
[2.291s] Level 1:colcon.colcon_core.environment:checking '/home/leejunmi/ros2_ws/install/tutorial_interfaces/bin'
[2.291s] Level 1:colcon.colcon_core.environment:checking '/home/leejunmi/ros2_ws/install/tutorial_interfaces/lib/pkgconfig/tutorial_interfaces.pc'
[2.291s] Level 1:colcon.colcon_core.environment:checking '/home/leejunmi/ros2_ws/install/tutorial_interfaces/lib/python3.10/site-packages'
[2.291s] Level 1:colcon.colcon_core.environment:checking '/home/leejunmi/ros2_ws/install/tutorial_interfaces/bin'
[2.292s] INFO:colcon.colcon_core.shell:Creating package script '/home/leejunmi/ros2_ws/install/tutorial_interfaces/share/tutorial_interfaces/package.ps1'
[2.293s] INFO:colcon.colcon_core.shell:Creating package descriptor '/home/leejunmi/ros2_ws/install/tutorial_interfaces/share/tutorial_interfaces/package.dsv'
[2.294s] INFO:colcon.colcon_core.shell:Creating package script '/home/leejunmi/ros2_ws/install/tutorial_interfaces/share/tutorial_interfaces/package.sh'
[2.294s] INFO:colcon.colcon_core.shell:Creating package script '/home/leejunmi/ros2_ws/install/tutorial_interfaces/share/tutorial_interfaces/package.bash'
[2.295s] INFO:colcon.colcon_core.shell:Creating package script '/home/leejunmi/ros2_ws/install/tutorial_interfaces/share/tutorial_interfaces/package.zsh'
[2.295s] Level 1:colcon.colcon_core.environment:create_file_with_runtime_dependencies(/home/leejunmi/ros2_ws/install/tutorial_interfaces/share/colcon-core/packages/tutorial_interfaces)
[2.296s] INFO:colcon.colcon_ros.task.ament_python.build:Building ROS package in '/home/leejunmi/ros2_ws/src/msg_test' with build type 'ament_python'
[2.296s] Level 1:colcon.colcon_core.shell:create_environment_hook('msg_test', 'ament_prefix_path')
[2.297s] INFO:colcon.colcon_core.shell:Creating environment hook '/home/leejunmi/ros2_ws/install/msg_test/share/msg_test/hook/ament_prefix_path.ps1'
[2.297s] INFO:colcon.colcon_core.shell:Creating environment descriptor '/home/leejunmi/ros2_ws/install/msg_test/share/msg_test/hook/ament_prefix_path.dsv'
[2.298s] INFO:colcon.colcon_core.shell:Creating environment hook '/home/leejunmi/ros2_ws/install/msg_test/share/msg_test/hook/ament_prefix_path.sh'
[2.299s] INFO:colcon.colcon_core.shell:Skip shell extension 'powershell' for command environment: Not usable outside of PowerShell
[2.299s] DEBUG:colcon.colcon_core.shell:Skip shell extension 'dsv' for command environment
[2.308s] INFO:colcon.colcon_ros.task.ament_python.build:Building ROS package in '/home/leejunmi/ros2_ws/src/py_pubsub' with build type 'ament_python'
[2.308s] Level 1:colcon.colcon_core.shell:create_environment_hook('py_pubsub', 'ament_prefix_path')
[2.309s] INFO:colcon.colcon_core.shell:Creating environment hook '/home/leejunmi/ros2_ws/install/py_pubsub/share/py_pubsub/hook/ament_prefix_path.ps1'
[2.309s] INFO:colcon.colcon_core.shell:Creating environment descriptor '/home/leejunmi/ros2_ws/install/py_pubsub/share/py_pubsub/hook/ament_prefix_path.dsv'
[2.310s] INFO:colcon.colcon_core.shell:Creating environment hook '/home/leejunmi/ros2_ws/install/py_pubsub/share/py_pubsub/hook/ament_prefix_path.sh'
[2.311s] INFO:colcon.colcon_core.shell:Skip shell extension 'powershell' for command environment: Not usable outside of PowerShell
[2.312s] DEBUG:colcon.colcon_core.shell:Skip shell extension 'dsv' for command environment
[2.882s] INFO:colcon.colcon_core.task.python.build:Building Python package in '/home/leejunmi/ros2_ws/src/msg_test'
[2.883s] INFO:colcon.colcon_core.shell:Skip shell extension 'powershell' for command environment: Not usable outside of PowerShell
[2.883s] DEBUG:colcon.colcon_core.shell:Skip shell extension 'dsv' for command environment
[3.228s] INFO:colcon.colcon_core.task.python.build:Building Python package in '/home/leejunmi/ros2_ws/src/py_pubsub'
[3.229s] INFO:colcon.colcon_core.shell:Skip shell extension 'powershell' for command environment: Not usable outside of PowerShell
[3.229s] DEBUG:colcon.colcon_core.shell:Skip shell extension 'dsv' for command environment
[3.239s] DEBUG:colcon.colcon_core.event_handler.log_command:Invoking command in '/home/leejunmi/ros2_ws/src/img': PYTHONPATH=/home/leejunmi/ros2_ws/build/img/prefix_override:/usr/lib/python3/dist-packages/colcon_core/task/python/colcon_distutils_commands:/home/leejunmi/ros2_ws/install/img/lib/python3.10/site-packages:${PYTHONPATH} /usr/bin/python3 -W ignore:setup.py install is deprecated -W ignore:easy_install command is deprecated setup.py egg_info --egg-base ../../build/img build --build-base /home/leejunmi/ros2_ws/build/img/build install --record /home/leejunmi/ros2_ws/build/img/install.log --single-version-externally-managed install_data
[3.244s] DEBUG:colcon.colcon_core.event_handler.log_command:Invoking command in '/home/leejunmi/ros2_ws/src/lidar_intensity': PYTHONPATH=/home/leejunmi/ros2_ws/build/lidar_intensity/prefix_override:/usr/lib/python3/dist-packages/colcon_core/task/python/colcon_distutils_commands:/home/leejunmi/ros2_ws/install/lidar_intensity/lib/python3.10/site-packages:${PYTHONPATH} /usr/bin/python3 -W ignore:setup.py install is deprecated -W ignore:easy_install command is deprecated setup.py egg_info --egg-base ../../build/lidar_intensity build --build-base /home/leejunmi/ros2_ws/build/lidar_intensity/build install --record /home/leejunmi/ros2_ws/build/lidar_intensity/install.log --single-version-externally-managed install_data
[3.245s] DEBUG:colcon.colcon_core.event_handler.log_command:Invoking command in '/home/leejunmi/ros2_ws/src/pkpk': PYTHONPATH=/home/leejunmi/ros2_ws/build/pkpk/prefix_override:/usr/lib/python3/dist-packages/colcon_core/task/python/colcon_distutils_commands:/home/leejunmi/ros2_ws/install/pkpk/lib/python3.10/site-packages:${PYTHONPATH} /usr/bin/python3 -W ignore:setup.py install is deprecated -W ignore:easy_install command is deprecated setup.py egg_info --egg-base ../../build/pkpk build --build-base /home/leejunmi/ros2_ws/build/pkpk/build install --record /home/leejunmi/ros2_ws/build/pkpk/install.log --single-version-externally-managed install_data
[3.246s] DEBUG:colcon.colcon_core.event_handler.log_command:Invoking command in '/home/leejunmi/ros2_ws/src/my_package': PYTHONPATH=/home/leejunmi/ros2_ws/build/my_package/prefix_override:/usr/lib/python3/dist-packages/colcon_core/task/python/colcon_distutils_commands:/home/leejunmi/ros2_ws/install/my_package/lib/python3.10/site-packages:${PYTHONPATH} /usr/bin/python3 -W ignore:setup.py install is deprecated -W ignore:easy_install command is deprecated setup.py egg_info --egg-base ../../build/my_package build --build-base /home/leejunmi/ros2_ws/build/my_package/build install --record /home/leejunmi/ros2_ws/build/my_package/install.log --single-version-externally-managed install_data
[3.249s] DEBUG:colcon.colcon_core.event_handler.log_command:Invoking command in '/home/leejunmi/ros2_ws/src/test_pkg': PYTHONPATH=/home/leejunmi/ros2_ws/build/test_pkg/prefix_override:/usr/lib/python3/dist-packages/colcon_core/task/python/colcon_distutils_commands:/home/leejunmi/ros2_ws/install/test_pkg/lib/python3.10/site-packages:${PYTHONPATH} /usr/bin/python3 -W ignore:setup.py install is deprecated -W ignore:easy_install command is deprecated setup.py egg_info --egg-base ../../build/test_pkg build --build-base /home/leejunmi/ros2_ws/build/test_pkg/build install --record /home/leejunmi/ros2_ws/build/test_pkg/install.log --single-version-externally-managed install_data
[3.995s] Level 1:colcon.colcon_core.environment:checking '/home/leejunmi/ros2_ws/install/test_pkg' for CMake module files
[3.996s] DEBUG:colcon.colcon_core.event_handler.log_command:Invoked command in '/home/leejunmi/ros2_ws/src/test_pkg' returned '0': PYTHONPATH=/home/leejunmi/ros2_ws/build/test_pkg/prefix_override:/usr/lib/python3/dist-packages/colcon_core/task/python/colcon_distutils_commands:/home/leejunmi/ros2_ws/install/test_pkg/lib/python3.10/site-packages:${PYTHONPATH} /usr/bin/python3 -W ignore:setup.py install is deprecated -W ignore:easy_install command is deprecated setup.py egg_info --egg-base ../../build/test_pkg build --build-base /home/leejunmi/ros2_ws/build/test_pkg/build install --record /home/leejunmi/ros2_ws/build/test_pkg/install.log --single-version-externally-managed install_data
[3.996s] Level 1:colcon.colcon_core.environment:checking '/home/leejunmi/ros2_ws/install/test_pkg' for CMake config files
[3.998s] Level 1:colcon.colcon_core.environment:checking '/home/leejunmi/ros2_ws/install/test_pkg/lib'
[3.998s] Level 1:colcon.colcon_core.environment:checking '/home/leejunmi/ros2_ws/install/test_pkg/bin'
[3.998s] Level 1:colcon.colcon_core.environment:checking '/home/leejunmi/ros2_ws/install/test_pkg/lib/pkgconfig/test_pkg.pc'
[3.999s] Level 1:colcon.colcon_core.environment:checking '/home/leejunmi/ros2_ws/install/test_pkg/lib/python3.10/site-packages'
[3.999s] Level 1:colcon.colcon_core.shell:create_environment_hook('test_pkg', 'pythonpath')
[4.004s] INFO:colcon.colcon_core.shell:Creating environment hook '/home/leejunmi/ros2_ws/install/test_pkg/share/test_pkg/hook/pythonpath.ps1'
[4.005s] INFO:colcon.colcon_core.shell:Creating environment descriptor '/home/leejunmi/ros2_ws/install/test_pkg/share/test_pkg/hook/pythonpath.dsv'
[4.007s] INFO:colcon.colcon_core.shell:Creating environment hook '/home/leejunmi/ros2_ws/install/test_pkg/share/test_pkg/hook/pythonpath.sh'
[4.008s] Level 1:colcon.colcon_core.environment:checking '/home/leejunmi/ros2_ws/install/test_pkg/bin'
[4.009s] Level 1:colcon.colcon_core.environment:create_environment_scripts_only(test_pkg)
[4.010s] INFO:colcon.colcon_core.shell:Creating package script '/home/leejunmi/ros2_ws/install/test_pkg/share/test_pkg/package.ps1'
[4.012s] INFO:colcon.colcon_core.shell:Creating package descriptor '/home/leejunmi/ros2_ws/install/test_pkg/share/test_pkg/package.dsv'
[4.013s] INFO:colcon.colcon_core.shell:Creating package script '/home/leejunmi/ros2_ws/install/test_pkg/share/test_pkg/package.sh'
[4.015s] INFO:colcon.colcon_core.shell:Creating package script '/home/leejunmi/ros2_ws/install/test_pkg/share/test_pkg/package.bash'
[4.016s] INFO:colcon.colcon_core.shell:Creating package script '/home/leejunmi/ros2_ws/install/test_pkg/share/test_pkg/package.zsh'
[4.017s] Level 1:colcon.colcon_core.environment:create_file_with_runtime_dependencies(/home/leejunmi/ros2_ws/install/test_pkg/share/colcon-core/packages/test_pkg)
[4.027s] Level 1:colcon.colcon_core.environment:checking '/home/leejunmi/ros2_ws/install/my_package' for CMake module files
[4.028s] Level 1:colcon.colcon_core.environment:checking '/home/leejunmi/ros2_ws/install/my_package' for CMake config files
[4.029s] Level 1:colcon.colcon_core.environment:checking '/home/leejunmi/ros2_ws/install/my_package/lib'
[4.034s] DEBUG:colcon.colcon_core.event_handler.log_command:Invoked command in '/home/leejunmi/ros2_ws/src/my_package' returned '0': PYTHONPATH=/home/leejunmi/ros2_ws/build/my_package/prefix_override:/usr/lib/python3/dist-packages/colcon_core/task/python/colcon_distutils_commands:/home/leejunmi/ros2_ws/install/my_package/lib/python3.10/site-packages:${PYTHONPATH} /usr/bin/python3 -W ignore:setup.py install is deprecated -W ignore:easy_install command is deprecated setup.py egg_info --egg-base ../../build/my_package build --build-base /home/leejunmi/ros2_ws/build/my_package/build install --record /home/leejunmi/ros2_ws/build/my_package/install.log --single-version-externally-managed install_data
[4.038s] Level 1:colcon.colcon_core.environment:checking '/home/leejunmi/ros2_ws/install/my_package/bin'
[4.038s] Level 1:colcon.colcon_core.environment:checking '/home/leejunmi/ros2_ws/install/my_package/lib/pkgconfig/my_package.pc'
[4.041s] Level 1:colcon.colcon_core.environment:checking '/home/leejunmi/ros2_ws/install/my_package/lib/python3.10/site-packages'
[4.041s] Level 1:colcon.colcon_core.shell:create_environment_hook('my_package', 'pythonpath')
[4.042s] INFO:colcon.colcon_core.shell:Creating environment hook '/home/leejunmi/ros2_ws/install/my_package/share/my_package/hook/pythonpath.ps1'
[4.043s] INFO:colcon.colcon_core.shell:Creating environment descriptor '/home/leejunmi/ros2_ws/install/my_package/share/my_package/hook/pythonpath.dsv'
[4.046s] INFO:colcon.colcon_core.shell:Creating environment hook '/home/leejunmi/ros2_ws/install/my_package/share/my_package/hook/pythonpath.sh'
[4.049s] Level 1:colcon.colcon_core.environment:checking '/home/leejunmi/ros2_ws/install/my_package/bin'
[4.049s] Level 1:colcon.colcon_core.environment:create_environment_scripts_only(my_package)
[4.051s] INFO:colcon.colcon_core.shell:Creating package script '/home/leejunmi/ros2_ws/install/my_package/share/my_package/package.ps1'
[4.053s] INFO:colcon.colcon_core.shell:Creating package descriptor '/home/leejunmi/ros2_ws/install/my_package/share/my_package/package.dsv'
[4.055s] INFO:colcon.colcon_core.shell:Creating package script '/home/leejunmi/ros2_ws/install/my_package/share/my_package/package.sh'
[4.056s] INFO:colcon.colcon_core.shell:Creating package script '/home/leejunmi/ros2_ws/install/my_package/share/my_package/package.bash'
[4.058s] INFO:colcon.colcon_core.shell:Creating package script '/home/leejunmi/ros2_ws/install/my_package/share/my_package/package.zsh'
[4.059s] Level 1:colcon.colcon_core.environment:create_file_with_runtime_dependencies(/home/leejunmi/ros2_ws/install/my_package/share/colcon-core/packages/my_package)
[4.062s] Level 1:colcon.colcon_core.environment:checking '/home/leejunmi/ros2_ws/install/img' for CMake module files
[4.063s] DEBUG:colcon.colcon_core.event_handler.log_command:Invoked command in '/home/leejunmi/ros2_ws/src/img' returned '0': PYTHONPATH=/home/leejunmi/ros2_ws/build/img/prefix_override:/usr/lib/python3/dist-packages/colcon_core/task/python/colcon_distutils_commands:/home/leejunmi/ros2_ws/install/img/lib/python3.10/site-packages:${PYTHONPATH} /usr/bin/python3 -W ignore:setup.py install is deprecated -W ignore:easy_install command is deprecated setup.py egg_info --egg-base ../../build/img build --build-base /home/leejunmi/ros2_ws/build/img/build install --record /home/leejunmi/ros2_ws/build/img/install.log --single-version-externally-managed install_data
[4.065s] Level 1:colcon.colcon_core.environment:checking '/home/leejunmi/ros2_ws/install/img' for CMake config files
[4.066s] Level 1:colcon.colcon_core.environment:checking '/home/leejunmi/ros2_ws/install/img/lib'
[4.066s] Level 1:colcon.colcon_core.environment:checking '/home/leejunmi/ros2_ws/install/img/bin'
[4.067s] Level 1:colcon.colcon_core.environment:checking '/home/leejunmi/ros2_ws/install/img/lib/pkgconfig/img.pc'
[4.067s] Level 1:colcon.colcon_core.environment:checking '/home/leejunmi/ros2_ws/install/img/lib/python3.10/site-packages'
[4.067s] Level 1:colcon.colcon_core.shell:create_environment_hook('img', 'pythonpath')
[4.068s] INFO:colcon.colcon_core.shell:Creating environment hook '/home/leejunmi/ros2_ws/install/img/share/img/hook/pythonpath.ps1'
[4.070s] INFO:colcon.colcon_core.shell:Creating environment descriptor '/home/leejunmi/ros2_ws/install/img/share/img/hook/pythonpath.dsv'
[4.071s] INFO:colcon.colcon_core.shell:Creating environment hook '/home/leejunmi/ros2_ws/install/img/share/img/hook/pythonpath.sh'
[4.073s] Level 1:colcon.colcon_core.environment:checking '/home/leejunmi/ros2_ws/install/img/bin'
[4.073s] Level 1:colcon.colcon_core.environment:create_environment_scripts_only(img)
[4.074s] INFO:colcon.colcon_core.shell:Creating package script '/home/leejunmi/ros2_ws/install/img/share/img/package.ps1'
[4.075s] INFO:colcon.colcon_core.shell:Creating package descriptor '/home/leejunmi/ros2_ws/install/img/share/img/package.dsv'
[4.077s] INFO:colcon.colcon_core.shell:Creating package script '/home/leejunmi/ros2_ws/install/img/share/img/package.sh'
[4.079s] INFO:colcon.colcon_core.shell:Creating package script '/home/leejunmi/ros2_ws/install/img/share/img/package.bash'
[4.080s] INFO:colcon.colcon_core.shell:Creating package script '/home/leejunmi/ros2_ws/install/img/share/img/package.zsh'
[4.082s] Level 1:colcon.colcon_core.environment:create_file_with_runtime_dependencies(/home/leejunmi/ros2_ws/install/img/share/colcon-core/packages/img)
[4.084s] Level 1:colcon.colcon_core.environment:checking '/home/leejunmi/ros2_ws/install/lidar_intensity' for CMake module files
[4.085s] DEBUG:colcon.colcon_core.event_handler.log_command:Invoked command in '/home/leejunmi/ros2_ws/src/lidar_intensity' returned '0': PYTHONPATH=/home/leejunmi/ros2_ws/build/lidar_intensity/prefix_override:/usr/lib/python3/dist-packages/colcon_core/task/python/colcon_distutils_commands:/home/leejunmi/ros2_ws/install/lidar_intensity/lib/python3.10/site-packages:${PYTHONPATH} /usr/bin/python3 -W ignore:setup.py install is deprecated -W ignore:easy_install command is deprecated setup.py egg_info --egg-base ../../build/lidar_intensity build --build-base /home/leejunmi/ros2_ws/build/lidar_intensity/build install --record /home/leejunmi/ros2_ws/build/lidar_intensity/install.log --single-version-externally-managed install_data
[4.086s] Level 1:colcon.colcon_core.environment:checking '/home/leejunmi/ros2_ws/install/lidar_intensity' for CMake config files
[4.087s] Level 1:colcon.colcon_core.environment:checking '/home/leejunmi/ros2_ws/install/lidar_intensity/lib'
[4.087s] Level 1:colcon.colcon_core.environment:checking '/home/leejunmi/ros2_ws/install/lidar_intensity/bin'
[4.087s] Level 1:colcon.colcon_core.environment:checking '/home/leejunmi/ros2_ws/install/lidar_intensity/lib/pkgconfig/lidar_intensity.pc'
[4.087s] Level 1:colcon.colcon_core.environment:checking '/home/leejunmi/ros2_ws/install/lidar_intensity/lib/python3.10/site-packages'
[4.088s] Level 1:colcon.colcon_core.shell:create_environment_hook('lidar_intensity', 'pythonpath')
[4.088s] INFO:colcon.colcon_core.shell:Creating environment hook '/home/leejunmi/ros2_ws/install/lidar_intensity/share/lidar_intensity/hook/pythonpath.ps1'
[4.089s] INFO:colcon.colcon_core.shell:Creating environment descriptor '/home/leejunmi/ros2_ws/install/lidar_intensity/share/lidar_intensity/hook/pythonpath.dsv'
[4.090s] INFO:colcon.colcon_core.shell:Creating environment hook '/home/leejunmi/ros2_ws/install/lidar_intensity/share/lidar_intensity/hook/pythonpath.sh'
[4.091s] Level 1:colcon.colcon_core.environment:checking '/home/leejunmi/ros2_ws/install/lidar_intensity/bin'
[4.091s] Level 1:colcon.colcon_core.environment:create_environment_scripts_only(lidar_intensity)
[4.091s] INFO:colcon.colcon_core.shell:Creating package script '/home/leejunmi/ros2_ws/install/lidar_intensity/share/lidar_intensity/package.ps1'
[4.092s] INFO:colcon.colcon_core.shell:Creating package descriptor '/home/leejunmi/ros2_ws/install/lidar_intensity/share/lidar_intensity/package.dsv'
[4.094s] INFO:colcon.colcon_core.shell:Creating package script '/home/leejunmi/ros2_ws/install/lidar_intensity/share/lidar_intensity/package.sh'
[4.095s] INFO:colcon.colcon_core.shell:Creating package script '/home/leejunmi/ros2_ws/install/lidar_intensity/share/lidar_intensity/package.bash'
[4.096s] INFO:colcon.colcon_core.shell:Creating package script '/home/leejunmi/ros2_ws/install/lidar_intensity/share/lidar_intensity/package.zsh'
[4.096s] Level 1:colcon.colcon_core.environment:create_file_with_runtime_dependencies(/home/leejunmi/ros2_ws/install/lidar_intensity/share/colcon-core/packages/lidar_intensity)
[4.101s] Level 1:colcon.colcon_core.environment:checking '/home/leejunmi/ros2_ws/install/pkpk' for CMake module files
[4.103s] Level 1:colcon.colcon_core.environment:checking '/home/leejunmi/ros2_ws/install/pkpk' for CMake config files
[4.103s] DEBUG:colcon.colcon_core.event_handler.log_command:Invoking command in '/home/leejunmi/ros2_ws/src/msg_test': CMAKE_PREFIX_PATH=/home/leejunmi/ros2_ws/install/number:/home/leejunmi/ros2_ws/install/tutorial_interfaces:/home/leejunmi/ros2_ws/install/turtlesim:/home/leejunmi/ros2_ws/install/examples_rclcpp_wait_set:/home/leejunmi/ros2_ws/install/examples_rclcpp_multithreaded_executor:/home/leejunmi/ros2_ws/install/examples_rclcpp_minimal_timer:/home/leejunmi/ros2_ws/install/examples_rclcpp_minimal_subscriber:/home/leejunmi/ros2_ws/install/examples_rclcpp_minimal_service:/home/leejunmi/ros2_ws/install/examples_rclcpp_minimal_publisher:/home/leejunmi/ros2_ws/install/examples_rclcpp_minimal_composition:/home/leejunmi/ros2_ws/install/examples_rclcpp_minimal_client:/home/leejunmi/ros2_ws/install/examples_rclcpp_minimal_action_server:/home/leejunmi/ros2_ws/install/examples_rclcpp_minimal_action_client:/home/leejunmi/ros2_ws/install/examples_rclcpp_cbg_executor:/home/leejunmi/ros2_ws/install/examples_rclcpp_async_client LD_LIBRARY_PATH=/home/leejunmi/ros2_ws/install/number/lib:/home/leejunmi/ros2_ws/install/tutorial_interfaces/lib:/home/leejunmi/ros2_ws/install/turtlesim/lib:/home/leejunmi/ros2_ws/install/examples_rclcpp_wait_set/lib:/home/leejunmi/ros2_ws/install/examples_rclcpp_minimal_subscriber/lib:/home/leejunmi/ros2_ws/install/examples_rclcpp_minimal_composition/lib:/opt/ros/humble/opt/rviz_ogre_vendor/lib:/opt/ros/humble/lib/x86_64-linux-gnu:/opt/ros/humble/lib PYTHONPATH=/home/leejunmi/ros2_ws/build/msg_test/prefix_override:/usr/lib/python3/dist-packages/colcon_core/task/python/colcon_distutils_commands:/home/leejunmi/ros2_ws/install/msg_test/lib/python3.10/site-packages:${PYTHONPATH} /usr/bin/python3 -W ignore:setup.py install is deprecated -W ignore:easy_install command is deprecated setup.py egg_info --egg-base ../../build/msg_test build --build-base /home/leejunmi/ros2_ws/build/msg_test/build install --record /home/leejunmi/ros2_ws/build/msg_test/install.log --single-version-externally-managed install_data
[4.104s] DEBUG:colcon.colcon_core.event_handler.log_command:Invoked command in '/home/leejunmi/ros2_ws/src/pkpk' returned '0': PYTHONPATH=/home/leejunmi/ros2_ws/build/pkpk/prefix_override:/usr/lib/python3/dist-packages/colcon_core/task/python/colcon_distutils_commands:/home/leejunmi/ros2_ws/install/pkpk/lib/python3.10/site-packages:${PYTHONPATH} /usr/bin/python3 -W ignore:setup.py install is deprecated -W ignore:easy_install command is deprecated setup.py egg_info --egg-base ../../build/pkpk build --build-base /home/leejunmi/ros2_ws/build/pkpk/build install --record /home/leejunmi/ros2_ws/build/pkpk/install.log --single-version-externally-managed install_data
[4.105s] Level 1:colcon.colcon_core.environment:checking '/home/leejunmi/ros2_ws/install/pkpk/lib'
[4.105s] Level 1:colcon.colcon_core.environment:checking '/home/leejunmi/ros2_ws/install/pkpk/bin'
[4.105s] Level 1:colcon.colcon_core.environment:checking '/home/leejunmi/ros2_ws/install/pkpk/lib/pkgconfig/pkpk.pc'
[4.106s] Level 1:colcon.colcon_core.environment:checking '/home/leejunmi/ros2_ws/install/pkpk/lib/python3.10/site-packages'
[4.106s] Level 1:colcon.colcon_core.shell:create_environment_hook('pkpk', 'pythonpath')
[4.106s] INFO:colcon.colcon_core.shell:Creating environment hook '/home/leejunmi/ros2_ws/install/pkpk/share/pkpk/hook/pythonpath.ps1'
[4.107s] INFO:colcon.colcon_core.shell:Creating environment descriptor '/home/leejunmi/ros2_ws/install/pkpk/share/pkpk/hook/pythonpath.dsv'
[4.108s] INFO:colcon.colcon_core.shell:Creating environment hook '/home/leejunmi/ros2_ws/install/pkpk/share/pkpk/hook/pythonpath.sh'
[4.109s] Level 1:colcon.colcon_core.environment:checking '/home/leejunmi/ros2_ws/install/pkpk/bin'
[4.110s] Level 1:colcon.colcon_core.environment:create_environment_scripts_only(pkpk)
[4.111s] INFO:colcon.colcon_core.shell:Creating package script '/home/leejunmi/ros2_ws/install/pkpk/share/pkpk/package.ps1'
[4.112s] INFO:colcon.colcon_core.shell:Creating package descriptor '/home/leejunmi/ros2_ws/install/pkpk/share/pkpk/package.dsv'
[4.113s] INFO:colcon.colcon_core.shell:Creating package script '/home/leejunmi/ros2_ws/install/pkpk/share/pkpk/package.sh'
[4.114s] INFO:colcon.colcon_core.shell:Creating package script '/home/leejunmi/ros2_ws/install/pkpk/share/pkpk/package.bash'
[4.115s] INFO:colcon.colcon_core.shell:Creating package script '/home/leejunmi/ros2_ws/install/pkpk/share/pkpk/package.zsh'
[4.116s] Level 1:colcon.colcon_core.environment:create_file_with_runtime_dependencies(/home/leejunmi/ros2_ws/install/pkpk/share/colcon-core/packages/pkpk)
[4.155s] DEBUG:colcon.colcon_core.event_handler.log_command:Invoking command in '/home/leejunmi/ros2_ws/src/py_pubsub': PYTHONPATH=/home/leejunmi/ros2_ws/build/py_pubsub/prefix_override:/usr/lib/python3/dist-packages/colcon_core/task/python/colcon_distutils_commands:/home/leejunmi/ros2_ws/install/py_pubsub/lib/python3.10/site-packages:${PYTHONPATH} /usr/bin/python3 -W ignore:setup.py install is deprecated -W ignore:easy_install command is deprecated setup.py egg_info --egg-base ../../build/py_pubsub build --build-base /home/leejunmi/ros2_ws/build/py_pubsub/build install --record /home/leejunmi/ros2_ws/build/py_pubsub/install.log --single-version-externally-managed install_data
[4.509s] Level 1:colcon.colcon_core.environment:checking '/home/leejunmi/ros2_ws/install/msg_test' for CMake module files
[4.510s] DEBUG:colcon.colcon_core.event_handler.log_command:Invoked command in '/home/leejunmi/ros2_ws/src/msg_test' returned '0': CMAKE_PREFIX_PATH=/home/leejunmi/ros2_ws/install/number:/home/leejunmi/ros2_ws/install/tutorial_interfaces:/home/leejunmi/ros2_ws/install/turtlesim:/home/leejunmi/ros2_ws/install/examples_rclcpp_wait_set:/home/leejunmi/ros2_ws/install/examples_rclcpp_multithreaded_executor:/home/leejunmi/ros2_ws/install/examples_rclcpp_minimal_timer:/home/leejunmi/ros2_ws/install/examples_rclcpp_minimal_subscriber:/home/leejunmi/ros2_ws/install/examples_rclcpp_minimal_service:/home/leejunmi/ros2_ws/install/examples_rclcpp_minimal_publisher:/home/leejunmi/ros2_ws/install/examples_rclcpp_minimal_composition:/home/leejunmi/ros2_ws/install/examples_rclcpp_minimal_client:/home/leejunmi/ros2_ws/install/examples_rclcpp_minimal_action_server:/home/leejunmi/ros2_ws/install/examples_rclcpp_minimal_action_client:/home/leejunmi/ros2_ws/install/examples_rclcpp_cbg_executor:/home/leejunmi/ros2_ws/install/examples_rclcpp_async_client LD_LIBRARY_PATH=/home/leejunmi/ros2_ws/install/number/lib:/home/leejunmi/ros2_ws/install/tutorial_interfaces/lib:/home/leejunmi/ros2_ws/install/turtlesim/lib:/home/leejunmi/ros2_ws/install/examples_rclcpp_wait_set/lib:/home/leejunmi/ros2_ws/install/examples_rclcpp_minimal_subscriber/lib:/home/leejunmi/ros2_ws/install/examples_rclcpp_minimal_composition/lib:/opt/ros/humble/opt/rviz_ogre_vendor/lib:/opt/ros/humble/lib/x86_64-linux-gnu:/opt/ros/humble/lib PYTHONPATH=/home/leejunmi/ros2_ws/build/msg_test/prefix_override:/usr/lib/python3/dist-packages/colcon_core/task/python/colcon_distutils_commands:/home/leejunmi/ros2_ws/install/msg_test/lib/python3.10/site-packages:${PYTHONPATH} /usr/bin/python3 -W ignore:setup.py install is deprecated -W ignore:easy_install command is deprecated setup.py egg_info --egg-base ../../build/msg_test build --build-base /home/leejunmi/ros2_ws/build/msg_test/build install --record /home/leejunmi/ros2_ws/build/msg_test/install.log --single-version-externally-managed install_data
[4.510s] Level 1:colcon.colcon_core.environment:checking '/home/leejunmi/ros2_ws/install/msg_test' for CMake config files
[4.511s] Level 1:colcon.colcon_core.environment:checking '/home/leejunmi/ros2_ws/install/msg_test/lib'
[4.511s] Level 1:colcon.colcon_core.environment:checking '/home/leejunmi/ros2_ws/install/msg_test/bin'
[4.511s] Level 1:colcon.colcon_core.environment:checking '/home/leejunmi/ros2_ws/install/msg_test/lib/pkgconfig/msg_test.pc'
[4.511s] Level 1:colcon.colcon_core.environment:checking '/home/leejunmi/ros2_ws/install/msg_test/lib/python3.10/site-packages'
[4.511s] Level 1:colcon.colcon_core.shell:create_environment_hook('msg_test', 'pythonpath')
[4.512s] INFO:colcon.colcon_core.shell:Creating environment hook '/home/leejunmi/ros2_ws/install/msg_test/share/msg_test/hook/pythonpath.ps1'
[4.512s] INFO:colcon.colcon_core.shell:Creating environment descriptor '/home/leejunmi/ros2_ws/install/msg_test/share/msg_test/hook/pythonpath.dsv'
[4.513s] INFO:colcon.colcon_core.shell:Creating environment hook '/home/leejunmi/ros2_ws/install/msg_test/share/msg_test/hook/pythonpath.sh'
[4.514s] Level 1:colcon.colcon_core.environment:checking '/home/leejunmi/ros2_ws/install/msg_test/bin'
[4.514s] Level 1:colcon.colcon_core.environment:create_environment_scripts_only(msg_test)
[4.514s] INFO:colcon.colcon_core.shell:Creating package script '/home/leejunmi/ros2_ws/install/msg_test/share/msg_test/package.ps1'
[4.515s] INFO:colcon.colcon_core.shell:Creating package descriptor '/home/leejunmi/ros2_ws/install/msg_test/share/msg_test/package.dsv'
[4.516s] INFO:colcon.colcon_core.shell:Creating package script '/home/leejunmi/ros2_ws/install/msg_test/share/msg_test/package.sh'
[4.516s] INFO:colcon.colcon_core.shell:Creating package script '/home/leejunmi/ros2_ws/install/msg_test/share/msg_test/package.bash'
[4.517s] INFO:colcon.colcon_core.shell:Creating package script '/home/leejunmi/ros2_ws/install/msg_test/share/msg_test/package.zsh'
[4.517s] Level 1:colcon.colcon_core.environment:create_file_with_runtime_dependencies(/home/leejunmi/ros2_ws/install/msg_test/share/colcon-core/packages/msg_test)
[4.537s] Level 1:colcon.colcon_core.environment:checking '/home/leejunmi/ros2_ws/install/py_pubsub' for CMake module files
[4.538s] DEBUG:colcon.colcon_core.event_handler.log_command:Invoked command in '/home/leejunmi/ros2_ws/src/py_pubsub' returned '0': PYTHONPATH=/home/leejunmi/ros2_ws/build/py_pubsub/prefix_override:/usr/lib/python3/dist-packages/colcon_core/task/python/colcon_distutils_commands:/home/leejunmi/ros2_ws/install/py_pubsub/lib/python3.10/site-packages:${PYTHONPATH} /usr/bin/python3 -W ignore:setup.py install is deprecated -W ignore:easy_install command is deprecated setup.py egg_info --egg-base ../../build/py_pubsub build --build-base /home/leejunmi/ros2_ws/build/py_pubsub/build install --record /home/leejunmi/ros2_ws/build/py_pubsub/install.log --single-version-externally-managed install_data
[4.538s] Level 1:colcon.colcon_core.environment:checking '/home/leejunmi/ros2_ws/install/py_pubsub' for CMake config files
[4.538s] Level 1:colcon.colcon_core.environment:checking '/home/leejunmi/ros2_ws/install/py_pubsub/lib'
[4.539s] Level 1:colcon.colcon_core.environment:checking '/home/leejunmi/ros2_ws/install/py_pubsub/bin'
[4.539s] Level 1:colcon.colcon_core.environment:checking '/home/leejunmi/ros2_ws/install/py_pubsub/lib/pkgconfig/py_pubsub.pc'
[4.539s] Level 1:colcon.colcon_core.environment:checking '/home/leejunmi/ros2_ws/install/py_pubsub/lib/python3.10/site-packages'
[4.539s] Level 1:colcon.colcon_core.shell:create_environment_hook('py_pubsub', 'pythonpath')
[4.539s] INFO:colcon.colcon_core.shell:Creating environment hook '/home/leejunmi/ros2_ws/install/py_pubsub/share/py_pubsub/hook/pythonpath.ps1'
[4.540s] INFO:colcon.colcon_core.shell:Creating environment descriptor '/home/leejunmi/ros2_ws/install/py_pubsub/share/py_pubsub/hook/pythonpath.dsv'
[4.540s] INFO:colcon.colcon_core.shell:Creating environment hook '/home/leejunmi/ros2_ws/install/py_pubsub/share/py_pubsub/hook/pythonpath.sh'
[4.541s] Level 1:colcon.colcon_core.environment:checking '/home/leejunmi/ros2_ws/install/py_pubsub/bin'
[4.541s] Level 1:colcon.colcon_core.environment:create_environment_scripts_only(py_pubsub)
[4.542s] INFO:colcon.colcon_core.shell:Creating package script '/home/leejunmi/ros2_ws/install/py_pubsub/share/py_pubsub/package.ps1'
[4.542s] INFO:colcon.colcon_core.shell:Creating package descriptor '/home/leejunmi/ros2_ws/install/py_pubsub/share/py_pubsub/package.dsv'
[4.543s] INFO:colcon.colcon_core.shell:Creating package script '/home/leejunmi/ros2_ws/install/py_pubsub/share/py_pubsub/package.sh'
[4.544s] INFO:colcon.colcon_core.shell:Creating package script '/home/leejunmi/ros2_ws/install/py_pubsub/share/py_pubsub/package.bash'
[4.544s] INFO:colcon.colcon_core.shell:Creating package script '/home/leejunmi/ros2_ws/install/py_pubsub/share/py_pubsub/package.zsh'
[4.545s] Level 1:colcon.colcon_core.environment:create_file_with_runtime_dependencies(/home/leejunmi/ros2_ws/install/py_pubsub/share/colcon-core/packages/py_pubsub)
[4.545s] DEBUG:colcon.colcon_parallel_executor.executor.parallel:closing loop
[4.545s] DEBUG:colcon.colcon_parallel_executor.executor.parallel:loop closed
[4.545s] DEBUG:colcon.colcon_parallel_executor.executor.parallel:run_until_complete finished with '0'
[4.546s] DEBUG:colcon.colcon_core.event_reactor:joining thread
[4.552s] INFO:colcon.colcon_core.plugin_system:Skipping extension 'colcon_notification.desktop_notification.terminal_notifier': Not used on non-Darwin systems
[4.552s] INFO:colcon.colcon_core.plugin_system:Skipping extension 'colcon_notification.desktop_notification.win32': Not used on non-Windows systems
[4.552s] INFO:colcon.colcon_notification.desktop_notification:Sending desktop notification using 'notify2'
[4.564s] DEBUG:colcon.colcon_core.event_reactor:joined thread
[4.564s] INFO:colcon.colcon_core.shell:Creating prefix script '/home/leejunmi/ros2_ws/install/local_setup.ps1'
[4.565s] INFO:colcon.colcon_core.shell:Creating prefix util module '/home/leejunmi/ros2_ws/install/_local_setup_util_ps1.py'
[4.567s] INFO:colcon.colcon_core.shell:Creating prefix chain script '/home/leejunmi/ros2_ws/install/setup.ps1'
[4.570s] INFO:colcon.colcon_core.shell:Creating prefix script '/home/leejunmi/ros2_ws/install/local_setup.sh'
[4.571s] INFO:colcon.colcon_core.shell:Creating prefix util module '/home/leejunmi/ros2_ws/install/_local_setup_util_sh.py'
[4.572s] INFO:colcon.colcon_core.shell:Creating prefix chain script '/home/leejunmi/ros2_ws/install/setup.sh'
[4.574s] INFO:colcon.colcon_core.shell:Creating prefix script '/home/leejunmi/ros2_ws/install/local_setup.bash'
[4.574s] INFO:colcon.colcon_core.shell:Creating prefix chain script '/home/leejunmi/ros2_ws/install/setup.bash'
[4.577s] INFO:colcon.colcon_core.shell:Creating prefix script '/home/leejunmi/ros2_ws/install/local_setup.zsh'
[4.578s] INFO:colcon.colcon_core.shell:Creating prefix chain script '/home/leejunmi/ros2_ws/install/setup.zsh'
