[1.499s] Invoking command in '/home/leejunmi/ros2_ws/src/pkpk': PYTHONPATH=/home/leejunmi/ros2_ws/build/pkpk/prefix_override:/usr/lib/python3/dist-packages/colcon_core/task/python/colcon_distutils_commands:/home/leejunmi/ros2_ws/install/pkpk/lib/python3.10/site-packages:${PYTHONPATH} /usr/bin/python3 -W ignore:setup.py install is deprecated -W ignore:easy_install command is deprecated setup.py egg_info --egg-base ../../build/pkpk build --build-base /home/leejunmi/ros2_ws/build/pkpk/build install --record /home/leejunmi/ros2_ws/build/pkpk/install.log --single-version-externally-managed install_data
[1.974s] running egg_info
[1.975s] writing ../../build/pkpk/pkpk.egg-info/PKG-INFO
[1.976s] writing dependency_links to ../../build/pkpk/pkpk.egg-info/dependency_links.txt
[1.977s] writing entry points to ../../build/pkpk/pkpk.egg-info/entry_points.txt
[1.977s] writing requirements to ../../build/pkpk/pkpk.egg-info/requires.txt
[1.977s] writing top-level names to ../../build/pkpk/pkpk.egg-info/top_level.txt
[1.980s] reading manifest file '../../build/pkpk/pkpk.egg-info/SOURCES.txt'
[1.980s] adding license file 'LICENSE'
[1.982s] writing manifest file '../../build/pkpk/pkpk.egg-info/SOURCES.txt'
[1.982s] running build
[1.982s] running build_py
[1.982s] running install
[1.982s] running install_lib
[1.986s] running install_data
[1.987s] running install_egg_info
[1.990s] removing '/home/leejunmi/ros2_ws/install/pkpk/lib/python3.10/site-packages/pkpk-0.0.0-py3.10.egg-info' (and everything under it)
[1.990s] Copying ../../build/pkpk/pkpk.egg-info to /home/leejunmi/ros2_ws/install/pkpk/lib/python3.10/site-packages/pkpk-0.0.0-py3.10.egg-info
[1.992s] running install_scripts
[2.028s] writing list of installed files to '/home/leejunmi/ros2_ws/build/pkpk/install.log'
[2.073s] Invoked command in '/home/leejunmi/ros2_ws/src/pkpk' returned '0': PYTHONPATH=/home/leejunmi/ros2_ws/build/pkpk/prefix_override:/usr/lib/python3/dist-packages/colcon_core/task/python/colcon_distutils_commands:/home/leejunmi/ros2_ws/install/pkpk/lib/python3.10/site-packages:${PYTHONPATH} /usr/bin/python3 -W ignore:setup.py install is deprecated -W ignore:easy_install command is deprecated setup.py egg_info --egg-base ../../build/pkpk build --build-base /home/leejunmi/ros2_ws/build/pkpk/build install --record /home/leejunmi/ros2_ws/build/pkpk/install.log --single-version-externally-managed install_data
