-- Found ament_cmake: 1.3.11 (/opt/ros/humble/share/ament_cmake/cmake)
-- Found Python3: /usr/bin/python3 (found version "3.10.12") found components: Interpreter 
-- Configuring done
-- Generating done
-- Build files have been written to: /home/leejunmi/ros2_ws/build/microstrain_inertial_description
-- Install configuration: ""
-- Installing: /home/leejunmi/ros2_ws/install/microstrain_inertial_description/share/microstrain_inertial_description/urdf
-- Installing: /home/leejunmi/ros2_ws/install/microstrain_inertial_description/share/microstrain_inertial_description/urdf/gv7.urdf.xacro
-- Installing: /home/leejunmi/ros2_ws/install/microstrain_inertial_description/share/microstrain_inertial_description/urdf/cv7.urdf.xacro
-- Installing: /home/leejunmi/ros2_ws/install/microstrain_inertial_description/share/microstrain_inertial_description/urdf/gq7.urdf.xacro
-- Installing: /home/leejunmi/ros2_ws/install/microstrain_inertial_description/share/microstrain_inertial_description/urdf/rtk.urdf.xacro
-- Installing: /home/leejunmi/ros2_ws/install/microstrain_inertial_description/share/microstrain_inertial_description/urdf/gx5_15.urdf.xacro
-- Installing: /home/leejunmi/ros2_ws/install/microstrain_inertial_description/share/microstrain_inertial_description/urdf/gx5_25.urdf.xacro
-- Installing: /home/leejunmi/ros2_ws/install/microstrain_inertial_description/share/microstrain_inertial_description/urdf/cv5.urdf.xacro
-- Installing: /home/leejunmi/ros2_ws/install/microstrain_inertial_description/share/microstrain_inertial_description/urdf/gx5_45.urdf.xacro
-- Installing: /home/leejunmi/ros2_ws/install/microstrain_inertial_description/share/microstrain_inertial_description/meshes
-- Installing: /home/leejunmi/ros2_ws/install/microstrain_inertial_description/share/microstrain_inertial_description/meshes/gv7.stl
-- Installing: /home/leejunmi/ros2_ws/install/microstrain_inertial_description/share/microstrain_inertial_description/meshes/rtk.stl
-- Installing: /home/leejunmi/ros2_ws/install/microstrain_inertial_description/share/microstrain_inertial_description/meshes/cv5.stl
-- Installing: /home/leejunmi/ros2_ws/install/microstrain_inertial_description/share/microstrain_inertial_description/meshes/gx5_45.stl
-- Installing: /home/leejunmi/ros2_ws/install/microstrain_inertial_description/share/microstrain_inertial_description/meshes/gx5_25.stl
-- Installing: /home/leejunmi/ros2_ws/install/microstrain_inertial_description/share/microstrain_inertial_description/meshes/cv7.stl
-- Installing: /home/leejunmi/ros2_ws/install/microstrain_inertial_description/share/microstrain_inertial_description/meshes/gq7.stl
-- Installing: /home/leejunmi/ros2_ws/install/microstrain_inertial_description/share/microstrain_inertial_description/meshes/gx5_15.stl
-- Installing: /home/leejunmi/ros2_ws/install/microstrain_inertial_description/share/ament_index/resource_index/package_run_dependencies/microstrain_inertial_description
-- Installing: /home/leejunmi/ros2_ws/install/microstrain_inertial_description/share/ament_index/resource_index/parent_prefix_path/microstrain_inertial_description
-- Installing: /home/leejunmi/ros2_ws/install/microstrain_inertial_description/share/microstrain_inertial_description/environment/ament_prefix_path.sh
-- Installing: /home/leejunmi/ros2_ws/install/microstrain_inertial_description/share/microstrain_inertial_description/environment/ament_prefix_path.dsv
-- Installing: /home/leejunmi/ros2_ws/install/microstrain_inertial_description/share/microstrain_inertial_description/environment/path.sh
-- Installing: /home/leejunmi/ros2_ws/install/microstrain_inertial_description/share/microstrain_inertial_description/environment/path.dsv
-- Installing: /home/leejunmi/ros2_ws/install/microstrain_inertial_description/share/microstrain_inertial_description/local_setup.bash
-- Installing: /home/leejunmi/ros2_ws/install/microstrain_inertial_description/share/microstrain_inertial_description/local_setup.sh
-- Installing: /home/leejunmi/ros2_ws/install/microstrain_inertial_description/share/microstrain_inertial_description/local_setup.zsh
-- Installing: /home/leejunmi/ros2_ws/install/microstrain_inertial_description/share/microstrain_inertial_description/local_setup.dsv
-- Installing: /home/leejunmi/ros2_ws/install/microstrain_inertial_description/share/microstrain_inertial_description/package.dsv
-- Installing: /home/leejunmi/ros2_ws/install/microstrain_inertial_description/share/ament_index/resource_index/packages/microstrain_inertial_description
-- Installing: /home/leejunmi/ros2_ws/install/microstrain_inertial_description/share/microstrain_inertial_description/cmake/microstrain_inertial_descriptionConfig.cmake
-- Installing: /home/leejunmi/ros2_ws/install/microstrain_inertial_description/share/microstrain_inertial_description/cmake/microstrain_inertial_descriptionConfig-version.cmake
-- Installing: /home/leejunmi/ros2_ws/install/microstrain_inertial_description/share/microstrain_inertial_description/package.xml
