[0.899s] Invoking command in '/home/leejunmi/ros2_ws/build/microstrain_inertial_description': CMAKE_PREFIX_PATH=${CMAKE_PREFIX_PATH}:/home/leejunmi/ros2_ws/install/py_pubsub:/home/leejunmi/ros2_ws/install/test_pkg:/home/leejunmi/ros2_ws/install/python_parameters:/home/leejunmi/ros2_ws/install/pkpk:/home/leejunmi/ros2_ws/install/msg_test:/home/leejunmi/ros2_ws/install/my_package:/home/leejunmi/ros2_ws/install/lidar_intensity:/home/leejunmi/ros2_ws/install/launch_testing_examples:/home/leejunmi/ros2_ws/install/img:/home/leejunmi/ros2_ws/install/examples_rclpy_pointcloud_publisher:/home/leejunmi/ros2_ws/install/examples_rclpy_minimal_subscriber:/home/leejunmi/ros2_ws/install/examples_rclpy_minimal_service:/home/leejunmi/ros2_ws/install/examples_rclpy_minimal_publisher:/home/leejunmi/ros2_ws/install/examples_rclpy_minimal_client:/home/leejunmi/ros2_ws/install/examples_rclpy_minimal_action_server:/home/leejunmi/ros2_ws/install/examples_rclpy_minimal_action_client:/home/leejunmi/ros2_ws/install/examples_rclpy_guard_conditions:/home/leejunmi/ros2_ws/install/examples_rclpy_executors:/opt/ros/humble /usr/bin/cmake /home/leejunmi/ros2_ws/src/microstrain_inertial/microstrain_inertial_description -DCMAKE_INSTALL_PREFIX=/home/leejunmi/ros2_ws/install/microstrain_inertial_description
[1.368s] -- Found ament_cmake: 1.3.11 (/opt/ros/humble/share/ament_cmake/cmake)
[1.368s] -- Found Python3: /usr/bin/python3 (found version "3.10.12") found components: Interpreter 
[1.426s] -- Configuring done
[1.429s] -- Generating done
[1.430s] -- Build files have been written to: /home/leejunmi/ros2_ws/build/microstrain_inertial_description
[1.771s] Invoked command in '/home/leejunmi/ros2_ws/build/microstrain_inertial_description' returned '0': CMAKE_PREFIX_PATH=${CMAKE_PREFIX_PATH}:/home/leejunmi/ros2_ws/install/py_pubsub:/home/leejunmi/ros2_ws/install/test_pkg:/home/leejunmi/ros2_ws/install/python_parameters:/home/leejunmi/ros2_ws/install/pkpk:/home/leejunmi/ros2_ws/install/msg_test:/home/leejunmi/ros2_ws/install/my_package:/home/leejunmi/ros2_ws/install/lidar_intensity:/home/leejunmi/ros2_ws/install/launch_testing_examples:/home/leejunmi/ros2_ws/install/img:/home/leejunmi/ros2_ws/install/examples_rclpy_pointcloud_publisher:/home/leejunmi/ros2_ws/install/examples_rclpy_minimal_subscriber:/home/leejunmi/ros2_ws/install/examples_rclpy_minimal_service:/home/leejunmi/ros2_ws/install/examples_rclpy_minimal_publisher:/home/leejunmi/ros2_ws/install/examples_rclpy_minimal_client:/home/leejunmi/ros2_ws/install/examples_rclpy_minimal_action_server:/home/leejunmi/ros2_ws/install/examples_rclpy_minimal_action_client:/home/leejunmi/ros2_ws/install/examples_rclpy_guard_conditions:/home/leejunmi/ros2_ws/install/examples_rclpy_executors:/opt/ros/humble /usr/bin/cmake /home/leejunmi/ros2_ws/src/microstrain_inertial/microstrain_inertial_description -DCMAKE_INSTALL_PREFIX=/home/leejunmi/ros2_ws/install/microstrain_inertial_description
[1.772s] Invoking command in '/home/leejunmi/ros2_ws/build/microstrain_inertial_description': CMAKE_PREFIX_PATH=${CMAKE_PREFIX_PATH}:/home/leejunmi/ros2_ws/install/py_pubsub:/home/leejunmi/ros2_ws/install/test_pkg:/home/leejunmi/ros2_ws/install/python_parameters:/home/leejunmi/ros2_ws/install/pkpk:/home/leejunmi/ros2_ws/install/msg_test:/home/leejunmi/ros2_ws/install/my_package:/home/leejunmi/ros2_ws/install/lidar_intensity:/home/leejunmi/ros2_ws/install/launch_testing_examples:/home/leejunmi/ros2_ws/install/img:/home/leejunmi/ros2_ws/install/examples_rclpy_pointcloud_publisher:/home/leejunmi/ros2_ws/install/examples_rclpy_minimal_subscriber:/home/leejunmi/ros2_ws/install/examples_rclpy_minimal_service:/home/leejunmi/ros2_ws/install/examples_rclpy_minimal_publisher:/home/leejunmi/ros2_ws/install/examples_rclpy_minimal_client:/home/leejunmi/ros2_ws/install/examples_rclpy_minimal_action_server:/home/leejunmi/ros2_ws/install/examples_rclpy_minimal_action_client:/home/leejunmi/ros2_ws/install/examples_rclpy_guard_conditions:/home/leejunmi/ros2_ws/install/examples_rclpy_executors:/opt/ros/humble /usr/bin/cmake --build /home/leejunmi/ros2_ws/build/microstrain_inertial_description -- -j8 -l8
[1.822s] Invoked command in '/home/leejunmi/ros2_ws/build/microstrain_inertial_description' returned '0': CMAKE_PREFIX_PATH=${CMAKE_PREFIX_PATH}:/home/leejunmi/ros2_ws/install/py_pubsub:/home/leejunmi/ros2_ws/install/test_pkg:/home/leejunmi/ros2_ws/install/python_parameters:/home/leejunmi/ros2_ws/install/pkpk:/home/leejunmi/ros2_ws/install/msg_test:/home/leejunmi/ros2_ws/install/my_package:/home/leejunmi/ros2_ws/install/lidar_intensity:/home/leejunmi/ros2_ws/install/launch_testing_examples:/home/leejunmi/ros2_ws/install/img:/home/leejunmi/ros2_ws/install/examples_rclpy_pointcloud_publisher:/home/leejunmi/ros2_ws/install/examples_rclpy_minimal_subscriber:/home/leejunmi/ros2_ws/install/examples_rclpy_minimal_service:/home/leejunmi/ros2_ws/install/examples_rclpy_minimal_publisher:/home/leejunmi/ros2_ws/install/examples_rclpy_minimal_client:/home/leejunmi/ros2_ws/install/examples_rclpy_minimal_action_server:/home/leejunmi/ros2_ws/install/examples_rclpy_minimal_action_client:/home/leejunmi/ros2_ws/install/examples_rclpy_guard_conditions:/home/leejunmi/ros2_ws/install/examples_rclpy_executors:/opt/ros/humble /usr/bin/cmake --build /home/leejunmi/ros2_ws/build/microstrain_inertial_description -- -j8 -l8
[1.823s] Invoking command in '/home/leejunmi/ros2_ws/build/microstrain_inertial_description': CMAKE_PREFIX_PATH=${CMAKE_PREFIX_PATH}:/home/leejunmi/ros2_ws/install/py_pubsub:/home/leejunmi/ros2_ws/install/test_pkg:/home/leejunmi/ros2_ws/install/python_parameters:/home/leejunmi/ros2_ws/install/pkpk:/home/leejunmi/ros2_ws/install/msg_test:/home/leejunmi/ros2_ws/install/my_package:/home/leejunmi/ros2_ws/install/lidar_intensity:/home/leejunmi/ros2_ws/install/launch_testing_examples:/home/leejunmi/ros2_ws/install/img:/home/leejunmi/ros2_ws/install/examples_rclpy_pointcloud_publisher:/home/leejunmi/ros2_ws/install/examples_rclpy_minimal_subscriber:/home/leejunmi/ros2_ws/install/examples_rclpy_minimal_service:/home/leejunmi/ros2_ws/install/examples_rclpy_minimal_publisher:/home/leejunmi/ros2_ws/install/examples_rclpy_minimal_client:/home/leejunmi/ros2_ws/install/examples_rclpy_minimal_action_server:/home/leejunmi/ros2_ws/install/examples_rclpy_minimal_action_client:/home/leejunmi/ros2_ws/install/examples_rclpy_guard_conditions:/home/leejunmi/ros2_ws/install/examples_rclpy_executors:/opt/ros/humble /usr/bin/cmake --install /home/leejunmi/ros2_ws/build/microstrain_inertial_description
[1.834s] -- Install configuration: ""
[1.834s] -- Installing: /home/leejunmi/ros2_ws/install/microstrain_inertial_description/share/microstrain_inertial_description/urdf
[1.835s] -- Installing: /home/leejunmi/ros2_ws/install/microstrain_inertial_description/share/microstrain_inertial_description/urdf/gv7.urdf.xacro
[1.835s] -- Installing: /home/leejunmi/ros2_ws/install/microstrain_inertial_description/share/microstrain_inertial_description/urdf/cv7.urdf.xacro
[1.835s] -- Installing: /home/leejunmi/ros2_ws/install/microstrain_inertial_description/share/microstrain_inertial_description/urdf/gq7.urdf.xacro
[1.836s] -- Installing: /home/leejunmi/ros2_ws/install/microstrain_inertial_description/share/microstrain_inertial_description/urdf/rtk.urdf.xacro
[1.836s] -- Installing: /home/leejunmi/ros2_ws/install/microstrain_inertial_description/share/microstrain_inertial_description/urdf/gx5_15.urdf.xacro
[1.837s] -- Installing: /home/leejunmi/ros2_ws/install/microstrain_inertial_description/share/microstrain_inertial_description/urdf/gx5_25.urdf.xacro
[1.837s] -- Installing: /home/leejunmi/ros2_ws/install/microstrain_inertial_description/share/microstrain_inertial_description/urdf/cv5.urdf.xacro
[1.837s] -- Installing: /home/leejunmi/ros2_ws/install/microstrain_inertial_description/share/microstrain_inertial_description/urdf/gx5_45.urdf.xacro
[1.840s] -- Installing: /home/leejunmi/ros2_ws/install/microstrain_inertial_description/share/microstrain_inertial_description/meshes
[1.840s] -- Installing: /home/leejunmi/ros2_ws/install/microstrain_inertial_description/share/microstrain_inertial_description/meshes/gv7.stl
[1.840s] -- Installing: /home/leejunmi/ros2_ws/install/microstrain_inertial_description/share/microstrain_inertial_description/meshes/rtk.stl
[1.843s] -- Installing: /home/leejunmi/ros2_ws/install/microstrain_inertial_description/share/microstrain_inertial_description/meshes/cv5.stl
[1.845s] -- Installing: /home/leejunmi/ros2_ws/install/microstrain_inertial_description/share/microstrain_inertial_description/meshes/gx5_45.stl
[1.845s] -- Installing: /home/leejunmi/ros2_ws/install/microstrain_inertial_description/share/microstrain_inertial_description/meshes/gx5_25.stl
[1.847s] -- Installing: /home/leejunmi/ros2_ws/install/microstrain_inertial_description/share/microstrain_inertial_description/meshes/cv7.stl
[1.863s] -- Installing: /home/leejunmi/ros2_ws/install/microstrain_inertial_description/share/microstrain_inertial_description/meshes/gq7.stl
[1.872s] -- Installing: /home/leejunmi/ros2_ws/install/microstrain_inertial_description/share/microstrain_inertial_description/meshes/gx5_15.stl
[1.874s] -- Installing: /home/leejunmi/ros2_ws/install/microstrain_inertial_description/share/ament_index/resource_index/package_run_dependencies/microstrain_inertial_description
[1.874s] -- Installing: /home/leejunmi/ros2_ws/install/microstrain_inertial_description/share/ament_index/resource_index/parent_prefix_path/microstrain_inertial_description
[1.874s] -- Installing: /home/leejunmi/ros2_ws/install/microstrain_inertial_description/share/microstrain_inertial_description/environment/ament_prefix_path.sh
[1.875s] -- Installing: /home/leejunmi/ros2_ws/install/microstrain_inertial_description/share/microstrain_inertial_description/environment/ament_prefix_path.dsv
[1.876s] -- Installing: /home/leejunmi/ros2_ws/install/microstrain_inertial_description/share/microstrain_inertial_description/environment/path.sh
[1.876s] -- Installing: /home/leejunmi/ros2_ws/install/microstrain_inertial_description/share/microstrain_inertial_description/environment/path.dsv
[1.876s] -- Installing: /home/leejunmi/ros2_ws/install/microstrain_inertial_description/share/microstrain_inertial_description/local_setup.bash
[1.876s] -- Installing: /home/leejunmi/ros2_ws/install/microstrain_inertial_description/share/microstrain_inertial_description/local_setup.sh
[1.877s] -- Installing: /home/leejunmi/ros2_ws/install/microstrain_inertial_description/share/microstrain_inertial_description/local_setup.zsh
[1.877s] -- Installing: /home/leejunmi/ros2_ws/install/microstrain_inertial_description/share/microstrain_inertial_description/local_setup.dsv
[1.877s] -- Installing: /home/leejunmi/ros2_ws/install/microstrain_inertial_description/share/microstrain_inertial_description/package.dsv
[1.877s] -- Installing: /home/leejunmi/ros2_ws/install/microstrain_inertial_description/share/ament_index/resource_index/packages/microstrain_inertial_description
[1.877s] -- Installing: /home/leejunmi/ros2_ws/install/microstrain_inertial_description/share/microstrain_inertial_description/cmake/microstrain_inertial_descriptionConfig.cmake
[1.877s] -- Installing: /home/leejunmi/ros2_ws/install/microstrain_inertial_description/share/microstrain_inertial_description/cmake/microstrain_inertial_descriptionConfig-version.cmake
[1.877s] -- Installing: /home/leejunmi/ros2_ws/install/microstrain_inertial_description/share/microstrain_inertial_description/package.xml
[1.917s] Invoked command in '/home/leejunmi/ros2_ws/build/microstrain_inertial_description' returned '0': CMAKE_PREFIX_PATH=${CMAKE_PREFIX_PATH}:/home/leejunmi/ros2_ws/install/py_pubsub:/home/leejunmi/ros2_ws/install/test_pkg:/home/leejunmi/ros2_ws/install/python_parameters:/home/leejunmi/ros2_ws/install/pkpk:/home/leejunmi/ros2_ws/install/msg_test:/home/leejunmi/ros2_ws/install/my_package:/home/leejunmi/ros2_ws/install/lidar_intensity:/home/leejunmi/ros2_ws/install/launch_testing_examples:/home/leejunmi/ros2_ws/install/img:/home/leejunmi/ros2_ws/install/examples_rclpy_pointcloud_publisher:/home/leejunmi/ros2_ws/install/examples_rclpy_minimal_subscriber:/home/leejunmi/ros2_ws/install/examples_rclpy_minimal_service:/home/leejunmi/ros2_ws/install/examples_rclpy_minimal_publisher:/home/leejunmi/ros2_ws/install/examples_rclpy_minimal_client:/home/leejunmi/ros2_ws/install/examples_rclpy_minimal_action_server:/home/leejunmi/ros2_ws/install/examples_rclpy_minimal_action_client:/home/leejunmi/ros2_ws/install/examples_rclpy_guard_conditions:/home/leejunmi/ros2_ws/install/examples_rclpy_executors:/opt/ros/humble /usr/bin/cmake --install /home/leejunmi/ros2_ws/build/microstrain_inertial_description
