[2.575s] Invoking command in '/home/leejunmi/ros2_ws/src/py_pubsub': PYTHONPATH=/home/leejunmi/ros2_ws/build/py_pubsub/prefix_override:/usr/lib/python3/dist-packages/colcon_core/task/python/colcon_distutils_commands:/home/leejunmi/ros2_ws/install/py_pubsub/lib/python3.10/site-packages:${PYTHONPATH} /usr/bin/python3 -W ignore:setup.py install is deprecated -W ignore:easy_install command is deprecated setup.py egg_info --egg-base ../../build/py_pubsub build --build-base /home/leejunmi/ros2_ws/build/py_pubsub/build install --record /home/leejunmi/ros2_ws/build/py_pubsub/install.log --single-version-externally-managed install_data
[2.832s] /home/leejunmi/.local/lib/python3.10/site-packages/setuptools/_distutils/dist.py:261: UserWarning: Unknown distribution option: 'tests_require'
[2.832s]   warnings.warn(msg)
[2.951s] running egg_info
[2.971s] writing ../../build/py_pubsub/py_pubsub.egg-info/PKG-INFO
[2.972s] writing dependency_links to ../../build/py_pubsub/py_pubsub.egg-info/dependency_links.txt
[2.972s] writing entry points to ../../build/py_pubsub/py_pubsub.egg-info/entry_points.txt
[2.972s] writing requirements to ../../build/py_pubsub/py_pubsub.egg-info/requires.txt
[2.972s] writing top-level names to ../../build/py_pubsub/py_pubsub.egg-info/top_level.txt
[3.020s] reading manifest file '../../build/py_pubsub/py_pubsub.egg-info/SOURCES.txt'
[3.021s] adding license file 'LICENSE'
[3.021s] Traceback (most recent call last):
[3.021s]   File "/home/leejunmi/ros2_ws/src/py_pubsub/setup.py", line 5, in <module>
[3.021s]     setup(
[3.021s]   File "/home/leejunmi/.local/lib/python3.10/site-packages/setuptools/__init__.py", line 117, in setup
[3.021s]     return distutils.core.setup(**attrs)
[3.022s]   File "/home/leejunmi/.local/lib/python3.10/site-packages/setuptools/_distutils/core.py", line 183, in setup
[3.022s]     return run_commands(dist)
[3.022s]   File "/home/leejunmi/.local/lib/python3.10/site-packages/setuptools/_distutils/core.py", line 199, in run_commands
[3.022s]     dist.run_commands()
[3.022s]   File "/home/leejunmi/.local/lib/python3.10/site-packages/setuptools/_distutils/dist.py", line 954, in run_commands
[3.022s]     self.run_command(cmd)
[3.022s]   File "/home/leejunmi/.local/lib/python3.10/site-packages/setuptools/dist.py", line 995, in run_command
[3.023s]     super().run_command(command)
[3.023s]   File "/home/leejunmi/.local/lib/python3.10/site-packages/setuptools/_distutils/dist.py", line 973, in run_command
[3.023s]     cmd_obj.run()
[3.023s]   File "/home/leejunmi/.local/lib/python3.10/site-packages/setuptools/command/egg_info.py", line 313, in run
[3.023s]     self.find_sources()
[3.023s]   File "/home/leejunmi/.local/lib/python3.10/site-packages/setuptools/command/egg_info.py", line 321, in find_sources
[3.023s]     mm.run()
[3.023s]   File "/home/leejunmi/.local/lib/python3.10/site-packages/setuptools/command/egg_info.py", line 549, in run
[3.024s]     self.prune_file_list()
[3.024s]   File "/home/leejunmi/.local/lib/python3.10/site-packages/setuptools/command/sdist.py", line 162, in prune_file_list
[3.024s]     super().prune_file_list()
[3.024s]   File "/home/leejunmi/.local/lib/python3.10/site-packages/setuptools/_distutils/command/sdist.py", line 380, in prune_file_list
[3.024s]     base_dir = self.distribution.get_fullname()
[3.024s]   File "/home/leejunmi/.local/lib/python3.10/site-packages/setuptools/_core_metadata.py", line 267, in get_fullname
[3.024s]     return _distribution_fullname(self.get_name(), self.get_version())
[3.024s]   File "/home/leejunmi/.local/lib/python3.10/site-packages/setuptools/_core_metadata.py", line 285, in _distribution_fullname
[3.024s]     canonicalize_version(version, strip_trailing_zero=False),
[3.024s] TypeError: canonicalize_version() got an unexpected keyword argument 'strip_trailing_zero'
