[3.411s] Invoking command in '/home/leejunmi/ros2_ws/src/python_parameters': PYTHONPATH=/home/leejunmi/ros2_ws/build/python_parameters/prefix_override:/usr/lib/python3/dist-packages/colcon_core/task/python/colcon_distutils_commands:/home/leejunmi/ros2_ws/install/python_parameters/lib/python3.10/site-packages:${PYTHONPATH} /usr/bin/python3 -W ignore:setup.py install is deprecated -W ignore:easy_install command is deprecated setup.py egg_info --egg-base ../../build/python_parameters build --build-base /home/leejunmi/ros2_ws/build/python_parameters/build install --record /home/leejunmi/ros2_ws/build/python_parameters/install.log --single-version-externally-managed install_data
[4.051s] running egg_info
[4.053s] creating ../../build/python_parameters/python_parameters.egg-info
[4.056s] writing ../../build/python_parameters/python_parameters.egg-info/PKG-INFO
[4.056s] writing dependency_links to ../../build/python_parameters/python_parameters.egg-info/dependency_links.txt
[4.056s] writing entry points to ../../build/python_parameters/python_parameters.egg-info/entry_points.txt
[4.056s] writing requirements to ../../build/python_parameters/python_parameters.egg-info/requires.txt
[4.057s] writing top-level names to ../../build/python_parameters/python_parameters.egg-info/top_level.txt
[4.057s] writing manifest file '../../build/python_parameters/python_parameters.egg-info/SOURCES.txt'
[4.057s] reading manifest file '../../build/python_parameters/python_parameters.egg-info/SOURCES.txt'
[4.058s] adding license file 'LICENSE'
[4.059s] writing manifest file '../../build/python_parameters/python_parameters.egg-info/SOURCES.txt'
[4.059s] running build
[4.059s] running build_py
[4.060s] creating /home/leejunmi/ros2_ws/build/python_parameters/build
[4.060s] creating /home/leejunmi/ros2_ws/build/python_parameters/build/lib
[4.060s] creating /home/leejunmi/ros2_ws/build/python_parameters/build/lib/python_parameters
[4.060s] copying python_parameters/exam.py -> /home/leejunmi/ros2_ws/build/python_parameters/build/lib/python_parameters
[4.060s] copying python_parameters/__init__.py -> /home/leejunmi/ros2_ws/build/python_parameters/build/lib/python_parameters
[4.060s] copying python_parameters/python_parameters_node.py -> /home/leejunmi/ros2_ws/build/python_parameters/build/lib/python_parameters
[4.060s] running install
[4.064s] running install_lib
[4.069s] creating /home/leejunmi/ros2_ws/install/python_parameters/lib/python3.10/site-packages/python_parameters
[4.070s] copying /home/leejunmi/ros2_ws/build/python_parameters/build/lib/python_parameters/exam.py -> /home/leejunmi/ros2_ws/install/python_parameters/lib/python3.10/site-packages/python_parameters
[4.070s] copying /home/leejunmi/ros2_ws/build/python_parameters/build/lib/python_parameters/__init__.py -> /home/leejunmi/ros2_ws/install/python_parameters/lib/python3.10/site-packages/python_parameters
[4.070s] copying /home/leejunmi/ros2_ws/build/python_parameters/build/lib/python_parameters/python_parameters_node.py -> /home/leejunmi/ros2_ws/install/python_parameters/lib/python3.10/site-packages/python_parameters
[4.070s] byte-compiling /home/leejunmi/ros2_ws/install/python_parameters/lib/python3.10/site-packages/python_parameters/exam.py to exam.cpython-310.pyc
[4.070s] byte-compiling /home/leejunmi/ros2_ws/install/python_parameters/lib/python3.10/site-packages/python_parameters/__init__.py to __init__.cpython-310.pyc
[4.071s] byte-compiling /home/leejunmi/ros2_ws/install/python_parameters/lib/python3.10/site-packages/python_parameters/python_parameters_node.py to python_parameters_node.cpython-310.pyc
[4.071s] running install_data
[4.071s] creating /home/leejunmi/ros2_ws/install/python_parameters/share/ament_index
[4.071s] creating /home/leejunmi/ros2_ws/install/python_parameters/share/ament_index/resource_index
[4.071s] creating /home/leejunmi/ros2_ws/install/python_parameters/share/ament_index/resource_index/packages
[4.071s] copying resource/python_parameters -> /home/leejunmi/ros2_ws/install/python_parameters/share/ament_index/resource_index/packages
[4.072s] copying package.xml -> /home/leejunmi/ros2_ws/install/python_parameters/share/python_parameters
[4.072s] running install_egg_info
[4.075s] Copying ../../build/python_parameters/python_parameters.egg-info to /home/leejunmi/ros2_ws/install/python_parameters/lib/python3.10/site-packages/python_parameters-0.0.0-py3.10.egg-info
[4.075s] running install_scripts
[4.122s] Installing param script to /home/leejunmi/ros2_ws/install/python_parameters/lib/python_parameters
[4.122s] writing list of installed files to '/home/leejunmi/ros2_ws/build/python_parameters/install.log'
[4.187s] Invoked command in '/home/leejunmi/ros2_ws/src/python_parameters' returned '0': PYTHONPATH=/home/leejunmi/ros2_ws/build/python_parameters/prefix_override:/usr/lib/python3/dist-packages/colcon_core/task/python/colcon_distutils_commands:/home/leejunmi/ros2_ws/install/python_parameters/lib/python3.10/site-packages:${PYTHONPATH} /usr/bin/python3 -W ignore:setup.py install is deprecated -W ignore:easy_install command is deprecated setup.py egg_info --egg-base ../../build/python_parameters build --build-base /home/leejunmi/ros2_ws/build/python_parameters/build install --record /home/leejunmi/ros2_ws/build/python_parameters/install.log --single-version-externally-managed install_data
