[1.358s] Invoking command in '/home/leejunmi/ros2_ws/src/py_pubsub': AMENT_PREFIX_PATH=/home/leejunmi/ros2_ws/install/tutorial_interfaces:${AMENT_PREFIX_PATH} CMAKE_PREFIX_PATH=/home/leejunmi/ros2_ws/install/tutorial_interfaces LD_LIBRARY_PATH=/home/leejunmi/ros2_ws/install/tutorial_interfaces/lib:${LD_LIBRARY_PATH} PYTHONPATH=/home/leejunmi/ros2_ws/build/py_pubsub/prefix_override:/usr/lib/python3/dist-packages/colcon_core/task/python/colcon_distutils_commands:/home/leejunmi/ros2_ws/install/py_pubsub/lib/python3.10/site-packages:/home/leejunmi/ros2_ws/install/tutorial_interfaces/local/lib/python3.10/dist-packages:${PYTHONPATH} /usr/bin/python3 -W ignore:setup.py install is deprecated -W ignore:easy_install command is deprecated setup.py egg_info --egg-base ../../build/py_pubsub build --build-base /home/leejunmi/ros2_ws/build/py_pubsub/build install --record /home/leejunmi/ros2_ws/build/py_pubsub/install.log --single-version-externally-managed install_data
[1.634s] running egg_info
[1.635s] writing ../../build/py_pubsub/py_pubsub.egg-info/PKG-INFO
[1.636s] writing dependency_links to ../../build/py_pubsub/py_pubsub.egg-info/dependency_links.txt
[1.636s] writing entry points to ../../build/py_pubsub/py_pubsub.egg-info/entry_points.txt
[1.636s] writing requirements to ../../build/py_pubsub/py_pubsub.egg-info/requires.txt
[1.636s] writing top-level names to ../../build/py_pubsub/py_pubsub.egg-info/top_level.txt
[1.639s] reading manifest file '../../build/py_pubsub/py_pubsub.egg-info/SOURCES.txt'
[1.640s] adding license file 'LICENSE'
[1.641s] writing manifest file '../../build/py_pubsub/py_pubsub.egg-info/SOURCES.txt'
[1.641s] running build
[1.641s] running build_py
[1.642s] copying py_pubsub/subscriber_member_function.py -> /home/leejunmi/ros2_ws/build/py_pubsub/build/lib/py_pubsub
[1.642s] copying py_pubsub/publisher_member_function.py -> /home/leejunmi/ros2_ws/build/py_pubsub/build/lib/py_pubsub
[1.642s] running install
[1.643s] running install_lib
[1.645s] copying /home/leejunmi/ros2_ws/build/py_pubsub/build/lib/py_pubsub/subscriber_member_function.py -> /home/leejunmi/ros2_ws/install/py_pubsub/lib/python3.10/site-packages/py_pubsub
[1.645s] copying /home/leejunmi/ros2_ws/build/py_pubsub/build/lib/py_pubsub/publisher_member_function.py -> /home/leejunmi/ros2_ws/install/py_pubsub/lib/python3.10/site-packages/py_pubsub
[1.646s] byte-compiling /home/leejunmi/ros2_ws/install/py_pubsub/lib/python3.10/site-packages/py_pubsub/subscriber_member_function.py to subscriber_member_function.cpython-310.pyc
[1.647s] byte-compiling /home/leejunmi/ros2_ws/install/py_pubsub/lib/python3.10/site-packages/py_pubsub/publisher_member_function.py to publisher_member_function.cpython-310.pyc
[1.647s] running install_data
[1.648s] copying package.xml -> /home/leejunmi/ros2_ws/install/py_pubsub/share/py_pubsub
[1.648s] running install_egg_info
[1.650s] removing '/home/leejunmi/ros2_ws/install/py_pubsub/lib/python3.10/site-packages/py_pubsub-0.0.0-py3.10.egg-info' (and everything under it)
[1.651s] Copying ../../build/py_pubsub/py_pubsub.egg-info to /home/leejunmi/ros2_ws/install/py_pubsub/lib/python3.10/site-packages/py_pubsub-0.0.0-py3.10.egg-info
[1.652s] running install_scripts
[1.676s] Installing listener script to /home/leejunmi/ros2_ws/install/py_pubsub/lib/py_pubsub
[1.676s] Installing talker script to /home/leejunmi/ros2_ws/install/py_pubsub/lib/py_pubsub
[1.676s] writing list of installed files to '/home/leejunmi/ros2_ws/build/py_pubsub/install.log'
[1.723s] Invoked command in '/home/leejunmi/ros2_ws/src/py_pubsub' returned '0': AMENT_PREFIX_PATH=/home/leejunmi/ros2_ws/install/tutorial_interfaces:${AMENT_PREFIX_PATH} CMAKE_PREFIX_PATH=/home/leejunmi/ros2_ws/install/tutorial_interfaces LD_LIBRARY_PATH=/home/leejunmi/ros2_ws/install/tutorial_interfaces/lib:${LD_LIBRARY_PATH} PYTHONPATH=/home/leejunmi/ros2_ws/build/py_pubsub/prefix_override:/usr/lib/python3/dist-packages/colcon_core/task/python/colcon_distutils_commands:/home/leejunmi/ros2_ws/install/py_pubsub/lib/python3.10/site-packages:/home/leejunmi/ros2_ws/install/tutorial_interfaces/local/lib/python3.10/dist-packages:${PYTHONPATH} /usr/bin/python3 -W ignore:setup.py install is deprecated -W ignore:easy_install command is deprecated setup.py egg_info --egg-base ../../build/py_pubsub build --build-base /home/leejunmi/ros2_ws/build/py_pubsub/build install --record /home/leejunmi/ros2_ws/build/py_pubsub/install.log --single-version-externally-managed install_data
