[0.030s] Invoking command in '/home/leejunmi/ros2_ws/build/examples_rclcpp_minimal_publisher': CMAKE_PREFIX_PATH=/opt/ros/humble /usr/bin/cmake /home/leejunmi/ros2_ws/src/examples/rclcpp/topics/minimal_publisher -DCMAKE_INSTALL_PREFIX=/home/leejunmi/ros2_ws/install/examples_rclcpp_minimal_publisher
[0.874s] -- Found ament_cmake: 1.3.10 (/opt/ros/humble/share/ament_cmake/cmake)
[0.874s] -- Found rclcpp: 16.0.10 (/opt/ros/humble/share/rclcpp/cmake)
[0.875s] -- Found rosidl_generator_c: 3.1.5 (/opt/ros/humble/share/rosidl_generator_c/cmake)
[0.875s] -- Found rosidl_adapter: 3.1.5 (/opt/ros/humble/share/rosidl_adapter/cmake)
[0.875s] -- Found rosidl_generator_cpp: 3.1.5 (/opt/ros/humble/share/rosidl_generator_cpp/cmake)
[0.875s] -- Using all available rosidl_typesupport_c: rosidl_typesupport_fastrtps_c;rosidl_typesupport_introspection_c
[0.875s] -- Using all available rosidl_typesupport_cpp: rosidl_typesupport_fastrtps_cpp;rosidl_typesupport_introspection_cpp
[0.875s] -- Found rmw_implementation_cmake: 6.1.2 (/opt/ros/humble/share/rmw_implementation_cmake/cmake)
[0.875s] -- Found rmw_fastrtps_cpp: 6.2.7 (/opt/ros/humble/share/rmw_fastrtps_cpp/cmake)
[0.876s] -- Using RMW implementation 'rmw_fastrtps_cpp' as default
[0.876s] -- Found ament_lint_auto: 0.12.11 (/opt/ros/humble/share/ament_lint_auto/cmake)
[0.876s] -- Added test 'copyright' to check source files copyright and LICENSE
[0.876s] -- Added test 'cppcheck' to perform static code analysis on C / C++ code
[0.876s] -- Configured cppcheck include dirs: 
[0.876s] -- Configured cppcheck exclude dirs and/or files: 
[0.876s] -- Added test 'cpplint' to check C / C++ code against the Google style
[0.877s] -- Configured cpplint exclude dirs and/or files: 
[0.877s] -- Added test 'lint_cmake' to check CMake code style
[0.877s] -- Added test 'uncrustify' to check C / C++ code style
[0.877s] -- Configured uncrustify additional arguments: 
[0.878s] -- Added test 'xmllint' to check XML markup files
[0.878s] -- Configuring done
[0.878s] -- Generating done
[0.878s] -- Build files have been written to: /home/leejunmi/ros2_ws/build/examples_rclcpp_minimal_publisher
[0.891s] Invoked command in '/home/leejunmi/ros2_ws/build/examples_rclcpp_minimal_publisher' returned '0': CMAKE_PREFIX_PATH=/opt/ros/humble /usr/bin/cmake /home/leejunmi/ros2_ws/src/examples/rclcpp/topics/minimal_publisher -DCMAKE_INSTALL_PREFIX=/home/leejunmi/ros2_ws/install/examples_rclcpp_minimal_publisher
[0.897s] Invoking command in '/home/leejunmi/ros2_ws/build/examples_rclcpp_minimal_publisher': CMAKE_PREFIX_PATH=/opt/ros/humble /usr/bin/cmake --build /home/leejunmi/ros2_ws/build/examples_rclcpp_minimal_publisher -- -j8 -l8
[0.958s] [35m[1mConsolidate compiler generated dependencies of target publisher_wait_for_all_acked[0m
[0.964s] [35m[1mConsolidate compiler generated dependencies of target publisher_lambda[0m
[0.965s] [35m[1mConsolidate compiler generated dependencies of target publisher_member_function_with_type_adapter[0m
[0.965s] [35m[1mConsolidate compiler generated dependencies of target publisher_member_function_with_unique_network_flow_endpoints[0m
[0.965s] [35m[1mConsolidate compiler generated dependencies of target publisher_member_function[0m
[0.977s] [35m[1mConsolidate compiler generated dependencies of target publisher_not_composable[0m
[1.001s] [ 16%] Built target publisher_member_function_with_type_adapter
[1.006s] [ 33%] Built target publisher_wait_for_all_acked
[1.012s] [ 50%] Built target publisher_lambda
[1.013s] [ 66%] Built target publisher_member_function
[1.019s] [ 83%] Built target publisher_member_function_with_unique_network_flow_endpoints
[1.020s] [100%] Built target publisher_not_composable
[1.045s] Invoked command in '/home/leejunmi/ros2_ws/build/examples_rclcpp_minimal_publisher' returned '0': CMAKE_PREFIX_PATH=/opt/ros/humble /usr/bin/cmake --build /home/leejunmi/ros2_ws/build/examples_rclcpp_minimal_publisher -- -j8 -l8
[1.048s] Invoking command in '/home/leejunmi/ros2_ws/build/examples_rclcpp_minimal_publisher': CMAKE_PREFIX_PATH=/opt/ros/humble /usr/bin/cmake --install /home/leejunmi/ros2_ws/build/examples_rclcpp_minimal_publisher
[1.060s] -- Install configuration: "Release"
[1.061s] -- Up-to-date: /home/leejunmi/ros2_ws/install/examples_rclcpp_minimal_publisher/lib/examples_rclcpp_minimal_publisher/publisher_lambda
[1.061s] -- Up-to-date: /home/leejunmi/ros2_ws/install/examples_rclcpp_minimal_publisher/lib/examples_rclcpp_minimal_publisher/publisher_member_function
[1.061s] -- Up-to-date: /home/leejunmi/ros2_ws/install/examples_rclcpp_minimal_publisher/lib/examples_rclcpp_minimal_publisher/publisher_member_function_with_type_adapter
[1.061s] -- Up-to-date: /home/leejunmi/ros2_ws/install/examples_rclcpp_minimal_publisher/lib/examples_rclcpp_minimal_publisher/publisher_member_function_with_unique_network_flow_endpoints
[1.061s] -- Up-to-date: /home/leejunmi/ros2_ws/install/examples_rclcpp_minimal_publisher/lib/examples_rclcpp_minimal_publisher/publisher_wait_for_all_acked
[1.061s] -- Up-to-date: /home/leejunmi/ros2_ws/install/examples_rclcpp_minimal_publisher/lib/examples_rclcpp_minimal_publisher/publisher_not_composable
[1.061s] -- Up-to-date: /home/leejunmi/ros2_ws/install/examples_rclcpp_minimal_publisher/share/ament_index/resource_index/package_run_dependencies/examples_rclcpp_minimal_publisher
[1.061s] -- Up-to-date: /home/leejunmi/ros2_ws/install/examples_rclcpp_minimal_publisher/share/ament_index/resource_index/parent_prefix_path/examples_rclcpp_minimal_publisher
[1.061s] -- Up-to-date: /home/leejunmi/ros2_ws/install/examples_rclcpp_minimal_publisher/share/examples_rclcpp_minimal_publisher/environment/ament_prefix_path.sh
[1.064s] -- Installing: /home/leejunmi/ros2_ws/install/examples_rclcpp_minimal_publisher/share/examples_rclcpp_minimal_publisher/environment/ament_prefix_path.dsv
[1.065s] -- Up-to-date: /home/leejunmi/ros2_ws/install/examples_rclcpp_minimal_publisher/share/examples_rclcpp_minimal_publisher/environment/path.sh
[1.065s] -- Installing: /home/leejunmi/ros2_ws/install/examples_rclcpp_minimal_publisher/share/examples_rclcpp_minimal_publisher/environment/path.dsv
[1.065s] -- Up-to-date: /home/leejunmi/ros2_ws/install/examples_rclcpp_minimal_publisher/share/examples_rclcpp_minimal_publisher/local_setup.bash
[1.065s] -- Up-to-date: /home/leejunmi/ros2_ws/install/examples_rclcpp_minimal_publisher/share/examples_rclcpp_minimal_publisher/local_setup.sh
[1.065s] -- Up-to-date: /home/leejunmi/ros2_ws/install/examples_rclcpp_minimal_publisher/share/examples_rclcpp_minimal_publisher/local_setup.zsh
[1.065s] -- Installing: /home/leejunmi/ros2_ws/install/examples_rclcpp_minimal_publisher/share/examples_rclcpp_minimal_publisher/local_setup.dsv
[1.065s] -- Installing: /home/leejunmi/ros2_ws/install/examples_rclcpp_minimal_publisher/share/examples_rclcpp_minimal_publisher/package.dsv
[1.065s] -- Up-to-date: /home/leejunmi/ros2_ws/install/examples_rclcpp_minimal_publisher/share/ament_index/resource_index/packages/examples_rclcpp_minimal_publisher
[1.065s] -- Up-to-date: /home/leejunmi/ros2_ws/install/examples_rclcpp_minimal_publisher/share/examples_rclcpp_minimal_publisher/cmake/examples_rclcpp_minimal_publisherConfig.cmake
[1.065s] -- Up-to-date: /home/leejunmi/ros2_ws/install/examples_rclcpp_minimal_publisher/share/examples_rclcpp_minimal_publisher/cmake/examples_rclcpp_minimal_publisherConfig-version.cmake
[1.066s] -- Up-to-date: /home/leejunmi/ros2_ws/install/examples_rclcpp_minimal_publisher/share/examples_rclcpp_minimal_publisher/package.xml
[1.120s] Invoked command in '/home/leejunmi/ros2_ws/build/examples_rclcpp_minimal_publisher' returned '0': CMAKE_PREFIX_PATH=/opt/ros/humble /usr/bin/cmake --install /home/leejunmi/ros2_ws/build/examples_rclcpp_minimal_publisher
