Traceback (most recent call last):
  File "/home/leejunmi/ros2_ws/build/number/ament_cmake_python/number/setup.py", line 4, in <module>
    setup(
  File "/home/leejunmi/.local/lib/python3.10/site-packages/setuptools/__init__.py", line 117, in setup
    return distutils.core.setup(**attrs)
  File "/home/leejunmi/.local/lib/python3.10/site-packages/setuptools/_distutils/core.py", line 183, in setup
    return run_commands(dist)
  File "/home/leejunmi/.local/lib/python3.10/site-packages/setuptools/_distutils/core.py", line 199, in run_commands
    dist.run_commands()
  File "/home/leejunmi/.local/lib/python3.10/site-packages/setuptools/_distutils/dist.py", line 954, in run_commands
    self.run_command(cmd)
  File "/home/leejunmi/.local/lib/python3.10/site-packages/setuptools/dist.py", line 995, in run_command
    super().run_command(command)
  File "/home/leejunmi/.local/lib/python3.10/site-packages/setuptools/_distutils/dist.py", line 973, in run_command
    cmd_obj.run()
  File "/home/leejunmi/.local/lib/python3.10/site-packages/setuptools/command/egg_info.py", line 313, in run
    self.find_sources()
  File "/home/leejunmi/.local/lib/python3.10/site-packages/setuptools/command/egg_info.py", line 321, in find_sources
    mm.run()
  File "/home/leejunmi/.local/lib/python3.10/site-packages/setuptools/command/egg_info.py", line 549, in run
    self.prune_file_list()
  File "/home/leejunmi/.local/lib/python3.10/site-packages/setuptools/command/sdist.py", line 162, in prune_file_list
    super().prune_file_list()
  File "/home/leejunmi/.local/lib/python3.10/site-packages/setuptools/_distutils/command/sdist.py", line 380, in prune_file_list
    base_dir = self.distribution.get_fullname()
  File "/home/leejunmi/.local/lib/python3.10/site-packages/setuptools/_core_metadata.py", line 267, in get_fullname
    return _distribution_fullname(self.get_name(), self.get_version())
  File "/home/leejunmi/.local/lib/python3.10/site-packages/setuptools/_core_metadata.py", line 285, in _distribution_fullname
    canonicalize_version(version, strip_trailing_zero=False),
TypeError: canonicalize_version() got an unexpected keyword argument 'strip_trailing_zero'
gmake[2]: *** [CMakeFiles/ament_cmake_python_build_number_egg.dir/build.make:70: CMakeFiles/ament_cmake_python_build_number_egg] 오류 1
gmake[1]: *** [CMakeFiles/Makefile2:447: CMakeFiles/ament_cmake_python_build_number_egg.dir/all] 오류 2
gmake: *** [Makefile:146: all] 오류 2
[  9%] Built target number__rosidl_generator_c
[ 12%] Built target number__cpp
[ 12%] Built target ament_cmake_python_copy_number
[ 22%] Built target number__rosidl_typesupport_c
[ 32%] Built target number__rosidl_typesupport_fastrtps_c
[ 41%] Built target number__rosidl_typesupport_introspection_c
[ 51%] Built target number__rosidl_typesupport_cpp
[ 61%] Built target number__rosidl_typesupport_introspection_cpp
[ 70%] Built target number__rosidl_typesupport_fastrtps_cpp
[ 70%] Built target number
[ 74%] Built target number__py
[ 80%] Built target number__rosidl_generator_py
[ 87%] Built target number__rosidl_typesupport_c__pyext
[ 93%] Built target number__rosidl_typesupport_introspection_c__pyext
[100%] Built target number__rosidl_typesupport_fastrtps_c__pyext
running egg_info
writing number.egg-info/PKG-INFO
writing dependency_links to number.egg-info/dependency_links.txt
writing top-level names to number.egg-info/top_level.txt
reading manifest file 'number.egg-info/SOURCES.txt'
