[3.481s] Invoking command in '/home/leejunmi/ros2_ws/src/lidar_intensity': PYTHONPATH=/home/leejunmi/ros2_ws/build/lidar_intensity/prefix_override:/usr/lib/python3/dist-packages/colcon_core/task/python/colcon_distutils_commands:/home/leejunmi/ros2_ws/install/lidar_intensity/lib/python3.10/site-packages:${PYTHONPATH} /usr/bin/python3 -W ignore:setup.py install is deprecated -W ignore:easy_install command is deprecated setup.py egg_info --egg-base ../../build/lidar_intensity build --build-base /home/leejunmi/ros2_ws/build/lidar_intensity/build install --record /home/leejunmi/ros2_ws/build/lidar_intensity/install.log --single-version-externally-managed install_data
[4.126s] running egg_info
[4.131s] writing ../../build/lidar_intensity/lidar_intensity.egg-info/PKG-INFO
[4.132s] writing dependency_links to ../../build/lidar_intensity/lidar_intensity.egg-info/dependency_links.txt
[4.132s] writing entry points to ../../build/lidar_intensity/lidar_intensity.egg-info/entry_points.txt
[4.133s] writing requirements to ../../build/lidar_intensity/lidar_intensity.egg-info/requires.txt
[4.133s] writing top-level names to ../../build/lidar_intensity/lidar_intensity.egg-info/top_level.txt
[4.147s] reading manifest file '../../build/lidar_intensity/lidar_intensity.egg-info/SOURCES.txt'
[4.147s] adding license file 'LICENSE'
[4.159s] writing manifest file '../../build/lidar_intensity/lidar_intensity.egg-info/SOURCES.txt'
[4.159s] running build
[4.159s] running build_py
[4.159s] copying lidar_intensity/create_marker_noise.py -> /home/leejunmi/ros2_ws/build/lidar_intensity/build/lib/lidar_intensity
[4.159s] running install
[4.161s] running install_lib
[4.163s] copying /home/leejunmi/ros2_ws/build/lidar_intensity/build/lib/lidar_intensity/create_marker_noise.py -> /home/leejunmi/ros2_ws/install/lidar_intensity/lib/python3.10/site-packages/lidar_intensity
[4.163s] byte-compiling /home/leejunmi/ros2_ws/install/lidar_intensity/lib/python3.10/site-packages/lidar_intensity/create_marker_noise.py to create_marker_noise.cpython-310.pyc
[4.169s] running install_data
[4.170s] running install_egg_info
[4.182s] removing '/home/leejunmi/ros2_ws/install/lidar_intensity/lib/python3.10/site-packages/lidar_intensity-0.0.0-py3.10.egg-info' (and everything under it)
[4.187s] Copying ../../build/lidar_intensity/lidar_intensity.egg-info to /home/leejunmi/ros2_ws/install/lidar_intensity/lib/python3.10/site-packages/lidar_intensity-0.0.0-py3.10.egg-info
[4.191s] running install_scripts
[4.333s] Installing marker script to /home/leejunmi/ros2_ws/install/lidar_intensity/lib/lidar_intensity
[4.334s] Installing noise_marker script to /home/leejunmi/ros2_ws/install/lidar_intensity/lib/lidar_intensity
[4.334s] Installing s script to /home/leejunmi/ros2_ws/install/lidar_intensity/lib/lidar_intensity
[4.335s] writing list of installed files to '/home/leejunmi/ros2_ws/build/lidar_intensity/install.log'
[4.446s] Invoked command in '/home/leejunmi/ros2_ws/src/lidar_intensity' returned '0': PYTHONPATH=/home/leejunmi/ros2_ws/build/lidar_intensity/prefix_override:/usr/lib/python3/dist-packages/colcon_core/task/python/colcon_distutils_commands:/home/leejunmi/ros2_ws/install/lidar_intensity/lib/python3.10/site-packages:${PYTHONPATH} /usr/bin/python3 -W ignore:setup.py install is deprecated -W ignore:easy_install command is deprecated setup.py egg_info --egg-base ../../build/lidar_intensity build --build-base /home/leejunmi/ros2_ws/build/lidar_intensity/build install --record /home/leejunmi/ros2_ws/build/lidar_intensity/install.log --single-version-externally-managed install_data
