[2.320s] Invoking command in '/home/leejunmi/ros2_ws/src/my_package': PYTHONPATH=/home/leejunmi/ros2_ws/build/my_package/prefix_override:/usr/lib/python3/dist-packages/colcon_core/task/python/colcon_distutils_commands:/home/leejunmi/ros2_ws/install/my_package/lib/python3.10/site-packages:${PYTHONPATH} /usr/bin/python3 -W ignore:setup.py install is deprecated -W ignore:easy_install command is deprecated setup.py egg_info --egg-base ../../build/my_package build --build-base /home/leejunmi/ros2_ws/build/my_package/build install --record /home/leejunmi/ros2_ws/build/my_package/install.log --single-version-externally-managed install_data
[2.873s] running egg_info
[2.874s] writing ../../build/my_package/my_package.egg-info/PKG-INFO
[2.875s] writing dependency_links to ../../build/my_package/my_package.egg-info/dependency_links.txt
[2.875s] writing entry points to ../../build/my_package/my_package.egg-info/entry_points.txt
[2.876s] writing requirements to ../../build/my_package/my_package.egg-info/requires.txt
[2.876s] writing top-level names to ../../build/my_package/my_package.egg-info/top_level.txt
[2.878s] reading manifest file '../../build/my_package/my_package.egg-info/SOURCES.txt'
[2.878s] adding license file 'LICENSE'
[2.880s] writing manifest file '../../build/my_package/my_package.egg-info/SOURCES.txt'
[2.880s] running build
[2.880s] running build_py
[2.880s] running install
[2.881s] running install_lib
[2.883s] running install_data
[2.883s] running install_egg_info
[2.886s] removing '/home/leejunmi/ros2_ws/install/my_package/lib/python3.10/site-packages/my_package-0.0.0-py3.10.egg-info' (and everything under it)
[2.887s] Copying ../../build/my_package/my_package.egg-info to /home/leejunmi/ros2_ws/install/my_package/lib/python3.10/site-packages/my_package-0.0.0-py3.10.egg-info
[2.888s] running install_scripts
[2.920s] Installing my_node script to /home/leejunmi/ros2_ws/install/my_package/lib/my_package
[2.920s] writing list of installed files to '/home/leejunmi/ros2_ws/build/my_package/install.log'
[2.987s] Invoked command in '/home/leejunmi/ros2_ws/src/my_package' returned '0': PYTHONPATH=/home/leejunmi/ros2_ws/build/my_package/prefix_override:/usr/lib/python3/dist-packages/colcon_core/task/python/colcon_distutils_commands:/home/leejunmi/ros2_ws/install/my_package/lib/python3.10/site-packages:${PYTHONPATH} /usr/bin/python3 -W ignore:setup.py install is deprecated -W ignore:easy_install command is deprecated setup.py egg_info --egg-base ../../build/my_package build --build-base /home/leejunmi/ros2_ws/build/my_package/build install --record /home/leejunmi/ros2_ws/build/my_package/install.log --single-version-externally-managed install_data
