[0.767s] Invoking command in '/home/leejunmi/ros2_ws/src/examples/rclpy/executors': PYTHONPATH=/home/leejunmi/ros2_ws/build/examples_rclpy_executors/prefix_override:/usr/lib/python3/dist-packages/colcon_core/task/python/colcon_distutils_commands:/home/leejunmi/ros2_ws/install/examples_rclpy_executors/lib/python3.10/site-packages:${PYTHONPATH} /usr/bin/python3 -W ignore:setup.py install is deprecated -W ignore:easy_install command is deprecated setup.py egg_info --egg-base ../../../../build/examples_rclpy_executors build --build-base /home/leejunmi/ros2_ws/build/examples_rclpy_executors/build install --record /home/leejunmi/ros2_ws/build/examples_rclpy_executors/install.log --single-version-externally-managed install_data
[1.025s] running egg_info
[1.026s] creating ../../../../build/examples_rclpy_executors/examples_rclpy_executors.egg-info
[1.026s] writing ../../../../build/examples_rclpy_executors/examples_rclpy_executors.egg-info/PKG-INFO
[1.026s] writing dependency_links to ../../../../build/examples_rclpy_executors/examples_rclpy_executors.egg-info/dependency_links.txt
[1.026s] writing entry points to ../../../../build/examples_rclpy_executors/examples_rclpy_executors.egg-info/entry_points.txt
[1.026s] writing requirements to ../../../../build/examples_rclpy_executors/examples_rclpy_executors.egg-info/requires.txt
[1.027s] writing top-level names to ../../../../build/examples_rclpy_executors/examples_rclpy_executors.egg-info/top_level.txt
[1.027s] writing manifest file '../../../../build/examples_rclpy_executors/examples_rclpy_executors.egg-info/SOURCES.txt'
[1.036s] reading manifest file '../../../../build/examples_rclpy_executors/examples_rclpy_executors.egg-info/SOURCES.txt'
[1.037s] writing manifest file '../../../../build/examples_rclpy_executors/examples_rclpy_executors.egg-info/SOURCES.txt'
[1.037s] running build
[1.037s] running build_py
[1.037s] creating /home/leejunmi/ros2_ws/build/examples_rclpy_executors/build
[1.037s] creating /home/leejunmi/ros2_ws/build/examples_rclpy_executors/build/lib
[1.037s] creating /home/leejunmi/ros2_ws/build/examples_rclpy_executors/build/lib/examples_rclpy_executors
[1.037s] copying examples_rclpy_executors/composed.py -> /home/leejunmi/ros2_ws/build/examples_rclpy_executors/build/lib/examples_rclpy_executors
[1.037s] copying examples_rclpy_executors/custom_callback_group.py -> /home/leejunmi/ros2_ws/build/examples_rclpy_executors/build/lib/examples_rclpy_executors
[1.037s] copying examples_rclpy_executors/__init__.py -> /home/leejunmi/ros2_ws/build/examples_rclpy_executors/build/lib/examples_rclpy_executors
[1.038s] copying examples_rclpy_executors/callback_group.py -> /home/leejunmi/ros2_ws/build/examples_rclpy_executors/build/lib/examples_rclpy_executors
[1.038s] copying examples_rclpy_executors/talker.py -> /home/leejunmi/ros2_ws/build/examples_rclpy_executors/build/lib/examples_rclpy_executors
[1.038s] copying examples_rclpy_executors/custom_executor.py -> /home/leejunmi/ros2_ws/build/examples_rclpy_executors/build/lib/examples_rclpy_executors
[1.038s] copying examples_rclpy_executors/listener.py -> /home/leejunmi/ros2_ws/build/examples_rclpy_executors/build/lib/examples_rclpy_executors
[1.039s] running install
[1.039s] running install_lib
[1.041s] creating /home/leejunmi/ros2_ws/install/examples_rclpy_executors/lib/python3.10/site-packages/examples_rclpy_executors
[1.041s] copying /home/leejunmi/ros2_ws/build/examples_rclpy_executors/build/lib/examples_rclpy_executors/composed.py -> /home/leejunmi/ros2_ws/install/examples_rclpy_executors/lib/python3.10/site-packages/examples_rclpy_executors
[1.041s] copying /home/leejunmi/ros2_ws/build/examples_rclpy_executors/build/lib/examples_rclpy_executors/custom_callback_group.py -> /home/leejunmi/ros2_ws/install/examples_rclpy_executors/lib/python3.10/site-packages/examples_rclpy_executors
[1.041s] copying /home/leejunmi/ros2_ws/build/examples_rclpy_executors/build/lib/examples_rclpy_executors/__init__.py -> /home/leejunmi/ros2_ws/install/examples_rclpy_executors/lib/python3.10/site-packages/examples_rclpy_executors
[1.041s] copying /home/leejunmi/ros2_ws/build/examples_rclpy_executors/build/lib/examples_rclpy_executors/callback_group.py -> /home/leejunmi/ros2_ws/install/examples_rclpy_executors/lib/python3.10/site-packages/examples_rclpy_executors
[1.041s] copying /home/leejunmi/ros2_ws/build/examples_rclpy_executors/build/lib/examples_rclpy_executors/talker.py -> /home/leejunmi/ros2_ws/install/examples_rclpy_executors/lib/python3.10/site-packages/examples_rclpy_executors
[1.041s] copying /home/leejunmi/ros2_ws/build/examples_rclpy_executors/build/lib/examples_rclpy_executors/custom_executor.py -> /home/leejunmi/ros2_ws/install/examples_rclpy_executors/lib/python3.10/site-packages/examples_rclpy_executors
[1.041s] copying /home/leejunmi/ros2_ws/build/examples_rclpy_executors/build/lib/examples_rclpy_executors/listener.py -> /home/leejunmi/ros2_ws/install/examples_rclpy_executors/lib/python3.10/site-packages/examples_rclpy_executors
[1.042s] byte-compiling /home/leejunmi/ros2_ws/install/examples_rclpy_executors/lib/python3.10/site-packages/examples_rclpy_executors/composed.py to composed.cpython-310.pyc
[1.042s] byte-compiling /home/leejunmi/ros2_ws/install/examples_rclpy_executors/lib/python3.10/site-packages/examples_rclpy_executors/custom_callback_group.py to custom_callback_group.cpython-310.pyc
[1.043s] byte-compiling /home/leejunmi/ros2_ws/install/examples_rclpy_executors/lib/python3.10/site-packages/examples_rclpy_executors/__init__.py to __init__.cpython-310.pyc
[1.043s] byte-compiling /home/leejunmi/ros2_ws/install/examples_rclpy_executors/lib/python3.10/site-packages/examples_rclpy_executors/callback_group.py to callback_group.cpython-310.pyc
[1.043s] byte-compiling /home/leejunmi/ros2_ws/install/examples_rclpy_executors/lib/python3.10/site-packages/examples_rclpy_executors/talker.py to talker.cpython-310.pyc
[1.044s] byte-compiling /home/leejunmi/ros2_ws/install/examples_rclpy_executors/lib/python3.10/site-packages/examples_rclpy_executors/custom_executor.py to custom_executor.cpython-310.pyc
[1.044s] byte-compiling /home/leejunmi/ros2_ws/install/examples_rclpy_executors/lib/python3.10/site-packages/examples_rclpy_executors/listener.py to listener.cpython-310.pyc
[1.045s] running install_data
[1.045s] creating /home/leejunmi/ros2_ws/install/examples_rclpy_executors/share/ament_index
[1.045s] creating /home/leejunmi/ros2_ws/install/examples_rclpy_executors/share/ament_index/resource_index
[1.045s] creating /home/leejunmi/ros2_ws/install/examples_rclpy_executors/share/ament_index/resource_index/packages
[1.045s] copying resource/examples_rclpy_executors -> /home/leejunmi/ros2_ws/install/examples_rclpy_executors/share/ament_index/resource_index/packages
[1.045s] copying package.xml -> /home/leejunmi/ros2_ws/install/examples_rclpy_executors/share/examples_rclpy_executors
[1.046s] running install_egg_info
[1.047s] Copying ../../../../build/examples_rclpy_executors/examples_rclpy_executors.egg-info to /home/leejunmi/ros2_ws/install/examples_rclpy_executors/lib/python3.10/site-packages/examples_rclpy_executors-0.15.3-py3.10.egg-info
[1.048s] running install_scripts
[1.068s] Installing callback_group script to /home/leejunmi/ros2_ws/install/examples_rclpy_executors/lib/examples_rclpy_executors
[1.068s] Installing composed script to /home/leejunmi/ros2_ws/install/examples_rclpy_executors/lib/examples_rclpy_executors
[1.068s] Installing custom_callback_group script to /home/leejunmi/ros2_ws/install/examples_rclpy_executors/lib/examples_rclpy_executors
[1.068s] Installing custom_executor script to /home/leejunmi/ros2_ws/install/examples_rclpy_executors/lib/examples_rclpy_executors
[1.068s] Installing listener script to /home/leejunmi/ros2_ws/install/examples_rclpy_executors/lib/examples_rclpy_executors
[1.068s] Installing talker script to /home/leejunmi/ros2_ws/install/examples_rclpy_executors/lib/examples_rclpy_executors
[1.069s] writing list of installed files to '/home/leejunmi/ros2_ws/build/examples_rclpy_executors/install.log'
[1.093s] Invoked command in '/home/leejunmi/ros2_ws/src/examples/rclpy/executors' returned '0': PYTHONPATH=/home/leejunmi/ros2_ws/build/examples_rclpy_executors/prefix_override:/usr/lib/python3/dist-packages/colcon_core/task/python/colcon_distutils_commands:/home/leejunmi/ros2_ws/install/examples_rclpy_executors/lib/python3.10/site-packages:${PYTHONPATH} /usr/bin/python3 -W ignore:setup.py install is deprecated -W ignore:easy_install command is deprecated setup.py egg_info --egg-base ../../../../build/examples_rclpy_executors build --build-base /home/leejunmi/ros2_ws/build/examples_rclpy_executors/build install --record /home/leejunmi/ros2_ws/build/examples_rclpy_executors/install.log --single-version-externally-managed install_data
