[3.618s] Invoking command in '/home/leejunmi/ros2_ws/src/python_parameters': PYTHONPATH=/home/leejunmi/ros2_ws/build/python_parameters/prefix_override:/usr/lib/python3/dist-packages/colcon_core/task/python/colcon_distutils_commands:/home/leejunmi/ros2_ws/install/python_parameters/lib/python3.10/site-packages:${PYTHONPATH} /usr/bin/python3 -W ignore:setup.py install is deprecated -W ignore:easy_install command is deprecated setup.py egg_info --egg-base ../../build/python_parameters build --build-base /home/leejunmi/ros2_ws/build/python_parameters/build install --record /home/leejunmi/ros2_ws/build/python_parameters/install.log --single-version-externally-managed install_data
[4.131s] running egg_info
[4.132s] writing ../../build/python_parameters/python_parameters.egg-info/PKG-INFO
[4.133s] writing dependency_links to ../../build/python_parameters/python_parameters.egg-info/dependency_links.txt
[4.133s] writing entry points to ../../build/python_parameters/python_parameters.egg-info/entry_points.txt
[4.134s] writing requirements to ../../build/python_parameters/python_parameters.egg-info/requires.txt
[4.134s] writing top-level names to ../../build/python_parameters/python_parameters.egg-info/top_level.txt
[4.137s] reading manifest file '../../build/python_parameters/python_parameters.egg-info/SOURCES.txt'
[4.138s] adding license file 'LICENSE'
[4.140s] writing manifest file '../../build/python_parameters/python_parameters.egg-info/SOURCES.txt'
[4.141s] running build
[4.141s] running build_py
[4.142s] copying python_parameters/python_parameters_node.py -> /home/leejunmi/ros2_ws/build/python_parameters/build/lib/python_parameters
[4.143s] running install
[4.149s] running install_lib
[4.150s] copying /home/leejunmi/ros2_ws/build/python_parameters/build/lib/python_parameters/python_parameters_node.py -> /home/leejunmi/ros2_ws/install/python_parameters/lib/python3.10/site-packages/python_parameters
[4.151s] byte-compiling /home/leejunmi/ros2_ws/install/python_parameters/lib/python3.10/site-packages/python_parameters/python_parameters_node.py to python_parameters_node.cpython-310.pyc
[4.152s] running install_data
[4.153s] running install_egg_info
[4.157s] removing '/home/leejunmi/ros2_ws/install/python_parameters/lib/python3.10/site-packages/python_parameters-0.0.0-py3.10.egg-info' (and everything under it)
[4.157s] Copying ../../build/python_parameters/python_parameters.egg-info to /home/leejunmi/ros2_ws/install/python_parameters/lib/python3.10/site-packages/python_parameters-0.0.0-py3.10.egg-info
[4.159s] running install_scripts
[4.191s] Installing param script to /home/leejunmi/ros2_ws/install/python_parameters/lib/python_parameters
[4.192s] writing list of installed files to '/home/leejunmi/ros2_ws/build/python_parameters/install.log'
[4.266s] Invoked command in '/home/leejunmi/ros2_ws/src/python_parameters' returned '0': PYTHONPATH=/home/leejunmi/ros2_ws/build/python_parameters/prefix_override:/usr/lib/python3/dist-packages/colcon_core/task/python/colcon_distutils_commands:/home/leejunmi/ros2_ws/install/python_parameters/lib/python3.10/site-packages:${PYTHONPATH} /usr/bin/python3 -W ignore:setup.py install is deprecated -W ignore:easy_install command is deprecated setup.py egg_info --egg-base ../../build/python_parameters build --build-base /home/leejunmi/ros2_ws/build/python_parameters/build install --record /home/leejunmi/ros2_ws/build/python_parameters/install.log --single-version-externally-managed install_data
