[0.409s] Invoking command in '/home/leejunmi/ros2_ws/build/velodyne_pointcloud': CMAKE_PREFIX_PATH=/home/leejunmi/ros2_ws/install/velodyne_msgs:/home/leejunmi/ros2_ws/install/velodyne:/home/leejunmi/ros2_ws/install/velodyne_pointcloud:/home/leejunmi/ros2_ws/install/velodyne_driver:/home/leejunmi/ros2_ws/install/velodyne_laserscan:/home/leejunmi/ros2_ws/install/tutorial_interfaces:/home/leejunmi/ros2_ws/install/turtlesim:/home/leejunmi/ros2_ws/install/number:/home/leejunmi/ros2_ws/install/py_pubsub:/home/leejunmi/ros2_ws/install/test_pkg:/home/leejunmi/ros2_ws/install/python_parameters:/home/leejunmi/ros2_ws/install/pkpk:/home/leejunmi/ros2_ws/install/msg_test:/home/leejunmi/ros2_ws/install/my_package:/home/leejunmi/ros2_ws/install/microstrain_inertial_rqt:/home/leejunmi/ros2_ws/install/lidar_intensity:/home/leejunmi/ros2_ws/install/launch_testing_examples:/home/leejunmi/ros2_ws/install/img:/home/leejunmi/ros2_ws/install/examples_rclpy_pointcloud_publisher:/home/leejunmi/ros2_ws/install/examples_rclpy_minimal_subscriber:/home/leejunmi/ros2_ws/install/examples_rclpy_minimal_service:/home/leejunmi/ros2_ws/install/examples_rclpy_minimal_publisher:/home/leejunmi/ros2_ws/install/examples_rclpy_minimal_client:/home/leejunmi/ros2_ws/install/examples_rclpy_minimal_action_server:/home/leejunmi/ros2_ws/install/examples_rclpy_minimal_action_client:/home/leejunmi/ros2_ws/install/examples_rclpy_guard_conditions:/home/leejunmi/ros2_ws/install/examples_rclpy_executors:/opt/ros/humble:/home/leejunmi/ros2_ws/install/microstrain_inertial_msgs:/home/leejunmi/ros2_ws/install/microstrain_inertial_description:/home/leejunmi/ros2_ws/install/examples_rclcpp_wait_set:/home/leejunmi/ros2_ws/install/examples_rclcpp_multithreaded_executor:/home/leejunmi/ros2_ws/install/examples_rclcpp_minimal_timer:/home/leejunmi/ros2_ws/install/examples_rclcpp_minimal_subscriber:/home/leejunmi/ros2_ws/install/examples_rclcpp_minimal_service:/home/leejunmi/ros2_ws/install/examples_rclcpp_minimal_publisher:/home/leejunmi/ros2_ws/install/examples_rclcpp_minimal_composition:/home/leejunmi/ros2_ws/install/examples_rclcpp_minimal_client:/home/leejunmi/ros2_ws/install/examples_rclcpp_minimal_action_server:/home/leejunmi/ros2_ws/install/examples_rclcpp_minimal_action_client:/home/leejunmi/ros2_ws/install/examples_rclcpp_cbg_executor:/home/leejunmi/ros2_ws/install/examples_rclcpp_async_client LD_LIBRARY_PATH=/home/leejunmi/ros2_ws/install/velodyne_msgs/lib:/home/leejunmi/ros2_ws/install/velodyne_pointcloud/lib:/home/leejunmi/ros2_ws/install/velodyne_driver/lib:/home/leejunmi/ros2_ws/install/velodyne_laserscan/lib:/home/leejunmi/ros2_ws/install/tutorial_interfaces/lib:/home/leejunmi/ros2_ws/install/turtlesim/lib:/home/leejunmi/ros2_ws/install/number/lib:/home/leejunmi/ros2_ws/install/microstrain_inertial_msgs/lib:/home/leejunmi/ros2_ws/install/examples_rclcpp_wait_set/lib:/home/leejunmi/ros2_ws/install/examples_rclcpp_minimal_subscriber/lib:/home/leejunmi/ros2_ws/install/examples_rclcpp_minimal_composition/lib:/opt/ros/humble/opt/rviz_ogre_vendor/lib:/opt/ros/humble/lib/x86_64-linux-gnu:/opt/ros/humble/lib /usr/bin/cmake --build /home/leejunmi/ros2_ws/build/velodyne_pointcloud -- -j8 -l8
[0.474s] [35m[1mConsolidate compiler generated dependencies of target velodyne_rawdata[0m
[0.474s] [35m[1mConsolidate compiler generated dependencies of target gtest[0m
[0.482s] [35m[1mConsolidate compiler generated dependencies of target velodyne_cloud_types[0m
[0.493s] [ 11%] Built target gtest_main
[0.496s] [ 22%] Built target gtest
[0.506s] [ 38%] Built target velodyne_rawdata
[0.515s] [35m[1mConsolidate compiler generated dependencies of target test_row_step[0m
[0.521s] [ 55%] Built target velodyne_cloud_types
[0.525s] [35m[1mConsolidate compiler generated dependencies of target test_calibration[0m
[0.534s] [35m[1mConsolidate compiler generated dependencies of target transform[0m
[0.543s] [ 66%] Built target test_row_step
[0.547s] [ 77%] Built target test_calibration
[0.563s] [ 88%] Built target transform
[0.575s] [35m[1mConsolidate compiler generated dependencies of target velodyne_transform_node[0m
[0.596s] [100%] Built target velodyne_transform_node
[0.860s] Invoked command in '/home/leejunmi/ros2_ws/build/velodyne_pointcloud' returned '0': CMAKE_PREFIX_PATH=/home/leejunmi/ros2_ws/install/velodyne_msgs:/home/leejunmi/ros2_ws/install/velodyne:/home/leejunmi/ros2_ws/install/velodyne_pointcloud:/home/leejunmi/ros2_ws/install/velodyne_driver:/home/leejunmi/ros2_ws/install/velodyne_laserscan:/home/leejunmi/ros2_ws/install/tutorial_interfaces:/home/leejunmi/ros2_ws/install/turtlesim:/home/leejunmi/ros2_ws/install/number:/home/leejunmi/ros2_ws/install/py_pubsub:/home/leejunmi/ros2_ws/install/test_pkg:/home/leejunmi/ros2_ws/install/python_parameters:/home/leejunmi/ros2_ws/install/pkpk:/home/leejunmi/ros2_ws/install/msg_test:/home/leejunmi/ros2_ws/install/my_package:/home/leejunmi/ros2_ws/install/microstrain_inertial_rqt:/home/leejunmi/ros2_ws/install/lidar_intensity:/home/leejunmi/ros2_ws/install/launch_testing_examples:/home/leejunmi/ros2_ws/install/img:/home/leejunmi/ros2_ws/install/examples_rclpy_pointcloud_publisher:/home/leejunmi/ros2_ws/install/examples_rclpy_minimal_subscriber:/home/leejunmi/ros2_ws/install/examples_rclpy_minimal_service:/home/leejunmi/ros2_ws/install/examples_rclpy_minimal_publisher:/home/leejunmi/ros2_ws/install/examples_rclpy_minimal_client:/home/leejunmi/ros2_ws/install/examples_rclpy_minimal_action_server:/home/leejunmi/ros2_ws/install/examples_rclpy_minimal_action_client:/home/leejunmi/ros2_ws/install/examples_rclpy_guard_conditions:/home/leejunmi/ros2_ws/install/examples_rclpy_executors:/opt/ros/humble:/home/leejunmi/ros2_ws/install/microstrain_inertial_msgs:/home/leejunmi/ros2_ws/install/microstrain_inertial_description:/home/leejunmi/ros2_ws/install/examples_rclcpp_wait_set:/home/leejunmi/ros2_ws/install/examples_rclcpp_multithreaded_executor:/home/leejunmi/ros2_ws/install/examples_rclcpp_minimal_timer:/home/leejunmi/ros2_ws/install/examples_rclcpp_minimal_subscriber:/home/leejunmi/ros2_ws/install/examples_rclcpp_minimal_service:/home/leejunmi/ros2_ws/install/examples_rclcpp_minimal_publisher:/home/leejunmi/ros2_ws/install/examples_rclcpp_minimal_composition:/home/leejunmi/ros2_ws/install/examples_rclcpp_minimal_client:/home/leejunmi/ros2_ws/install/examples_rclcpp_minimal_action_server:/home/leejunmi/ros2_ws/install/examples_rclcpp_minimal_action_client:/home/leejunmi/ros2_ws/install/examples_rclcpp_cbg_executor:/home/leejunmi/ros2_ws/install/examples_rclcpp_async_client LD_LIBRARY_PATH=/home/leejunmi/ros2_ws/install/velodyne_msgs/lib:/home/leejunmi/ros2_ws/install/velodyne_pointcloud/lib:/home/leejunmi/ros2_ws/install/velodyne_driver/lib:/home/leejunmi/ros2_ws/install/velodyne_laserscan/lib:/home/leejunmi/ros2_ws/install/tutorial_interfaces/lib:/home/leejunmi/ros2_ws/install/turtlesim/lib:/home/leejunmi/ros2_ws/install/number/lib:/home/leejunmi/ros2_ws/install/microstrain_inertial_msgs/lib:/home/leejunmi/ros2_ws/install/examples_rclcpp_wait_set/lib:/home/leejunmi/ros2_ws/install/examples_rclcpp_minimal_subscriber/lib:/home/leejunmi/ros2_ws/install/examples_rclcpp_minimal_composition/lib:/opt/ros/humble/opt/rviz_ogre_vendor/lib:/opt/ros/humble/lib/x86_64-linux-gnu:/opt/ros/humble/lib /usr/bin/cmake --build /home/leejunmi/ros2_ws/build/velodyne_pointcloud -- -j8 -l8
[0.862s] Invoking command in '/home/leejunmi/ros2_ws/build/velodyne_pointcloud': CMAKE_PREFIX_PATH=/home/leejunmi/ros2_ws/install/velodyne_msgs:/home/leejunmi/ros2_ws/install/velodyne:/home/leejunmi/ros2_ws/install/velodyne_pointcloud:/home/leejunmi/ros2_ws/install/velodyne_driver:/home/leejunmi/ros2_ws/install/velodyne_laserscan:/home/leejunmi/ros2_ws/install/tutorial_interfaces:/home/leejunmi/ros2_ws/install/turtlesim:/home/leejunmi/ros2_ws/install/number:/home/leejunmi/ros2_ws/install/py_pubsub:/home/leejunmi/ros2_ws/install/test_pkg:/home/leejunmi/ros2_ws/install/python_parameters:/home/leejunmi/ros2_ws/install/pkpk:/home/leejunmi/ros2_ws/install/msg_test:/home/leejunmi/ros2_ws/install/my_package:/home/leejunmi/ros2_ws/install/microstrain_inertial_rqt:/home/leejunmi/ros2_ws/install/lidar_intensity:/home/leejunmi/ros2_ws/install/launch_testing_examples:/home/leejunmi/ros2_ws/install/img:/home/leejunmi/ros2_ws/install/examples_rclpy_pointcloud_publisher:/home/leejunmi/ros2_ws/install/examples_rclpy_minimal_subscriber:/home/leejunmi/ros2_ws/install/examples_rclpy_minimal_service:/home/leejunmi/ros2_ws/install/examples_rclpy_minimal_publisher:/home/leejunmi/ros2_ws/install/examples_rclpy_minimal_client:/home/leejunmi/ros2_ws/install/examples_rclpy_minimal_action_server:/home/leejunmi/ros2_ws/install/examples_rclpy_minimal_action_client:/home/leejunmi/ros2_ws/install/examples_rclpy_guard_conditions:/home/leejunmi/ros2_ws/install/examples_rclpy_executors:/opt/ros/humble:/home/leejunmi/ros2_ws/install/microstrain_inertial_msgs:/home/leejunmi/ros2_ws/install/microstrain_inertial_description:/home/leejunmi/ros2_ws/install/examples_rclcpp_wait_set:/home/leejunmi/ros2_ws/install/examples_rclcpp_multithreaded_executor:/home/leejunmi/ros2_ws/install/examples_rclcpp_minimal_timer:/home/leejunmi/ros2_ws/install/examples_rclcpp_minimal_subscriber:/home/leejunmi/ros2_ws/install/examples_rclcpp_minimal_service:/home/leejunmi/ros2_ws/install/examples_rclcpp_minimal_publisher:/home/leejunmi/ros2_ws/install/examples_rclcpp_minimal_composition:/home/leejunmi/ros2_ws/install/examples_rclcpp_minimal_client:/home/leejunmi/ros2_ws/install/examples_rclcpp_minimal_action_server:/home/leejunmi/ros2_ws/install/examples_rclcpp_minimal_action_client:/home/leejunmi/ros2_ws/install/examples_rclcpp_cbg_executor:/home/leejunmi/ros2_ws/install/examples_rclcpp_async_client LD_LIBRARY_PATH=/home/leejunmi/ros2_ws/install/velodyne_msgs/lib:/home/leejunmi/ros2_ws/install/velodyne_pointcloud/lib:/home/leejunmi/ros2_ws/install/velodyne_driver/lib:/home/leejunmi/ros2_ws/install/velodyne_laserscan/lib:/home/leejunmi/ros2_ws/install/tutorial_interfaces/lib:/home/leejunmi/ros2_ws/install/turtlesim/lib:/home/leejunmi/ros2_ws/install/number/lib:/home/leejunmi/ros2_ws/install/microstrain_inertial_msgs/lib:/home/leejunmi/ros2_ws/install/examples_rclcpp_wait_set/lib:/home/leejunmi/ros2_ws/install/examples_rclcpp_minimal_subscriber/lib:/home/leejunmi/ros2_ws/install/examples_rclcpp_minimal_composition/lib:/opt/ros/humble/opt/rviz_ogre_vendor/lib:/opt/ros/humble/lib/x86_64-linux-gnu:/opt/ros/humble/lib /usr/bin/cmake --install /home/leejunmi/ros2_ws/build/velodyne_pointcloud
[0.878s] -- Install configuration: ""
[0.878s] -- Up-to-date: /home/leejunmi/ros2_ws/install/velodyne_pointcloud/lib/libvelodyne_cloud_types.so
[0.878s] -- Up-to-date: /home/leejunmi/ros2_ws/install/velodyne_pointcloud/lib/libvelodyne_rawdata.so
[0.878s] -- Up-to-date: /home/leejunmi/ros2_ws/install/velodyne_pointcloud/lib/libtransform.so
[0.878s] -- Up-to-date: /home/leejunmi/ros2_ws/install/velodyne_pointcloud/lib/velodyne_pointcloud/velodyne_transform_node
[0.878s] -- Up-to-date: /home/leejunmi/ros2_ws/install/velodyne_pointcloud/include/velodyne_pointcloud
[0.879s] -- Up-to-date: /home/leejunmi/ros2_ws/install/velodyne_pointcloud/include/velodyne_pointcloud/pointcloudXYZIRT.hpp
[0.879s] -- Up-to-date: /home/leejunmi/ros2_ws/install/velodyne_pointcloud/include/velodyne_pointcloud/rawdata.hpp
[0.879s] -- Up-to-date: /home/leejunmi/ros2_ws/install/velodyne_pointcloud/include/velodyne_pointcloud/calibration.hpp
[0.879s] -- Up-to-date: /home/leejunmi/ros2_ws/install/velodyne_pointcloud/include/velodyne_pointcloud/transform.hpp
[0.879s] -- Up-to-date: /home/leejunmi/ros2_ws/install/velodyne_pointcloud/include/velodyne_pointcloud/organized_cloudXYZIRT.hpp
[0.879s] -- Up-to-date: /home/leejunmi/ros2_ws/install/velodyne_pointcloud/include/velodyne_pointcloud/datacontainerbase.hpp
[0.879s] -- Up-to-date: /home/leejunmi/ros2_ws/install/velodyne_pointcloud/share/velodyne_pointcloud/config
[0.879s] -- Up-to-date: /home/leejunmi/ros2_ws/install/velodyne_pointcloud/share/velodyne_pointcloud/config/VLS128-velodyne_transform_node-params.yaml
[0.879s] -- Up-to-date: /home/leejunmi/ros2_ws/install/velodyne_pointcloud/share/velodyne_pointcloud/config/VLP16-velodyne_transform_node-params.yaml
[0.879s] -- Up-to-date: /home/leejunmi/ros2_ws/install/velodyne_pointcloud/share/velodyne_pointcloud/config/VLP32C-velodyne_transform_node-params.yaml
[0.879s] -- Up-to-date: /home/leejunmi/ros2_ws/install/velodyne_pointcloud/share/velodyne_pointcloud/launch
[0.880s] -- Up-to-date: /home/leejunmi/ros2_ws/install/velodyne_pointcloud/share/velodyne_pointcloud/launch/velodyne_transform_node-VLP16-launch.py
[0.880s] -- Up-to-date: /home/leejunmi/ros2_ws/install/velodyne_pointcloud/share/velodyne_pointcloud/launch/velodyne_transform_node-VLS128-composed-launch.py
[0.880s] -- Up-to-date: /home/leejunmi/ros2_ws/install/velodyne_pointcloud/share/velodyne_pointcloud/launch/velodyne_transform_node-VLP32C-composed-launch.py
[0.880s] -- Up-to-date: /home/leejunmi/ros2_ws/install/velodyne_pointcloud/share/velodyne_pointcloud/launch/velodyne_transform_node-VLP32C-launch.py
[0.880s] -- Up-to-date: /home/leejunmi/ros2_ws/install/velodyne_pointcloud/share/velodyne_pointcloud/launch/velodyne_transform_node-VLS128-launch.py
[0.881s] -- Up-to-date: /home/leejunmi/ros2_ws/install/velodyne_pointcloud/share/velodyne_pointcloud/launch/velodyne_transform_node-VLP16-composed-launch.py
[0.881s] -- Up-to-date: /home/leejunmi/ros2_ws/install/velodyne_pointcloud/share/velodyne_pointcloud/params
[0.881s] -- Up-to-date: /home/leejunmi/ros2_ws/install/velodyne_pointcloud/share/velodyne_pointcloud/params/64e_s3-xiesc.yaml
[0.881s] -- Up-to-date: /home/leejunmi/ros2_ws/install/velodyne_pointcloud/share/velodyne_pointcloud/params/VeloView-VLP-32C.yaml
[0.881s] -- Up-to-date: /home/leejunmi/ros2_ws/install/velodyne_pointcloud/share/velodyne_pointcloud/params/32db.yaml
[0.881s] -- Up-to-date: /home/leejunmi/ros2_ws/install/velodyne_pointcloud/share/velodyne_pointcloud/params/64e_s2.1-sztaki.yaml
[0.881s] -- Up-to-date: /home/leejunmi/ros2_ws/install/velodyne_pointcloud/share/velodyne_pointcloud/params/VLS128.yaml
[0.881s] -- Up-to-date: /home/leejunmi/ros2_ws/install/velodyne_pointcloud/share/velodyne_pointcloud/params/64e_utexas.yaml
[0.882s] -- Up-to-date: /home/leejunmi/ros2_ws/install/velodyne_pointcloud/share/velodyne_pointcloud/params/VLP16_hires_db.yaml
[0.882s] -- Up-to-date: /home/leejunmi/ros2_ws/install/velodyne_pointcloud/share/velodyne_pointcloud/params/VLP16db.yaml
[0.882s] -- Up-to-date: /home/leejunmi/ros2_ws/install/velodyne_pointcloud/share/velodyne_pointcloud/params/issue_84_float_intensities.yaml
[0.882s] -- Up-to-date: /home/leejunmi/ros2_ws/install/velodyne_pointcloud/share/velodyne_pointcloud/params/rviz_points.vcg
[0.882s] -- Up-to-date: /home/leejunmi/ros2_ws/install/velodyne_pointcloud/share/velodyne_pointcloud/environment/library_path.sh
[0.882s] -- Up-to-date: /home/leejunmi/ros2_ws/install/velodyne_pointcloud/share/velodyne_pointcloud/environment/library_path.dsv
[0.882s] -- Up-to-date: /home/leejunmi/ros2_ws/install/velodyne_pointcloud/share/ament_index/resource_index/package_run_dependencies/velodyne_pointcloud
[0.882s] -- Up-to-date: /home/leejunmi/ros2_ws/install/velodyne_pointcloud/share/ament_index/resource_index/parent_prefix_path/velodyne_pointcloud
[0.883s] -- Up-to-date: /home/leejunmi/ros2_ws/install/velodyne_pointcloud/share/velodyne_pointcloud/environment/ament_prefix_path.sh
[0.883s] -- Up-to-date: /home/leejunmi/ros2_ws/install/velodyne_pointcloud/share/velodyne_pointcloud/environment/ament_prefix_path.dsv
[0.883s] -- Up-to-date: /home/leejunmi/ros2_ws/install/velodyne_pointcloud/share/velodyne_pointcloud/environment/path.sh
[0.883s] -- Up-to-date: /home/leejunmi/ros2_ws/install/velodyne_pointcloud/share/velodyne_pointcloud/environment/path.dsv
[0.883s] -- Up-to-date: /home/leejunmi/ros2_ws/install/velodyne_pointcloud/share/velodyne_pointcloud/local_setup.bash
[0.883s] -- Up-to-date: /home/leejunmi/ros2_ws/install/velodyne_pointcloud/share/velodyne_pointcloud/local_setup.sh
[0.883s] -- Up-to-date: /home/leejunmi/ros2_ws/install/velodyne_pointcloud/share/velodyne_pointcloud/local_setup.zsh
[0.883s] -- Up-to-date: /home/leejunmi/ros2_ws/install/velodyne_pointcloud/share/velodyne_pointcloud/local_setup.dsv
[0.883s] -- Installing: /home/leejunmi/ros2_ws/install/velodyne_pointcloud/share/velodyne_pointcloud/package.dsv
[0.883s] -- Up-to-date: /home/leejunmi/ros2_ws/install/velodyne_pointcloud/share/ament_index/resource_index/packages/velodyne_pointcloud
[0.883s] -- Up-to-date: /home/leejunmi/ros2_ws/install/velodyne_pointcloud/share/ament_index/resource_index/rclcpp_components/velodyne_pointcloud
[0.883s] -- Up-to-date: /home/leejunmi/ros2_ws/install/velodyne_pointcloud/share/velodyne_pointcloud/cmake/velodyne_pointcloudExport.cmake
[0.883s] -- Up-to-date: /home/leejunmi/ros2_ws/install/velodyne_pointcloud/share/velodyne_pointcloud/cmake/velodyne_pointcloudExport-noconfig.cmake
[0.883s] -- Up-to-date: /home/leejunmi/ros2_ws/install/velodyne_pointcloud/share/velodyne_pointcloud/cmake/ament_cmake_export_include_directories-extras.cmake
[0.884s] -- Up-to-date: /home/leejunmi/ros2_ws/install/velodyne_pointcloud/share/velodyne_pointcloud/cmake/ament_cmake_export_dependencies-extras.cmake
[0.884s] -- Up-to-date: /home/leejunmi/ros2_ws/install/velodyne_pointcloud/share/velodyne_pointcloud/cmake/ament_cmake_export_libraries-extras.cmake
[0.884s] -- Up-to-date: /home/leejunmi/ros2_ws/install/velodyne_pointcloud/share/velodyne_pointcloud/cmake/ament_cmake_export_targets-extras.cmake
[0.884s] -- Up-to-date: /home/leejunmi/ros2_ws/install/velodyne_pointcloud/share/velodyne_pointcloud/cmake/velodyne_pointcloudConfig.cmake
[0.884s] -- Up-to-date: /home/leejunmi/ros2_ws/install/velodyne_pointcloud/share/velodyne_pointcloud/cmake/velodyne_pointcloudConfig-version.cmake
[0.884s] -- Up-to-date: /home/leejunmi/ros2_ws/install/velodyne_pointcloud/share/velodyne_pointcloud/package.xml
[0.912s] Invoked command in '/home/leejunmi/ros2_ws/build/velodyne_pointcloud' returned '0': CMAKE_PREFIX_PATH=/home/leejunmi/ros2_ws/install/velodyne_msgs:/home/leejunmi/ros2_ws/install/velodyne:/home/leejunmi/ros2_ws/install/velodyne_pointcloud:/home/leejunmi/ros2_ws/install/velodyne_driver:/home/leejunmi/ros2_ws/install/velodyne_laserscan:/home/leejunmi/ros2_ws/install/tutorial_interfaces:/home/leejunmi/ros2_ws/install/turtlesim:/home/leejunmi/ros2_ws/install/number:/home/leejunmi/ros2_ws/install/py_pubsub:/home/leejunmi/ros2_ws/install/test_pkg:/home/leejunmi/ros2_ws/install/python_parameters:/home/leejunmi/ros2_ws/install/pkpk:/home/leejunmi/ros2_ws/install/msg_test:/home/leejunmi/ros2_ws/install/my_package:/home/leejunmi/ros2_ws/install/microstrain_inertial_rqt:/home/leejunmi/ros2_ws/install/lidar_intensity:/home/leejunmi/ros2_ws/install/launch_testing_examples:/home/leejunmi/ros2_ws/install/img:/home/leejunmi/ros2_ws/install/examples_rclpy_pointcloud_publisher:/home/leejunmi/ros2_ws/install/examples_rclpy_minimal_subscriber:/home/leejunmi/ros2_ws/install/examples_rclpy_minimal_service:/home/leejunmi/ros2_ws/install/examples_rclpy_minimal_publisher:/home/leejunmi/ros2_ws/install/examples_rclpy_minimal_client:/home/leejunmi/ros2_ws/install/examples_rclpy_minimal_action_server:/home/leejunmi/ros2_ws/install/examples_rclpy_minimal_action_client:/home/leejunmi/ros2_ws/install/examples_rclpy_guard_conditions:/home/leejunmi/ros2_ws/install/examples_rclpy_executors:/opt/ros/humble:/home/leejunmi/ros2_ws/install/microstrain_inertial_msgs:/home/leejunmi/ros2_ws/install/microstrain_inertial_description:/home/leejunmi/ros2_ws/install/examples_rclcpp_wait_set:/home/leejunmi/ros2_ws/install/examples_rclcpp_multithreaded_executor:/home/leejunmi/ros2_ws/install/examples_rclcpp_minimal_timer:/home/leejunmi/ros2_ws/install/examples_rclcpp_minimal_subscriber:/home/leejunmi/ros2_ws/install/examples_rclcpp_minimal_service:/home/leejunmi/ros2_ws/install/examples_rclcpp_minimal_publisher:/home/leejunmi/ros2_ws/install/examples_rclcpp_minimal_composition:/home/leejunmi/ros2_ws/install/examples_rclcpp_minimal_client:/home/leejunmi/ros2_ws/install/examples_rclcpp_minimal_action_server:/home/leejunmi/ros2_ws/install/examples_rclcpp_minimal_action_client:/home/leejunmi/ros2_ws/install/examples_rclcpp_cbg_executor:/home/leejunmi/ros2_ws/install/examples_rclcpp_async_client LD_LIBRARY_PATH=/home/leejunmi/ros2_ws/install/velodyne_msgs/lib:/home/leejunmi/ros2_ws/install/velodyne_pointcloud/lib:/home/leejunmi/ros2_ws/install/velodyne_driver/lib:/home/leejunmi/ros2_ws/install/velodyne_laserscan/lib:/home/leejunmi/ros2_ws/install/tutorial_interfaces/lib:/home/leejunmi/ros2_ws/install/turtlesim/lib:/home/leejunmi/ros2_ws/install/number/lib:/home/leejunmi/ros2_ws/install/microstrain_inertial_msgs/lib:/home/leejunmi/ros2_ws/install/examples_rclcpp_wait_set/lib:/home/leejunmi/ros2_ws/install/examples_rclcpp_minimal_subscriber/lib:/home/leejunmi/ros2_ws/install/examples_rclcpp_minimal_composition/lib:/opt/ros/humble/opt/rviz_ogre_vendor/lib:/opt/ros/humble/lib/x86_64-linux-gnu:/opt/ros/humble/lib /usr/bin/cmake --install /home/leejunmi/ros2_ws/build/velodyne_pointcloud
