[4.105s] Invoking command in '/home/leejunmi/ros2_ws/src/img': PYTHONPATH=/home/leejunmi/ros2_ws/build/img/prefix_override:/usr/lib/python3/dist-packages/colcon_core/task/python/colcon_distutils_commands:/home/leejunmi/ros2_ws/install/img/lib/python3.10/site-packages:${PYTHONPATH} /usr/bin/python3 -W ignore:setup.py install is deprecated -W ignore:easy_install command is deprecated setup.py egg_info --egg-base ../../build/img build --build-base /home/leejunmi/ros2_ws/build/img/build install --record /home/leejunmi/ros2_ws/build/img/install.log --single-version-externally-managed install_data
[4.977s] running egg_info
[4.978s] writing ../../build/img/img.egg-info/PKG-INFO
[4.978s] writing dependency_links to ../../build/img/img.egg-info/dependency_links.txt
[4.978s] writing entry points to ../../build/img/img.egg-info/entry_points.txt
[4.978s] writing requirements to ../../build/img/img.egg-info/requires.txt
[4.978s] writing top-level names to ../../build/img/img.egg-info/top_level.txt
[4.981s] reading manifest file '../../build/img/img.egg-info/SOURCES.txt'
[4.981s] adding license file 'LICENSE'
[4.983s] writing manifest file '../../build/img/img.egg-info/SOURCES.txt'
[4.983s] running build
[4.983s] running build_py
[4.987s] running install
[4.987s] running install_lib
[4.987s] running install_data
[4.987s] running install_egg_info
[4.991s] removing '/home/leejunmi/ros2_ws/install/img/lib/python3.10/site-packages/img-0.0.0-py3.10.egg-info' (and everything under it)
[4.992s] Copying ../../build/img/img.egg-info to /home/leejunmi/ros2_ws/install/img/lib/python3.10/site-packages/img-0.0.0-py3.10.egg-info
[4.997s] running install_scripts
[5.051s] Installing pub script to /home/leejunmi/ros2_ws/install/img/lib/img
[5.052s] Installing sub script to /home/leejunmi/ros2_ws/install/img/lib/img
[5.052s] writing list of installed files to '/home/leejunmi/ros2_ws/build/img/install.log'
[5.121s] Invoked command in '/home/leejunmi/ros2_ws/src/img' returned '0': PYTHONPATH=/home/leejunmi/ros2_ws/build/img/prefix_override:/usr/lib/python3/dist-packages/colcon_core/task/python/colcon_distutils_commands:/home/leejunmi/ros2_ws/install/img/lib/python3.10/site-packages:${PYTHONPATH} /usr/bin/python3 -W ignore:setup.py install is deprecated -W ignore:easy_install command is deprecated setup.py egg_info --egg-base ../../build/img build --build-base /home/leejunmi/ros2_ws/build/img/build install --record /home/leejunmi/ros2_ws/build/img/install.log --single-version-externally-managed install_data
