[0.701s] Invoking command in '/home/leejunmi/ros2_ws/src/img': PYTHONPATH=/home/leejunmi/ros2_ws/build/img/prefix_override:/usr/lib/python3/dist-packages/colcon_core/task/python/colcon_distutils_commands:/home/leejunmi/ros2_ws/install/img/lib/python3.10/site-packages:${PYTHONPATH} /usr/bin/python3 -W ignore:setup.py install is deprecated -W ignore:easy_install command is deprecated setup.py egg_info --egg-base ../../build/img build --build-base /home/leejunmi/ros2_ws/build/img/build install --record /home/leejunmi/ros2_ws/build/img/install.log --single-version-externally-managed install_data
[0.967s] running egg_info
[0.967s] writing ../../build/img/img.egg-info/PKG-INFO
[0.968s] writing dependency_links to ../../build/img/img.egg-info/dependency_links.txt
[0.968s] writing entry points to ../../build/img/img.egg-info/entry_points.txt
[0.968s] writing requirements to ../../build/img/img.egg-info/requires.txt
[0.968s] writing top-level names to ../../build/img/img.egg-info/top_level.txt
[0.970s] reading manifest file '../../build/img/img.egg-info/SOURCES.txt'
[0.971s] adding license file 'LICENSE'
[0.972s] writing manifest file '../../build/img/img.egg-info/SOURCES.txt'
[0.972s] running build
[0.972s] running build_py
[0.972s] copying img/img_sub.py -> /home/leejunmi/ros2_ws/build/img/build/lib/img
[0.972s] running install
[0.973s] running install_lib
[0.975s] copying /home/leejunmi/ros2_ws/build/img/build/lib/img/img_sub.py -> /home/leejunmi/ros2_ws/install/img/lib/python3.10/site-packages/img
[0.976s] byte-compiling /home/leejunmi/ros2_ws/install/img/lib/python3.10/site-packages/img/img_sub.py to img_sub.cpython-310.pyc
[0.977s] running install_data
[0.977s] running install_egg_info
[0.982s] removing '/home/leejunmi/ros2_ws/install/img/lib/python3.10/site-packages/img-0.0.0-py3.10.egg-info' (and everything under it)
[0.982s] Copying ../../build/img/img.egg-info to /home/leejunmi/ros2_ws/install/img/lib/python3.10/site-packages/img-0.0.0-py3.10.egg-info
[0.982s] running install_scripts
[1.003s] Installing pub script to /home/leejunmi/ros2_ws/install/img/lib/img
[1.004s] Installing sub script to /home/leejunmi/ros2_ws/install/img/lib/img
[1.004s] writing list of installed files to '/home/leejunmi/ros2_ws/build/img/install.log'
[1.031s] Invoked command in '/home/leejunmi/ros2_ws/src/img' returned '0': PYTHONPATH=/home/leejunmi/ros2_ws/build/img/prefix_override:/usr/lib/python3/dist-packages/colcon_core/task/python/colcon_distutils_commands:/home/leejunmi/ros2_ws/install/img/lib/python3.10/site-packages:${PYTHONPATH} /usr/bin/python3 -W ignore:setup.py install is deprecated -W ignore:easy_install command is deprecated setup.py egg_info --egg-base ../../build/img build --build-base /home/leejunmi/ros2_ws/build/img/build install --record /home/leejunmi/ros2_ws/build/img/install.log --single-version-externally-managed install_data
