[2.083s] Invoking command in '/home/leejunmi/ros2_ws/src/py_pubsub': AMENT_PREFIX_PATH=/home/leejunmi/ros2_ws/install/tutorial_interfaces:${AMENT_PREFIX_PATH} CMAKE_PREFIX_PATH=/home/leejunmi/ros2_ws/install/tutorial_interfaces LD_LIBRARY_PATH=/home/leejunmi/ros2_ws/install/tutorial_interfaces/lib:${LD_LIBRARY_PATH} PYTHONPATH=/home/leejunmi/ros2_ws/build/py_pubsub/prefix_override:/usr/lib/python3/dist-packages/colcon_core/task/python/colcon_distutils_commands:/home/leejunmi/ros2_ws/install/py_pubsub/lib/python3.10/site-packages:/home/leejunmi/ros2_ws/install/tutorial_interfaces/local/lib/python3.10/dist-packages:${PYTHONPATH} /usr/bin/python3 -W ignore:setup.py install is deprecated -W ignore:easy_install command is deprecated setup.py egg_info --egg-base ../../build/py_pubsub build --build-base /home/leejunmi/ros2_ws/build/py_pubsub/build install --record /home/leejunmi/ros2_ws/build/py_pubsub/install.log --single-version-externally-managed install_data
[2.416s] running egg_info
[2.417s] writing ../../build/py_pubsub/py_pubsub.egg-info/PKG-INFO
[2.418s] writing dependency_links to ../../build/py_pubsub/py_pubsub.egg-info/dependency_links.txt
[2.418s] writing entry points to ../../build/py_pubsub/py_pubsub.egg-info/entry_points.txt
[2.418s] writing requirements to ../../build/py_pubsub/py_pubsub.egg-info/requires.txt
[2.418s] writing top-level names to ../../build/py_pubsub/py_pubsub.egg-info/top_level.txt
[2.421s] reading manifest file '../../build/py_pubsub/py_pubsub.egg-info/SOURCES.txt'
[2.421s] adding license file 'LICENSE'
[2.422s] writing manifest file '../../build/py_pubsub/py_pubsub.egg-info/SOURCES.txt'
[2.422s] running build
[2.422s] running build_py
[2.422s] running install
[2.423s] running install_lib
[2.426s] running install_data
[2.426s] running install_egg_info
[2.428s] removing '/home/leejunmi/ros2_ws/install/py_pubsub/lib/python3.10/site-packages/py_pubsub-0.0.0-py3.10.egg-info' (and everything under it)
[2.429s] Copying ../../build/py_pubsub/py_pubsub.egg-info to /home/leejunmi/ros2_ws/install/py_pubsub/lib/python3.10/site-packages/py_pubsub-0.0.0-py3.10.egg-info
[2.429s] running install_scripts
[2.461s] Installing listener script to /home/leejunmi/ros2_ws/install/py_pubsub/lib/py_pubsub
[2.461s] Installing talker script to /home/leejunmi/ros2_ws/install/py_pubsub/lib/py_pubsub
[2.462s] writing list of installed files to '/home/leejunmi/ros2_ws/build/py_pubsub/install.log'
[2.516s] Invoked command in '/home/leejunmi/ros2_ws/src/py_pubsub' returned '0': AMENT_PREFIX_PATH=/home/leejunmi/ros2_ws/install/tutorial_interfaces:${AMENT_PREFIX_PATH} CMAKE_PREFIX_PATH=/home/leejunmi/ros2_ws/install/tutorial_interfaces LD_LIBRARY_PATH=/home/leejunmi/ros2_ws/install/tutorial_interfaces/lib:${LD_LIBRARY_PATH} PYTHONPATH=/home/leejunmi/ros2_ws/build/py_pubsub/prefix_override:/usr/lib/python3/dist-packages/colcon_core/task/python/colcon_distutils_commands:/home/leejunmi/ros2_ws/install/py_pubsub/lib/python3.10/site-packages:/home/leejunmi/ros2_ws/install/tutorial_interfaces/local/lib/python3.10/dist-packages:${PYTHONPATH} /usr/bin/python3 -W ignore:setup.py install is deprecated -W ignore:easy_install command is deprecated setup.py egg_info --egg-base ../../build/py_pubsub build --build-base /home/leejunmi/ros2_ws/build/py_pubsub/build install --record /home/leejunmi/ros2_ws/build/py_pubsub/install.log --single-version-externally-managed install_data
