[1.498s] Invoking command in '/home/leejunmi/ros2_ws/build/turtlesim': CMAKE_PREFIX_PATH=/opt/ros/humble /usr/bin/cmake --build /home/leejunmi/ros2_ws/build/turtlesim -- -j8 -l8
[2.075s] [  1%] Built target turtlesim__cpp
[2.082s] [ 11%] Built target turtlesim__rosidl_generator_c
[2.083s] [ 11%] Built target ament_cmake_python_copy_turtlesim
[2.083s] [ 21%] Built target turtlesim__rosidl_typesupport_cpp
[2.083s] [ 31%] Built target turtlesim__rosidl_typesupport_fastrtps_cpp
[2.083s] [ 41%] Built target turtlesim__rosidl_typesupport_c
[2.083s] [ 51%] Built target turtlesim__rosidl_typesupport_introspection_c
[2.083s] [ 61%] Built target turtlesim__rosidl_typesupport_introspection_cpp
[2.083s] [ 71%] Built target turtlesim__rosidl_typesupport_fastrtps_c
[2.083s] [ 73%] Built target turtle_teleop_key
[2.083s] [ 79%] Built target turtlesim_node
[2.083s] [ 81%] Built target mimic
[2.083s] [ 83%] Built target draw_square
[2.084s] [ 83%] Built target turtlesim
[2.084s] [ 84%] Built target turtlesim__py
[2.084s] [ 93%] Built target turtlesim__rosidl_generator_py
[2.084s] [ 95%] Built target turtlesim__rosidl_typesupport_c__pyext
[2.084s] [ 97%] Built target turtlesim__rosidl_typesupport_fastrtps_c__pyext
[2.084s] [100%] Built target turtlesim__rosidl_typesupport_introspection_c__pyext
[2.259s] running egg_info
[2.263s] writing turtlesim.egg-info/PKG-INFO
[2.266s] writing dependency_links to turtlesim.egg-info/dependency_links.txt
[2.268s] writing top-level names to turtlesim.egg-info/top_level.txt
[2.285s] reading manifest file 'turtlesim.egg-info/SOURCES.txt'
[2.292s] writing manifest file 'turtlesim.egg-info/SOURCES.txt'
[2.374s] [100%] Built target ament_cmake_python_build_turtlesim_egg
[2.805s] Invoked command in '/home/leejunmi/ros2_ws/build/turtlesim' returned '0': CMAKE_PREFIX_PATH=/opt/ros/humble /usr/bin/cmake --build /home/leejunmi/ros2_ws/build/turtlesim -- -j8 -l8
[2.806s] Invoking command in '/home/leejunmi/ros2_ws/build/turtlesim': CMAKE_PREFIX_PATH=/opt/ros/humble /usr/bin/cmake --install /home/leejunmi/ros2_ws/build/turtlesim
[2.838s] -- Install configuration: ""
[2.838s] -- Up-to-date: /home/leejunmi/ros2_ws/install/turtlesim/share/ament_index/resource_index/rosidl_interfaces/turtlesim
[2.843s] -- Up-to-date: /home/leejunmi/ros2_ws/install/turtlesim/include/turtlesim/turtlesim
[2.844s] -- Up-to-date: /home/leejunmi/ros2_ws/install/turtlesim/include/turtlesim/turtlesim/msg
[2.845s] -- Up-to-date: /home/leejunmi/ros2_ws/install/turtlesim/include/turtlesim/turtlesim/msg/color.h
[2.846s] -- Up-to-date: /home/leejunmi/ros2_ws/install/turtlesim/include/turtlesim/turtlesim/msg/detail
[2.848s] -- Up-to-date: /home/leejunmi/ros2_ws/install/turtlesim/include/turtlesim/turtlesim/msg/detail/color__functions.c
[2.848s] -- Up-to-date: /home/leejunmi/ros2_ws/install/turtlesim/include/turtlesim/turtlesim/msg/detail/pose__struct.h
[2.848s] -- Up-to-date: /home/leejunmi/ros2_ws/install/turtlesim/include/turtlesim/turtlesim/msg/detail/pose__type_support.h
[2.850s] -- Up-to-date: /home/leejunmi/ros2_ws/install/turtlesim/include/turtlesim/turtlesim/msg/detail/pose__functions.h
[2.850s] -- Up-to-date: /home/leejunmi/ros2_ws/install/turtlesim/include/turtlesim/turtlesim/msg/detail/pose__functions.c
[2.850s] -- Up-to-date: /home/leejunmi/ros2_ws/install/turtlesim/include/turtlesim/turtlesim/msg/detail/color__functions.h
[2.850s] -- Up-to-date: /home/leejunmi/ros2_ws/install/turtlesim/include/turtlesim/turtlesim/msg/detail/color__type_support.h
[2.850s] -- Up-to-date: /home/leejunmi/ros2_ws/install/turtlesim/include/turtlesim/turtlesim/msg/detail/color__struct.h
[2.851s] -- Up-to-date: /home/leejunmi/ros2_ws/install/turtlesim/include/turtlesim/turtlesim/msg/rosidl_generator_c__visibility_control.h
[2.852s] -- Up-to-date: /home/leejunmi/ros2_ws/install/turtlesim/include/turtlesim/turtlesim/msg/pose.h
[2.853s] -- Up-to-date: /home/leejunmi/ros2_ws/install/turtlesim/include/turtlesim/turtlesim/srv
[2.853s] -- Up-to-date: /home/leejunmi/ros2_ws/install/turtlesim/include/turtlesim/turtlesim/srv/kill.h
[2.854s] -- Up-to-date: /home/leejunmi/ros2_ws/install/turtlesim/include/turtlesim/turtlesim/srv/teleport_relative.h
[2.855s] -- Up-to-date: /home/leejunmi/ros2_ws/install/turtlesim/include/turtlesim/turtlesim/srv/detail
[2.857s] -- Up-to-date: /home/leejunmi/ros2_ws/install/turtlesim/include/turtlesim/turtlesim/srv/detail/teleport_absolute__type_support.h
[2.857s] -- Up-to-date: /home/leejunmi/ros2_ws/install/turtlesim/include/turtlesim/turtlesim/srv/detail/teleport_absolute__functions.c
[2.857s] -- Up-to-date: /home/leejunmi/ros2_ws/install/turtlesim/include/turtlesim/turtlesim/srv/detail/teleport_relative__type_support.h
[2.857s] -- Up-to-date: /home/leejunmi/ros2_ws/install/turtlesim/include/turtlesim/turtlesim/srv/detail/kill__struct.h
[2.857s] -- Up-to-date: /home/leejunmi/ros2_ws/install/turtlesim/include/turtlesim/turtlesim/srv/detail/spawn__functions.h
[2.858s] -- Up-to-date: /home/leejunmi/ros2_ws/install/turtlesim/include/turtlesim/turtlesim/srv/detail/teleport_absolute__struct.h
[2.858s] -- Up-to-date: /home/leejunmi/ros2_ws/install/turtlesim/include/turtlesim/turtlesim/srv/detail/spawn__type_support.h
[2.858s] -- Up-to-date: /home/leejunmi/ros2_ws/install/turtlesim/include/turtlesim/turtlesim/srv/detail/set_pen__struct.h
[2.858s] -- Up-to-date: /home/leejunmi/ros2_ws/install/turtlesim/include/turtlesim/turtlesim/srv/detail/spawn__struct.h
[2.858s] -- Up-to-date: /home/leejunmi/ros2_ws/install/turtlesim/include/turtlesim/turtlesim/srv/detail/spawn__functions.c
[2.858s] -- Up-to-date: /home/leejunmi/ros2_ws/install/turtlesim/include/turtlesim/turtlesim/srv/detail/set_pen__type_support.h
[2.863s] -- Up-to-date: /home/leejunmi/ros2_ws/install/turtlesim/include/turtlesim/turtlesim/srv/detail/teleport_relative__functions.c
[2.863s] -- Up-to-date: /home/leejunmi/ros2_ws/install/turtlesim/include/turtlesim/turtlesim/srv/detail/teleport_relative__functions.h
[2.863s] -- Up-to-date: /home/leejunmi/ros2_ws/install/turtlesim/include/turtlesim/turtlesim/srv/detail/set_pen__functions.h
[2.863s] -- Up-to-date: /home/leejunmi/ros2_ws/install/turtlesim/include/turtlesim/turtlesim/srv/detail/kill__functions.c
[2.863s] -- Up-to-date: /home/leejunmi/ros2_ws/install/turtlesim/include/turtlesim/turtlesim/srv/detail/kill__type_support.h
[2.864s] -- Up-to-date: /home/leejunmi/ros2_ws/install/turtlesim/include/turtlesim/turtlesim/srv/detail/set_pen__functions.c
[2.864s] -- Up-to-date: /home/leejunmi/ros2_ws/install/turtlesim/include/turtlesim/turtlesim/srv/detail/kill__functions.h
[2.864s] -- Up-to-date: /home/leejunmi/ros2_ws/install/turtlesim/include/turtlesim/turtlesim/srv/detail/teleport_absolute__functions.h
[2.864s] -- Up-to-date: /home/leejunmi/ros2_ws/install/turtlesim/include/turtlesim/turtlesim/srv/detail/teleport_relative__struct.h
[2.864s] -- Up-to-date: /home/leejunmi/ros2_ws/install/turtlesim/include/turtlesim/turtlesim/srv/set_pen.h
[2.864s] -- Up-to-date: /home/leejunmi/ros2_ws/install/turtlesim/include/turtlesim/turtlesim/srv/spawn.h
[2.864s] -- Up-to-date: /home/leejunmi/ros2_ws/install/turtlesim/include/turtlesim/turtlesim/srv/teleport_absolute.h
[2.865s] -- Up-to-date: /home/leejunmi/ros2_ws/install/turtlesim/include/turtlesim/turtlesim/action
[2.865s] -- Up-to-date: /home/leejunmi/ros2_ws/install/turtlesim/include/turtlesim/turtlesim/action/rotate_absolute.h
[2.865s] -- Up-to-date: /home/leejunmi/ros2_ws/install/turtlesim/include/turtlesim/turtlesim/action/detail
[2.865s] -- Up-to-date: /home/leejunmi/ros2_ws/install/turtlesim/include/turtlesim/turtlesim/action/detail/rotate_absolute__type_support.h
[2.865s] -- Up-to-date: /home/leejunmi/ros2_ws/install/turtlesim/include/turtlesim/turtlesim/action/detail/rotate_absolute__functions.h
[2.865s] -- Up-to-date: /home/leejunmi/ros2_ws/install/turtlesim/include/turtlesim/turtlesim/action/detail/rotate_absolute__functions.c
[2.865s] -- Up-to-date: /home/leejunmi/ros2_ws/install/turtlesim/include/turtlesim/turtlesim/action/detail/rotate_absolute__struct.h
[2.866s] -- Up-to-date: /home/leejunmi/ros2_ws/install/turtlesim/share/turtlesim/environment/library_path.sh
[2.866s] -- Up-to-date: /home/leejunmi/ros2_ws/install/turtlesim/share/turtlesim/environment/library_path.dsv
[2.866s] -- Up-to-date: /home/leejunmi/ros2_ws/install/turtlesim/lib/libturtlesim__rosidl_generator_c.so
[2.866s] -- Up-to-date: /home/leejunmi/ros2_ws/install/turtlesim/include/turtlesim/turtlesim
[2.866s] -- Up-to-date: /home/leejunmi/ros2_ws/install/turtlesim/include/turtlesim/turtlesim/msg
[2.866s] -- Up-to-date: /home/leejunmi/ros2_ws/install/turtlesim/include/turtlesim/turtlesim/msg/rosidl_typesupport_fastrtps_c__visibility_control.h
[2.871s] -- Up-to-date: /home/leejunmi/ros2_ws/install/turtlesim/include/turtlesim/turtlesim/msg/detail
[2.871s] -- Up-to-date: /home/leejunmi/ros2_ws/install/turtlesim/include/turtlesim/turtlesim/msg/detail/pose__rosidl_typesupport_fastrtps_c.h
[2.871s] -- Up-to-date: /home/leejunmi/ros2_ws/install/turtlesim/include/turtlesim/turtlesim/msg/detail/color__rosidl_typesupport_fastrtps_c.h
[2.871s] -- Up-to-date: /home/leejunmi/ros2_ws/install/turtlesim/include/turtlesim/turtlesim/srv
[2.871s] -- Up-to-date: /home/leejunmi/ros2_ws/install/turtlesim/include/turtlesim/turtlesim/srv/detail
[2.872s] -- Up-to-date: /home/leejunmi/ros2_ws/install/turtlesim/include/turtlesim/turtlesim/srv/detail/teleport_relative__rosidl_typesupport_fastrtps_c.h
[2.872s] -- Up-to-date: /home/leejunmi/ros2_ws/install/turtlesim/include/turtlesim/turtlesim/srv/detail/spawn__rosidl_typesupport_fastrtps_c.h
[2.872s] -- Up-to-date: /home/leejunmi/ros2_ws/install/turtlesim/include/turtlesim/turtlesim/srv/detail/set_pen__rosidl_typesupport_fastrtps_c.h
[2.873s] -- Up-to-date: /home/leejunmi/ros2_ws/install/turtlesim/include/turtlesim/turtlesim/srv/detail/kill__rosidl_typesupport_fastrtps_c.h
[2.873s] -- Up-to-date: /home/leejunmi/ros2_ws/install/turtlesim/include/turtlesim/turtlesim/srv/detail/teleport_absolute__rosidl_typesupport_fastrtps_c.h
[2.873s] -- Up-to-date: /home/leejunmi/ros2_ws/install/turtlesim/include/turtlesim/turtlesim/action
[2.873s] -- Up-to-date: /home/leejunmi/ros2_ws/install/turtlesim/include/turtlesim/turtlesim/action/detail
[2.874s] -- Up-to-date: /home/leejunmi/ros2_ws/install/turtlesim/include/turtlesim/turtlesim/action/detail/rotate_absolute__rosidl_typesupport_fastrtps_c.h
[2.874s] -- Up-to-date: /home/leejunmi/ros2_ws/install/turtlesim/lib/libturtlesim__rosidl_typesupport_fastrtps_c.so
[2.874s] -- Up-to-date: /home/leejunmi/ros2_ws/install/turtlesim/include/turtlesim/turtlesim
[2.874s] -- Up-to-date: /home/leejunmi/ros2_ws/install/turtlesim/include/turtlesim/turtlesim/msg
[2.874s] -- Up-to-date: /home/leejunmi/ros2_ws/install/turtlesim/include/turtlesim/turtlesim/msg/pose.hpp
[2.875s] -- Up-to-date: /home/leejunmi/ros2_ws/install/turtlesim/include/turtlesim/turtlesim/msg/detail
[2.875s] -- Up-to-date: /home/leejunmi/ros2_ws/install/turtlesim/include/turtlesim/turtlesim/msg/detail/pose__builder.hpp
[2.875s] -- Up-to-date: /home/leejunmi/ros2_ws/install/turtlesim/include/turtlesim/turtlesim/msg/detail/color__builder.hpp
[2.875s] -- Up-to-date: /home/leejunmi/ros2_ws/install/turtlesim/include/turtlesim/turtlesim/msg/detail/pose__traits.hpp
[2.875s] -- Up-to-date: /home/leejunmi/ros2_ws/install/turtlesim/include/turtlesim/turtlesim/msg/detail/color__struct.hpp
[2.876s] -- Up-to-date: /home/leejunmi/ros2_ws/install/turtlesim/include/turtlesim/turtlesim/msg/detail/color__traits.hpp
[2.876s] -- Up-to-date: /home/leejunmi/ros2_ws/install/turtlesim/include/turtlesim/turtlesim/msg/detail/pose__struct.hpp
[2.876s] -- Up-to-date: /home/leejunmi/ros2_ws/install/turtlesim/include/turtlesim/turtlesim/msg/color.hpp
[2.876s] -- Up-to-date: /home/leejunmi/ros2_ws/install/turtlesim/include/turtlesim/turtlesim/srv
[2.876s] -- Up-to-date: /home/leejunmi/ros2_ws/install/turtlesim/include/turtlesim/turtlesim/srv/set_pen.hpp
[2.876s] -- Up-to-date: /home/leejunmi/ros2_ws/install/turtlesim/include/turtlesim/turtlesim/srv/teleport_relative.hpp
[2.876s] -- Up-to-date: /home/leejunmi/ros2_ws/install/turtlesim/include/turtlesim/turtlesim/srv/detail
[2.877s] -- Up-to-date: /home/leejunmi/ros2_ws/install/turtlesim/include/turtlesim/turtlesim/srv/detail/kill__traits.hpp
[2.877s] -- Up-to-date: /home/leejunmi/ros2_ws/install/turtlesim/include/turtlesim/turtlesim/srv/detail/teleport_absolute__builder.hpp
[2.877s] -- Up-to-date: /home/leejunmi/ros2_ws/install/turtlesim/include/turtlesim/turtlesim/srv/detail/teleport_relative__struct.hpp
[2.877s] -- Up-to-date: /home/leejunmi/ros2_ws/install/turtlesim/include/turtlesim/turtlesim/srv/detail/spawn__traits.hpp
[2.877s] -- Up-to-date: /home/leejunmi/ros2_ws/install/turtlesim/include/turtlesim/turtlesim/srv/detail/set_pen__traits.hpp
[2.877s] -- Up-to-date: /home/leejunmi/ros2_ws/install/turtlesim/include/turtlesim/turtlesim/srv/detail/teleport_absolute__traits.hpp
[2.877s] -- Up-to-date: /home/leejunmi/ros2_ws/install/turtlesim/include/turtlesim/turtlesim/srv/detail/spawn__struct.hpp
[2.878s] -- Up-to-date: /home/leejunmi/ros2_ws/install/turtlesim/include/turtlesim/turtlesim/srv/detail/set_pen__builder.hpp
[2.878s] -- Up-to-date: /home/leejunmi/ros2_ws/install/turtlesim/include/turtlesim/turtlesim/srv/detail/teleport_relative__traits.hpp
[2.878s] -- Up-to-date: /home/leejunmi/ros2_ws/install/turtlesim/include/turtlesim/turtlesim/srv/detail/teleport_relative__builder.hpp
[2.878s] -- Up-to-date: /home/leejunmi/ros2_ws/install/turtlesim/include/turtlesim/turtlesim/srv/detail/spawn__builder.hpp
[2.878s] -- Up-to-date: /home/leejunmi/ros2_ws/install/turtlesim/include/turtlesim/turtlesim/srv/detail/set_pen__struct.hpp
[2.878s] -- Up-to-date: /home/leejunmi/ros2_ws/install/turtlesim/include/turtlesim/turtlesim/srv/detail/kill__builder.hpp
[2.878s] -- Up-to-date: /home/leejunmi/ros2_ws/install/turtlesim/include/turtlesim/turtlesim/srv/detail/kill__struct.hpp
[2.886s] -- Up-to-date: /home/leejunmi/ros2_ws/install/turtlesim/include/turtlesim/turtlesim/srv/detail/teleport_absolute__struct.hpp
[2.886s] -- Up-to-date: /home/leejunmi/ros2_ws/install/turtlesim/include/turtlesim/turtlesim/srv/kill.hpp
[2.888s] -- Up-to-date: /home/leejunmi/ros2_ws/install/turtlesim/include/turtlesim/turtlesim/srv/teleport_absolute.hpp
[2.888s] -- Up-to-date: /home/leejunmi/ros2_ws/install/turtlesim/include/turtlesim/turtlesim/srv/spawn.hpp
[2.888s] -- Up-to-date: /home/leejunmi/ros2_ws/install/turtlesim/include/turtlesim/turtlesim/action
[2.888s] -- Up-to-date: /home/leejunmi/ros2_ws/install/turtlesim/include/turtlesim/turtlesim/action/detail
[2.888s] -- Up-to-date: /home/leejunmi/ros2_ws/install/turtlesim/include/turtlesim/turtlesim/action/detail/rotate_absolute__struct.hpp
[2.888s] -- Up-to-date: /home/leejunmi/ros2_ws/install/turtlesim/include/turtlesim/turtlesim/action/detail/rotate_absolute__builder.hpp
[2.889s] -- Up-to-date: /home/leejunmi/ros2_ws/install/turtlesim/include/turtlesim/turtlesim/action/detail/rotate_absolute__traits.hpp
[2.889s] -- Up-to-date: /home/leejunmi/ros2_ws/install/turtlesim/include/turtlesim/turtlesim/action/rotate_absolute.hpp
[2.889s] -- Up-to-date: /home/leejunmi/ros2_ws/install/turtlesim/include/turtlesim/turtlesim
[2.889s] -- Up-to-date: /home/leejunmi/ros2_ws/install/turtlesim/include/turtlesim/turtlesim/msg
[2.889s] -- Up-to-date: /home/leejunmi/ros2_ws/install/turtlesim/include/turtlesim/turtlesim/msg/rosidl_typesupport_fastrtps_cpp__visibility_control.h
[2.889s] -- Up-to-date: /home/leejunmi/ros2_ws/install/turtlesim/include/turtlesim/turtlesim/msg/detail
[2.889s] -- Up-to-date: /home/leejunmi/ros2_ws/install/turtlesim/include/turtlesim/turtlesim/msg/detail/pose__rosidl_typesupport_fastrtps_cpp.hpp
[2.889s] -- Up-to-date: /home/leejunmi/ros2_ws/install/turtlesim/include/turtlesim/turtlesim/msg/detail/dds_fastrtps
[2.890s] -- Up-to-date: /home/leejunmi/ros2_ws/install/turtlesim/include/turtlesim/turtlesim/msg/detail/color__rosidl_typesupport_fastrtps_cpp.hpp
[2.890s] -- Up-to-date: /home/leejunmi/ros2_ws/install/turtlesim/include/turtlesim/turtlesim/srv
[2.890s] -- Up-to-date: /home/leejunmi/ros2_ws/install/turtlesim/include/turtlesim/turtlesim/srv/detail
[2.890s] -- Up-to-date: /home/leejunmi/ros2_ws/install/turtlesim/include/turtlesim/turtlesim/srv/detail/kill__rosidl_typesupport_fastrtps_cpp.hpp
[2.890s] -- Up-to-date: /home/leejunmi/ros2_ws/install/turtlesim/include/turtlesim/turtlesim/srv/detail/set_pen__rosidl_typesupport_fastrtps_cpp.hpp
[2.890s] -- Up-to-date: /home/leejunmi/ros2_ws/install/turtlesim/include/turtlesim/turtlesim/srv/detail/teleport_relative__rosidl_typesupport_fastrtps_cpp.hpp
[2.890s] -- Up-to-date: /home/leejunmi/ros2_ws/install/turtlesim/include/turtlesim/turtlesim/srv/detail/spawn__rosidl_typesupport_fastrtps_cpp.hpp
[2.890s] -- Up-to-date: /home/leejunmi/ros2_ws/install/turtlesim/include/turtlesim/turtlesim/srv/detail/dds_fastrtps
[2.890s] -- Up-to-date: /home/leejunmi/ros2_ws/install/turtlesim/include/turtlesim/turtlesim/srv/detail/teleport_absolute__rosidl_typesupport_fastrtps_cpp.hpp
[2.891s] -- Up-to-date: /home/leejunmi/ros2_ws/install/turtlesim/include/turtlesim/turtlesim/action
[2.891s] -- Up-to-date: /home/leejunmi/ros2_ws/install/turtlesim/include/turtlesim/turtlesim/action/detail
[2.891s] -- Up-to-date: /home/leejunmi/ros2_ws/install/turtlesim/include/turtlesim/turtlesim/action/detail/rotate_absolute__rosidl_typesupport_fastrtps_cpp.hpp
[2.891s] -- Up-to-date: /home/leejunmi/ros2_ws/install/turtlesim/include/turtlesim/turtlesim/action/detail/dds_fastrtps
[2.891s] -- Up-to-date: /home/leejunmi/ros2_ws/install/turtlesim/lib/libturtlesim__rosidl_typesupport_fastrtps_cpp.so
[2.891s] -- Up-to-date: /home/leejunmi/ros2_ws/install/turtlesim/include/turtlesim/turtlesim
[2.891s] -- Up-to-date: /home/leejunmi/ros2_ws/install/turtlesim/include/turtlesim/turtlesim/msg
[2.901s] -- Up-to-date: /home/leejunmi/ros2_ws/install/turtlesim/include/turtlesim/turtlesim/msg/rosidl_typesupport_introspection_c__visibility_control.h
[2.901s] -- Up-to-date: /home/leejunmi/ros2_ws/install/turtlesim/include/turtlesim/turtlesim/msg/detail
[2.901s] -- Up-to-date: /home/leejunmi/ros2_ws/install/turtlesim/include/turtlesim/turtlesim/msg/detail/color__type_support.c
[2.902s] -- Up-to-date: /home/leejunmi/ros2_ws/install/turtlesim/include/turtlesim/turtlesim/msg/detail/pose__rosidl_typesupport_introspection_c.h
[2.902s] -- Up-to-date: /home/leejunmi/ros2_ws/install/turtlesim/include/turtlesim/turtlesim/msg/detail/pose__type_support.c
[2.902s] -- Up-to-date: /home/leejunmi/ros2_ws/install/turtlesim/include/turtlesim/turtlesim/msg/detail/color__rosidl_typesupport_introspection_c.h
[2.902s] -- Up-to-date: /home/leejunmi/ros2_ws/install/turtlesim/include/turtlesim/turtlesim/srv
[2.902s] -- Up-to-date: /home/leejunmi/ros2_ws/install/turtlesim/include/turtlesim/turtlesim/srv/detail
[2.903s] -- Up-to-date: /home/leejunmi/ros2_ws/install/turtlesim/include/turtlesim/turtlesim/srv/detail/set_pen__type_support.c
[2.903s] -- Up-to-date: /home/leejunmi/ros2_ws/install/turtlesim/include/turtlesim/turtlesim/srv/detail/kill__type_support.c
[2.903s] -- Up-to-date: /home/leejunmi/ros2_ws/install/turtlesim/include/turtlesim/turtlesim/srv/detail/kill__rosidl_typesupport_introspection_c.h
[2.903s] -- Up-to-date: /home/leejunmi/ros2_ws/install/turtlesim/include/turtlesim/turtlesim/srv/detail/teleport_absolute__rosidl_typesupport_introspection_c.h
[2.903s] -- Up-to-date: /home/leejunmi/ros2_ws/install/turtlesim/include/turtlesim/turtlesim/srv/detail/spawn__rosidl_typesupport_introspection_c.h
[2.903s] -- Up-to-date: /home/leejunmi/ros2_ws/install/turtlesim/include/turtlesim/turtlesim/srv/detail/teleport_absolute__type_support.c
[2.903s] -- Up-to-date: /home/leejunmi/ros2_ws/install/turtlesim/include/turtlesim/turtlesim/srv/detail/set_pen__rosidl_typesupport_introspection_c.h
[2.903s] -- Up-to-date: /home/leejunmi/ros2_ws/install/turtlesim/include/turtlesim/turtlesim/srv/detail/teleport_relative__type_support.c
[2.904s] -- Up-to-date: /home/leejunmi/ros2_ws/install/turtlesim/include/turtlesim/turtlesim/srv/detail/spawn__type_support.c
[2.904s] -- Up-to-date: /home/leejunmi/ros2_ws/install/turtlesim/include/turtlesim/turtlesim/srv/detail/teleport_relative__rosidl_typesupport_introspection_c.h
[2.904s] -- Up-to-date: /home/leejunmi/ros2_ws/install/turtlesim/include/turtlesim/turtlesim/action
[2.904s] -- Up-to-date: /home/leejunmi/ros2_ws/install/turtlesim/include/turtlesim/turtlesim/action/detail
[2.904s] -- Up-to-date: /home/leejunmi/ros2_ws/install/turtlesim/include/turtlesim/turtlesim/action/detail/rotate_absolute__rosidl_typesupport_introspection_c.h
[2.904s] -- Up-to-date: /home/leejunmi/ros2_ws/install/turtlesim/include/turtlesim/turtlesim/action/detail/rotate_absolute__type_support.c
[2.908s] -- Up-to-date: /home/leejunmi/ros2_ws/install/turtlesim/lib/libturtlesim__rosidl_typesupport_introspection_c.so
[2.909s] -- Up-to-date: /home/leejunmi/ros2_ws/install/turtlesim/lib/libturtlesim__rosidl_typesupport_c.so
[2.909s] -- Up-to-date: /home/leejunmi/ros2_ws/install/turtlesim/include/turtlesim/turtlesim
[2.909s] -- Up-to-date: /home/leejunmi/ros2_ws/install/turtlesim/include/turtlesim/turtlesim/msg
[2.909s] -- Up-to-date: /home/leejunmi/ros2_ws/install/turtlesim/include/turtlesim/turtlesim/msg/detail
[2.909s] -- Up-to-date: /home/leejunmi/ros2_ws/install/turtlesim/include/turtlesim/turtlesim/msg/detail/pose__type_support.cpp
[2.910s] -- Up-to-date: /home/leejunmi/ros2_ws/install/turtlesim/include/turtlesim/turtlesim/msg/detail/pose__rosidl_typesupport_introspection_cpp.hpp
[2.910s] -- Up-to-date: /home/leejunmi/ros2_ws/install/turtlesim/include/turtlesim/turtlesim/msg/detail/color__rosidl_typesupport_introspection_cpp.hpp
[2.910s] -- Up-to-date: /home/leejunmi/ros2_ws/install/turtlesim/include/turtlesim/turtlesim/msg/detail/color__type_support.cpp
[2.910s] -- Up-to-date: /home/leejunmi/ros2_ws/install/turtlesim/include/turtlesim/turtlesim/srv
[2.910s] -- Up-to-date: /home/leejunmi/ros2_ws/install/turtlesim/include/turtlesim/turtlesim/srv/detail
[2.910s] -- Up-to-date: /home/leejunmi/ros2_ws/install/turtlesim/include/turtlesim/turtlesim/srv/detail/set_pen__type_support.cpp
[2.910s] -- Up-to-date: /home/leejunmi/ros2_ws/install/turtlesim/include/turtlesim/turtlesim/srv/detail/teleport_relative__type_support.cpp
[2.910s] -- Up-to-date: /home/leejunmi/ros2_ws/install/turtlesim/include/turtlesim/turtlesim/srv/detail/teleport_absolute__rosidl_typesupport_introspection_cpp.hpp
[2.911s] -- Up-to-date: /home/leejunmi/ros2_ws/install/turtlesim/include/turtlesim/turtlesim/srv/detail/kill__rosidl_typesupport_introspection_cpp.hpp
[2.911s] -- Up-to-date: /home/leejunmi/ros2_ws/install/turtlesim/include/turtlesim/turtlesim/srv/detail/kill__type_support.cpp
[2.911s] -- Up-to-date: /home/leejunmi/ros2_ws/install/turtlesim/include/turtlesim/turtlesim/srv/detail/spawn__type_support.cpp
[2.911s] -- Up-to-date: /home/leejunmi/ros2_ws/install/turtlesim/include/turtlesim/turtlesim/srv/detail/teleport_relative__rosidl_typesupport_introspection_cpp.hpp
[2.911s] -- Up-to-date: /home/leejunmi/ros2_ws/install/turtlesim/include/turtlesim/turtlesim/srv/detail/teleport_absolute__type_support.cpp
[2.911s] -- Up-to-date: /home/leejunmi/ros2_ws/install/turtlesim/include/turtlesim/turtlesim/srv/detail/spawn__rosidl_typesupport_introspection_cpp.hpp
[2.911s] -- Up-to-date: /home/leejunmi/ros2_ws/install/turtlesim/include/turtlesim/turtlesim/srv/detail/set_pen__rosidl_typesupport_introspection_cpp.hpp
[2.911s] -- Up-to-date: /home/leejunmi/ros2_ws/install/turtlesim/include/turtlesim/turtlesim/action
[2.912s] -- Up-to-date: /home/leejunmi/ros2_ws/install/turtlesim/include/turtlesim/turtlesim/action/detail
[2.912s] -- Up-to-date: /home/leejunmi/ros2_ws/install/turtlesim/include/turtlesim/turtlesim/action/detail/rotate_absolute__type_support.cpp
[2.912s] -- Up-to-date: /home/leejunmi/ros2_ws/install/turtlesim/include/turtlesim/turtlesim/action/detail/rotate_absolute__rosidl_typesupport_introspection_cpp.hpp
[2.912s] -- Up-to-date: /home/leejunmi/ros2_ws/install/turtlesim/lib/libturtlesim__rosidl_typesupport_introspection_cpp.so
[2.912s] -- Up-to-date: /home/leejunmi/ros2_ws/install/turtlesim/lib/libturtlesim__rosidl_typesupport_cpp.so
[2.916s] -- Up-to-date: /home/leejunmi/ros2_ws/install/turtlesim/share/turtlesim/environment/pythonpath.sh
[2.916s] -- Up-to-date: /home/leejunmi/ros2_ws/install/turtlesim/share/turtlesim/environment/pythonpath.dsv
[2.916s] -- Up-to-date: /home/leejunmi/ros2_ws/install/turtlesim/local/lib/python3.10/dist-packages/turtlesim-1.4.2-py3.10.egg-info
[2.916s] -- Installing: /home/leejunmi/ros2_ws/install/turtlesim/local/lib/python3.10/dist-packages/turtlesim-1.4.2-py3.10.egg-info/PKG-INFO
[2.917s] -- Installing: /home/leejunmi/ros2_ws/install/turtlesim/local/lib/python3.10/dist-packages/turtlesim-1.4.2-py3.10.egg-info/top_level.txt
[2.917s] -- Installing: /home/leejunmi/ros2_ws/install/turtlesim/local/lib/python3.10/dist-packages/turtlesim-1.4.2-py3.10.egg-info/SOURCES.txt
[2.917s] -- Installing: /home/leejunmi/ros2_ws/install/turtlesim/local/lib/python3.10/dist-packages/turtlesim-1.4.2-py3.10.egg-info/dependency_links.txt
[2.917s] -- Up-to-date: /home/leejunmi/ros2_ws/install/turtlesim/local/lib/python3.10/dist-packages/turtlesim
[2.917s] -- Up-to-date: /home/leejunmi/ros2_ws/install/turtlesim/local/lib/python3.10/dist-packages/turtlesim/_turtlesim_s.ep.rosidl_typesupport_c.c
[2.917s] -- Up-to-date: /home/leejunmi/ros2_ws/install/turtlesim/local/lib/python3.10/dist-packages/turtlesim/turtlesim_s__rosidl_typesupport_fastrtps_c.cpython-310-x86_64-linux-gnu.so
[2.917s] -- Up-to-date: /home/leejunmi/ros2_ws/install/turtlesim/local/lib/python3.10/dist-packages/turtlesim/msg
[2.917s] -- Up-to-date: /home/leejunmi/ros2_ws/install/turtlesim/local/lib/python3.10/dist-packages/turtlesim/msg/__init__.py
[2.918s] -- Up-to-date: /home/leejunmi/ros2_ws/install/turtlesim/local/lib/python3.10/dist-packages/turtlesim/msg/_pose.py
[2.918s] -- Up-to-date: /home/leejunmi/ros2_ws/install/turtlesim/local/lib/python3.10/dist-packages/turtlesim/msg/_color_s.c
[2.918s] -- Up-to-date: /home/leejunmi/ros2_ws/install/turtlesim/local/lib/python3.10/dist-packages/turtlesim/msg/_color.py
[2.918s] -- Up-to-date: /home/leejunmi/ros2_ws/install/turtlesim/local/lib/python3.10/dist-packages/turtlesim/msg/_pose_s.c
[2.918s] -- Up-to-date: /home/leejunmi/ros2_ws/install/turtlesim/local/lib/python3.10/dist-packages/turtlesim/srv
[2.918s] -- Up-to-date: /home/leejunmi/ros2_ws/install/turtlesim/local/lib/python3.10/dist-packages/turtlesim/srv/_spawn_s.c
[2.918s] -- Up-to-date: /home/leejunmi/ros2_ws/install/turtlesim/local/lib/python3.10/dist-packages/turtlesim/srv/_set_pen_s.c
[2.918s] -- Up-to-date: /home/leejunmi/ros2_ws/install/turtlesim/local/lib/python3.10/dist-packages/turtlesim/srv/_teleport_absolute_s.c
[2.918s] -- Up-to-date: /home/leejunmi/ros2_ws/install/turtlesim/local/lib/python3.10/dist-packages/turtlesim/srv/_teleport_relative_s.c
[2.919s] -- Up-to-date: /home/leejunmi/ros2_ws/install/turtlesim/local/lib/python3.10/dist-packages/turtlesim/srv/_teleport_relative.py
[2.919s] -- Up-to-date: /home/leejunmi/ros2_ws/install/turtlesim/local/lib/python3.10/dist-packages/turtlesim/srv/_spawn.py
[2.919s] -- Up-to-date: /home/leejunmi/ros2_ws/install/turtlesim/local/lib/python3.10/dist-packages/turtlesim/srv/__init__.py
[2.919s] -- Up-to-date: /home/leejunmi/ros2_ws/install/turtlesim/local/lib/python3.10/dist-packages/turtlesim/srv/_kill.py
[2.919s] -- Up-to-date: /home/leejunmi/ros2_ws/install/turtlesim/local/lib/python3.10/dist-packages/turtlesim/srv/_teleport_absolute.py
[2.919s] -- Up-to-date: /home/leejunmi/ros2_ws/install/turtlesim/local/lib/python3.10/dist-packages/turtlesim/srv/_kill_s.c
[2.919s] -- Up-to-date: /home/leejunmi/ros2_ws/install/turtlesim/local/lib/python3.10/dist-packages/turtlesim/srv/_set_pen.py
[2.924s] -- Up-to-date: /home/leejunmi/ros2_ws/install/turtlesim/local/lib/python3.10/dist-packages/turtlesim/_turtlesim_s.ep.rosidl_typesupport_fastrtps_c.c
[2.924s] -- Up-to-date: /home/leejunmi/ros2_ws/install/turtlesim/local/lib/python3.10/dist-packages/turtlesim/action
[2.924s] -- Up-to-date: /home/leejunmi/ros2_ws/install/turtlesim/local/lib/python3.10/dist-packages/turtlesim/action/_rotate_absolute_s.c
[2.924s] -- Up-to-date: /home/leejunmi/ros2_ws/install/turtlesim/local/lib/python3.10/dist-packages/turtlesim/action/__init__.py
[2.924s] -- Up-to-date: /home/leejunmi/ros2_ws/install/turtlesim/local/lib/python3.10/dist-packages/turtlesim/action/_rotate_absolute.py
[2.924s] -- Up-to-date: /home/leejunmi/ros2_ws/install/turtlesim/local/lib/python3.10/dist-packages/turtlesim/__init__.py
[2.924s] -- Up-to-date: /home/leejunmi/ros2_ws/install/turtlesim/local/lib/python3.10/dist-packages/turtlesim/_turtlesim_s.ep.rosidl_typesupport_introspection_c.c
[2.925s] -- Up-to-date: /home/leejunmi/ros2_ws/install/turtlesim/local/lib/python3.10/dist-packages/turtlesim/libturtlesim__rosidl_generator_py.so
[2.925s] -- Up-to-date: /home/leejunmi/ros2_ws/install/turtlesim/local/lib/python3.10/dist-packages/turtlesim/turtlesim_s__rosidl_typesupport_c.cpython-310-x86_64-linux-gnu.so
[2.925s] -- Up-to-date: /home/leejunmi/ros2_ws/install/turtlesim/local/lib/python3.10/dist-packages/turtlesim/turtlesim_s__rosidl_typesupport_introspection_c.cpython-310-x86_64-linux-gnu.so
[2.982s] Listing '/home/leejunmi/ros2_ws/install/turtlesim/local/lib/python3.10/dist-packages/turtlesim'...
[2.982s] Listing '/home/leejunmi/ros2_ws/install/turtlesim/local/lib/python3.10/dist-packages/turtlesim/action'...
[2.983s] Listing '/home/leejunmi/ros2_ws/install/turtlesim/local/lib/python3.10/dist-packages/turtlesim/msg'...
[2.983s] Listing '/home/leejunmi/ros2_ws/install/turtlesim/local/lib/python3.10/dist-packages/turtlesim/srv'...
[3.007s] -- Up-to-date: /home/leejunmi/ros2_ws/install/turtlesim/local/lib/python3.10/dist-packages/turtlesim/turtlesim_s__rosidl_typesupport_fastrtps_c.cpython-310-x86_64-linux-gnu.so
[3.008s] -- Up-to-date: /home/leejunmi/ros2_ws/install/turtlesim/local/lib/python3.10/dist-packages/turtlesim/turtlesim_s__rosidl_typesupport_introspection_c.cpython-310-x86_64-linux-gnu.so
[3.008s] -- Up-to-date: /home/leejunmi/ros2_ws/install/turtlesim/local/lib/python3.10/dist-packages/turtlesim/turtlesim_s__rosidl_typesupport_c.cpython-310-x86_64-linux-gnu.so
[3.009s] -- Up-to-date: /home/leejunmi/ros2_ws/install/turtlesim/lib/libturtlesim__rosidl_generator_py.so
[3.010s] -- Up-to-date: /home/leejunmi/ros2_ws/install/turtlesim/share/turtlesim/action/RotateAbsolute.idl
[3.011s] -- Up-to-date: /home/leejunmi/ros2_ws/install/turtlesim/share/turtlesim/msg/Color.idl
[3.012s] -- Up-to-date: /home/leejunmi/ros2_ws/install/turtlesim/share/turtlesim/msg/Pose.idl
[3.013s] -- Up-to-date: /home/leejunmi/ros2_ws/install/turtlesim/share/turtlesim/srv/Kill.idl
[3.014s] -- Up-to-date: /home/leejunmi/ros2_ws/install/turtlesim/share/turtlesim/srv/SetPen.idl
[3.016s] -- Up-to-date: /home/leejunmi/ros2_ws/install/turtlesim/share/turtlesim/srv/Spawn.idl
[3.016s] -- Up-to-date: /home/leejunmi/ros2_ws/install/turtlesim/share/turtlesim/srv/TeleportAbsolute.idl
[3.016s] -- Up-to-date: /home/leejunmi/ros2_ws/install/turtlesim/share/turtlesim/srv/TeleportRelative.idl
[3.016s] -- Up-to-date: /home/leejunmi/ros2_ws/install/turtlesim/share/turtlesim/action/RotateAbsolute.action
[3.017s] -- Up-to-date: /home/leejunmi/ros2_ws/install/turtlesim/share/turtlesim/msg/Color.msg
[3.018s] -- Up-to-date: /home/leejunmi/ros2_ws/install/turtlesim/share/turtlesim/msg/Pose.msg
[3.018s] -- Up-to-date: /home/leejunmi/ros2_ws/install/turtlesim/share/turtlesim/srv/Kill.srv
[3.019s] -- Up-to-date: /home/leejunmi/ros2_ws/install/turtlesim/share/turtlesim/srv/Kill_Request.msg
[3.020s] -- Up-to-date: /home/leejunmi/ros2_ws/install/turtlesim/share/turtlesim/srv/Kill_Response.msg
[3.020s] -- Up-to-date: /home/leejunmi/ros2_ws/install/turtlesim/share/turtlesim/srv/SetPen.srv
[3.021s] -- Up-to-date: /home/leejunmi/ros2_ws/install/turtlesim/share/turtlesim/srv/SetPen_Request.msg
[3.021s] -- Up-to-date: /home/leejunmi/ros2_ws/install/turtlesim/share/turtlesim/srv/SetPen_Response.msg
[3.021s] -- Up-to-date: /home/leejunmi/ros2_ws/install/turtlesim/share/turtlesim/srv/Spawn.srv
[3.021s] -- Up-to-date: /home/leejunmi/ros2_ws/install/turtlesim/share/turtlesim/srv/Spawn_Request.msg
[3.021s] -- Up-to-date: /home/leejunmi/ros2_ws/install/turtlesim/share/turtlesim/srv/Spawn_Response.msg
[3.021s] -- Up-to-date: /home/leejunmi/ros2_ws/install/turtlesim/share/turtlesim/srv/TeleportAbsolute.srv
[3.022s] -- Up-to-date: /home/leejunmi/ros2_ws/install/turtlesim/share/turtlesim/srv/TeleportAbsolute_Request.msg
[3.022s] -- Up-to-date: /home/leejunmi/ros2_ws/install/turtlesim/share/turtlesim/srv/TeleportAbsolute_Response.msg
[3.022s] -- Up-to-date: /home/leejunmi/ros2_ws/install/turtlesim/share/turtlesim/srv/TeleportRelative.srv
[3.022s] -- Up-to-date: /home/leejunmi/ros2_ws/install/turtlesim/share/turtlesim/srv/TeleportRelative_Request.msg
[3.022s] -- Up-to-date: /home/leejunmi/ros2_ws/install/turtlesim/share/turtlesim/srv/TeleportRelative_Response.msg
[3.022s] -- Up-to-date: /home/leejunmi/ros2_ws/install/turtlesim/lib/turtlesim/turtlesim_node
[3.029s] -- Up-to-date: /home/leejunmi/ros2_ws/install/turtlesim/lib/turtlesim/turtle_teleop_key
[3.030s] -- Up-to-date: /home/leejunmi/ros2_ws/install/turtlesim/lib/turtlesim/draw_square
[3.031s] -- Up-to-date: /home/leejunmi/ros2_ws/install/turtlesim/lib/turtlesim/mimic
[3.033s] -- Up-to-date: /home/leejunmi/ros2_ws/install/turtlesim/share/turtlesim/images
[3.033s] -- Up-to-date: /home/leejunmi/ros2_ws/install/turtlesim/share/turtlesim/images/humble.png
[3.033s] -- Up-to-date: /home/leejunmi/ros2_ws/install/turtlesim/share/turtlesim/images/dashing.png
[3.034s] -- Up-to-date: /home/leejunmi/ros2_ws/install/turtlesim/share/turtlesim/images/crystal.png
[3.034s] -- Up-to-date: /home/leejunmi/ros2_ws/install/turtlesim/share/turtlesim/images/ardent.png
[3.034s] -- Up-to-date: /home/leejunmi/ros2_ws/install/turtlesim/share/turtlesim/images/eloquent.png
[3.034s] -- Up-to-date: /home/leejunmi/ros2_ws/install/turtlesim/share/turtlesim/images/foxy.png
[3.035s] -- Up-to-date: /home/leejunmi/ros2_ws/install/turtlesim/share/turtlesim/images/rolling.png
[3.043s] -- Up-to-date: /home/leejunmi/ros2_ws/install/turtlesim/share/turtlesim/images/galactic.png
[3.043s] -- Up-to-date: /home/leejunmi/ros2_ws/install/turtlesim/share/turtlesim/images/bouncy.png
[3.044s] -- Up-to-date: /home/leejunmi/ros2_ws/install/turtlesim/share/turtlesim/launch
[3.044s] -- Up-to-date: /home/leejunmi/ros2_ws/install/turtlesim/share/turtlesim/launch/multisim.launch.py
[3.044s] -- Up-to-date: /home/leejunmi/ros2_ws/install/turtlesim/share/ament_index/resource_index/package_run_dependencies/turtlesim
[3.045s] -- Up-to-date: /home/leejunmi/ros2_ws/install/turtlesim/share/ament_index/resource_index/parent_prefix_path/turtlesim
[3.045s] -- Up-to-date: /home/leejunmi/ros2_ws/install/turtlesim/share/turtlesim/environment/ament_prefix_path.sh
[3.045s] -- Up-to-date: /home/leejunmi/ros2_ws/install/turtlesim/share/turtlesim/environment/ament_prefix_path.dsv
[3.045s] -- Up-to-date: /home/leejunmi/ros2_ws/install/turtlesim/share/turtlesim/environment/path.sh
[3.045s] -- Up-to-date: /home/leejunmi/ros2_ws/install/turtlesim/share/turtlesim/environment/path.dsv
[3.045s] -- Up-to-date: /home/leejunmi/ros2_ws/install/turtlesim/share/turtlesim/local_setup.bash
[3.046s] -- Up-to-date: /home/leejunmi/ros2_ws/install/turtlesim/share/turtlesim/local_setup.sh
[3.050s] -- Up-to-date: /home/leejunmi/ros2_ws/install/turtlesim/share/turtlesim/local_setup.zsh
[3.050s] -- Up-to-date: /home/leejunmi/ros2_ws/install/turtlesim/share/turtlesim/local_setup.dsv
[3.050s] -- Installing: /home/leejunmi/ros2_ws/install/turtlesim/share/turtlesim/package.dsv
[3.050s] -- Up-to-date: /home/leejunmi/ros2_ws/install/turtlesim/share/ament_index/resource_index/packages/turtlesim
[3.050s] -- Up-to-date: /home/leejunmi/ros2_ws/install/turtlesim/share/turtlesim/cmake/export_turtlesim__rosidl_generator_cExport.cmake
[3.050s] -- Up-to-date: /home/leejunmi/ros2_ws/install/turtlesim/share/turtlesim/cmake/export_turtlesim__rosidl_generator_cExport-noconfig.cmake
[3.051s] -- Up-to-date: /home/leejunmi/ros2_ws/install/turtlesim/share/turtlesim/cmake/export_turtlesim__rosidl_typesupport_fastrtps_cExport.cmake
[3.051s] -- Up-to-date: /home/leejunmi/ros2_ws/install/turtlesim/share/turtlesim/cmake/export_turtlesim__rosidl_typesupport_fastrtps_cExport-noconfig.cmake
[3.051s] -- Up-to-date: /home/leejunmi/ros2_ws/install/turtlesim/share/turtlesim/cmake/export_turtlesim__rosidl_generator_cppExport.cmake
[3.051s] -- Up-to-date: /home/leejunmi/ros2_ws/install/turtlesim/share/turtlesim/cmake/export_turtlesim__rosidl_typesupport_fastrtps_cppExport.cmake
[3.051s] -- Up-to-date: /home/leejunmi/ros2_ws/install/turtlesim/share/turtlesim/cmake/export_turtlesim__rosidl_typesupport_fastrtps_cppExport-noconfig.cmake
[3.051s] -- Up-to-date: /home/leejunmi/ros2_ws/install/turtlesim/share/turtlesim/cmake/turtlesim__rosidl_typesupport_introspection_cExport.cmake
[3.052s] -- Up-to-date: /home/leejunmi/ros2_ws/install/turtlesim/share/turtlesim/cmake/turtlesim__rosidl_typesupport_introspection_cExport-noconfig.cmake
[3.052s] -- Up-to-date: /home/leejunmi/ros2_ws/install/turtlesim/share/turtlesim/cmake/turtlesim__rosidl_typesupport_cExport.cmake
[3.052s] -- Up-to-date: /home/leejunmi/ros2_ws/install/turtlesim/share/turtlesim/cmake/turtlesim__rosidl_typesupport_cExport-noconfig.cmake
[3.052s] -- Up-to-date: /home/leejunmi/ros2_ws/install/turtlesim/share/turtlesim/cmake/turtlesim__rosidl_typesupport_introspection_cppExport.cmake
[3.052s] -- Up-to-date: /home/leejunmi/ros2_ws/install/turtlesim/share/turtlesim/cmake/turtlesim__rosidl_typesupport_introspection_cppExport-noconfig.cmake
[3.052s] -- Up-to-date: /home/leejunmi/ros2_ws/install/turtlesim/share/turtlesim/cmake/turtlesim__rosidl_typesupport_cppExport.cmake
[3.052s] -- Up-to-date: /home/leejunmi/ros2_ws/install/turtlesim/share/turtlesim/cmake/turtlesim__rosidl_typesupport_cppExport-noconfig.cmake
[3.053s] -- Up-to-date: /home/leejunmi/ros2_ws/install/turtlesim/share/turtlesim/cmake/export_turtlesim__rosidl_generator_pyExport.cmake
[3.053s] -- Up-to-date: /home/leejunmi/ros2_ws/install/turtlesim/share/turtlesim/cmake/export_turtlesim__rosidl_generator_pyExport-noconfig.cmake
[3.053s] -- Up-to-date: /home/leejunmi/ros2_ws/install/turtlesim/share/turtlesim/cmake/rosidl_cmake-extras.cmake
[3.053s] -- Up-to-date: /home/leejunmi/ros2_ws/install/turtlesim/share/turtlesim/cmake/ament_cmake_export_dependencies-extras.cmake
[3.053s] -- Up-to-date: /home/leejunmi/ros2_ws/install/turtlesim/share/turtlesim/cmake/ament_cmake_export_include_directories-extras.cmake
[3.053s] -- Up-to-date: /home/leejunmi/ros2_ws/install/turtlesim/share/turtlesim/cmake/ament_cmake_export_libraries-extras.cmake
[3.057s] -- Up-to-date: /home/leejunmi/ros2_ws/install/turtlesim/share/turtlesim/cmake/ament_cmake_export_targets-extras.cmake
[3.057s] -- Up-to-date: /home/leejunmi/ros2_ws/install/turtlesim/share/turtlesim/cmake/rosidl_cmake_export_typesupport_targets-extras.cmake
[3.057s] -- Up-to-date: /home/leejunmi/ros2_ws/install/turtlesim/share/turtlesim/cmake/rosidl_cmake_export_typesupport_libraries-extras.cmake
[3.058s] -- Up-to-date: /home/leejunmi/ros2_ws/install/turtlesim/share/turtlesim/cmake/turtlesimConfig.cmake
[3.058s] -- Up-to-date: /home/leejunmi/ros2_ws/install/turtlesim/share/turtlesim/cmake/turtlesimConfig-version.cmake
[3.058s] -- Up-to-date: /home/leejunmi/ros2_ws/install/turtlesim/share/turtlesim/package.xml
[3.058s] Invoked command in '/home/leejunmi/ros2_ws/build/turtlesim' returned '0': CMAKE_PREFIX_PATH=/opt/ros/humble /usr/bin/cmake --install /home/leejunmi/ros2_ws/build/turtlesim
