[0.867s] Invoking command in '/home/leejunmi/ros2_ws/build/number': CMAKE_PREFIX_PATH=${CMAKE_PREFIX_PATH}:/home/leejunmi/ros2_ws/install/py_pubsub:/home/leejunmi/ros2_ws/install/pkpk:/home/leejunmi/ros2_ws/install/my_package:/home/leejunmi/ros2_ws/install/launch_testing_examples:/home/leejunmi/ros2_ws/install/examples_rclpy_pointcloud_publisher:/home/leejunmi/ros2_ws/install/examples_rclpy_minimal_subscriber:/home/leejunmi/ros2_ws/install/examples_rclpy_minimal_service:/home/leejunmi/ros2_ws/install/examples_rclpy_minimal_publisher:/home/leejunmi/ros2_ws/install/examples_rclpy_minimal_client:/home/leejunmi/ros2_ws/install/examples_rclpy_minimal_action_server:/home/leejunmi/ros2_ws/install/examples_rclpy_minimal_action_client:/home/leejunmi/ros2_ws/install/examples_rclpy_guard_conditions:/home/leejunmi/ros2_ws/install/examples_rclpy_executors:/opt/ros/humble /usr/bin/cmake --build /home/leejunmi/ros2_ws/build/number -- -j8 -l8
[1.479s] [35m[1mConsolidate compiler generated dependencies of target number__rosidl_generator_c[0m
[1.479s] [  3%] Built target number__cpp
[1.479s] [ 12%] Built target number__rosidl_generator_c
[1.480s] [35m[1mConsolidate compiler generated dependencies of target number__rosidl_typesupport_cpp[0m
[1.480s] [35m[1mConsolidate compiler generated dependencies of target number__rosidl_typesupport_introspection_cpp[0m
[1.480s] [35m[1mConsolidate compiler generated dependencies of target number__rosidl_typesupport_fastrtps_cpp[0m
[1.480s] [35m[1mConsolidate compiler generated dependencies of target number__rosidl_typesupport_c[0m
[1.480s] [35m[1mConsolidate compiler generated dependencies of target number__rosidl_typesupport_fastrtps_c[0m
[1.480s] [ 12%] Built target ament_cmake_python_copy_number
[1.480s] [35m[1mConsolidate compiler generated dependencies of target number__rosidl_typesupport_introspection_c[0m
[1.480s] [ 22%] Built target number__rosidl_typesupport_fastrtps_cpp
[1.480s] [ 41%] Built target number__rosidl_typesupport_introspection_cpp
[1.481s] [ 41%] Built target number__rosidl_typesupport_c
[1.481s] [ 51%] Built target number__rosidl_typesupport_fastrtps_c
[1.481s] [ 61%] Built target number__rosidl_typesupport_cpp
[1.481s] [ 70%] Built target number__rosidl_typesupport_introspection_c
[1.481s] [ 70%] Built target number
[1.481s] [ 74%] Built target number__py
[1.481s] [35m[1mConsolidate compiler generated dependencies of target number__rosidl_generator_py[0m
[1.481s] [ 80%] Built target number__rosidl_generator_py
[1.482s] [35m[1mConsolidate compiler generated dependencies of target number__rosidl_typesupport_fastrtps_c__pyext[0m
[1.484s] [35m[1mConsolidate compiler generated dependencies of target number__rosidl_typesupport_c__pyext[0m
[1.484s] [35m[1mConsolidate compiler generated dependencies of target number__rosidl_typesupport_introspection_c__pyext[0m
[1.485s] [ 87%] Built target number__rosidl_typesupport_fastrtps_c__pyext
[1.485s] [ 93%] Built target number__rosidl_typesupport_c__pyext
[1.485s] [100%] Built target number__rosidl_typesupport_introspection_c__pyext
[1.526s] running egg_info
[1.526s] writing number.egg-info/PKG-INFO
[1.526s] writing dependency_links to number.egg-info/dependency_links.txt
[1.526s] writing top-level names to number.egg-info/top_level.txt
[1.529s] reading manifest file 'number.egg-info/SOURCES.txt'
[1.530s] writing manifest file 'number.egg-info/SOURCES.txt'
[1.624s] [100%] Built target ament_cmake_python_build_number_egg
[2.065s] Invoked command in '/home/leejunmi/ros2_ws/build/number' returned '0': CMAKE_PREFIX_PATH=${CMAKE_PREFIX_PATH}:/home/leejunmi/ros2_ws/install/py_pubsub:/home/leejunmi/ros2_ws/install/pkpk:/home/leejunmi/ros2_ws/install/my_package:/home/leejunmi/ros2_ws/install/launch_testing_examples:/home/leejunmi/ros2_ws/install/examples_rclpy_pointcloud_publisher:/home/leejunmi/ros2_ws/install/examples_rclpy_minimal_subscriber:/home/leejunmi/ros2_ws/install/examples_rclpy_minimal_service:/home/leejunmi/ros2_ws/install/examples_rclpy_minimal_publisher:/home/leejunmi/ros2_ws/install/examples_rclpy_minimal_client:/home/leejunmi/ros2_ws/install/examples_rclpy_minimal_action_server:/home/leejunmi/ros2_ws/install/examples_rclpy_minimal_action_client:/home/leejunmi/ros2_ws/install/examples_rclpy_guard_conditions:/home/leejunmi/ros2_ws/install/examples_rclpy_executors:/opt/ros/humble /usr/bin/cmake --build /home/leejunmi/ros2_ws/build/number -- -j8 -l8
[2.071s] Invoking command in '/home/leejunmi/ros2_ws/build/number': CMAKE_PREFIX_PATH=${CMAKE_PREFIX_PATH}:/home/leejunmi/ros2_ws/install/py_pubsub:/home/leejunmi/ros2_ws/install/pkpk:/home/leejunmi/ros2_ws/install/my_package:/home/leejunmi/ros2_ws/install/launch_testing_examples:/home/leejunmi/ros2_ws/install/examples_rclpy_pointcloud_publisher:/home/leejunmi/ros2_ws/install/examples_rclpy_minimal_subscriber:/home/leejunmi/ros2_ws/install/examples_rclpy_minimal_service:/home/leejunmi/ros2_ws/install/examples_rclpy_minimal_publisher:/home/leejunmi/ros2_ws/install/examples_rclpy_minimal_client:/home/leejunmi/ros2_ws/install/examples_rclpy_minimal_action_server:/home/leejunmi/ros2_ws/install/examples_rclpy_minimal_action_client:/home/leejunmi/ros2_ws/install/examples_rclpy_guard_conditions:/home/leejunmi/ros2_ws/install/examples_rclpy_executors:/opt/ros/humble /usr/bin/cmake --install /home/leejunmi/ros2_ws/build/number
[2.090s] -- Install configuration: ""
[2.090s] -- Up-to-date: /home/leejunmi/ros2_ws/install/number/share/ament_index/resource_index/rosidl_interfaces/number
[2.090s] -- Up-to-date: /home/leejunmi/ros2_ws/install/number/include/number/number
[2.090s] -- Up-to-date: /home/leejunmi/ros2_ws/install/number/include/number/number/msg
[2.090s] -- Up-to-date: /home/leejunmi/ros2_ws/install/number/include/number/number/msg/detail
[2.090s] -- Up-to-date: /home/leejunmi/ros2_ws/install/number/include/number/number/msg/detail/num_num__type_support.h
[2.091s] -- Up-to-date: /home/leejunmi/ros2_ws/install/number/include/number/number/msg/detail/num_num__functions.c
[2.091s] -- Up-to-date: /home/leejunmi/ros2_ws/install/number/include/number/number/msg/detail/num_num__struct.h
[2.091s] -- Up-to-date: /home/leejunmi/ros2_ws/install/number/include/number/number/msg/detail/num_num__functions.h
[2.091s] -- Up-to-date: /home/leejunmi/ros2_ws/install/number/include/number/number/msg/num_num.h
[2.091s] -- Up-to-date: /home/leejunmi/ros2_ws/install/number/include/number/number/msg/rosidl_generator_c__visibility_control.h
[2.091s] -- Up-to-date: /home/leejunmi/ros2_ws/install/number/share/number/environment/library_path.sh
[2.091s] -- Up-to-date: /home/leejunmi/ros2_ws/install/number/share/number/environment/library_path.dsv
[2.091s] -- Up-to-date: /home/leejunmi/ros2_ws/install/number/lib/libnumber__rosidl_generator_c.so
[2.091s] -- Up-to-date: /home/leejunmi/ros2_ws/install/number/include/number/number
[2.092s] -- Up-to-date: /home/leejunmi/ros2_ws/install/number/include/number/number/msg
[2.092s] -- Up-to-date: /home/leejunmi/ros2_ws/install/number/include/number/number/msg/rosidl_typesupport_fastrtps_c__visibility_control.h
[2.092s] -- Up-to-date: /home/leejunmi/ros2_ws/install/number/include/number/number/msg/detail
[2.092s] -- Up-to-date: /home/leejunmi/ros2_ws/install/number/include/number/number/msg/detail/num_num__rosidl_typesupport_fastrtps_c.h
[2.092s] -- Up-to-date: /home/leejunmi/ros2_ws/install/number/lib/libnumber__rosidl_typesupport_fastrtps_c.so
[2.092s] -- Up-to-date: /home/leejunmi/ros2_ws/install/number/include/number/number
[2.092s] -- Up-to-date: /home/leejunmi/ros2_ws/install/number/include/number/number/msg
[2.092s] -- Up-to-date: /home/leejunmi/ros2_ws/install/number/include/number/number/msg/rosidl_typesupport_introspection_c__visibility_control.h
[2.092s] -- Up-to-date: /home/leejunmi/ros2_ws/install/number/include/number/number/msg/detail
[2.093s] -- Up-to-date: /home/leejunmi/ros2_ws/install/number/include/number/number/msg/detail/num_num__rosidl_typesupport_introspection_c.h
[2.093s] -- Up-to-date: /home/leejunmi/ros2_ws/install/number/include/number/number/msg/detail/num_num__type_support.c
[2.094s] -- Up-to-date: /home/leejunmi/ros2_ws/install/number/lib/libnumber__rosidl_typesupport_introspection_c.so
[2.094s] -- Up-to-date: /home/leejunmi/ros2_ws/install/number/lib/libnumber__rosidl_typesupport_c.so
[2.094s] -- Up-to-date: /home/leejunmi/ros2_ws/install/number/include/number/number
[2.094s] -- Up-to-date: /home/leejunmi/ros2_ws/install/number/include/number/number/msg
[2.094s] -- Up-to-date: /home/leejunmi/ros2_ws/install/number/include/number/number/msg/detail
[2.095s] -- Up-to-date: /home/leejunmi/ros2_ws/install/number/include/number/number/msg/detail/num_num__struct.hpp
[2.095s] -- Up-to-date: /home/leejunmi/ros2_ws/install/number/include/number/number/msg/detail/num_num__builder.hpp
[2.095s] -- Up-to-date: /home/leejunmi/ros2_ws/install/number/include/number/number/msg/detail/num_num__traits.hpp
[2.095s] -- Up-to-date: /home/leejunmi/ros2_ws/install/number/include/number/number/msg/num_num.hpp
[2.095s] -- Up-to-date: /home/leejunmi/ros2_ws/install/number/include/number/number
[2.095s] -- Up-to-date: /home/leejunmi/ros2_ws/install/number/include/number/number/msg
[2.095s] -- Up-to-date: /home/leejunmi/ros2_ws/install/number/include/number/number/msg/rosidl_typesupport_fastrtps_cpp__visibility_control.h
[2.095s] -- Up-to-date: /home/leejunmi/ros2_ws/install/number/include/number/number/msg/detail
[2.096s] -- Up-to-date: /home/leejunmi/ros2_ws/install/number/include/number/number/msg/detail/dds_fastrtps
[2.096s] -- Up-to-date: /home/leejunmi/ros2_ws/install/number/include/number/number/msg/detail/num_num__rosidl_typesupport_fastrtps_cpp.hpp
[2.096s] -- Up-to-date: /home/leejunmi/ros2_ws/install/number/lib/libnumber__rosidl_typesupport_fastrtps_cpp.so
[2.096s] -- Up-to-date: /home/leejunmi/ros2_ws/install/number/include/number/number
[2.096s] -- Up-to-date: /home/leejunmi/ros2_ws/install/number/include/number/number/msg
[2.096s] -- Up-to-date: /home/leejunmi/ros2_ws/install/number/include/number/number/msg/detail
[2.096s] -- Up-to-date: /home/leejunmi/ros2_ws/install/number/include/number/number/msg/detail/num_num__rosidl_typesupport_introspection_cpp.hpp
[2.096s] -- Up-to-date: /home/leejunmi/ros2_ws/install/number/include/number/number/msg/detail/num_num__type_support.cpp
[2.097s] -- Up-to-date: /home/leejunmi/ros2_ws/install/number/lib/libnumber__rosidl_typesupport_introspection_cpp.so
[2.097s] -- Up-to-date: /home/leejunmi/ros2_ws/install/number/lib/libnumber__rosidl_typesupport_cpp.so
[2.097s] -- Up-to-date: /home/leejunmi/ros2_ws/install/number/share/number/environment/pythonpath.sh
[2.097s] -- Up-to-date: /home/leejunmi/ros2_ws/install/number/share/number/environment/pythonpath.dsv
[2.097s] -- Up-to-date: /home/leejunmi/ros2_ws/install/number/local/lib/python3.10/dist-packages/number-0.0.0-py3.10.egg-info
[2.100s] -- Installing: /home/leejunmi/ros2_ws/install/number/local/lib/python3.10/dist-packages/number-0.0.0-py3.10.egg-info/PKG-INFO
[2.100s] -- Installing: /home/leejunmi/ros2_ws/install/number/local/lib/python3.10/dist-packages/number-0.0.0-py3.10.egg-info/top_level.txt
[2.100s] -- Installing: /home/leejunmi/ros2_ws/install/number/local/lib/python3.10/dist-packages/number-0.0.0-py3.10.egg-info/SOURCES.txt
[2.100s] -- Installing: /home/leejunmi/ros2_ws/install/number/local/lib/python3.10/dist-packages/number-0.0.0-py3.10.egg-info/dependency_links.txt
[2.100s] -- Up-to-date: /home/leejunmi/ros2_ws/install/number/local/lib/python3.10/dist-packages/number
[2.100s] -- Up-to-date: /home/leejunmi/ros2_ws/install/number/local/lib/python3.10/dist-packages/number/_number_s.ep.rosidl_typesupport_fastrtps_c.c
[2.100s] -- Up-to-date: /home/leejunmi/ros2_ws/install/number/local/lib/python3.10/dist-packages/number/msg
[2.101s] -- Up-to-date: /home/leejunmi/ros2_ws/install/number/local/lib/python3.10/dist-packages/number/msg/_num_num.py
[2.101s] -- Up-to-date: /home/leejunmi/ros2_ws/install/number/local/lib/python3.10/dist-packages/number/msg/__init__.py
[2.101s] -- Up-to-date: /home/leejunmi/ros2_ws/install/number/local/lib/python3.10/dist-packages/number/msg/_num_num_s.c
[2.101s] -- Up-to-date: /home/leejunmi/ros2_ws/install/number/local/lib/python3.10/dist-packages/number/number_s__rosidl_typesupport_introspection_c.cpython-310-x86_64-linux-gnu.so
[2.101s] -- Up-to-date: /home/leejunmi/ros2_ws/install/number/local/lib/python3.10/dist-packages/number/_number_s.ep.rosidl_typesupport_c.c
[2.101s] -- Up-to-date: /home/leejunmi/ros2_ws/install/number/local/lib/python3.10/dist-packages/number/number_s__rosidl_typesupport_c.cpython-310-x86_64-linux-gnu.so
[2.101s] -- Up-to-date: /home/leejunmi/ros2_ws/install/number/local/lib/python3.10/dist-packages/number/libnumber__rosidl_generator_py.so
[2.101s] -- Up-to-date: /home/leejunmi/ros2_ws/install/number/local/lib/python3.10/dist-packages/number/__init__.py
[2.102s] -- Up-to-date: /home/leejunmi/ros2_ws/install/number/local/lib/python3.10/dist-packages/number/_number_s.ep.rosidl_typesupport_introspection_c.c
[2.102s] -- Up-to-date: /home/leejunmi/ros2_ws/install/number/local/lib/python3.10/dist-packages/number/number_s__rosidl_typesupport_fastrtps_c.cpython-310-x86_64-linux-gnu.so
[2.184s] Listing '/home/leejunmi/ros2_ws/install/number/local/lib/python3.10/dist-packages/number'...
[2.184s] Listing '/home/leejunmi/ros2_ws/install/number/local/lib/python3.10/dist-packages/number/msg'...
[2.203s] -- Up-to-date: /home/leejunmi/ros2_ws/install/number/local/lib/python3.10/dist-packages/number/number_s__rosidl_typesupport_fastrtps_c.cpython-310-x86_64-linux-gnu.so
[2.205s] -- Up-to-date: /home/leejunmi/ros2_ws/install/number/local/lib/python3.10/dist-packages/number/number_s__rosidl_typesupport_introspection_c.cpython-310-x86_64-linux-gnu.so
[2.206s] -- Up-to-date: /home/leejunmi/ros2_ws/install/number/local/lib/python3.10/dist-packages/number/number_s__rosidl_typesupport_c.cpython-310-x86_64-linux-gnu.so
[2.207s] -- Up-to-date: /home/leejunmi/ros2_ws/install/number/lib/libnumber__rosidl_generator_py.so
[2.209s] -- Up-to-date: /home/leejunmi/ros2_ws/install/number/share/number/msg/NumNum.idl
[2.210s] -- Up-to-date: /home/leejunmi/ros2_ws/install/number/share/number/msg/NumNum.msg
[2.210s] -- Up-to-date: /home/leejunmi/ros2_ws/install/number/share/ament_index/resource_index/package_run_dependencies/number
[2.210s] -- Up-to-date: /home/leejunmi/ros2_ws/install/number/share/ament_index/resource_index/parent_prefix_path/number
[2.210s] -- Up-to-date: /home/leejunmi/ros2_ws/install/number/share/number/environment/ament_prefix_path.sh
[2.210s] -- Up-to-date: /home/leejunmi/ros2_ws/install/number/share/number/environment/ament_prefix_path.dsv
[2.210s] -- Up-to-date: /home/leejunmi/ros2_ws/install/number/share/number/environment/path.sh
[2.212s] -- Up-to-date: /home/leejunmi/ros2_ws/install/number/share/number/environment/path.dsv
[2.212s] -- Up-to-date: /home/leejunmi/ros2_ws/install/number/share/number/local_setup.bash
[2.213s] -- Up-to-date: /home/leejunmi/ros2_ws/install/number/share/number/local_setup.sh
[2.217s] -- Up-to-date: /home/leejunmi/ros2_ws/install/number/share/number/local_setup.zsh
[2.217s] -- Up-to-date: /home/leejunmi/ros2_ws/install/number/share/number/local_setup.dsv
[2.218s] -- Installing: /home/leejunmi/ros2_ws/install/number/share/number/package.dsv
[2.218s] -- Up-to-date: /home/leejunmi/ros2_ws/install/number/share/ament_index/resource_index/packages/number
[2.218s] -- Up-to-date: /home/leejunmi/ros2_ws/install/number/share/number/cmake/export_number__rosidl_generator_cExport.cmake
[2.218s] -- Up-to-date: /home/leejunmi/ros2_ws/install/number/share/number/cmake/export_number__rosidl_generator_cExport-noconfig.cmake
[2.218s] -- Up-to-date: /home/leejunmi/ros2_ws/install/number/share/number/cmake/export_number__rosidl_typesupport_fastrtps_cExport.cmake
[2.218s] -- Up-to-date: /home/leejunmi/ros2_ws/install/number/share/number/cmake/export_number__rosidl_typesupport_fastrtps_cExport-noconfig.cmake
[2.219s] -- Up-to-date: /home/leejunmi/ros2_ws/install/number/share/number/cmake/number__rosidl_typesupport_introspection_cExport.cmake
[2.219s] -- Up-to-date: /home/leejunmi/ros2_ws/install/number/share/number/cmake/number__rosidl_typesupport_introspection_cExport-noconfig.cmake
[2.219s] -- Up-to-date: /home/leejunmi/ros2_ws/install/number/share/number/cmake/number__rosidl_typesupport_cExport.cmake
[2.219s] -- Up-to-date: /home/leejunmi/ros2_ws/install/number/share/number/cmake/number__rosidl_typesupport_cExport-noconfig.cmake
[2.219s] -- Up-to-date: /home/leejunmi/ros2_ws/install/number/share/number/cmake/export_number__rosidl_generator_cppExport.cmake
[2.220s] -- Up-to-date: /home/leejunmi/ros2_ws/install/number/share/number/cmake/export_number__rosidl_typesupport_fastrtps_cppExport.cmake
[2.220s] -- Up-to-date: /home/leejunmi/ros2_ws/install/number/share/number/cmake/export_number__rosidl_typesupport_fastrtps_cppExport-noconfig.cmake
[2.220s] -- Up-to-date: /home/leejunmi/ros2_ws/install/number/share/number/cmake/number__rosidl_typesupport_introspection_cppExport.cmake
[2.220s] -- Up-to-date: /home/leejunmi/ros2_ws/install/number/share/number/cmake/number__rosidl_typesupport_introspection_cppExport-noconfig.cmake
[2.220s] -- Up-to-date: /home/leejunmi/ros2_ws/install/number/share/number/cmake/number__rosidl_typesupport_cppExport.cmake
[2.220s] -- Up-to-date: /home/leejunmi/ros2_ws/install/number/share/number/cmake/number__rosidl_typesupport_cppExport-noconfig.cmake
[2.220s] -- Up-to-date: /home/leejunmi/ros2_ws/install/number/share/number/cmake/export_number__rosidl_generator_pyExport.cmake
[2.220s] -- Up-to-date: /home/leejunmi/ros2_ws/install/number/share/number/cmake/export_number__rosidl_generator_pyExport-noconfig.cmake
[2.221s] -- Up-to-date: /home/leejunmi/ros2_ws/install/number/share/number/cmake/rosidl_cmake-extras.cmake
[2.221s] -- Up-to-date: /home/leejunmi/ros2_ws/install/number/share/number/cmake/ament_cmake_export_include_directories-extras.cmake
[2.221s] -- Up-to-date: /home/leejunmi/ros2_ws/install/number/share/number/cmake/ament_cmake_export_libraries-extras.cmake
[2.221s] -- Up-to-date: /home/leejunmi/ros2_ws/install/number/share/number/cmake/ament_cmake_export_targets-extras.cmake
[2.221s] -- Up-to-date: /home/leejunmi/ros2_ws/install/number/share/number/cmake/rosidl_cmake_export_typesupport_targets-extras.cmake
[2.221s] -- Up-to-date: /home/leejunmi/ros2_ws/install/number/share/number/cmake/ament_cmake_export_dependencies-extras.cmake
[2.225s] -- Up-to-date: /home/leejunmi/ros2_ws/install/number/share/number/cmake/rosidl_cmake_export_typesupport_libraries-extras.cmake
[2.225s] -- Up-to-date: /home/leejunmi/ros2_ws/install/number/share/number/cmake/numberConfig.cmake
[2.225s] -- Up-to-date: /home/leejunmi/ros2_ws/install/number/share/number/cmake/numberConfig-version.cmake
[2.225s] -- Up-to-date: /home/leejunmi/ros2_ws/install/number/share/number/package.xml
[2.227s] Invoked command in '/home/leejunmi/ros2_ws/build/number' returned '0': CMAKE_PREFIX_PATH=${CMAKE_PREFIX_PATH}:/home/leejunmi/ros2_ws/install/py_pubsub:/home/leejunmi/ros2_ws/install/pkpk:/home/leejunmi/ros2_ws/install/my_package:/home/leejunmi/ros2_ws/install/launch_testing_examples:/home/leejunmi/ros2_ws/install/examples_rclpy_pointcloud_publisher:/home/leejunmi/ros2_ws/install/examples_rclpy_minimal_subscriber:/home/leejunmi/ros2_ws/install/examples_rclpy_minimal_service:/home/leejunmi/ros2_ws/install/examples_rclpy_minimal_publisher:/home/leejunmi/ros2_ws/install/examples_rclpy_minimal_client:/home/leejunmi/ros2_ws/install/examples_rclpy_minimal_action_server:/home/leejunmi/ros2_ws/install/examples_rclpy_minimal_action_client:/home/leejunmi/ros2_ws/install/examples_rclpy_guard_conditions:/home/leejunmi/ros2_ws/install/examples_rclpy_executors:/opt/ros/humble /usr/bin/cmake --install /home/leejunmi/ros2_ws/build/number
