[1.668s] Invoking command in '/home/leejunmi/ros2_ws/src/pkpk': PYTHONPATH=/home/leejunmi/ros2_ws/build/pkpk/prefix_override:/usr/lib/python3/dist-packages/colcon_core/task/python/colcon_distutils_commands:/home/leejunmi/ros2_ws/install/pkpk/lib/python3.10/site-packages:${PYTHONPATH} /usr/bin/python3 -W ignore:setup.py install is deprecated -W ignore:easy_install command is deprecated setup.py egg_info --egg-base ../../build/pkpk build --build-base /home/leejunmi/ros2_ws/build/pkpk/build install --record /home/leejunmi/ros2_ws/build/pkpk/install.log --single-version-externally-managed install_data
[2.139s] running egg_info
[2.140s] writing ../../build/pkpk/pkpk.egg-info/PKG-INFO
[2.140s] writing dependency_links to ../../build/pkpk/pkpk.egg-info/dependency_links.txt
[2.140s] writing entry points to ../../build/pkpk/pkpk.egg-info/entry_points.txt
[2.140s] writing requirements to ../../build/pkpk/pkpk.egg-info/requires.txt
[2.140s] writing top-level names to ../../build/pkpk/pkpk.egg-info/top_level.txt
[2.143s] reading manifest file '../../build/pkpk/pkpk.egg-info/SOURCES.txt'
[2.144s] adding license file 'LICENSE'
[2.144s] writing manifest file '../../build/pkpk/pkpk.egg-info/SOURCES.txt'
[2.145s] running build
[2.145s] running build_py
[2.145s] copying pkpk/my_node.py -> /home/leejunmi/ros2_ws/build/pkpk/build/lib/pkpk
[2.145s] running install
[2.145s] running install_lib
[2.148s] copying /home/leejunmi/ros2_ws/build/pkpk/build/lib/pkpk/my_node.py -> /home/leejunmi/ros2_ws/install/pkpk/lib/python3.10/site-packages/pkpk
[2.148s] byte-compiling /home/leejunmi/ros2_ws/install/pkpk/lib/python3.10/site-packages/pkpk/my_node.py to my_node.cpython-310.pyc
[2.148s] running install_data
[2.149s] running install_egg_info
[2.151s] removing '/home/leejunmi/ros2_ws/install/pkpk/lib/python3.10/site-packages/pkpk-0.0.0-py3.10.egg-info' (and everything under it)
[2.151s] Copying ../../build/pkpk/pkpk.egg-info to /home/leejunmi/ros2_ws/install/pkpk/lib/python3.10/site-packages/pkpk-0.0.0-py3.10.egg-info
[2.152s] running install_scripts
[2.175s] writing list of installed files to '/home/leejunmi/ros2_ws/build/pkpk/install.log'
[2.207s] Invoked command in '/home/leejunmi/ros2_ws/src/pkpk' returned '0': PYTHONPATH=/home/leejunmi/ros2_ws/build/pkpk/prefix_override:/usr/lib/python3/dist-packages/colcon_core/task/python/colcon_distutils_commands:/home/leejunmi/ros2_ws/install/pkpk/lib/python3.10/site-packages:${PYTHONPATH} /usr/bin/python3 -W ignore:setup.py install is deprecated -W ignore:easy_install command is deprecated setup.py egg_info --egg-base ../../build/pkpk build --build-base /home/leejunmi/ros2_ws/build/pkpk/build install --record /home/leejunmi/ros2_ws/build/pkpk/install.log --single-version-externally-managed install_data
