[1.085s] Invoking command in '/home/leejunmi/ros2_ws/src/py_pubsub': PYTHONPATH=/home/leejunmi/ros2_ws/build/py_pubsub/prefix_override:/usr/lib/python3/dist-packages/colcon_core/task/python/colcon_distutils_commands:/home/leejunmi/ros2_ws/install/py_pubsub/lib/python3.10/site-packages:${PYTHONPATH} /usr/bin/python3 -W ignore:setup.py install is deprecated -W ignore:easy_install command is deprecated setup.py egg_info --egg-base ../../build/py_pubsub build --build-base /home/leejunmi/ros2_ws/build/py_pubsub/build install --record /home/leejunmi/ros2_ws/build/py_pubsub/install.log --single-version-externally-managed install_data
[1.347s] running egg_info
[1.347s] writing ../../build/py_pubsub/py_pubsub.egg-info/PKG-INFO
[1.355s] writing dependency_links to ../../build/py_pubsub/py_pubsub.egg-info/dependency_links.txt
[1.356s] writing entry points to ../../build/py_pubsub/py_pubsub.egg-info/entry_points.txt
[1.356s] writing requirements to ../../build/py_pubsub/py_pubsub.egg-info/requires.txt
[1.356s] writing top-level names to ../../build/py_pubsub/py_pubsub.egg-info/top_level.txt
[1.357s] reading manifest file '../../build/py_pubsub/py_pubsub.egg-info/SOURCES.txt'
[1.358s] adding license file 'LICENSE'
[1.358s] writing manifest file '../../build/py_pubsub/py_pubsub.egg-info/SOURCES.txt'
[1.358s] running build
[1.358s] running build_py
[1.359s] copying py_pubsub/subscriber_member_function.py -> /home/leejunmi/ros2_ws/build/py_pubsub/build/lib/py_pubsub
[1.359s] copying py_pubsub/publisher_member_function.py -> /home/leejunmi/ros2_ws/build/py_pubsub/build/lib/py_pubsub
[1.359s] running install
[1.360s] running install_lib
[1.361s] copying /home/leejunmi/ros2_ws/build/py_pubsub/build/lib/py_pubsub/subscriber_member_function.py -> /home/leejunmi/ros2_ws/install/py_pubsub/lib/python3.10/site-packages/py_pubsub
[1.362s] copying /home/leejunmi/ros2_ws/build/py_pubsub/build/lib/py_pubsub/publisher_member_function.py -> /home/leejunmi/ros2_ws/install/py_pubsub/lib/python3.10/site-packages/py_pubsub
[1.362s] byte-compiling /home/leejunmi/ros2_ws/install/py_pubsub/lib/python3.10/site-packages/py_pubsub/subscriber_member_function.py to subscriber_member_function.cpython-310.pyc
[1.363s] byte-compiling /home/leejunmi/ros2_ws/install/py_pubsub/lib/python3.10/site-packages/py_pubsub/publisher_member_function.py to publisher_member_function.cpython-310.pyc
[1.363s] running install_data
[1.363s] copying package.xml -> /home/leejunmi/ros2_ws/install/py_pubsub/share/py_pubsub
[1.363s] running install_egg_info
[1.365s] removing '/home/leejunmi/ros2_ws/install/py_pubsub/lib/python3.10/site-packages/py_pubsub-0.0.0-py3.10.egg-info' (and everything under it)
[1.365s] Copying ../../build/py_pubsub/py_pubsub.egg-info to /home/leejunmi/ros2_ws/install/py_pubsub/lib/python3.10/site-packages/py_pubsub-0.0.0-py3.10.egg-info
[1.366s] running install_scripts
[1.385s] Installing talker script to /home/leejunmi/ros2_ws/install/py_pubsub/lib/py_pubsub
[1.385s] writing list of installed files to '/home/leejunmi/ros2_ws/build/py_pubsub/install.log'
[1.411s] Invoked command in '/home/leejunmi/ros2_ws/src/py_pubsub' returned '0': PYTHONPATH=/home/leejunmi/ros2_ws/build/py_pubsub/prefix_override:/usr/lib/python3/dist-packages/colcon_core/task/python/colcon_distutils_commands:/home/leejunmi/ros2_ws/install/py_pubsub/lib/python3.10/site-packages:${PYTHONPATH} /usr/bin/python3 -W ignore:setup.py install is deprecated -W ignore:easy_install command is deprecated setup.py egg_info --egg-base ../../build/py_pubsub build --build-base /home/leejunmi/ros2_ws/build/py_pubsub/build install --record /home/leejunmi/ros2_ws/build/py_pubsub/install.log --single-version-externally-managed install_data
