running egg_info
creating ../../build/img/img.egg-info
writing ../../build/img/img.egg-info/PKG-INFO
writing dependency_links to ../../build/img/img.egg-info/dependency_links.txt
writing entry points to ../../build/img/img.egg-info/entry_points.txt
writing requirements to ../../build/img/img.egg-info/requires.txt
writing top-level names to ../../build/img/img.egg-info/top_level.txt
writing manifest file '../../build/img/img.egg-info/SOURCES.txt'
reading manifest file '../../build/img/img.egg-info/SOURCES.txt'
adding license file 'LICENSE'
writing manifest file '../../build/img/img.egg-info/SOURCES.txt'
running build
running build_py
creating /home/leejunmi/ros2_ws/build/img/build
creating /home/leejunmi/ros2_ws/build/img/build/lib
creating /home/leejunmi/ros2_ws/build/img/build/lib/img
copying img/img_pub.py -> /home/leejunmi/ros2_ws/build/img/build/lib/img
copying img/__init__.py -> /home/leejunmi/ros2_ws/build/img/build/lib/img
copying img/img_sub.py -> /home/leejunmi/ros2_ws/build/img/build/lib/img
running install
running install_lib
creating /home/leejunmi/ros2_ws/install/img/lib/python3.10/site-packages/img
copying /home/leejunmi/ros2_ws/build/img/build/lib/img/img_pub.py -> /home/leejunmi/ros2_ws/install/img/lib/python3.10/site-packages/img
copying /home/leejunmi/ros2_ws/build/img/build/lib/img/__init__.py -> /home/leejunmi/ros2_ws/install/img/lib/python3.10/site-packages/img
copying /home/leejunmi/ros2_ws/build/img/build/lib/img/img_sub.py -> /home/leejunmi/ros2_ws/install/img/lib/python3.10/site-packages/img
byte-compiling /home/leejunmi/ros2_ws/install/img/lib/python3.10/site-packages/img/img_pub.py to img_pub.cpython-310.pyc
byte-compiling /home/leejunmi/ros2_ws/install/img/lib/python3.10/site-packages/img/__init__.py to __init__.cpython-310.pyc
byte-compiling /home/leejunmi/ros2_ws/install/img/lib/python3.10/site-packages/img/img_sub.py to img_sub.cpython-310.pyc
running install_data
creating /home/leejunmi/ros2_ws/install/img/share/ament_index
creating /home/leejunmi/ros2_ws/install/img/share/ament_index/resource_index
creating /home/leejunmi/ros2_ws/install/img/share/ament_index/resource_index/packages
copying resource/img -> /home/leejunmi/ros2_ws/install/img/share/ament_index/resource_index/packages
copying package.xml -> /home/leejunmi/ros2_ws/install/img/share/img
running install_egg_info
Copying ../../build/img/img.egg-info to /home/leejunmi/ros2_ws/install/img/lib/python3.10/site-packages/img-0.0.0-py3.10.egg-info
running install_scripts
Installing pub script to /home/leejunmi/ros2_ws/install/img/lib/img
Installing sub script to /home/leejunmi/ros2_ws/install/img/lib/img
writing list of installed files to '/home/leejunmi/ros2_ws/build/img/install.log'
