[0.567s] Invoking command in '/home/leejunmi/ros2_ws/src/img': PYTHONPATH=/home/leejunmi/ros2_ws/build/img/prefix_override:/usr/lib/python3/dist-packages/colcon_core/task/python/colcon_distutils_commands:/home/leejunmi/ros2_ws/install/img/lib/python3.10/site-packages:${PYTHONPATH} /usr/bin/python3 -W ignore:setup.py install is deprecated -W ignore:easy_install command is deprecated setup.py egg_info --egg-base ../../build/img build --build-base /home/leejunmi/ros2_ws/build/img/build install --record /home/leejunmi/ros2_ws/build/img/install.log --single-version-externally-managed install_data
[0.777s] running egg_info
[0.778s] creating ../../build/img/img.egg-info
[0.778s] writing ../../build/img/img.egg-info/PKG-INFO
[0.778s] writing dependency_links to ../../build/img/img.egg-info/dependency_links.txt
[0.779s] writing entry points to ../../build/img/img.egg-info/entry_points.txt
[0.779s] writing requirements to ../../build/img/img.egg-info/requires.txt
[0.779s] writing top-level names to ../../build/img/img.egg-info/top_level.txt
[0.779s] writing manifest file '../../build/img/img.egg-info/SOURCES.txt'
[0.780s] reading manifest file '../../build/img/img.egg-info/SOURCES.txt'
[0.780s] adding license file 'LICENSE'
[0.781s] writing manifest file '../../build/img/img.egg-info/SOURCES.txt'
[0.781s] running build
[0.781s] running build_py
[0.781s] creating /home/leejunmi/ros2_ws/build/img/build
[0.781s] creating /home/leejunmi/ros2_ws/build/img/build/lib
[0.781s] creating /home/leejunmi/ros2_ws/build/img/build/lib/img
[0.781s] copying img/img_pub.py -> /home/leejunmi/ros2_ws/build/img/build/lib/img
[0.781s] copying img/__init__.py -> /home/leejunmi/ros2_ws/build/img/build/lib/img
[0.782s] copying img/img_sub.py -> /home/leejunmi/ros2_ws/build/img/build/lib/img
[0.782s] running install
[0.782s] running install_lib
[0.783s] creating /home/leejunmi/ros2_ws/install/img/lib/python3.10/site-packages/img
[0.784s] copying /home/leejunmi/ros2_ws/build/img/build/lib/img/img_pub.py -> /home/leejunmi/ros2_ws/install/img/lib/python3.10/site-packages/img
[0.784s] copying /home/leejunmi/ros2_ws/build/img/build/lib/img/__init__.py -> /home/leejunmi/ros2_ws/install/img/lib/python3.10/site-packages/img
[0.784s] copying /home/leejunmi/ros2_ws/build/img/build/lib/img/img_sub.py -> /home/leejunmi/ros2_ws/install/img/lib/python3.10/site-packages/img
[0.784s] byte-compiling /home/leejunmi/ros2_ws/install/img/lib/python3.10/site-packages/img/img_pub.py to img_pub.cpython-310.pyc
[0.785s] byte-compiling /home/leejunmi/ros2_ws/install/img/lib/python3.10/site-packages/img/__init__.py to __init__.cpython-310.pyc
[0.785s] byte-compiling /home/leejunmi/ros2_ws/install/img/lib/python3.10/site-packages/img/img_sub.py to img_sub.cpython-310.pyc
[0.785s] running install_data
[0.785s] creating /home/leejunmi/ros2_ws/install/img/share/ament_index
[0.785s] creating /home/leejunmi/ros2_ws/install/img/share/ament_index/resource_index
[0.785s] creating /home/leejunmi/ros2_ws/install/img/share/ament_index/resource_index/packages
[0.786s] copying resource/img -> /home/leejunmi/ros2_ws/install/img/share/ament_index/resource_index/packages
[0.786s] copying package.xml -> /home/leejunmi/ros2_ws/install/img/share/img
[0.786s] running install_egg_info
[0.787s] Copying ../../build/img/img.egg-info to /home/leejunmi/ros2_ws/install/img/lib/python3.10/site-packages/img-0.0.0-py3.10.egg-info
[0.788s] running install_scripts
[0.805s] Installing pub script to /home/leejunmi/ros2_ws/install/img/lib/img
[0.805s] Installing sub script to /home/leejunmi/ros2_ws/install/img/lib/img
[0.805s] writing list of installed files to '/home/leejunmi/ros2_ws/build/img/install.log'
[0.827s] Invoked command in '/home/leejunmi/ros2_ws/src/img' returned '0': PYTHONPATH=/home/leejunmi/ros2_ws/build/img/prefix_override:/usr/lib/python3/dist-packages/colcon_core/task/python/colcon_distutils_commands:/home/leejunmi/ros2_ws/install/img/lib/python3.10/site-packages:${PYTHONPATH} /usr/bin/python3 -W ignore:setup.py install is deprecated -W ignore:easy_install command is deprecated setup.py egg_info --egg-base ../../build/img build --build-base /home/leejunmi/ros2_ws/build/img/build install --record /home/leejunmi/ros2_ws/build/img/install.log --single-version-externally-managed install_data
