-- Microstrain Driver Version: ros2-4.5.0-1-ge7ad0aa
-- MIP SDK Version: v1.0.0-283-g2c4cb6b
-- Could NOT find Doxygen (missing: DOXYGEN_EXECUTABLE) 
-- Found ament_cmake: 1.3.11 (/opt/ros/humble/share/ament_cmake/cmake)
-- Found rclcpp_lifecycle: 16.0.11 (/opt/ros/humble/share/rclcpp_lifecycle/cmake)
-- Found rosidl_generator_c: 3.1.6 (/opt/ros/humble/share/rosidl_generator_c/cmake)
-- Found rosidl_adapter: 3.1.6 (/opt/ros/humble/share/rosidl_adapter/cmake)
-- Found rosidl_generator_cpp: 3.1.6 (/opt/ros/humble/share/rosidl_generator_cpp/cmake)
-- Using all available rosidl_typesupport_c: rosidl_typesupport_fastrtps_c;rosidl_typesupport_introspection_c
-- Using all available rosidl_typesupport_cpp: rosidl_typesupport_fastrtps_cpp;rosidl_typesupport_introspection_cpp
-- Found rmw_implementation_cmake: 6.1.2 (/opt/ros/humble/share/rmw_implementation_cmake/cmake)
-- Found rmw_fastrtps_cpp: 6.2.7 (/opt/ros/humble/share/rmw_fastrtps_cpp/cmake)
-- Using RMW implementation 'rmw_fastrtps_cpp' as default
-- Found rosidl_default_generators: 1.2.0 (/opt/ros/humble/share/rosidl_default_generators/cmake)
-- Found geometry_msgs: 4.2.4 (/opt/ros/humble/share/geometry_msgs/cmake)
-- Found nav_msgs: 4.2.4 (/opt/ros/humble/share/nav_msgs/cmake)
-- Found nmea_msgs: 2.0.0 (/opt/ros/humble/share/nmea_msgs/cmake)
-- Found rtcm_msgs: 1.1.6 (/opt/ros/humble/share/rtcm_msgs/cmake)
-- Found rclcpp_components: 16.0.11 (/opt/ros/humble/share/rclcpp_components/cmake)
-- Found sensor_msgs: 4.2.4 (/opt/ros/humble/share/sensor_msgs/cmake)
-- Found std_srvs: 4.2.4 (/opt/ros/humble/share/std_srvs/cmake)
-- Found tf2: 0.25.9 (/opt/ros/humble/share/tf2/cmake)
-- Found tf2_ros: 0.25.9 (/opt/ros/humble/share/tf2_ros/cmake)
-- Found tf2_geometry_msgs: 0.25.9 (/opt/ros/humble/share/tf2_geometry_msgs/cmake)
-- Found eigen3_cmake_module: 0.1.1 (/opt/ros/humble/share/eigen3_cmake_module/cmake)
-- Found Eigen3: TRUE (found version "3.4.0") 
-- Ensuring Eigen3 include directory is part of orocos-kdl CMake target
-- Found microstrain_inertial_msgs: 4.5.0 (/home/leejunmi/ros2_ws/install/microstrain_inertial_msgs/share/microstrain_inertial_msgs/cmake)
-- Found GeographicLib: /usr/lib/x86_64-linux-gnu  
-- Configuring done
-- Generating done
-- Build files have been written to: /home/leejunmi/ros2_ws/build/microstrain_inertial_driver
[  1%] [32mBuilding C object microstrain_inertial_driver_common/mip_sdk/CMakeFiles/mip.dir/src/mip/definitions/commands_base.c.o[0m
[  2%] [32mBuilding C object microstrain_inertial_driver_common/mip_sdk/CMakeFiles/mip.dir/src/mip/definitions/commands_filter.c.o[0m
[  5%] [32mBuilding C object microstrain_inertial_driver_common/mip_sdk/CMakeFiles/mip.dir/src/mip/definitions/commands_3dm.c.o[0m
[  3%] [32mBuilding C object microstrain_inertial_driver_common/mip_sdk/CMakeFiles/mip.dir/src/mip/definitions/commands_rtk.c.o[0m
[  6%] [32mBuilding C object microstrain_inertial_driver_common/mip_sdk/CMakeFiles/mip.dir/src/mip/definitions/commands_system.c.o[0m
[  7%] [32mBuilding C object microstrain_inertial_driver_common/mip_sdk/CMakeFiles/mip.dir/src/mip/definitions/commands_gnss.c.o[0m
[  9%] [32mBuilding C object microstrain_inertial_driver_common/mip_sdk/CMakeFiles/mip.dir/src/mip/definitions/data_filter.c.o[0m
[ 10%] [32mBuilding C object microstrain_inertial_driver_common/mip_sdk/CMakeFiles/mip.dir/src/mip/definitions/commands_aiding.c.o[0m
[ 11%] [32mBuilding C object microstrain_inertial_driver_common/mip_sdk/CMakeFiles/mip.dir/src/mip/definitions/data_gnss.c.o[0m
[ 13%] [32mBuilding C object microstrain_inertial_driver_common/mip_sdk/CMakeFiles/mip.dir/src/mip/definitions/data_shared.c.o[0m
[ 14%] [32mBuilding C object microstrain_inertial_driver_common/mip_sdk/CMakeFiles/mip.dir/src/mip/definitions/data_sensor.c.o[0m
[ 15%] [32mBuilding C object microstrain_inertial_driver_common/mip_sdk/CMakeFiles/mip.dir/src/mip/definitions/data_system.c.o[0m
[ 17%] [32mBuilding CXX object microstrain_inertial_driver_common/mip_sdk/CMakeFiles/mip.dir/src/mip/definitions/commands_3dm.cpp.o[0m
[ 18%] [32mBuilding CXX object microstrain_inertial_driver_common/mip_sdk/CMakeFiles/mip.dir/src/mip/definitions/commands_base.cpp.o[0m
[ 19%] [32mBuilding CXX object microstrain_inertial_driver_common/mip_sdk/CMakeFiles/mip.dir/src/mip/definitions/commands_filter.cpp.o[0m
[ 21%] [32mBuilding CXX object microstrain_inertial_driver_common/mip_sdk/CMakeFiles/mip.dir/src/mip/definitions/commands_gnss.cpp.o[0m
[ 22%] [32mBuilding CXX object microstrain_inertial_driver_common/mip_sdk/CMakeFiles/mip.dir/src/mip/definitions/commands_rtk.cpp.o[0m
[ 23%] [32mBuilding CXX object microstrain_inertial_driver_common/mip_sdk/CMakeFiles/mip.dir/src/mip/definitions/commands_aiding.cpp.o[0m
[ 25%] [32mBuilding CXX object microstrain_inertial_driver_common/mip_sdk/CMakeFiles/mip.dir/src/mip/definitions/commands_system.cpp.o[0m
[ 26%] [32mBuilding CXX object microstrain_inertial_driver_common/mip_sdk/CMakeFiles/mip.dir/src/mip/definitions/data_filter.cpp.o[0m
[ 27%] [32mBuilding CXX object microstrain_inertial_driver_common/mip_sdk/CMakeFiles/mip.dir/src/mip/definitions/data_gnss.cpp.o[0m
[ 28%] [32mBuilding CXX object microstrain_inertial_driver_common/mip_sdk/CMakeFiles/mip.dir/src/mip/definitions/data_sensor.cpp.o[0m
[ 30%] [32mBuilding CXX object microstrain_inertial_driver_common/mip_sdk/CMakeFiles/mip.dir/src/mip/definitions/data_shared.cpp.o[0m
[ 31%] [32mBuilding CXX object microstrain_inertial_driver_common/mip_sdk/CMakeFiles/mip.dir/src/mip/definitions/data_system.cpp.o[0m
[ 32%] [32mBuilding C object microstrain_inertial_driver_common/mip_sdk/CMakeFiles/mip.dir/src/mip/mip_interface.c.o[0m
[ 34%] [32mBuilding CXX object microstrain_inertial_driver_common/mip_sdk/CMakeFiles/mip.dir/src/mip/mip_device.cpp.o[0m
[ 35%] [32mBuilding C object microstrain_inertial_driver_common/mip_sdk/CMakeFiles/mip.dir/src/mip/mip_cmdqueue.c.o[0m
[ 36%] [32mBuilding C object microstrain_inertial_driver_common/mip_sdk/CMakeFiles/mip.dir/src/mip/mip_dispatch.c.o[0m
[ 38%] [32mBuilding C object microstrain_inertial_driver_common/mip_sdk/CMakeFiles/mip.dir/src/mip/mip_field.c.o[0m
[ 39%] [32mBuilding C object microstrain_inertial_driver_common/mip_sdk/CMakeFiles/mip.dir/src/mip/mip_packet.c.o[0m
[ 40%] [32mBuilding C object microstrain_inertial_driver_common/mip_sdk/CMakeFiles/mip.dir/src/mip/mip_parser.c.o[0m
[ 42%] [32mBuilding C object microstrain_inertial_driver_common/mip_sdk/CMakeFiles/mip.dir/src/mip/mip_result.c.o[0m
[ 43%] [32mBuilding C object microstrain_inertial_driver_common/mip_sdk/CMakeFiles/mip.dir/src/mip/definitions/common.c.o[0m
[ 44%] [32mBuilding C object microstrain_inertial_driver_common/mip_sdk/CMakeFiles/mip.dir/src/mip/definitions/descriptors.c.o[0m
[ 46%] [32mBuilding C object microstrain_inertial_driver_common/mip_sdk/CMakeFiles/mip.dir/src/mip/mip_logging.c.o[0m
[ 47%] [32mBuilding C object microstrain_inertial_driver_common/mip_sdk/CMakeFiles/mip.dir/src/mip/utils/byte_ring.c.o[0m
[ 48%] [32mBuilding C object microstrain_inertial_driver_common/mip_sdk/CMakeFiles/mip.dir/src/mip/utils/serialization.c.o[0m
[ 50%] [32mBuilding C object microstrain_inertial_driver_common/mip_sdk/CMakeFiles/mip.dir/src/mip/utils/serial_port.c.o[0m
[ 51%] [32mBuilding C object microstrain_inertial_driver_common/mip_sdk/CMakeFiles/mip.dir/src/mip/utils/tcp_socket.c.o[0m
[ 52%] [32mBuilding CXX object microstrain_inertial_driver_common/mip_sdk/CMakeFiles/mip.dir/src/mip/platform/serial_connection.cpp.o[0m
[ 53%] [32mBuilding CXX object microstrain_inertial_driver_common/mip_sdk/CMakeFiles/mip.dir/src/mip/platform/tcp_connection.cpp.o[0m
[ 55%] [32mBuilding C object microstrain_inertial_driver_common/mip_sdk/CMakeFiles/mip.dir/src/mip/extras/device_models.c.o[0m
[ 56%] [32mBuilding CXX object microstrain_inertial_driver_common/mip_sdk/CMakeFiles/mip.dir/src/mip/extras/recording_connection.cpp.o[0m
[ 57%] [32mBuilding CXX object microstrain_inertial_driver_common/mip_sdk/CMakeFiles/mip.dir/src/mip/extras/scope_helper.cpp.o[0m
[ 59%] [32mBuilding CXX object microstrain_inertial_driver_common/mip_sdk/CMakeFiles/mip.dir/src/mip/extras/version.cpp.o[0m
[ 60%] [32m[1mLinking CXX static library libmip.a[0m
[ 60%] Built target mip
[ 64%] [32mBuilding CXX object CMakeFiles/microstrain_inertial_driver_node.dir/src/microstrain_inertial_driver_node.cpp.o[0m
[ 64%] [32mBuilding CXX object CMakeFiles/microstrain_inertial_driver_lifecycle_node.dir/src/microstrain_inertial_driver_lifecycle.cpp.o[0m
[ 65%] [32mBuilding CXX object CMakeFiles/microstrain_inertial_driver_lifecycle_node.dir/src/microstrain_inertial_driver_lifecycle_node.cpp.o[0m
[ 64%] [32mBuilding CXX object CMakeFiles/microstrain_inertial_driver_node.dir/src/microstrain_inertial_driver.cpp.o[0m
[ 67%] [32mBuilding CXX object CMakeFiles/microstrain_inertial_driver_node.dir/microstrain_inertial_driver_common/src/publishers.cpp.o[0m
[ 68%] [32mBuilding CXX object CMakeFiles/microstrain_inertial_driver_lifecycle_node.dir/microstrain_inertial_driver_common/src/subscribers.cpp.o[0m
[ 69%] [32mBuilding CXX object CMakeFiles/microstrain_inertial_driver_node.dir/microstrain_inertial_driver_common/src/subscribers.cpp.o[0m
[ 71%] [32mBuilding CXX object CMakeFiles/microstrain_inertial_driver_lifecycle_node.dir/microstrain_inertial_driver_common/src/publishers.cpp.o[0m
