[0.885s] Invoking command in '/home/leejunmi/ros2_ws/build/microstrain_inertial_driver': CMAKE_PREFIX_PATH=/home/leejunmi/ros2_ws/install/microstrain_inertial_rqt:/home/leejunmi/ros2_ws/install/py_pubsub:/home/leejunmi/ros2_ws/install/test_pkg:/home/leejunmi/ros2_ws/install/python_parameters:/home/leejunmi/ros2_ws/install/pkpk:/home/leejunmi/ros2_ws/install/msg_test:/home/leejunmi/ros2_ws/install/my_package:/home/leejunmi/ros2_ws/install/lidar_intensity:/home/leejunmi/ros2_ws/install/launch_testing_examples:/home/leejunmi/ros2_ws/install/img:/home/leejunmi/ros2_ws/install/examples_rclpy_pointcloud_publisher:/home/leejunmi/ros2_ws/install/examples_rclpy_minimal_subscriber:/home/leejunmi/ros2_ws/install/examples_rclpy_minimal_service:/home/leejunmi/ros2_ws/install/examples_rclpy_minimal_publisher:/home/leejunmi/ros2_ws/install/examples_rclpy_minimal_client:/home/leejunmi/ros2_ws/install/examples_rclpy_minimal_action_server:/home/leejunmi/ros2_ws/install/examples_rclpy_minimal_action_client:/home/leejunmi/ros2_ws/install/examples_rclpy_guard_conditions:/home/leejunmi/ros2_ws/install/examples_rclpy_executors:/opt/ros/humble:${CMAKE_PREFIX_PATH} /usr/bin/cmake /home/leejunmi/ros2_ws/src/microstrain_inertial/microstrain_inertial_driver -DCMAKE_INSTALL_PREFIX=/home/leejunmi/ros2_ws/install/microstrain_inertial_driver
[0.924s] -- Microstrain Driver Version: ros2-4.5.0-1-ge7ad0aa
[0.925s] -- MIP SDK Version: v1.0.0-283-g2c4cb6b
[0.925s] -- Could NOT find Doxygen (missing: DOXYGEN_EXECUTABLE) 
[0.940s] -- Found ament_cmake: 1.3.11 (/opt/ros/humble/share/ament_cmake/cmake)
[1.188s] -- Found rclcpp_lifecycle: 16.0.11 (/opt/ros/humble/share/rclcpp_lifecycle/cmake)
[1.237s] -- Found rosidl_generator_c: 3.1.6 (/opt/ros/humble/share/rosidl_generator_c/cmake)
[1.241s] -- Found rosidl_adapter: 3.1.6 (/opt/ros/humble/share/rosidl_adapter/cmake)
[1.251s] -- Found rosidl_generator_cpp: 3.1.6 (/opt/ros/humble/share/rosidl_generator_cpp/cmake)
[1.271s] -- Using all available rosidl_typesupport_c: rosidl_typesupport_fastrtps_c;rosidl_typesupport_introspection_c
[1.297s] -- Using all available rosidl_typesupport_cpp: rosidl_typesupport_fastrtps_cpp;rosidl_typesupport_introspection_cpp
[1.360s] -- Found rmw_implementation_cmake: 6.1.2 (/opt/ros/humble/share/rmw_implementation_cmake/cmake)
[1.364s] -- Found rmw_fastrtps_cpp: 6.2.7 (/opt/ros/humble/share/rmw_fastrtps_cpp/cmake)
[1.499s] -- Using RMW implementation 'rmw_fastrtps_cpp' as default
[1.618s] -- Found rosidl_default_generators: 1.2.0 (/opt/ros/humble/share/rosidl_default_generators/cmake)
[1.637s] -- Found geometry_msgs: 4.2.4 (/opt/ros/humble/share/geometry_msgs/cmake)
[1.660s] -- Found nav_msgs: 4.2.4 (/opt/ros/humble/share/nav_msgs/cmake)
[1.695s] -- Found nmea_msgs: 2.0.0 (/opt/ros/humble/share/nmea_msgs/cmake)
[1.722s] -- Found rtcm_msgs: 1.1.6 (/opt/ros/humble/share/rtcm_msgs/cmake)
[1.759s] -- Found rclcpp_components: 16.0.11 (/opt/ros/humble/share/rclcpp_components/cmake)
[1.824s] -- Found sensor_msgs: 4.2.4 (/opt/ros/humble/share/sensor_msgs/cmake)
[1.865s] -- Found std_srvs: 4.2.4 (/opt/ros/humble/share/std_srvs/cmake)
[1.892s] -- Found tf2: 0.25.9 (/opt/ros/humble/share/tf2/cmake)
[1.904s] -- Found tf2_ros: 0.25.9 (/opt/ros/humble/share/tf2_ros/cmake)
[2.060s] -- Found tf2_geometry_msgs: 0.25.9 (/opt/ros/humble/share/tf2_geometry_msgs/cmake)
[2.084s] -- Found eigen3_cmake_module: 0.1.1 (/opt/ros/humble/share/eigen3_cmake_module/cmake)
[2.086s] -- Found Eigen3: TRUE (found version "3.4.0") 
[2.086s] -- Ensuring Eigen3 include directory is part of orocos-kdl CMake target
[2.090s] -- Found microstrain_inertial_msgs: 4.5.0 (/home/leejunmi/ros2_ws/install/microstrain_inertial_msgs/share/microstrain_inertial_msgs/cmake)
[2.112s] -- Found GeographicLib: /usr/lib/x86_64-linux-gnu  
[2.257s] -- Configuring done
[2.292s] -- Generating done
[2.304s] -- Build files have been written to: /home/leejunmi/ros2_ws/build/microstrain_inertial_driver
[2.315s] Invoked command in '/home/leejunmi/ros2_ws/build/microstrain_inertial_driver' returned '0': CMAKE_PREFIX_PATH=/home/leejunmi/ros2_ws/install/microstrain_inertial_rqt:/home/leejunmi/ros2_ws/install/py_pubsub:/home/leejunmi/ros2_ws/install/test_pkg:/home/leejunmi/ros2_ws/install/python_parameters:/home/leejunmi/ros2_ws/install/pkpk:/home/leejunmi/ros2_ws/install/msg_test:/home/leejunmi/ros2_ws/install/my_package:/home/leejunmi/ros2_ws/install/lidar_intensity:/home/leejunmi/ros2_ws/install/launch_testing_examples:/home/leejunmi/ros2_ws/install/img:/home/leejunmi/ros2_ws/install/examples_rclpy_pointcloud_publisher:/home/leejunmi/ros2_ws/install/examples_rclpy_minimal_subscriber:/home/leejunmi/ros2_ws/install/examples_rclpy_minimal_service:/home/leejunmi/ros2_ws/install/examples_rclpy_minimal_publisher:/home/leejunmi/ros2_ws/install/examples_rclpy_minimal_client:/home/leejunmi/ros2_ws/install/examples_rclpy_minimal_action_server:/home/leejunmi/ros2_ws/install/examples_rclpy_minimal_action_client:/home/leejunmi/ros2_ws/install/examples_rclpy_guard_conditions:/home/leejunmi/ros2_ws/install/examples_rclpy_executors:/opt/ros/humble:${CMAKE_PREFIX_PATH} /usr/bin/cmake /home/leejunmi/ros2_ws/src/microstrain_inertial/microstrain_inertial_driver -DCMAKE_INSTALL_PREFIX=/home/leejunmi/ros2_ws/install/microstrain_inertial_driver
[2.316s] Invoking command in '/home/leejunmi/ros2_ws/build/microstrain_inertial_driver': CMAKE_PREFIX_PATH=/home/leejunmi/ros2_ws/install/microstrain_inertial_rqt:/home/leejunmi/ros2_ws/install/py_pubsub:/home/leejunmi/ros2_ws/install/test_pkg:/home/leejunmi/ros2_ws/install/python_parameters:/home/leejunmi/ros2_ws/install/pkpk:/home/leejunmi/ros2_ws/install/msg_test:/home/leejunmi/ros2_ws/install/my_package:/home/leejunmi/ros2_ws/install/lidar_intensity:/home/leejunmi/ros2_ws/install/launch_testing_examples:/home/leejunmi/ros2_ws/install/img:/home/leejunmi/ros2_ws/install/examples_rclpy_pointcloud_publisher:/home/leejunmi/ros2_ws/install/examples_rclpy_minimal_subscriber:/home/leejunmi/ros2_ws/install/examples_rclpy_minimal_service:/home/leejunmi/ros2_ws/install/examples_rclpy_minimal_publisher:/home/leejunmi/ros2_ws/install/examples_rclpy_minimal_client:/home/leejunmi/ros2_ws/install/examples_rclpy_minimal_action_server:/home/leejunmi/ros2_ws/install/examples_rclpy_minimal_action_client:/home/leejunmi/ros2_ws/install/examples_rclpy_guard_conditions:/home/leejunmi/ros2_ws/install/examples_rclpy_executors:/opt/ros/humble:${CMAKE_PREFIX_PATH} /usr/bin/cmake --build /home/leejunmi/ros2_ws/build/microstrain_inertial_driver -- -j8 -l8
[2.372s] [  1%] [32mBuilding C object microstrain_inertial_driver_common/mip_sdk/CMakeFiles/mip.dir/src/mip/definitions/commands_base.c.o[0m
[2.372s] [  2%] [32mBuilding C object microstrain_inertial_driver_common/mip_sdk/CMakeFiles/mip.dir/src/mip/definitions/commands_filter.c.o[0m
[2.372s] [  5%] [32mBuilding C object microstrain_inertial_driver_common/mip_sdk/CMakeFiles/mip.dir/src/mip/definitions/commands_3dm.c.o[0m
[2.372s] [  3%] [32mBuilding C object microstrain_inertial_driver_common/mip_sdk/CMakeFiles/mip.dir/src/mip/definitions/commands_rtk.c.o[0m
[2.373s] [  6%] [32mBuilding C object microstrain_inertial_driver_common/mip_sdk/CMakeFiles/mip.dir/src/mip/definitions/commands_system.c.o[0m
[2.374s] [  7%] [32mBuilding C object microstrain_inertial_driver_common/mip_sdk/CMakeFiles/mip.dir/src/mip/definitions/commands_gnss.c.o[0m
[2.378s] [  9%] [32mBuilding C object microstrain_inertial_driver_common/mip_sdk/CMakeFiles/mip.dir/src/mip/definitions/data_filter.c.o[0m
[2.378s] [ 10%] [32mBuilding C object microstrain_inertial_driver_common/mip_sdk/CMakeFiles/mip.dir/src/mip/definitions/commands_aiding.c.o[0m
[2.449s] [ 11%] [32mBuilding C object microstrain_inertial_driver_common/mip_sdk/CMakeFiles/mip.dir/src/mip/definitions/data_gnss.c.o[0m
[2.463s] [ 13%] [32mBuilding C object microstrain_inertial_driver_common/mip_sdk/CMakeFiles/mip.dir/src/mip/definitions/data_shared.c.o[0m
[2.465s] [ 14%] [32mBuilding C object microstrain_inertial_driver_common/mip_sdk/CMakeFiles/mip.dir/src/mip/definitions/data_sensor.c.o[0m
[2.479s] [ 15%] [32mBuilding C object microstrain_inertial_driver_common/mip_sdk/CMakeFiles/mip.dir/src/mip/definitions/data_system.c.o[0m
[2.540s] [ 17%] [32mBuilding CXX object microstrain_inertial_driver_common/mip_sdk/CMakeFiles/mip.dir/src/mip/definitions/commands_3dm.cpp.o[0m
[2.556s] [ 18%] [32mBuilding CXX object microstrain_inertial_driver_common/mip_sdk/CMakeFiles/mip.dir/src/mip/definitions/commands_base.cpp.o[0m
[2.559s] [ 19%] [32mBuilding CXX object microstrain_inertial_driver_common/mip_sdk/CMakeFiles/mip.dir/src/mip/definitions/commands_filter.cpp.o[0m
[2.635s] [ 21%] [32mBuilding CXX object microstrain_inertial_driver_common/mip_sdk/CMakeFiles/mip.dir/src/mip/definitions/commands_gnss.cpp.o[0m
[2.708s] [ 22%] [32mBuilding CXX object microstrain_inertial_driver_common/mip_sdk/CMakeFiles/mip.dir/src/mip/definitions/commands_rtk.cpp.o[0m
[2.735s] [ 23%] [32mBuilding CXX object microstrain_inertial_driver_common/mip_sdk/CMakeFiles/mip.dir/src/mip/definitions/commands_aiding.cpp.o[0m
[2.988s] [ 25%] [32mBuilding CXX object microstrain_inertial_driver_common/mip_sdk/CMakeFiles/mip.dir/src/mip/definitions/commands_system.cpp.o[0m
[3.002s] [ 26%] [32mBuilding CXX object microstrain_inertial_driver_common/mip_sdk/CMakeFiles/mip.dir/src/mip/definitions/data_filter.cpp.o[0m
[3.108s] [ 27%] [32mBuilding CXX object microstrain_inertial_driver_common/mip_sdk/CMakeFiles/mip.dir/src/mip/definitions/data_gnss.cpp.o[0m
[3.116s] [ 28%] [32mBuilding CXX object microstrain_inertial_driver_common/mip_sdk/CMakeFiles/mip.dir/src/mip/definitions/data_sensor.cpp.o[0m
[3.201s] [ 30%] [32mBuilding CXX object microstrain_inertial_driver_common/mip_sdk/CMakeFiles/mip.dir/src/mip/definitions/data_shared.cpp.o[0m
[3.261s] [ 31%] [32mBuilding CXX object microstrain_inertial_driver_common/mip_sdk/CMakeFiles/mip.dir/src/mip/definitions/data_system.cpp.o[0m
[3.468s] [ 32%] [32mBuilding C object microstrain_inertial_driver_common/mip_sdk/CMakeFiles/mip.dir/src/mip/mip_interface.c.o[0m
[3.542s] [ 34%] [32mBuilding CXX object microstrain_inertial_driver_common/mip_sdk/CMakeFiles/mip.dir/src/mip/mip_device.cpp.o[0m
[3.548s] [ 35%] [32mBuilding C object microstrain_inertial_driver_common/mip_sdk/CMakeFiles/mip.dir/src/mip/mip_cmdqueue.c.o[0m
[3.569s] [ 36%] [32mBuilding C object microstrain_inertial_driver_common/mip_sdk/CMakeFiles/mip.dir/src/mip/mip_dispatch.c.o[0m
[3.618s] [ 38%] [32mBuilding C object microstrain_inertial_driver_common/mip_sdk/CMakeFiles/mip.dir/src/mip/mip_field.c.o[0m
[3.633s] [ 39%] [32mBuilding C object microstrain_inertial_driver_common/mip_sdk/CMakeFiles/mip.dir/src/mip/mip_packet.c.o[0m
[3.638s] [ 40%] [32mBuilding C object microstrain_inertial_driver_common/mip_sdk/CMakeFiles/mip.dir/src/mip/mip_parser.c.o[0m
[3.673s] [ 42%] [32mBuilding C object microstrain_inertial_driver_common/mip_sdk/CMakeFiles/mip.dir/src/mip/mip_result.c.o[0m
[3.699s] [ 43%] [32mBuilding C object microstrain_inertial_driver_common/mip_sdk/CMakeFiles/mip.dir/src/mip/definitions/common.c.o[0m
[3.708s] [ 44%] [32mBuilding C object microstrain_inertial_driver_common/mip_sdk/CMakeFiles/mip.dir/src/mip/definitions/descriptors.c.o[0m
[3.726s] [ 46%] [32mBuilding C object microstrain_inertial_driver_common/mip_sdk/CMakeFiles/mip.dir/src/mip/mip_logging.c.o[0m
[3.760s] [ 47%] [32mBuilding C object microstrain_inertial_driver_common/mip_sdk/CMakeFiles/mip.dir/src/mip/utils/byte_ring.c.o[0m
[3.767s] [ 48%] [32mBuilding C object microstrain_inertial_driver_common/mip_sdk/CMakeFiles/mip.dir/src/mip/utils/serialization.c.o[0m
[3.775s] [ 50%] [32mBuilding C object microstrain_inertial_driver_common/mip_sdk/CMakeFiles/mip.dir/src/mip/utils/serial_port.c.o[0m
[3.815s] [ 51%] [32mBuilding C object microstrain_inertial_driver_common/mip_sdk/CMakeFiles/mip.dir/src/mip/utils/tcp_socket.c.o[0m
[3.847s] [ 52%] [32mBuilding CXX object microstrain_inertial_driver_common/mip_sdk/CMakeFiles/mip.dir/src/mip/platform/serial_connection.cpp.o[0m
[3.853s] [ 53%] [32mBuilding CXX object microstrain_inertial_driver_common/mip_sdk/CMakeFiles/mip.dir/src/mip/platform/tcp_connection.cpp.o[0m
[3.895s] [ 55%] [32mBuilding C object microstrain_inertial_driver_common/mip_sdk/CMakeFiles/mip.dir/src/mip/extras/device_models.c.o[0m
[3.929s] [ 56%] [32mBuilding CXX object microstrain_inertial_driver_common/mip_sdk/CMakeFiles/mip.dir/src/mip/extras/recording_connection.cpp.o[0m
[3.982s] [ 57%] [32mBuilding CXX object microstrain_inertial_driver_common/mip_sdk/CMakeFiles/mip.dir/src/mip/extras/scope_helper.cpp.o[0m
[4.165s] [ 59%] [32mBuilding CXX object microstrain_inertial_driver_common/mip_sdk/CMakeFiles/mip.dir/src/mip/extras/version.cpp.o[0m
[5.272s] [ 60%] [32m[1mLinking CXX static library libmip.a[0m
[5.328s] [ 60%] Built target mip
[5.378s] [ 64%] [32mBuilding CXX object CMakeFiles/microstrain_inertial_driver_node.dir/src/microstrain_inertial_driver_node.cpp.o[0m
[5.379s] [ 64%] [32mBuilding CXX object CMakeFiles/microstrain_inertial_driver_lifecycle_node.dir/src/microstrain_inertial_driver_lifecycle.cpp.o[0m
[5.379s] [ 65%] [32mBuilding CXX object CMakeFiles/microstrain_inertial_driver_lifecycle_node.dir/src/microstrain_inertial_driver_lifecycle_node.cpp.o[0m
[5.379s] [ 64%] [32mBuilding CXX object CMakeFiles/microstrain_inertial_driver_node.dir/src/microstrain_inertial_driver.cpp.o[0m
[5.380s] [ 67%] [32mBuilding CXX object CMakeFiles/microstrain_inertial_driver_node.dir/microstrain_inertial_driver_common/src/publishers.cpp.o[0m
[5.380s] [ 68%] [32mBuilding CXX object CMakeFiles/microstrain_inertial_driver_lifecycle_node.dir/microstrain_inertial_driver_common/src/subscribers.cpp.o[0m
[5.391s] [ 69%] [32mBuilding CXX object CMakeFiles/microstrain_inertial_driver_node.dir/microstrain_inertial_driver_common/src/subscribers.cpp.o[0m
[5.392s] [ 71%] [32mBuilding CXX object CMakeFiles/microstrain_inertial_driver_lifecycle_node.dir/microstrain_inertial_driver_common/src/publishers.cpp.o[0m
