[2.446s] Invoking command in '/home/leejunmi/ros2_ws/src/examples/rclpy/services/minimal_client': PYTHONPATH=/home/leejunmi/ros2_ws/build/examples_rclpy_minimal_client/prefix_override:/usr/lib/python3/dist-packages/colcon_core/task/python/colcon_distutils_commands:/home/leejunmi/ros2_ws/install/examples_rclpy_minimal_client/lib/python3.10/site-packages:${PYTHONPATH} /usr/bin/python3 -W ignore:setup.py install is deprecated -W ignore:easy_install command is deprecated setup.py egg_info --egg-base ../../../../../build/examples_rclpy_minimal_client build --build-base /home/leejunmi/ros2_ws/build/examples_rclpy_minimal_client/build install --record /home/leejunmi/ros2_ws/build/examples_rclpy_minimal_client/install.log --single-version-externally-managed install_data
[2.894s] running egg_info
[2.895s] writing ../../../../../build/examples_rclpy_minimal_client/examples_rclpy_minimal_client.egg-info/PKG-INFO
[2.896s] writing dependency_links to ../../../../../build/examples_rclpy_minimal_client/examples_rclpy_minimal_client.egg-info/dependency_links.txt
[2.896s] writing entry points to ../../../../../build/examples_rclpy_minimal_client/examples_rclpy_minimal_client.egg-info/entry_points.txt
[2.897s] writing requirements to ../../../../../build/examples_rclpy_minimal_client/examples_rclpy_minimal_client.egg-info/requires.txt
[2.897s] writing top-level names to ../../../../../build/examples_rclpy_minimal_client/examples_rclpy_minimal_client.egg-info/top_level.txt
[2.901s] reading manifest file '../../../../../build/examples_rclpy_minimal_client/examples_rclpy_minimal_client.egg-info/SOURCES.txt'
[2.902s] writing manifest file '../../../../../build/examples_rclpy_minimal_client/examples_rclpy_minimal_client.egg-info/SOURCES.txt'
[2.902s] running build
[2.902s] running build_py
[2.904s] running install
[2.904s] running install_lib
[2.909s] running install_data
[2.909s] running install_egg_info
[2.912s] removing '/home/leejunmi/ros2_ws/install/examples_rclpy_minimal_client/lib/python3.10/site-packages/examples_rclpy_minimal_client-0.15.3-py3.10.egg-info' (and everything under it)
[2.912s] Copying ../../../../../build/examples_rclpy_minimal_client/examples_rclpy_minimal_client.egg-info to /home/leejunmi/ros2_ws/install/examples_rclpy_minimal_client/lib/python3.10/site-packages/examples_rclpy_minimal_client-0.15.3-py3.10.egg-info
[2.918s] running install_scripts
[2.960s] Installing client script to /home/leejunmi/ros2_ws/install/examples_rclpy_minimal_client/lib/examples_rclpy_minimal_client
[2.960s] Installing client_async script to /home/leejunmi/ros2_ws/install/examples_rclpy_minimal_client/lib/examples_rclpy_minimal_client
[2.961s] Installing client_async_callback script to /home/leejunmi/ros2_ws/install/examples_rclpy_minimal_client/lib/examples_rclpy_minimal_client
[2.962s] Installing client_async_member_function script to /home/leejunmi/ros2_ws/install/examples_rclpy_minimal_client/lib/examples_rclpy_minimal_client
[2.964s] writing list of installed files to '/home/leejunmi/ros2_ws/build/examples_rclpy_minimal_client/install.log'
[3.373s] Invoked command in '/home/leejunmi/ros2_ws/src/examples/rclpy/services/minimal_client' returned '0': PYTHONPATH=/home/leejunmi/ros2_ws/build/examples_rclpy_minimal_client/prefix_override:/usr/lib/python3/dist-packages/colcon_core/task/python/colcon_distutils_commands:/home/leejunmi/ros2_ws/install/examples_rclpy_minimal_client/lib/python3.10/site-packages:${PYTHONPATH} /usr/bin/python3 -W ignore:setup.py install is deprecated -W ignore:easy_install command is deprecated setup.py egg_info --egg-base ../../../../../build/examples_rclpy_minimal_client build --build-base /home/leejunmi/ros2_ws/build/examples_rclpy_minimal_client/build install --record /home/leejunmi/ros2_ws/build/examples_rclpy_minimal_client/install.log --single-version-externally-managed install_data
