[0.036s] Invoking command in '/home/leejunmi/ros2_ws/build/number': CMAKE_PREFIX_PATH=/opt/ros/humble /usr/bin/cmake --build /home/leejunmi/ros2_ws/build/number -- -j8 -l8
[1.153s] [  3%] Built target number__cpp
[1.153s] [ 12%] Built target number__rosidl_generator_c
[1.153s] [ 12%] Built target ament_cmake_python_copy_number
[1.153s] [ 22%] Built target number__rosidl_typesupport_fastrtps_c
[1.153s] [ 32%] Built target number__rosidl_typesupport_fastrtps_cpp
[1.153s] [ 41%] Built target number__rosidl_typesupport_introspection_c
[1.153s] [ 51%] Built target number__rosidl_typesupport_cpp
[1.153s] [ 61%] Built target number__rosidl_typesupport_introspection_cpp
[1.153s] [ 70%] Built target number__rosidl_typesupport_c
[1.153s] [ 70%] Built target number
[1.153s] [ 74%] Built target number__py
[1.153s] [ 80%] Built target number__rosidl_generator_py
[1.153s] [ 87%] Built target number__rosidl_typesupport_introspection_c__pyext
[1.153s] [100%] Built target number__rosidl_typesupport_fastrtps_c__pyext
[1.153s] [100%] Built target number__rosidl_typesupport_c__pyext
[1.153s] running egg_info
[1.154s] writing number.egg-info/PKG-INFO
[1.154s] writing dependency_links to number.egg-info/dependency_links.txt
[1.154s] writing top-level names to number.egg-info/top_level.txt
[1.154s] reading manifest file 'number.egg-info/SOURCES.txt'
[1.154s] writing manifest file 'number.egg-info/SOURCES.txt'
[1.154s] [100%] Built target ament_cmake_python_build_number_egg
