running egg_info
creating ../../build/pkpk/pkpk.egg-info
writing ../../build/pkpk/pkpk.egg-info/PKG-INFO
writing dependency_links to ../../build/pkpk/pkpk.egg-info/dependency_links.txt
writing entry points to ../../build/pkpk/pkpk.egg-info/entry_points.txt
writing requirements to ../../build/pkpk/pkpk.egg-info/requires.txt
writing top-level names to ../../build/pkpk/pkpk.egg-info/top_level.txt
writing manifest file '../../build/pkpk/pkpk.egg-info/SOURCES.txt'
reading manifest file '../../build/pkpk/pkpk.egg-info/SOURCES.txt'
adding license file 'LICENSE'
writing manifest file '../../build/pkpk/pkpk.egg-info/SOURCES.txt'
running build
running build_py
creating /home/leejunmi/ros2_ws/build/pkpk/build
creating /home/leejunmi/ros2_ws/build/pkpk/build/lib
creating /home/leejunmi/ros2_ws/build/pkpk/build/lib/pkpk
copying pkpk/__init__.py -> /home/leejunmi/ros2_ws/build/pkpk/build/lib/pkpk
running install
running install_lib
creating /home/leejunmi/ros2_ws/install/pkpk/lib/python3.10/site-packages/pkpk
copying /home/leejunmi/ros2_ws/build/pkpk/build/lib/pkpk/__init__.py -> /home/leejunmi/ros2_ws/install/pkpk/lib/python3.10/site-packages/pkpk
byte-compiling /home/leejunmi/ros2_ws/install/pkpk/lib/python3.10/site-packages/pkpk/__init__.py to __init__.cpython-310.pyc
running install_data
creating /home/leejunmi/ros2_ws/install/pkpk/share/ament_index
creating /home/leejunmi/ros2_ws/install/pkpk/share/ament_index/resource_index
creating /home/leejunmi/ros2_ws/install/pkpk/share/ament_index/resource_index/packages
copying resource/pkpk -> /home/leejunmi/ros2_ws/install/pkpk/share/ament_index/resource_index/packages
copying package.xml -> /home/leejunmi/ros2_ws/install/pkpk/share/pkpk
running install_egg_info
Copying ../../build/pkpk/pkpk.egg-info to /home/leejunmi/ros2_ws/install/pkpk/lib/python3.10/site-packages/pkpk-0.0.0-py3.10.egg-info
running install_scripts
writing list of installed files to '/home/leejunmi/ros2_ws/build/pkpk/install.log'
