[0.969s] Invoking command in '/home/leejunmi/ros2_ws/src/pkpk': PYTHONPATH=/home/leejunmi/ros2_ws/build/pkpk/prefix_override:/usr/lib/python3/dist-packages/colcon_core/task/python/colcon_distutils_commands:/home/leejunmi/ros2_ws/install/pkpk/lib/python3.10/site-packages:${PYTHONPATH} /usr/bin/python3 -W ignore:setup.py install is deprecated -W ignore:easy_install command is deprecated setup.py egg_info --egg-base ../../build/pkpk build --build-base /home/leejunmi/ros2_ws/build/pkpk/build install --record /home/leejunmi/ros2_ws/build/pkpk/install.log --single-version-externally-managed install_data
[1.232s] running egg_info
[1.232s] creating ../../build/pkpk/pkpk.egg-info
[1.232s] writing ../../build/pkpk/pkpk.egg-info/PKG-INFO
[1.232s] writing dependency_links to ../../build/pkpk/pkpk.egg-info/dependency_links.txt
[1.233s] writing entry points to ../../build/pkpk/pkpk.egg-info/entry_points.txt
[1.233s] writing requirements to ../../build/pkpk/pkpk.egg-info/requires.txt
[1.233s] writing top-level names to ../../build/pkpk/pkpk.egg-info/top_level.txt
[1.233s] writing manifest file '../../build/pkpk/pkpk.egg-info/SOURCES.txt'
[1.234s] reading manifest file '../../build/pkpk/pkpk.egg-info/SOURCES.txt'
[1.234s] adding license file 'LICENSE'
[1.235s] writing manifest file '../../build/pkpk/pkpk.egg-info/SOURCES.txt'
[1.235s] running build
[1.235s] running build_py
[1.235s] creating /home/leejunmi/ros2_ws/build/pkpk/build
[1.235s] creating /home/leejunmi/ros2_ws/build/pkpk/build/lib
[1.235s] creating /home/leejunmi/ros2_ws/build/pkpk/build/lib/pkpk
[1.235s] copying pkpk/__init__.py -> /home/leejunmi/ros2_ws/build/pkpk/build/lib/pkpk
[1.235s] running install
[1.236s] running install_lib
[1.237s] creating /home/leejunmi/ros2_ws/install/pkpk/lib/python3.10/site-packages/pkpk
[1.237s] copying /home/leejunmi/ros2_ws/build/pkpk/build/lib/pkpk/__init__.py -> /home/leejunmi/ros2_ws/install/pkpk/lib/python3.10/site-packages/pkpk
[1.238s] byte-compiling /home/leejunmi/ros2_ws/install/pkpk/lib/python3.10/site-packages/pkpk/__init__.py to __init__.cpython-310.pyc
[1.238s] running install_data
[1.238s] creating /home/leejunmi/ros2_ws/install/pkpk/share/ament_index
[1.238s] creating /home/leejunmi/ros2_ws/install/pkpk/share/ament_index/resource_index
[1.238s] creating /home/leejunmi/ros2_ws/install/pkpk/share/ament_index/resource_index/packages
[1.238s] copying resource/pkpk -> /home/leejunmi/ros2_ws/install/pkpk/share/ament_index/resource_index/packages
[1.238s] copying package.xml -> /home/leejunmi/ros2_ws/install/pkpk/share/pkpk
[1.238s] running install_egg_info
[1.240s] Copying ../../build/pkpk/pkpk.egg-info to /home/leejunmi/ros2_ws/install/pkpk/lib/python3.10/site-packages/pkpk-0.0.0-py3.10.egg-info
[1.240s] running install_scripts
[1.260s] writing list of installed files to '/home/leejunmi/ros2_ws/build/pkpk/install.log'
[1.284s] Invoked command in '/home/leejunmi/ros2_ws/src/pkpk' returned '0': PYTHONPATH=/home/leejunmi/ros2_ws/build/pkpk/prefix_override:/usr/lib/python3/dist-packages/colcon_core/task/python/colcon_distutils_commands:/home/leejunmi/ros2_ws/install/pkpk/lib/python3.10/site-packages:${PYTHONPATH} /usr/bin/python3 -W ignore:setup.py install is deprecated -W ignore:easy_install command is deprecated setup.py egg_info --egg-base ../../build/pkpk build --build-base /home/leejunmi/ros2_ws/build/pkpk/build install --record /home/leejunmi/ros2_ws/build/pkpk/install.log --single-version-externally-managed install_data
