[0.094s] Invoking command in '/home/leejunmi/ros2_ws/build/examples_rclcpp_wait_set': CMAKE_PREFIX_PATH=/opt/ros/humble /usr/bin/cmake /home/leejunmi/ros2_ws/src/examples/rclcpp/wait_set -DCMAKE_INSTALL_PREFIX=/home/leejunmi/ros2_ws/install/examples_rclcpp_wait_set
[0.379s] -- Found ament_cmake: 1.3.10 (/opt/ros/humble/share/ament_cmake/cmake)
[0.380s] -- Found example_interfaces: 0.9.3 (/opt/ros/humble/share/example_interfaces/cmake)
[0.380s] -- Found rosidl_generator_c: 3.1.5 (/opt/ros/humble/share/rosidl_generator_c/cmake)
[0.380s] -- Found rosidl_adapter: 3.1.5 (/opt/ros/humble/share/rosidl_adapter/cmake)
[0.380s] -- Found rosidl_generator_cpp: 3.1.5 (/opt/ros/humble/share/rosidl_generator_cpp/cmake)
[0.380s] -- Using all available rosidl_typesupport_c: rosidl_typesupport_fastrtps_c;rosidl_typesupport_introspection_c
[0.380s] -- Using all available rosidl_typesupport_cpp: rosidl_typesupport_fastrtps_cpp;rosidl_typesupport_introspection_cpp
[0.380s] -- Found rclcpp: 16.0.10 (/opt/ros/humble/share/rclcpp/cmake)
[0.400s] -- Found rmw_implementation_cmake: 6.1.2 (/opt/ros/humble/share/rmw_implementation_cmake/cmake)
[0.402s] -- Found rmw_fastrtps_cpp: 6.2.7 (/opt/ros/humble/share/rmw_fastrtps_cpp/cmake)
[0.489s] -- Using RMW implementation 'rmw_fastrtps_cpp' as default
[0.541s] -- Found rclcpp_components: 16.0.10 (/opt/ros/humble/share/rclcpp_components/cmake)
[0.568s] -- Found ament_lint_auto: 0.12.11 (/opt/ros/humble/share/ament_lint_auto/cmake)
[0.645s] -- Added test 'copyright' to check source files copyright and LICENSE
[0.646s] -- Added test 'cppcheck' to perform static code analysis on C / C++ code
[0.647s] -- Configured cppcheck include dirs: /home/leejunmi/ros2_ws/src/examples/rclcpp/wait_set/include
[0.647s] -- Configured cppcheck exclude dirs and/or files: 
[0.648s] -- Added test 'cpplint' to check C / C++ code against the Google style
[0.648s] -- Configured cpplint exclude dirs and/or files: 
[0.649s] -- Added test 'lint_cmake' to check CMake code style
[0.650s] -- Added test 'uncrustify' to check C / C++ code style
[0.650s] -- Configured uncrustify additional arguments: 
[0.650s] -- Added test 'xmllint' to check XML markup files
[0.651s] -- Configuring done
[0.697s] -- Generating done
[0.717s] -- Build files have been written to: /home/leejunmi/ros2_ws/build/examples_rclcpp_wait_set
[1.155s] Invoked command in '/home/leejunmi/ros2_ws/build/examples_rclcpp_wait_set' returned '0': CMAKE_PREFIX_PATH=/opt/ros/humble /usr/bin/cmake /home/leejunmi/ros2_ws/src/examples/rclcpp/wait_set -DCMAKE_INSTALL_PREFIX=/home/leejunmi/ros2_ws/install/examples_rclcpp_wait_set
[1.158s] Invoking command in '/home/leejunmi/ros2_ws/build/examples_rclcpp_wait_set': CMAKE_PREFIX_PATH=/opt/ros/humble /usr/bin/cmake --build /home/leejunmi/ros2_ws/build/examples_rclcpp_wait_set -- -j8 -l8
[1.254s] [35m[1mConsolidate compiler generated dependencies of target talker[0m
[1.254s] [35m[1mConsolidate compiler generated dependencies of target wait_set_listener[0m
[1.258s] [35m[1mConsolidate compiler generated dependencies of target listener[0m
[1.258s] [35m[1mConsolidate compiler generated dependencies of target wait_set[0m
[1.262s] [35m[1mConsolidate compiler generated dependencies of target wait_set_talker[0m
[1.277s] [35m[1mConsolidate compiler generated dependencies of target wait_set_topics_and_timer[0m
[1.288s] [35m[1mConsolidate compiler generated dependencies of target static_wait_set[0m
[1.299s] [35m[1mConsolidate compiler generated dependencies of target thread_safe_wait_set[0m
[1.306s] [  8%] Built target talker
[1.322s] [ 16%] Built target wait_set_listener
[1.331s] [ 25%] Built target wait_set_talker
[1.332s] [ 33%] Built target listener
[1.332s] [ 41%] Built target wait_set
[1.337s] [ 50%] Built target wait_set_topics_and_timer
[1.341s] [ 58%] Built target static_wait_set
[1.352s] [35m[1mConsolidate compiler generated dependencies of target wait_set_random_order[0m
[1.355s] [35m[1mConsolidate compiler generated dependencies of target wait_set_topics_with_different_rates[0m
[1.362s] [ 66%] Built target thread_safe_wait_set
[1.363s] [35m[1mConsolidate compiler generated dependencies of target executor_random_order[0m
[1.383s] [35m[1mConsolidate compiler generated dependencies of target wait_set_composed[0m
[1.392s] [ 75%] Built target executor_random_order
[1.393s] [ 83%] Built target wait_set_random_order
[1.393s] [ 91%] Built target wait_set_topics_with_different_rates
[1.400s] [100%] Built target wait_set_composed
[1.725s] Invoked command in '/home/leejunmi/ros2_ws/build/examples_rclcpp_wait_set' returned '0': CMAKE_PREFIX_PATH=/opt/ros/humble /usr/bin/cmake --build /home/leejunmi/ros2_ws/build/examples_rclcpp_wait_set -- -j8 -l8
[1.727s] Invoking command in '/home/leejunmi/ros2_ws/build/examples_rclcpp_wait_set': CMAKE_PREFIX_PATH=/opt/ros/humble /usr/bin/cmake --install /home/leejunmi/ros2_ws/build/examples_rclcpp_wait_set
[1.738s] -- Install configuration: "Release"
[1.739s] -- Up-to-date: /home/leejunmi/ros2_ws/install/examples_rclcpp_wait_set/lib/examples_rclcpp_wait_set/wait_set_talker
[1.739s] -- Up-to-date: /home/leejunmi/ros2_ws/install/examples_rclcpp_wait_set/lib/examples_rclcpp_wait_set/wait_set_listener
[1.739s] -- Up-to-date: /home/leejunmi/ros2_ws/install/examples_rclcpp_wait_set/lib/libtalker.so
[1.739s] -- Up-to-date: /home/leejunmi/ros2_ws/install/examples_rclcpp_wait_set/lib/liblistener.so
[1.739s] -- Up-to-date: /home/leejunmi/ros2_ws/install/examples_rclcpp_wait_set/lib/examples_rclcpp_wait_set/wait_set
[1.740s] -- Up-to-date: /home/leejunmi/ros2_ws/install/examples_rclcpp_wait_set/lib/examples_rclcpp_wait_set/static_wait_set
[1.740s] -- Up-to-date: /home/leejunmi/ros2_ws/install/examples_rclcpp_wait_set/lib/examples_rclcpp_wait_set/thread_safe_wait_set
[1.740s] -- Up-to-date: /home/leejunmi/ros2_ws/install/examples_rclcpp_wait_set/lib/examples_rclcpp_wait_set/wait_set_topics_and_timer
[1.741s] -- Up-to-date: /home/leejunmi/ros2_ws/install/examples_rclcpp_wait_set/lib/examples_rclcpp_wait_set/wait_set_random_order
[1.741s] -- Up-to-date: /home/leejunmi/ros2_ws/install/examples_rclcpp_wait_set/lib/examples_rclcpp_wait_set/executor_random_order
[1.741s] -- Up-to-date: /home/leejunmi/ros2_ws/install/examples_rclcpp_wait_set/lib/examples_rclcpp_wait_set/wait_set_topics_with_different_rates
[1.742s] -- Up-to-date: /home/leejunmi/ros2_ws/install/examples_rclcpp_wait_set/lib/examples_rclcpp_wait_set/wait_set_composed
[1.742s] -- Up-to-date: /home/leejunmi/ros2_ws/install/examples_rclcpp_wait_set/share/ament_index/resource_index/package_run_dependencies/examples_rclcpp_wait_set
[1.742s] -- Up-to-date: /home/leejunmi/ros2_ws/install/examples_rclcpp_wait_set/share/ament_index/resource_index/parent_prefix_path/examples_rclcpp_wait_set
[1.742s] -- Up-to-date: /home/leejunmi/ros2_ws/install/examples_rclcpp_wait_set/share/examples_rclcpp_wait_set/environment/ament_prefix_path.sh
[1.742s] -- Installing: /home/leejunmi/ros2_ws/install/examples_rclcpp_wait_set/share/examples_rclcpp_wait_set/environment/ament_prefix_path.dsv
[1.742s] -- Up-to-date: /home/leejunmi/ros2_ws/install/examples_rclcpp_wait_set/share/examples_rclcpp_wait_set/environment/path.sh
[1.742s] -- Installing: /home/leejunmi/ros2_ws/install/examples_rclcpp_wait_set/share/examples_rclcpp_wait_set/environment/path.dsv
[1.743s] -- Up-to-date: /home/leejunmi/ros2_ws/install/examples_rclcpp_wait_set/share/examples_rclcpp_wait_set/local_setup.bash
[1.743s] -- Up-to-date: /home/leejunmi/ros2_ws/install/examples_rclcpp_wait_set/share/examples_rclcpp_wait_set/local_setup.sh
[1.743s] -- Up-to-date: /home/leejunmi/ros2_ws/install/examples_rclcpp_wait_set/share/examples_rclcpp_wait_set/local_setup.zsh
[1.743s] -- Installing: /home/leejunmi/ros2_ws/install/examples_rclcpp_wait_set/share/examples_rclcpp_wait_set/local_setup.dsv
[1.743s] -- Installing: /home/leejunmi/ros2_ws/install/examples_rclcpp_wait_set/share/examples_rclcpp_wait_set/package.dsv
[1.743s] -- Up-to-date: /home/leejunmi/ros2_ws/install/examples_rclcpp_wait_set/share/ament_index/resource_index/packages/examples_rclcpp_wait_set
[1.743s] -- Up-to-date: /home/leejunmi/ros2_ws/install/examples_rclcpp_wait_set/share/ament_index/resource_index/rclcpp_components/examples_rclcpp_wait_set
[1.743s] -- Up-to-date: /home/leejunmi/ros2_ws/install/examples_rclcpp_wait_set/share/examples_rclcpp_wait_set/cmake/examples_rclcpp_wait_setConfig.cmake
[1.743s] -- Up-to-date: /home/leejunmi/ros2_ws/install/examples_rclcpp_wait_set/share/examples_rclcpp_wait_set/cmake/examples_rclcpp_wait_setConfig-version.cmake
[1.743s] -- Up-to-date: /home/leejunmi/ros2_ws/install/examples_rclcpp_wait_set/share/examples_rclcpp_wait_set/package.xml
[2.025s] Invoked command in '/home/leejunmi/ros2_ws/build/examples_rclcpp_wait_set' returned '0': CMAKE_PREFIX_PATH=/opt/ros/humble /usr/bin/cmake --install /home/leejunmi/ros2_ws/build/examples_rclcpp_wait_set
