[0.115s] DEBUG:colcon:Command line arguments: ['/usr/bin/colcon', 'build']
[0.115s] DEBUG:colcon:Parsed command line arguments: Namespace(log_base=None, log_level=None, verb_name='build', build_base='build', install_base='install', merge_install=False, symlink_install=False, test_result_base=None, continue_on_error=False, executor='parallel', parallel_workers=8, event_handlers=None, ignore_user_meta=False, metas=['./colcon.meta'], base_paths=['.'], packages_ignore=None, packages_ignore_regex=None, paths=None, packages_up_to=None, packages_up_to_regex=None, packages_above=None, packages_above_and_dependencies=None, packages_above_depth=None, packages_select_by_dep=None, packages_skip_by_dep=None, packages_skip_up_to=None, packages_select_build_failed=False, packages_skip_build_finished=False, packages_select_test_failures=False, packages_skip_test_passed=False, packages_select=None, packages_skip=None, packages_select_regex=None, packages_skip_regex=None, packages_start=None, packages_end=None, allow_overriding=[], cmake_args=None, cmake_target=None, cmake_target_skip_unavailable=False, cmake_clean_cache=False, cmake_clean_first=False, cmake_force_configure=False, ament_cmake_args=None, catkin_cmake_args=None, catkin_skip_building_tests=False, mixin_files=None, mixin=None, verb_parser=<colcon_mixin.mixin.mixin_argument.MixinArgumentDecorator object at 0x75ae04e562c0>, verb_extension=<colcon_core.verb.build.BuildVerb object at 0x75ae04e55d50>, main=<bound method BuildVerb.main of <colcon_core.verb.build.BuildVerb object at 0x75ae04e55d50>>, mixin_verb=('build',))
[0.312s] Level 1:colcon.colcon_core.package_discovery:discover_packages(colcon_meta) check parameters
[0.312s] Level 1:colcon.colcon_core.package_discovery:discover_packages(recursive) check parameters
[0.312s] Level 1:colcon.colcon_core.package_discovery:discover_packages(ignore) check parameters
[0.312s] Level 1:colcon.colcon_core.package_discovery:discover_packages(path) check parameters
[0.312s] Level 1:colcon.colcon_core.package_discovery:discover_packages(colcon_meta) discover
[0.312s] Level 1:colcon.colcon_core.package_discovery:discover_packages(recursive) discover
[0.312s] INFO:colcon.colcon_core.package_discovery:Crawling recursively for packages in '/home/leejunmi/ros2_ws'
[0.312s] Level 1:colcon.colcon_core.package_identification:_identify(.) by extensions ['ignore', 'ignore_ament_install']
[0.312s] Level 1:colcon.colcon_core.package_identification:_identify(.) by extension 'ignore'
[0.312s] Level 1:colcon.colcon_core.package_identification:_identify(.) by extension 'ignore_ament_install'
[0.312s] Level 1:colcon.colcon_core.package_identification:_identify(.) by extensions ['colcon_pkg']
[0.312s] Level 1:colcon.colcon_core.package_identification:_identify(.) by extension 'colcon_pkg'
[0.312s] Level 1:colcon.colcon_core.package_identification:_identify(.) by extensions ['colcon_meta']
[0.312s] Level 1:colcon.colcon_core.package_identification:_identify(.) by extension 'colcon_meta'
[0.312s] Level 1:colcon.colcon_core.package_identification:_identify(.) by extensions ['ros']
[0.312s] Level 1:colcon.colcon_core.package_identification:_identify(.) by extension 'ros'
[0.332s] Level 1:colcon.colcon_core.package_identification:_identify(.) by extensions ['cmake', 'python']
[0.332s] Level 1:colcon.colcon_core.package_identification:_identify(.) by extension 'cmake'
[0.332s] Level 1:colcon.colcon_core.package_identification:_identify(.) by extension 'python'
[0.332s] Level 1:colcon.colcon_core.package_identification:_identify(.) by extensions ['python_setup_py']
[0.332s] Level 1:colcon.colcon_core.package_identification:_identify(.) by extension 'python_setup_py'
[0.332s] Level 1:colcon.colcon_core.package_identification:_identify(build) by extensions ['ignore', 'ignore_ament_install']
[0.332s] Level 1:colcon.colcon_core.package_identification:_identify(build) by extension 'ignore'
[0.332s] Level 1:colcon.colcon_core.package_identification:_identify(build) ignored
[0.333s] Level 1:colcon.colcon_core.package_identification:_identify(install) by extensions ['ignore', 'ignore_ament_install']
[0.333s] Level 1:colcon.colcon_core.package_identification:_identify(install) by extension 'ignore'
[0.333s] Level 1:colcon.colcon_core.package_identification:_identify(install) ignored
[0.333s] Level 1:colcon.colcon_core.package_identification:_identify(launch) by extensions ['ignore', 'ignore_ament_install']
[0.333s] Level 1:colcon.colcon_core.package_identification:_identify(launch) by extension 'ignore'
[0.333s] Level 1:colcon.colcon_core.package_identification:_identify(launch) by extension 'ignore_ament_install'
[0.333s] Level 1:colcon.colcon_core.package_identification:_identify(launch) by extensions ['colcon_pkg']
[0.333s] Level 1:colcon.colcon_core.package_identification:_identify(launch) by extension 'colcon_pkg'
[0.333s] Level 1:colcon.colcon_core.package_identification:_identify(launch) by extensions ['colcon_meta']
[0.333s] Level 1:colcon.colcon_core.package_identification:_identify(launch) by extension 'colcon_meta'
[0.333s] Level 1:colcon.colcon_core.package_identification:_identify(launch) by extensions ['ros']
[0.333s] Level 1:colcon.colcon_core.package_identification:_identify(launch) by extension 'ros'
[0.333s] Level 1:colcon.colcon_core.package_identification:_identify(launch) by extensions ['cmake', 'python']
[0.333s] Level 1:colcon.colcon_core.package_identification:_identify(launch) by extension 'cmake'
[0.333s] Level 1:colcon.colcon_core.package_identification:_identify(launch) by extension 'python'
[0.333s] Level 1:colcon.colcon_core.package_identification:_identify(launch) by extensions ['python_setup_py']
[0.334s] Level 1:colcon.colcon_core.package_identification:_identify(launch) by extension 'python_setup_py'
[0.334s] Level 1:colcon.colcon_core.package_identification:_identify(launch/__pycache__) by extensions ['ignore', 'ignore_ament_install']
[0.334s] Level 1:colcon.colcon_core.package_identification:_identify(launch/__pycache__) by extension 'ignore'
[0.334s] Level 1:colcon.colcon_core.package_identification:_identify(launch/__pycache__) by extension 'ignore_ament_install'
[0.334s] Level 1:colcon.colcon_core.package_identification:_identify(launch/__pycache__) by extensions ['colcon_pkg']
[0.334s] Level 1:colcon.colcon_core.package_identification:_identify(launch/__pycache__) by extension 'colcon_pkg'
[0.334s] Level 1:colcon.colcon_core.package_identification:_identify(launch/__pycache__) by extensions ['colcon_meta']
[0.334s] Level 1:colcon.colcon_core.package_identification:_identify(launch/__pycache__) by extension 'colcon_meta'
[0.334s] Level 1:colcon.colcon_core.package_identification:_identify(launch/__pycache__) by extensions ['ros']
[0.334s] Level 1:colcon.colcon_core.package_identification:_identify(launch/__pycache__) by extension 'ros'
[0.334s] Level 1:colcon.colcon_core.package_identification:_identify(launch/__pycache__) by extensions ['cmake', 'python']
[0.334s] Level 1:colcon.colcon_core.package_identification:_identify(launch/__pycache__) by extension 'cmake'
[0.334s] Level 1:colcon.colcon_core.package_identification:_identify(launch/__pycache__) by extension 'python'
[0.334s] Level 1:colcon.colcon_core.package_identification:_identify(launch/__pycache__) by extensions ['python_setup_py']
[0.334s] Level 1:colcon.colcon_core.package_identification:_identify(launch/__pycache__) by extension 'python_setup_py'
[0.334s] Level 1:colcon.colcon_core.package_identification:_identify(log) by extensions ['ignore', 'ignore_ament_install']
[0.335s] Level 1:colcon.colcon_core.package_identification:_identify(log) by extension 'ignore'
[0.335s] Level 1:colcon.colcon_core.package_identification:_identify(log) ignored
[0.335s] Level 1:colcon.colcon_core.package_identification:_identify(src) by extensions ['ignore', 'ignore_ament_install']
[0.335s] Level 1:colcon.colcon_core.package_identification:_identify(src) by extension 'ignore'
[0.335s] Level 1:colcon.colcon_core.package_identification:_identify(src) by extension 'ignore_ament_install'
[0.335s] Level 1:colcon.colcon_core.package_identification:_identify(src) by extensions ['colcon_pkg']
[0.335s] Level 1:colcon.colcon_core.package_identification:_identify(src) by extension 'colcon_pkg'
[0.335s] Level 1:colcon.colcon_core.package_identification:_identify(src) by extensions ['colcon_meta']
[0.335s] Level 1:colcon.colcon_core.package_identification:_identify(src) by extension 'colcon_meta'
[0.335s] Level 1:colcon.colcon_core.package_identification:_identify(src) by extensions ['ros']
[0.335s] Level 1:colcon.colcon_core.package_identification:_identify(src) by extension 'ros'
[0.335s] Level 1:colcon.colcon_core.package_identification:_identify(src) by extensions ['cmake', 'python']
[0.335s] Level 1:colcon.colcon_core.package_identification:_identify(src) by extension 'cmake'
[0.335s] Level 1:colcon.colcon_core.package_identification:_identify(src) by extension 'python'
[0.335s] Level 1:colcon.colcon_core.package_identification:_identify(src) by extensions ['python_setup_py']
[0.335s] Level 1:colcon.colcon_core.package_identification:_identify(src) by extension 'python_setup_py'
[0.335s] Level 1:colcon.colcon_core.package_identification:_identify(src/img) by extensions ['ignore', 'ignore_ament_install']
[0.336s] Level 1:colcon.colcon_core.package_identification:_identify(src/img) by extension 'ignore'
[0.336s] Level 1:colcon.colcon_core.package_identification:_identify(src/img) by extension 'ignore_ament_install'
[0.336s] Level 1:colcon.colcon_core.package_identification:_identify(src/img) by extensions ['colcon_pkg']
[0.336s] Level 1:colcon.colcon_core.package_identification:_identify(src/img) by extension 'colcon_pkg'
[0.336s] Level 1:colcon.colcon_core.package_identification:_identify(src/img) by extensions ['colcon_meta']
[0.336s] Level 1:colcon.colcon_core.package_identification:_identify(src/img) by extension 'colcon_meta'
[0.336s] Level 1:colcon.colcon_core.package_identification:_identify(src/img) by extensions ['ros']
[0.336s] Level 1:colcon.colcon_core.package_identification:_identify(src/img) by extension 'ros'
[0.338s] DEBUG:colcon.colcon_core.package_identification:Package 'src/img' with type 'ros.ament_python' and name 'img'
[0.339s] Level 1:colcon.colcon_core.package_identification:_identify(src/msg_test) by extensions ['ignore', 'ignore_ament_install']
[0.339s] Level 1:colcon.colcon_core.package_identification:_identify(src/msg_test) by extension 'ignore'
[0.339s] Level 1:colcon.colcon_core.package_identification:_identify(src/msg_test) by extension 'ignore_ament_install'
[0.339s] Level 1:colcon.colcon_core.package_identification:_identify(src/msg_test) by extensions ['colcon_pkg']
[0.339s] Level 1:colcon.colcon_core.package_identification:_identify(src/msg_test) by extension 'colcon_pkg'
[0.339s] Level 1:colcon.colcon_core.package_identification:_identify(src/msg_test) by extensions ['colcon_meta']
[0.339s] Level 1:colcon.colcon_core.package_identification:_identify(src/msg_test) by extension 'colcon_meta'
[0.339s] Level 1:colcon.colcon_core.package_identification:_identify(src/msg_test) by extensions ['ros']
[0.339s] Level 1:colcon.colcon_core.package_identification:_identify(src/msg_test) by extension 'ros'
[0.340s] DEBUG:colcon.colcon_core.package_identification:Package 'src/msg_test' with type 'ros.ament_python' and name 'msg_test'
[0.340s] Level 1:colcon.colcon_core.package_identification:_identify(src/my_package) by extensions ['ignore', 'ignore_ament_install']
[0.340s] Level 1:colcon.colcon_core.package_identification:_identify(src/my_package) by extension 'ignore'
[0.340s] Level 1:colcon.colcon_core.package_identification:_identify(src/my_package) by extension 'ignore_ament_install'
[0.340s] Level 1:colcon.colcon_core.package_identification:_identify(src/my_package) by extensions ['colcon_pkg']
[0.340s] Level 1:colcon.colcon_core.package_identification:_identify(src/my_package) by extension 'colcon_pkg'
[0.340s] Level 1:colcon.colcon_core.package_identification:_identify(src/my_package) by extensions ['colcon_meta']
[0.340s] Level 1:colcon.colcon_core.package_identification:_identify(src/my_package) by extension 'colcon_meta'
[0.340s] Level 1:colcon.colcon_core.package_identification:_identify(src/my_package) by extensions ['ros']
[0.340s] Level 1:colcon.colcon_core.package_identification:_identify(src/my_package) by extension 'ros'
[0.341s] DEBUG:colcon.colcon_core.package_identification:Package 'src/my_package' with type 'ros.ament_python' and name 'my_package'
[0.341s] Level 1:colcon.colcon_core.package_identification:_identify(src/number) by extensions ['ignore', 'ignore_ament_install']
[0.341s] Level 1:colcon.colcon_core.package_identification:_identify(src/number) by extension 'ignore'
[0.341s] Level 1:colcon.colcon_core.package_identification:_identify(src/number) by extension 'ignore_ament_install'
[0.341s] Level 1:colcon.colcon_core.package_identification:_identify(src/number) by extensions ['colcon_pkg']
[0.341s] Level 1:colcon.colcon_core.package_identification:_identify(src/number) by extension 'colcon_pkg'
[0.341s] Level 1:colcon.colcon_core.package_identification:_identify(src/number) by extensions ['colcon_meta']
[0.341s] Level 1:colcon.colcon_core.package_identification:_identify(src/number) by extension 'colcon_meta'
[0.341s] Level 1:colcon.colcon_core.package_identification:_identify(src/number) by extensions ['ros']
[0.341s] Level 1:colcon.colcon_core.package_identification:_identify(src/number) by extension 'ros'
[0.342s] DEBUG:colcon.colcon_core.package_identification:Package 'src/number' with type 'ros.ament_cmake' and name 'number'
[0.342s] Level 1:colcon.colcon_core.package_identification:_identify(src/pkpk) by extensions ['ignore', 'ignore_ament_install']
[0.342s] Level 1:colcon.colcon_core.package_identification:_identify(src/pkpk) by extension 'ignore'
[0.342s] Level 1:colcon.colcon_core.package_identification:_identify(src/pkpk) by extension 'ignore_ament_install'
[0.342s] Level 1:colcon.colcon_core.package_identification:_identify(src/pkpk) by extensions ['colcon_pkg']
[0.342s] Level 1:colcon.colcon_core.package_identification:_identify(src/pkpk) by extension 'colcon_pkg'
[0.342s] Level 1:colcon.colcon_core.package_identification:_identify(src/pkpk) by extensions ['colcon_meta']
[0.342s] Level 1:colcon.colcon_core.package_identification:_identify(src/pkpk) by extension 'colcon_meta'
[0.342s] Level 1:colcon.colcon_core.package_identification:_identify(src/pkpk) by extensions ['ros']
[0.342s] Level 1:colcon.colcon_core.package_identification:_identify(src/pkpk) by extension 'ros'
[0.343s] DEBUG:colcon.colcon_core.package_identification:Package 'src/pkpk' with type 'ros.ament_python' and name 'pkpk'
[0.343s] Level 1:colcon.colcon_core.package_identification:_identify(src/py_pubsub) by extensions ['ignore', 'ignore_ament_install']
[0.343s] Level 1:colcon.colcon_core.package_identification:_identify(src/py_pubsub) by extension 'ignore'
[0.343s] Level 1:colcon.colcon_core.package_identification:_identify(src/py_pubsub) by extension 'ignore_ament_install'
[0.343s] Level 1:colcon.colcon_core.package_identification:_identify(src/py_pubsub) by extensions ['colcon_pkg']
[0.343s] Level 1:colcon.colcon_core.package_identification:_identify(src/py_pubsub) by extension 'colcon_pkg'
[0.343s] Level 1:colcon.colcon_core.package_identification:_identify(src/py_pubsub) by extensions ['colcon_meta']
[0.343s] Level 1:colcon.colcon_core.package_identification:_identify(src/py_pubsub) by extension 'colcon_meta'
[0.343s] Level 1:colcon.colcon_core.package_identification:_identify(src/py_pubsub) by extensions ['ros']
[0.343s] Level 1:colcon.colcon_core.package_identification:_identify(src/py_pubsub) by extension 'ros'
[0.344s] DEBUG:colcon.colcon_core.package_identification:Package 'src/py_pubsub' with type 'ros.ament_python' and name 'py_pubsub'
[0.344s] Level 1:colcon.colcon_core.package_identification:_identify(src/test_pkg) by extensions ['ignore', 'ignore_ament_install']
[0.344s] Level 1:colcon.colcon_core.package_identification:_identify(src/test_pkg) by extension 'ignore'
[0.344s] Level 1:colcon.colcon_core.package_identification:_identify(src/test_pkg) by extension 'ignore_ament_install'
[0.344s] Level 1:colcon.colcon_core.package_identification:_identify(src/test_pkg) by extensions ['colcon_pkg']
[0.344s] Level 1:colcon.colcon_core.package_identification:_identify(src/test_pkg) by extension 'colcon_pkg'
[0.344s] Level 1:colcon.colcon_core.package_identification:_identify(src/test_pkg) by extensions ['colcon_meta']
[0.344s] Level 1:colcon.colcon_core.package_identification:_identify(src/test_pkg) by extension 'colcon_meta'
[0.344s] Level 1:colcon.colcon_core.package_identification:_identify(src/test_pkg) by extensions ['ros']
[0.344s] Level 1:colcon.colcon_core.package_identification:_identify(src/test_pkg) by extension 'ros'
[0.345s] DEBUG:colcon.colcon_core.package_identification:Package 'src/test_pkg' with type 'ros.ament_python' and name 'test_pkg'
[0.345s] Level 1:colcon.colcon_core.package_discovery:discover_packages(recursive) using defaults
[0.345s] Level 1:colcon.colcon_core.package_discovery:discover_packages(ignore) discover
[0.345s] Level 1:colcon.colcon_core.package_discovery:discover_packages(ignore) using defaults
[0.345s] Level 1:colcon.colcon_core.package_discovery:discover_packages(path) discover
[0.345s] Level 1:colcon.colcon_core.package_discovery:discover_packages(path) using defaults
[0.367s] Level 1:colcon.colcon_core.package_discovery:discover_packages(prefix_path) check parameters
[0.367s] Level 1:colcon.colcon_core.package_discovery:discover_packages(prefix_path) discover
[0.370s] DEBUG:colcon.colcon_installed_package_information.package_discovery:Found 33 installed packages in /home/leejunmi/ros2_ws/install
[0.371s] DEBUG:colcon.colcon_installed_package_information.package_discovery:Found 294 installed packages in /opt/ros/humble
[0.373s] Level 1:colcon.colcon_core.package_discovery:discover_packages(prefix_path) using defaults
[0.412s] Level 5:colcon.colcon_core.verb:set package 'img' build argument 'cmake_args' from command line to 'None'
[0.412s] Level 5:colcon.colcon_core.verb:set package 'img' build argument 'cmake_target' from command line to 'None'
[0.412s] Level 5:colcon.colcon_core.verb:set package 'img' build argument 'cmake_target_skip_unavailable' from command line to 'False'
[0.412s] Level 5:colcon.colcon_core.verb:set package 'img' build argument 'cmake_clean_cache' from command line to 'False'
[0.412s] Level 5:colcon.colcon_core.verb:set package 'img' build argument 'cmake_clean_first' from command line to 'False'
[0.412s] Level 5:colcon.colcon_core.verb:set package 'img' build argument 'cmake_force_configure' from command line to 'False'
[0.412s] Level 5:colcon.colcon_core.verb:set package 'img' build argument 'ament_cmake_args' from command line to 'None'
[0.412s] Level 5:colcon.colcon_core.verb:set package 'img' build argument 'catkin_cmake_args' from command line to 'None'
[0.412s] Level 5:colcon.colcon_core.verb:set package 'img' build argument 'catkin_skip_building_tests' from command line to 'False'
[0.412s] DEBUG:colcon.colcon_core.verb:Building package 'img' with the following arguments: {'ament_cmake_args': None, 'build_base': '/home/leejunmi/ros2_ws/build/img', 'catkin_cmake_args': None, 'catkin_skip_building_tests': False, 'cmake_args': None, 'cmake_clean_cache': False, 'cmake_clean_first': False, 'cmake_force_configure': False, 'cmake_target': None, 'cmake_target_skip_unavailable': False, 'install_base': '/home/leejunmi/ros2_ws/install/img', 'merge_install': False, 'path': '/home/leejunmi/ros2_ws/src/img', 'symlink_install': False, 'test_result_base': None}
[0.412s] Level 5:colcon.colcon_core.verb:set package 'my_package' build argument 'cmake_args' from command line to 'None'
[0.412s] Level 5:colcon.colcon_core.verb:set package 'my_package' build argument 'cmake_target' from command line to 'None'
[0.412s] Level 5:colcon.colcon_core.verb:set package 'my_package' build argument 'cmake_target_skip_unavailable' from command line to 'False'
[0.412s] Level 5:colcon.colcon_core.verb:set package 'my_package' build argument 'cmake_clean_cache' from command line to 'False'
[0.412s] Level 5:colcon.colcon_core.verb:set package 'my_package' build argument 'cmake_clean_first' from command line to 'False'
[0.412s] Level 5:colcon.colcon_core.verb:set package 'my_package' build argument 'cmake_force_configure' from command line to 'False'
[0.412s] Level 5:colcon.colcon_core.verb:set package 'my_package' build argument 'ament_cmake_args' from command line to 'None'
[0.412s] Level 5:colcon.colcon_core.verb:set package 'my_package' build argument 'catkin_cmake_args' from command line to 'None'
[0.412s] Level 5:colcon.colcon_core.verb:set package 'my_package' build argument 'catkin_skip_building_tests' from command line to 'False'
[0.412s] DEBUG:colcon.colcon_core.verb:Building package 'my_package' with the following arguments: {'ament_cmake_args': None, 'build_base': '/home/leejunmi/ros2_ws/build/my_package', 'catkin_cmake_args': None, 'catkin_skip_building_tests': False, 'cmake_args': None, 'cmake_clean_cache': False, 'cmake_clean_first': False, 'cmake_force_configure': False, 'cmake_target': None, 'cmake_target_skip_unavailable': False, 'install_base': '/home/leejunmi/ros2_ws/install/my_package', 'merge_install': False, 'path': '/home/leejunmi/ros2_ws/src/my_package', 'symlink_install': False, 'test_result_base': None}
[0.413s] Level 5:colcon.colcon_core.verb:set package 'number' build argument 'cmake_args' from command line to 'None'
[0.413s] Level 5:colcon.colcon_core.verb:set package 'number' build argument 'cmake_target' from command line to 'None'
[0.413s] Level 5:colcon.colcon_core.verb:set package 'number' build argument 'cmake_target_skip_unavailable' from command line to 'False'
[0.413s] Level 5:colcon.colcon_core.verb:set package 'number' build argument 'cmake_clean_cache' from command line to 'False'
[0.413s] Level 5:colcon.colcon_core.verb:set package 'number' build argument 'cmake_clean_first' from command line to 'False'
[0.413s] Level 5:colcon.colcon_core.verb:set package 'number' build argument 'cmake_force_configure' from command line to 'False'
[0.413s] Level 5:colcon.colcon_core.verb:set package 'number' build argument 'ament_cmake_args' from command line to 'None'
[0.413s] Level 5:colcon.colcon_core.verb:set package 'number' build argument 'catkin_cmake_args' from command line to 'None'
[0.413s] Level 5:colcon.colcon_core.verb:set package 'number' build argument 'catkin_skip_building_tests' from command line to 'False'
[0.413s] DEBUG:colcon.colcon_core.verb:Building package 'number' with the following arguments: {'ament_cmake_args': None, 'build_base': '/home/leejunmi/ros2_ws/build/number', 'catkin_cmake_args': None, 'catkin_skip_building_tests': False, 'cmake_args': None, 'cmake_clean_cache': False, 'cmake_clean_first': False, 'cmake_force_configure': False, 'cmake_target': None, 'cmake_target_skip_unavailable': False, 'install_base': '/home/leejunmi/ros2_ws/install/number', 'merge_install': False, 'path': '/home/leejunmi/ros2_ws/src/number', 'symlink_install': False, 'test_result_base': None}
[0.413s] Level 5:colcon.colcon_core.verb:set package 'pkpk' build argument 'cmake_args' from command line to 'None'
[0.413s] Level 5:colcon.colcon_core.verb:set package 'pkpk' build argument 'cmake_target' from command line to 'None'
[0.413s] Level 5:colcon.colcon_core.verb:set package 'pkpk' build argument 'cmake_target_skip_unavailable' from command line to 'False'
[0.413s] Level 5:colcon.colcon_core.verb:set package 'pkpk' build argument 'cmake_clean_cache' from command line to 'False'
[0.413s] Level 5:colcon.colcon_core.verb:set package 'pkpk' build argument 'cmake_clean_first' from command line to 'False'
[0.413s] Level 5:colcon.colcon_core.verb:set package 'pkpk' build argument 'cmake_force_configure' from command line to 'False'
[0.413s] Level 5:colcon.colcon_core.verb:set package 'pkpk' build argument 'ament_cmake_args' from command line to 'None'
[0.413s] Level 5:colcon.colcon_core.verb:set package 'pkpk' build argument 'catkin_cmake_args' from command line to 'None'
[0.414s] Level 5:colcon.colcon_core.verb:set package 'pkpk' build argument 'catkin_skip_building_tests' from command line to 'False'
[0.414s] DEBUG:colcon.colcon_core.verb:Building package 'pkpk' with the following arguments: {'ament_cmake_args': None, 'build_base': '/home/leejunmi/ros2_ws/build/pkpk', 'catkin_cmake_args': None, 'catkin_skip_building_tests': False, 'cmake_args': None, 'cmake_clean_cache': False, 'cmake_clean_first': False, 'cmake_force_configure': False, 'cmake_target': None, 'cmake_target_skip_unavailable': False, 'install_base': '/home/leejunmi/ros2_ws/install/pkpk', 'merge_install': False, 'path': '/home/leejunmi/ros2_ws/src/pkpk', 'symlink_install': False, 'test_result_base': None}
[0.414s] Level 5:colcon.colcon_core.verb:set package 'py_pubsub' build argument 'cmake_args' from command line to 'None'
[0.414s] Level 5:colcon.colcon_core.verb:set package 'py_pubsub' build argument 'cmake_target' from command line to 'None'
[0.414s] Level 5:colcon.colcon_core.verb:set package 'py_pubsub' build argument 'cmake_target_skip_unavailable' from command line to 'False'
[0.414s] Level 5:colcon.colcon_core.verb:set package 'py_pubsub' build argument 'cmake_clean_cache' from command line to 'False'
[0.414s] Level 5:colcon.colcon_core.verb:set package 'py_pubsub' build argument 'cmake_clean_first' from command line to 'False'
[0.414s] Level 5:colcon.colcon_core.verb:set package 'py_pubsub' build argument 'cmake_force_configure' from command line to 'False'
[0.414s] Level 5:colcon.colcon_core.verb:set package 'py_pubsub' build argument 'ament_cmake_args' from command line to 'None'
[0.414s] Level 5:colcon.colcon_core.verb:set package 'py_pubsub' build argument 'catkin_cmake_args' from command line to 'None'
[0.414s] Level 5:colcon.colcon_core.verb:set package 'py_pubsub' build argument 'catkin_skip_building_tests' from command line to 'False'
[0.414s] DEBUG:colcon.colcon_core.verb:Building package 'py_pubsub' with the following arguments: {'ament_cmake_args': None, 'build_base': '/home/leejunmi/ros2_ws/build/py_pubsub', 'catkin_cmake_args': None, 'catkin_skip_building_tests': False, 'cmake_args': None, 'cmake_clean_cache': False, 'cmake_clean_first': False, 'cmake_force_configure': False, 'cmake_target': None, 'cmake_target_skip_unavailable': False, 'install_base': '/home/leejunmi/ros2_ws/install/py_pubsub', 'merge_install': False, 'path': '/home/leejunmi/ros2_ws/src/py_pubsub', 'symlink_install': False, 'test_result_base': None}
[0.414s] Level 5:colcon.colcon_core.verb:set package 'test_pkg' build argument 'cmake_args' from command line to 'None'
[0.414s] Level 5:colcon.colcon_core.verb:set package 'test_pkg' build argument 'cmake_target' from command line to 'None'
[0.414s] Level 5:colcon.colcon_core.verb:set package 'test_pkg' build argument 'cmake_target_skip_unavailable' from command line to 'False'
[0.414s] Level 5:colcon.colcon_core.verb:set package 'test_pkg' build argument 'cmake_clean_cache' from command line to 'False'
[0.414s] Level 5:colcon.colcon_core.verb:set package 'test_pkg' build argument 'cmake_clean_first' from command line to 'False'
[0.415s] Level 5:colcon.colcon_core.verb:set package 'test_pkg' build argument 'cmake_force_configure' from command line to 'False'
[0.415s] Level 5:colcon.colcon_core.verb:set package 'test_pkg' build argument 'ament_cmake_args' from command line to 'None'
[0.415s] Level 5:colcon.colcon_core.verb:set package 'test_pkg' build argument 'catkin_cmake_args' from command line to 'None'
[0.415s] Level 5:colcon.colcon_core.verb:set package 'test_pkg' build argument 'catkin_skip_building_tests' from command line to 'False'
[0.415s] DEBUG:colcon.colcon_core.verb:Building package 'test_pkg' with the following arguments: {'ament_cmake_args': None, 'build_base': '/home/leejunmi/ros2_ws/build/test_pkg', 'catkin_cmake_args': None, 'catkin_skip_building_tests': False, 'cmake_args': None, 'cmake_clean_cache': False, 'cmake_clean_first': False, 'cmake_force_configure': False, 'cmake_target': None, 'cmake_target_skip_unavailable': False, 'install_base': '/home/leejunmi/ros2_ws/install/test_pkg', 'merge_install': False, 'path': '/home/leejunmi/ros2_ws/src/test_pkg', 'symlink_install': False, 'test_result_base': None}
[0.415s] Level 5:colcon.colcon_core.verb:set package 'msg_test' build argument 'cmake_args' from command line to 'None'
[0.415s] Level 5:colcon.colcon_core.verb:set package 'msg_test' build argument 'cmake_target' from command line to 'None'
[0.415s] Level 5:colcon.colcon_core.verb:set package 'msg_test' build argument 'cmake_target_skip_unavailable' from command line to 'False'
[0.415s] Level 5:colcon.colcon_core.verb:set package 'msg_test' build argument 'cmake_clean_cache' from command line to 'False'
[0.415s] Level 5:colcon.colcon_core.verb:set package 'msg_test' build argument 'cmake_clean_first' from command line to 'False'
[0.415s] Level 5:colcon.colcon_core.verb:set package 'msg_test' build argument 'cmake_force_configure' from command line to 'False'
[0.415s] Level 5:colcon.colcon_core.verb:set package 'msg_test' build argument 'ament_cmake_args' from command line to 'None'
[0.415s] Level 5:colcon.colcon_core.verb:set package 'msg_test' build argument 'catkin_cmake_args' from command line to 'None'
[0.415s] Level 5:colcon.colcon_core.verb:set package 'msg_test' build argument 'catkin_skip_building_tests' from command line to 'False'
[0.415s] DEBUG:colcon.colcon_core.verb:Building package 'msg_test' with the following arguments: {'ament_cmake_args': None, 'build_base': '/home/leejunmi/ros2_ws/build/msg_test', 'catkin_cmake_args': None, 'catkin_skip_building_tests': False, 'cmake_args': None, 'cmake_clean_cache': False, 'cmake_clean_first': False, 'cmake_force_configure': False, 'cmake_target': None, 'cmake_target_skip_unavailable': False, 'install_base': '/home/leejunmi/ros2_ws/install/msg_test', 'merge_install': False, 'path': '/home/leejunmi/ros2_ws/src/msg_test', 'symlink_install': False, 'test_result_base': None}
[0.415s] INFO:colcon.colcon_core.executor:Executing jobs using 'parallel' executor
[0.416s] DEBUG:colcon.colcon_parallel_executor.executor.parallel:run_until_complete
[0.416s] INFO:colcon.colcon_ros.task.ament_cmake.build:Building ROS package in '/home/leejunmi/ros2_ws/src/number' with build type 'ament_cmake'
[0.417s] INFO:colcon.colcon_cmake.task.cmake.build:Building CMake package in '/home/leejunmi/ros2_ws/src/number'
[0.419s] INFO:colcon.colcon_core.plugin_system:Skipping extension 'colcon_core.shell.bat': Not used on non-Windows systems
[0.419s] INFO:colcon.colcon_core.shell:Skip shell extension 'powershell' for command environment: Not usable outside of PowerShell
[0.419s] DEBUG:colcon.colcon_core.shell:Skip shell extension 'dsv' for command environment
[0.423s] INFO:colcon.colcon_ros.task.ament_python.build:Building ROS package in '/home/leejunmi/ros2_ws/src/img' with build type 'ament_python'
[0.424s] Level 1:colcon.colcon_core.shell:create_environment_hook('img', 'ament_prefix_path')
[0.424s] INFO:colcon.colcon_core.shell:Creating environment hook '/home/leejunmi/ros2_ws/install/img/share/img/hook/ament_prefix_path.ps1'
[0.425s] INFO:colcon.colcon_core.shell:Creating environment descriptor '/home/leejunmi/ros2_ws/install/img/share/img/hook/ament_prefix_path.dsv'
[0.425s] INFO:colcon.colcon_core.shell:Creating environment hook '/home/leejunmi/ros2_ws/install/img/share/img/hook/ament_prefix_path.sh'
[0.426s] INFO:colcon.colcon_core.shell:Skip shell extension 'powershell' for command environment: Not usable outside of PowerShell
[0.426s] DEBUG:colcon.colcon_core.shell:Skip shell extension 'dsv' for command environment
[0.430s] INFO:colcon.colcon_ros.task.ament_python.build:Building ROS package in '/home/leejunmi/ros2_ws/src/my_package' with build type 'ament_python'
[0.430s] Level 1:colcon.colcon_core.shell:create_environment_hook('my_package', 'ament_prefix_path')
[0.431s] INFO:colcon.colcon_core.shell:Creating environment hook '/home/leejunmi/ros2_ws/install/my_package/share/my_package/hook/ament_prefix_path.ps1'
[0.431s] INFO:colcon.colcon_core.shell:Creating environment descriptor '/home/leejunmi/ros2_ws/install/my_package/share/my_package/hook/ament_prefix_path.dsv'
[0.432s] INFO:colcon.colcon_core.shell:Creating environment hook '/home/leejunmi/ros2_ws/install/my_package/share/my_package/hook/ament_prefix_path.sh'
[0.433s] INFO:colcon.colcon_core.shell:Skip shell extension 'powershell' for command environment: Not usable outside of PowerShell
[0.433s] DEBUG:colcon.colcon_core.shell:Skip shell extension 'dsv' for command environment
[0.437s] INFO:colcon.colcon_ros.task.ament_python.build:Building ROS package in '/home/leejunmi/ros2_ws/src/pkpk' with build type 'ament_python'
[0.437s] Level 1:colcon.colcon_core.shell:create_environment_hook('pkpk', 'ament_prefix_path')
[0.438s] INFO:colcon.colcon_core.shell:Creating environment hook '/home/leejunmi/ros2_ws/install/pkpk/share/pkpk/hook/ament_prefix_path.ps1'
[0.438s] INFO:colcon.colcon_core.shell:Creating environment descriptor '/home/leejunmi/ros2_ws/install/pkpk/share/pkpk/hook/ament_prefix_path.dsv'
[0.439s] INFO:colcon.colcon_core.shell:Creating environment hook '/home/leejunmi/ros2_ws/install/pkpk/share/pkpk/hook/ament_prefix_path.sh'
[0.439s] INFO:colcon.colcon_core.shell:Skip shell extension 'powershell' for command environment: Not usable outside of PowerShell
[0.439s] DEBUG:colcon.colcon_core.shell:Skip shell extension 'dsv' for command environment
[0.443s] INFO:colcon.colcon_ros.task.ament_python.build:Building ROS package in '/home/leejunmi/ros2_ws/src/py_pubsub' with build type 'ament_python'
[0.444s] Level 1:colcon.colcon_core.shell:create_environment_hook('py_pubsub', 'ament_prefix_path')
[0.444s] INFO:colcon.colcon_core.shell:Creating environment hook '/home/leejunmi/ros2_ws/install/py_pubsub/share/py_pubsub/hook/ament_prefix_path.ps1'
[0.445s] INFO:colcon.colcon_core.shell:Creating environment descriptor '/home/leejunmi/ros2_ws/install/py_pubsub/share/py_pubsub/hook/ament_prefix_path.dsv'
[0.446s] INFO:colcon.colcon_core.shell:Creating environment hook '/home/leejunmi/ros2_ws/install/py_pubsub/share/py_pubsub/hook/ament_prefix_path.sh'
[0.447s] INFO:colcon.colcon_core.shell:Skip shell extension 'powershell' for command environment: Not usable outside of PowerShell
[0.447s] DEBUG:colcon.colcon_core.shell:Skip shell extension 'dsv' for command environment
[0.451s] INFO:colcon.colcon_ros.task.ament_python.build:Building ROS package in '/home/leejunmi/ros2_ws/src/test_pkg' with build type 'ament_python'
[0.451s] Level 1:colcon.colcon_core.shell:create_environment_hook('test_pkg', 'ament_prefix_path')
[0.451s] INFO:colcon.colcon_core.shell:Creating environment hook '/home/leejunmi/ros2_ws/install/test_pkg/share/test_pkg/hook/ament_prefix_path.ps1'
[0.452s] INFO:colcon.colcon_core.shell:Creating environment descriptor '/home/leejunmi/ros2_ws/install/test_pkg/share/test_pkg/hook/ament_prefix_path.dsv'
[0.452s] INFO:colcon.colcon_core.shell:Creating environment hook '/home/leejunmi/ros2_ws/install/test_pkg/share/test_pkg/hook/ament_prefix_path.sh'
[0.453s] INFO:colcon.colcon_core.shell:Skip shell extension 'powershell' for command environment: Not usable outside of PowerShell
[0.453s] DEBUG:colcon.colcon_core.shell:Skip shell extension 'dsv' for command environment
[0.462s] DEBUG:colcon.colcon_core.event_handler.log_command:Invoking command in '/home/leejunmi/ros2_ws/build/number': CMAKE_PREFIX_PATH=${CMAKE_PREFIX_PATH}:/home/leejunmi/ros2_ws/install/py_pubsub:/home/leejunmi/ros2_ws/install/test_pkg:/home/leejunmi/ros2_ws/install/python_parameters:/home/leejunmi/ros2_ws/install/pkpk:/home/leejunmi/ros2_ws/install/msg_test:/home/leejunmi/ros2_ws/install/my_package:/home/leejunmi/ros2_ws/install/launch_testing_examples:/home/leejunmi/ros2_ws/install/img:/home/leejunmi/ros2_ws/install/examples_rclpy_pointcloud_publisher:/home/leejunmi/ros2_ws/install/examples_rclpy_minimal_subscriber:/home/leejunmi/ros2_ws/install/examples_rclpy_minimal_service:/home/leejunmi/ros2_ws/install/examples_rclpy_minimal_publisher:/home/leejunmi/ros2_ws/install/examples_rclpy_minimal_client:/home/leejunmi/ros2_ws/install/examples_rclpy_minimal_action_server:/home/leejunmi/ros2_ws/install/examples_rclpy_minimal_action_client:/home/leejunmi/ros2_ws/install/examples_rclpy_guard_conditions:/home/leejunmi/ros2_ws/install/examples_rclpy_executors:/opt/ros/humble /usr/bin/cmake --build /home/leejunmi/ros2_ws/build/number -- -j8 -l8
[0.821s] INFO:colcon.colcon_core.task.python.build:Building Python package in '/home/leejunmi/ros2_ws/src/img'
[0.821s] INFO:colcon.colcon_core.shell:Skip shell extension 'powershell' for command environment: Not usable outside of PowerShell
[0.822s] DEBUG:colcon.colcon_core.shell:Skip shell extension 'dsv' for command environment
[1.147s] INFO:colcon.colcon_core.task.python.build:Building Python package in '/home/leejunmi/ros2_ws/src/my_package'
[1.148s] INFO:colcon.colcon_core.shell:Skip shell extension 'powershell' for command environment: Not usable outside of PowerShell
[1.148s] DEBUG:colcon.colcon_core.shell:Skip shell extension 'dsv' for command environment
[1.445s] INFO:colcon.colcon_core.task.python.build:Building Python package in '/home/leejunmi/ros2_ws/src/pkpk'
[1.445s] INFO:colcon.colcon_core.shell:Skip shell extension 'powershell' for command environment: Not usable outside of PowerShell
[1.445s] DEBUG:colcon.colcon_core.shell:Skip shell extension 'dsv' for command environment
[1.748s] INFO:colcon.colcon_core.task.python.build:Building Python package in '/home/leejunmi/ros2_ws/src/py_pubsub'
[1.748s] INFO:colcon.colcon_core.shell:Skip shell extension 'powershell' for command environment: Not usable outside of PowerShell
[1.749s] DEBUG:colcon.colcon_core.shell:Skip shell extension 'dsv' for command environment
[2.052s] INFO:colcon.colcon_core.task.python.build:Building Python package in '/home/leejunmi/ros2_ws/src/test_pkg'
[2.052s] INFO:colcon.colcon_core.shell:Skip shell extension 'powershell' for command environment: Not usable outside of PowerShell
[2.052s] DEBUG:colcon.colcon_core.shell:Skip shell extension 'dsv' for command environment
[2.059s] DEBUG:colcon.colcon_core.event_handler.log_command:Invoked command in '/home/leejunmi/ros2_ws/build/number' returned '0': CMAKE_PREFIX_PATH=${CMAKE_PREFIX_PATH}:/home/leejunmi/ros2_ws/install/py_pubsub:/home/leejunmi/ros2_ws/install/test_pkg:/home/leejunmi/ros2_ws/install/python_parameters:/home/leejunmi/ros2_ws/install/pkpk:/home/leejunmi/ros2_ws/install/msg_test:/home/leejunmi/ros2_ws/install/my_package:/home/leejunmi/ros2_ws/install/launch_testing_examples:/home/leejunmi/ros2_ws/install/img:/home/leejunmi/ros2_ws/install/examples_rclpy_pointcloud_publisher:/home/leejunmi/ros2_ws/install/examples_rclpy_minimal_subscriber:/home/leejunmi/ros2_ws/install/examples_rclpy_minimal_service:/home/leejunmi/ros2_ws/install/examples_rclpy_minimal_publisher:/home/leejunmi/ros2_ws/install/examples_rclpy_minimal_client:/home/leejunmi/ros2_ws/install/examples_rclpy_minimal_action_server:/home/leejunmi/ros2_ws/install/examples_rclpy_minimal_action_client:/home/leejunmi/ros2_ws/install/examples_rclpy_guard_conditions:/home/leejunmi/ros2_ws/install/examples_rclpy_executors:/opt/ros/humble /usr/bin/cmake --build /home/leejunmi/ros2_ws/build/number -- -j8 -l8
[2.069s] DEBUG:colcon.colcon_core.event_handler.log_command:Invoking command in '/home/leejunmi/ros2_ws/build/number': CMAKE_PREFIX_PATH=${CMAKE_PREFIX_PATH}:/home/leejunmi/ros2_ws/install/py_pubsub:/home/leejunmi/ros2_ws/install/test_pkg:/home/leejunmi/ros2_ws/install/python_parameters:/home/leejunmi/ros2_ws/install/pkpk:/home/leejunmi/ros2_ws/install/msg_test:/home/leejunmi/ros2_ws/install/my_package:/home/leejunmi/ros2_ws/install/launch_testing_examples:/home/leejunmi/ros2_ws/install/img:/home/leejunmi/ros2_ws/install/examples_rclpy_pointcloud_publisher:/home/leejunmi/ros2_ws/install/examples_rclpy_minimal_subscriber:/home/leejunmi/ros2_ws/install/examples_rclpy_minimal_service:/home/leejunmi/ros2_ws/install/examples_rclpy_minimal_publisher:/home/leejunmi/ros2_ws/install/examples_rclpy_minimal_client:/home/leejunmi/ros2_ws/install/examples_rclpy_minimal_action_server:/home/leejunmi/ros2_ws/install/examples_rclpy_minimal_action_client:/home/leejunmi/ros2_ws/install/examples_rclpy_guard_conditions:/home/leejunmi/ros2_ws/install/examples_rclpy_executors:/opt/ros/humble /usr/bin/cmake --install /home/leejunmi/ros2_ws/build/number
[2.170s] Level 1:colcon.colcon_core.environment:create_environment_scripts_only(number)
[2.173s] DEBUG:colcon.colcon_core.event_handler.log_command:Invoked command in '/home/leejunmi/ros2_ws/build/number' returned '0': CMAKE_PREFIX_PATH=${CMAKE_PREFIX_PATH}:/home/leejunmi/ros2_ws/install/py_pubsub:/home/leejunmi/ros2_ws/install/test_pkg:/home/leejunmi/ros2_ws/install/python_parameters:/home/leejunmi/ros2_ws/install/pkpk:/home/leejunmi/ros2_ws/install/msg_test:/home/leejunmi/ros2_ws/install/my_package:/home/leejunmi/ros2_ws/install/launch_testing_examples:/home/leejunmi/ros2_ws/install/img:/home/leejunmi/ros2_ws/install/examples_rclpy_pointcloud_publisher:/home/leejunmi/ros2_ws/install/examples_rclpy_minimal_subscriber:/home/leejunmi/ros2_ws/install/examples_rclpy_minimal_service:/home/leejunmi/ros2_ws/install/examples_rclpy_minimal_publisher:/home/leejunmi/ros2_ws/install/examples_rclpy_minimal_client:/home/leejunmi/ros2_ws/install/examples_rclpy_minimal_action_server:/home/leejunmi/ros2_ws/install/examples_rclpy_minimal_action_client:/home/leejunmi/ros2_ws/install/examples_rclpy_guard_conditions:/home/leejunmi/ros2_ws/install/examples_rclpy_executors:/opt/ros/humble /usr/bin/cmake --install /home/leejunmi/ros2_ws/build/number
[2.175s] Level 1:colcon.colcon_core.environment:checking '/home/leejunmi/ros2_ws/install/number' for CMake module files
[2.176s] Level 1:colcon.colcon_core.environment:checking '/home/leejunmi/ros2_ws/install/number' for CMake config files
[2.177s] Level 1:colcon.colcon_core.shell:create_environment_hook('number', 'cmake_prefix_path')
[2.177s] INFO:colcon.colcon_core.shell:Creating environment hook '/home/leejunmi/ros2_ws/install/number/share/number/hook/cmake_prefix_path.ps1'
[2.179s] INFO:colcon.colcon_core.shell:Creating environment descriptor '/home/leejunmi/ros2_ws/install/number/share/number/hook/cmake_prefix_path.dsv'
[2.179s] INFO:colcon.colcon_core.shell:Creating environment hook '/home/leejunmi/ros2_ws/install/number/share/number/hook/cmake_prefix_path.sh'
[2.180s] Level 1:colcon.colcon_core.environment:checking '/home/leejunmi/ros2_ws/install/number/lib'
[2.180s] Level 1:colcon.colcon_core.shell:create_environment_hook('number', 'ld_library_path_lib')
[2.181s] INFO:colcon.colcon_core.shell:Creating environment hook '/home/leejunmi/ros2_ws/install/number/share/number/hook/ld_library_path_lib.ps1'
[2.182s] INFO:colcon.colcon_core.shell:Creating environment descriptor '/home/leejunmi/ros2_ws/install/number/share/number/hook/ld_library_path_lib.dsv'
[2.182s] INFO:colcon.colcon_core.shell:Creating environment hook '/home/leejunmi/ros2_ws/install/number/share/number/hook/ld_library_path_lib.sh'
[2.183s] Level 1:colcon.colcon_core.environment:checking '/home/leejunmi/ros2_ws/install/number/bin'
[2.183s] Level 1:colcon.colcon_core.environment:checking '/home/leejunmi/ros2_ws/install/number/lib/pkgconfig/number.pc'
[2.183s] Level 1:colcon.colcon_core.environment:checking '/home/leejunmi/ros2_ws/install/number/lib/python3.10/site-packages'
[2.184s] Level 1:colcon.colcon_core.environment:checking '/home/leejunmi/ros2_ws/install/number/bin'
[2.184s] INFO:colcon.colcon_core.shell:Creating package script '/home/leejunmi/ros2_ws/install/number/share/number/package.ps1'
[2.186s] INFO:colcon.colcon_core.shell:Creating package descriptor '/home/leejunmi/ros2_ws/install/number/share/number/package.dsv'
[2.187s] INFO:colcon.colcon_core.shell:Creating package script '/home/leejunmi/ros2_ws/install/number/share/number/package.sh'
[2.188s] INFO:colcon.colcon_core.shell:Creating package script '/home/leejunmi/ros2_ws/install/number/share/number/package.bash'
[2.189s] INFO:colcon.colcon_core.shell:Creating package script '/home/leejunmi/ros2_ws/install/number/share/number/package.zsh'
[2.190s] Level 1:colcon.colcon_core.environment:create_file_with_runtime_dependencies(/home/leejunmi/ros2_ws/install/number/share/colcon-core/packages/number)
[2.191s] Level 1:colcon.colcon_core.environment:create_environment_scripts_only(number)
[2.192s] Level 1:colcon.colcon_core.environment:checking '/home/leejunmi/ros2_ws/install/number' for CMake module files
[2.193s] Level 1:colcon.colcon_core.environment:checking '/home/leejunmi/ros2_ws/install/number' for CMake config files
[2.194s] Level 1:colcon.colcon_core.shell:create_environment_hook('number', 'cmake_prefix_path')
[2.194s] INFO:colcon.colcon_core.shell:Creating environment hook '/home/leejunmi/ros2_ws/install/number/share/number/hook/cmake_prefix_path.ps1'
[2.195s] INFO:colcon.colcon_core.shell:Creating environment descriptor '/home/leejunmi/ros2_ws/install/number/share/number/hook/cmake_prefix_path.dsv'
[2.195s] INFO:colcon.colcon_core.shell:Creating environment hook '/home/leejunmi/ros2_ws/install/number/share/number/hook/cmake_prefix_path.sh'
[2.196s] Level 1:colcon.colcon_core.environment:checking '/home/leejunmi/ros2_ws/install/number/lib'
[2.196s] Level 1:colcon.colcon_core.shell:create_environment_hook('number', 'ld_library_path_lib')
[2.197s] INFO:colcon.colcon_core.shell:Creating environment hook '/home/leejunmi/ros2_ws/install/number/share/number/hook/ld_library_path_lib.ps1'
[2.197s] INFO:colcon.colcon_core.shell:Creating environment descriptor '/home/leejunmi/ros2_ws/install/number/share/number/hook/ld_library_path_lib.dsv'
[2.198s] INFO:colcon.colcon_core.shell:Creating environment hook '/home/leejunmi/ros2_ws/install/number/share/number/hook/ld_library_path_lib.sh'
[2.199s] Level 1:colcon.colcon_core.environment:checking '/home/leejunmi/ros2_ws/install/number/bin'
[2.199s] Level 1:colcon.colcon_core.environment:checking '/home/leejunmi/ros2_ws/install/number/lib/pkgconfig/number.pc'
[2.199s] Level 1:colcon.colcon_core.environment:checking '/home/leejunmi/ros2_ws/install/number/lib/python3.10/site-packages'
[2.200s] Level 1:colcon.colcon_core.environment:checking '/home/leejunmi/ros2_ws/install/number/bin'
[2.200s] INFO:colcon.colcon_core.shell:Creating package script '/home/leejunmi/ros2_ws/install/number/share/number/package.ps1'
[2.201s] INFO:colcon.colcon_core.shell:Creating package descriptor '/home/leejunmi/ros2_ws/install/number/share/number/package.dsv'
[2.202s] INFO:colcon.colcon_core.shell:Creating package script '/home/leejunmi/ros2_ws/install/number/share/number/package.sh'
[2.203s] INFO:colcon.colcon_core.shell:Creating package script '/home/leejunmi/ros2_ws/install/number/share/number/package.bash'
[2.204s] INFO:colcon.colcon_core.shell:Creating package script '/home/leejunmi/ros2_ws/install/number/share/number/package.zsh'
[2.204s] Level 1:colcon.colcon_core.environment:create_file_with_runtime_dependencies(/home/leejunmi/ros2_ws/install/number/share/colcon-core/packages/number)
[2.205s] INFO:colcon.colcon_ros.task.ament_python.build:Building ROS package in '/home/leejunmi/ros2_ws/src/msg_test' with build type 'ament_python'
[2.205s] Level 1:colcon.colcon_core.shell:create_environment_hook('msg_test', 'ament_prefix_path')
[2.206s] INFO:colcon.colcon_core.shell:Creating environment hook '/home/leejunmi/ros2_ws/install/msg_test/share/msg_test/hook/ament_prefix_path.ps1'
[2.206s] INFO:colcon.colcon_core.shell:Creating environment descriptor '/home/leejunmi/ros2_ws/install/msg_test/share/msg_test/hook/ament_prefix_path.dsv'
[2.207s] INFO:colcon.colcon_core.shell:Creating environment hook '/home/leejunmi/ros2_ws/install/msg_test/share/msg_test/hook/ament_prefix_path.sh'
[2.208s] INFO:colcon.colcon_core.shell:Skip shell extension 'powershell' for command environment: Not usable outside of PowerShell
[2.208s] DEBUG:colcon.colcon_core.shell:Skip shell extension 'dsv' for command environment
[2.730s] INFO:colcon.colcon_core.task.python.build:Building Python package in '/home/leejunmi/ros2_ws/src/msg_test'
[2.730s] INFO:colcon.colcon_core.shell:Skip shell extension 'powershell' for command environment: Not usable outside of PowerShell
[2.730s] DEBUG:colcon.colcon_core.shell:Skip shell extension 'dsv' for command environment
[2.749s] DEBUG:colcon.colcon_core.event_handler.log_command:Invoking command in '/home/leejunmi/ros2_ws/src/img': PYTHONPATH=/home/leejunmi/ros2_ws/build/img/prefix_override:/usr/lib/python3/dist-packages/colcon_core/task/python/colcon_distutils_commands:/home/leejunmi/ros2_ws/install/img/lib/python3.10/site-packages:${PYTHONPATH} /usr/bin/python3 -W ignore:setup.py install is deprecated -W ignore:easy_install command is deprecated setup.py egg_info --egg-base ../../build/img build --build-base /home/leejunmi/ros2_ws/build/img/build install --record /home/leejunmi/ros2_ws/build/img/install.log --single-version-externally-managed install_data
[2.751s] DEBUG:colcon.colcon_core.event_handler.log_command:Invoking command in '/home/leejunmi/ros2_ws/src/my_package': PYTHONPATH=/home/leejunmi/ros2_ws/build/my_package/prefix_override:/usr/lib/python3/dist-packages/colcon_core/task/python/colcon_distutils_commands:/home/leejunmi/ros2_ws/install/my_package/lib/python3.10/site-packages:${PYTHONPATH} /usr/bin/python3 -W ignore:setup.py install is deprecated -W ignore:easy_install command is deprecated setup.py egg_info --egg-base ../../build/my_package build --build-base /home/leejunmi/ros2_ws/build/my_package/build install --record /home/leejunmi/ros2_ws/build/my_package/install.log --single-version-externally-managed install_data
[2.753s] DEBUG:colcon.colcon_core.event_handler.log_command:Invoking command in '/home/leejunmi/ros2_ws/src/pkpk': PYTHONPATH=/home/leejunmi/ros2_ws/build/pkpk/prefix_override:/usr/lib/python3/dist-packages/colcon_core/task/python/colcon_distutils_commands:/home/leejunmi/ros2_ws/install/pkpk/lib/python3.10/site-packages:${PYTHONPATH} /usr/bin/python3 -W ignore:setup.py install is deprecated -W ignore:easy_install command is deprecated setup.py egg_info --egg-base ../../build/pkpk build --build-base /home/leejunmi/ros2_ws/build/pkpk/build install --record /home/leejunmi/ros2_ws/build/pkpk/install.log --single-version-externally-managed install_data
[2.770s] DEBUG:colcon.colcon_core.event_handler.log_command:Invoking command in '/home/leejunmi/ros2_ws/src/py_pubsub': PYTHONPATH=/home/leejunmi/ros2_ws/build/py_pubsub/prefix_override:/usr/lib/python3/dist-packages/colcon_core/task/python/colcon_distutils_commands:/home/leejunmi/ros2_ws/install/py_pubsub/lib/python3.10/site-packages:${PYTHONPATH} /usr/bin/python3 -W ignore:setup.py install is deprecated -W ignore:easy_install command is deprecated setup.py egg_info --egg-base ../../build/py_pubsub build --build-base /home/leejunmi/ros2_ws/build/py_pubsub/build install --record /home/leejunmi/ros2_ws/build/py_pubsub/install.log --single-version-externally-managed install_data
[2.777s] DEBUG:colcon.colcon_core.event_handler.log_command:Invoking command in '/home/leejunmi/ros2_ws/src/test_pkg': PYTHONPATH=/home/leejunmi/ros2_ws/build/test_pkg/prefix_override:/usr/lib/python3/dist-packages/colcon_core/task/python/colcon_distutils_commands:/home/leejunmi/ros2_ws/install/test_pkg/lib/python3.10/site-packages:${PYTHONPATH} /usr/bin/python3 -W ignore:setup.py install is deprecated -W ignore:easy_install command is deprecated setup.py egg_info --egg-base ../../build/test_pkg build --build-base /home/leejunmi/ros2_ws/build/test_pkg/build install --record /home/leejunmi/ros2_ws/build/test_pkg/install.log --single-version-externally-managed install_data
[3.212s] Level 1:colcon.colcon_core.environment:checking '/home/leejunmi/ros2_ws/install/py_pubsub' for CMake module files
[3.213s] DEBUG:colcon.colcon_core.event_handler.log_command:Invoked command in '/home/leejunmi/ros2_ws/src/py_pubsub' returned '0': PYTHONPATH=/home/leejunmi/ros2_ws/build/py_pubsub/prefix_override:/usr/lib/python3/dist-packages/colcon_core/task/python/colcon_distutils_commands:/home/leejunmi/ros2_ws/install/py_pubsub/lib/python3.10/site-packages:${PYTHONPATH} /usr/bin/python3 -W ignore:setup.py install is deprecated -W ignore:easy_install command is deprecated setup.py egg_info --egg-base ../../build/py_pubsub build --build-base /home/leejunmi/ros2_ws/build/py_pubsub/build install --record /home/leejunmi/ros2_ws/build/py_pubsub/install.log --single-version-externally-managed install_data
[3.213s] Level 1:colcon.colcon_core.environment:checking '/home/leejunmi/ros2_ws/install/py_pubsub' for CMake config files
[3.214s] Level 1:colcon.colcon_core.environment:checking '/home/leejunmi/ros2_ws/install/py_pubsub/lib'
[3.214s] Level 1:colcon.colcon_core.environment:checking '/home/leejunmi/ros2_ws/install/py_pubsub/bin'
[3.214s] Level 1:colcon.colcon_core.environment:checking '/home/leejunmi/ros2_ws/install/py_pubsub/lib/pkgconfig/py_pubsub.pc'
[3.214s] Level 1:colcon.colcon_core.environment:checking '/home/leejunmi/ros2_ws/install/py_pubsub/lib/python3.10/site-packages'
[3.214s] Level 1:colcon.colcon_core.shell:create_environment_hook('py_pubsub', 'pythonpath')
[3.214s] INFO:colcon.colcon_core.shell:Creating environment hook '/home/leejunmi/ros2_ws/install/py_pubsub/share/py_pubsub/hook/pythonpath.ps1'
[3.215s] INFO:colcon.colcon_core.shell:Creating environment descriptor '/home/leejunmi/ros2_ws/install/py_pubsub/share/py_pubsub/hook/pythonpath.dsv'
[3.215s] INFO:colcon.colcon_core.shell:Creating environment hook '/home/leejunmi/ros2_ws/install/py_pubsub/share/py_pubsub/hook/pythonpath.sh'
[3.216s] Level 1:colcon.colcon_core.environment:checking '/home/leejunmi/ros2_ws/install/py_pubsub/bin'
[3.216s] Level 1:colcon.colcon_core.environment:create_environment_scripts_only(py_pubsub)
[3.217s] INFO:colcon.colcon_core.shell:Creating package script '/home/leejunmi/ros2_ws/install/py_pubsub/share/py_pubsub/package.ps1'
[3.217s] INFO:colcon.colcon_core.shell:Creating package descriptor '/home/leejunmi/ros2_ws/install/py_pubsub/share/py_pubsub/package.dsv'
[3.218s] INFO:colcon.colcon_core.shell:Creating package script '/home/leejunmi/ros2_ws/install/py_pubsub/share/py_pubsub/package.sh'
[3.218s] INFO:colcon.colcon_core.shell:Creating package script '/home/leejunmi/ros2_ws/install/py_pubsub/share/py_pubsub/package.bash'
[3.219s] INFO:colcon.colcon_core.shell:Creating package script '/home/leejunmi/ros2_ws/install/py_pubsub/share/py_pubsub/package.zsh'
[3.219s] Level 1:colcon.colcon_core.environment:create_file_with_runtime_dependencies(/home/leejunmi/ros2_ws/install/py_pubsub/share/colcon-core/packages/py_pubsub)
[3.221s] Level 1:colcon.colcon_core.environment:checking '/home/leejunmi/ros2_ws/install/test_pkg' for CMake module files
[3.221s] DEBUG:colcon.colcon_core.event_handler.log_command:Invoked command in '/home/leejunmi/ros2_ws/src/test_pkg' returned '0': PYTHONPATH=/home/leejunmi/ros2_ws/build/test_pkg/prefix_override:/usr/lib/python3/dist-packages/colcon_core/task/python/colcon_distutils_commands:/home/leejunmi/ros2_ws/install/test_pkg/lib/python3.10/site-packages:${PYTHONPATH} /usr/bin/python3 -W ignore:setup.py install is deprecated -W ignore:easy_install command is deprecated setup.py egg_info --egg-base ../../build/test_pkg build --build-base /home/leejunmi/ros2_ws/build/test_pkg/build install --record /home/leejunmi/ros2_ws/build/test_pkg/install.log --single-version-externally-managed install_data
[3.222s] Level 1:colcon.colcon_core.environment:checking '/home/leejunmi/ros2_ws/install/test_pkg' for CMake config files
[3.222s] Level 1:colcon.colcon_core.environment:checking '/home/leejunmi/ros2_ws/install/test_pkg/lib'
[3.222s] Level 1:colcon.colcon_core.environment:checking '/home/leejunmi/ros2_ws/install/test_pkg/bin'
[3.222s] Level 1:colcon.colcon_core.environment:checking '/home/leejunmi/ros2_ws/install/test_pkg/lib/pkgconfig/test_pkg.pc'
[3.223s] Level 1:colcon.colcon_core.environment:checking '/home/leejunmi/ros2_ws/install/test_pkg/lib/python3.10/site-packages'
[3.223s] Level 1:colcon.colcon_core.shell:create_environment_hook('test_pkg', 'pythonpath')
[3.223s] INFO:colcon.colcon_core.shell:Creating environment hook '/home/leejunmi/ros2_ws/install/test_pkg/share/test_pkg/hook/pythonpath.ps1'
[3.223s] INFO:colcon.colcon_core.shell:Creating environment descriptor '/home/leejunmi/ros2_ws/install/test_pkg/share/test_pkg/hook/pythonpath.dsv'
[3.224s] INFO:colcon.colcon_core.shell:Creating environment hook '/home/leejunmi/ros2_ws/install/test_pkg/share/test_pkg/hook/pythonpath.sh'
[3.224s] Level 1:colcon.colcon_core.environment:checking '/home/leejunmi/ros2_ws/install/test_pkg/bin'
[3.224s] Level 1:colcon.colcon_core.environment:create_environment_scripts_only(test_pkg)
[3.225s] INFO:colcon.colcon_core.shell:Creating package script '/home/leejunmi/ros2_ws/install/test_pkg/share/test_pkg/package.ps1'
[3.225s] INFO:colcon.colcon_core.shell:Creating package descriptor '/home/leejunmi/ros2_ws/install/test_pkg/share/test_pkg/package.dsv'
[3.226s] INFO:colcon.colcon_core.shell:Creating package script '/home/leejunmi/ros2_ws/install/test_pkg/share/test_pkg/package.sh'
[3.226s] INFO:colcon.colcon_core.shell:Creating package script '/home/leejunmi/ros2_ws/install/test_pkg/share/test_pkg/package.bash'
[3.227s] INFO:colcon.colcon_core.shell:Creating package script '/home/leejunmi/ros2_ws/install/test_pkg/share/test_pkg/package.zsh'
[3.227s] Level 1:colcon.colcon_core.environment:create_file_with_runtime_dependencies(/home/leejunmi/ros2_ws/install/test_pkg/share/colcon-core/packages/test_pkg)
[3.396s] Level 1:colcon.colcon_core.environment:checking '/home/leejunmi/ros2_ws/install/pkpk' for CMake module files
[3.397s] DEBUG:colcon.colcon_core.event_handler.log_command:Invoked command in '/home/leejunmi/ros2_ws/src/pkpk' returned '0': PYTHONPATH=/home/leejunmi/ros2_ws/build/pkpk/prefix_override:/usr/lib/python3/dist-packages/colcon_core/task/python/colcon_distutils_commands:/home/leejunmi/ros2_ws/install/pkpk/lib/python3.10/site-packages:${PYTHONPATH} /usr/bin/python3 -W ignore:setup.py install is deprecated -W ignore:easy_install command is deprecated setup.py egg_info --egg-base ../../build/pkpk build --build-base /home/leejunmi/ros2_ws/build/pkpk/build install --record /home/leejunmi/ros2_ws/build/pkpk/install.log --single-version-externally-managed install_data
[3.397s] Level 1:colcon.colcon_core.environment:checking '/home/leejunmi/ros2_ws/install/pkpk' for CMake config files
[3.398s] Level 1:colcon.colcon_core.environment:checking '/home/leejunmi/ros2_ws/install/pkpk/lib'
[3.399s] Level 1:colcon.colcon_core.environment:checking '/home/leejunmi/ros2_ws/install/pkpk/bin'
[3.399s] Level 1:colcon.colcon_core.environment:checking '/home/leejunmi/ros2_ws/install/pkpk/lib/pkgconfig/pkpk.pc'
[3.399s] Level 1:colcon.colcon_core.environment:checking '/home/leejunmi/ros2_ws/install/pkpk/lib/python3.10/site-packages'
[3.399s] Level 1:colcon.colcon_core.shell:create_environment_hook('pkpk', 'pythonpath')
[3.400s] INFO:colcon.colcon_core.shell:Creating environment hook '/home/leejunmi/ros2_ws/install/pkpk/share/pkpk/hook/pythonpath.ps1'
[3.401s] INFO:colcon.colcon_core.shell:Creating environment descriptor '/home/leejunmi/ros2_ws/install/pkpk/share/pkpk/hook/pythonpath.dsv'
[3.401s] INFO:colcon.colcon_core.shell:Creating environment hook '/home/leejunmi/ros2_ws/install/pkpk/share/pkpk/hook/pythonpath.sh'
[3.402s] Level 1:colcon.colcon_core.environment:checking '/home/leejunmi/ros2_ws/install/pkpk/bin'
[3.402s] Level 1:colcon.colcon_core.environment:create_environment_scripts_only(pkpk)
[3.403s] INFO:colcon.colcon_core.shell:Creating package script '/home/leejunmi/ros2_ws/install/pkpk/share/pkpk/package.ps1'
[3.404s] INFO:colcon.colcon_core.shell:Creating package descriptor '/home/leejunmi/ros2_ws/install/pkpk/share/pkpk/package.dsv'
[3.405s] INFO:colcon.colcon_core.shell:Creating package script '/home/leejunmi/ros2_ws/install/pkpk/share/pkpk/package.sh'
[3.406s] INFO:colcon.colcon_core.shell:Creating package script '/home/leejunmi/ros2_ws/install/pkpk/share/pkpk/package.bash'
[3.406s] INFO:colcon.colcon_core.shell:Creating package script '/home/leejunmi/ros2_ws/install/pkpk/share/pkpk/package.zsh'
[3.407s] Level 1:colcon.colcon_core.environment:create_file_with_runtime_dependencies(/home/leejunmi/ros2_ws/install/pkpk/share/colcon-core/packages/pkpk)
[3.417s] Level 1:colcon.colcon_core.environment:checking '/home/leejunmi/ros2_ws/install/my_package' for CMake module files
[3.418s] DEBUG:colcon.colcon_core.event_handler.log_command:Invoked command in '/home/leejunmi/ros2_ws/src/my_package' returned '0': PYTHONPATH=/home/leejunmi/ros2_ws/build/my_package/prefix_override:/usr/lib/python3/dist-packages/colcon_core/task/python/colcon_distutils_commands:/home/leejunmi/ros2_ws/install/my_package/lib/python3.10/site-packages:${PYTHONPATH} /usr/bin/python3 -W ignore:setup.py install is deprecated -W ignore:easy_install command is deprecated setup.py egg_info --egg-base ../../build/my_package build --build-base /home/leejunmi/ros2_ws/build/my_package/build install --record /home/leejunmi/ros2_ws/build/my_package/install.log --single-version-externally-managed install_data
[3.419s] Level 1:colcon.colcon_core.environment:checking '/home/leejunmi/ros2_ws/install/my_package' for CMake config files
[3.420s] Level 1:colcon.colcon_core.environment:checking '/home/leejunmi/ros2_ws/install/my_package/lib'
[3.420s] Level 1:colcon.colcon_core.environment:checking '/home/leejunmi/ros2_ws/install/my_package/bin'
[3.420s] Level 1:colcon.colcon_core.environment:checking '/home/leejunmi/ros2_ws/install/my_package/lib/pkgconfig/my_package.pc'
[3.421s] Level 1:colcon.colcon_core.environment:checking '/home/leejunmi/ros2_ws/install/my_package/lib/python3.10/site-packages'
[3.421s] Level 1:colcon.colcon_core.shell:create_environment_hook('my_package', 'pythonpath')
[3.421s] INFO:colcon.colcon_core.shell:Creating environment hook '/home/leejunmi/ros2_ws/install/my_package/share/my_package/hook/pythonpath.ps1'
[3.422s] INFO:colcon.colcon_core.shell:Creating environment descriptor '/home/leejunmi/ros2_ws/install/my_package/share/my_package/hook/pythonpath.dsv'
[3.423s] INFO:colcon.colcon_core.shell:Creating environment hook '/home/leejunmi/ros2_ws/install/my_package/share/my_package/hook/pythonpath.sh'
[3.424s] Level 1:colcon.colcon_core.environment:checking '/home/leejunmi/ros2_ws/install/my_package/bin'
[3.424s] Level 1:colcon.colcon_core.environment:create_environment_scripts_only(my_package)
[3.425s] INFO:colcon.colcon_core.shell:Creating package script '/home/leejunmi/ros2_ws/install/my_package/share/my_package/package.ps1'
[3.425s] INFO:colcon.colcon_core.shell:Creating package descriptor '/home/leejunmi/ros2_ws/install/my_package/share/my_package/package.dsv'
[3.426s] INFO:colcon.colcon_core.shell:Creating package script '/home/leejunmi/ros2_ws/install/my_package/share/my_package/package.sh'
[3.427s] INFO:colcon.colcon_core.shell:Creating package script '/home/leejunmi/ros2_ws/install/my_package/share/my_package/package.bash'
[3.428s] INFO:colcon.colcon_core.shell:Creating package script '/home/leejunmi/ros2_ws/install/my_package/share/my_package/package.zsh'
[3.428s] Level 1:colcon.colcon_core.environment:create_file_with_runtime_dependencies(/home/leejunmi/ros2_ws/install/my_package/share/colcon-core/packages/my_package)
[3.430s] Level 1:colcon.colcon_core.environment:checking '/home/leejunmi/ros2_ws/install/img' for CMake module files
[3.431s] DEBUG:colcon.colcon_core.event_handler.log_command:Invoked command in '/home/leejunmi/ros2_ws/src/img' returned '0': PYTHONPATH=/home/leejunmi/ros2_ws/build/img/prefix_override:/usr/lib/python3/dist-packages/colcon_core/task/python/colcon_distutils_commands:/home/leejunmi/ros2_ws/install/img/lib/python3.10/site-packages:${PYTHONPATH} /usr/bin/python3 -W ignore:setup.py install is deprecated -W ignore:easy_install command is deprecated setup.py egg_info --egg-base ../../build/img build --build-base /home/leejunmi/ros2_ws/build/img/build install --record /home/leejunmi/ros2_ws/build/img/install.log --single-version-externally-managed install_data
[3.432s] Level 1:colcon.colcon_core.environment:checking '/home/leejunmi/ros2_ws/install/img' for CMake config files
[3.433s] Level 1:colcon.colcon_core.environment:checking '/home/leejunmi/ros2_ws/install/img/lib'
[3.433s] Level 1:colcon.colcon_core.environment:checking '/home/leejunmi/ros2_ws/install/img/bin'
[3.433s] Level 1:colcon.colcon_core.environment:checking '/home/leejunmi/ros2_ws/install/img/lib/pkgconfig/img.pc'
[3.433s] Level 1:colcon.colcon_core.environment:checking '/home/leejunmi/ros2_ws/install/img/lib/python3.10/site-packages'
[3.433s] Level 1:colcon.colcon_core.shell:create_environment_hook('img', 'pythonpath')
[3.434s] INFO:colcon.colcon_core.shell:Creating environment hook '/home/leejunmi/ros2_ws/install/img/share/img/hook/pythonpath.ps1'
[3.434s] INFO:colcon.colcon_core.shell:Creating environment descriptor '/home/leejunmi/ros2_ws/install/img/share/img/hook/pythonpath.dsv'
[3.435s] INFO:colcon.colcon_core.shell:Creating environment hook '/home/leejunmi/ros2_ws/install/img/share/img/hook/pythonpath.sh'
[3.436s] Level 1:colcon.colcon_core.environment:checking '/home/leejunmi/ros2_ws/install/img/bin'
[3.437s] Level 1:colcon.colcon_core.environment:create_environment_scripts_only(img)
[3.437s] INFO:colcon.colcon_core.shell:Creating package script '/home/leejunmi/ros2_ws/install/img/share/img/package.ps1'
[3.438s] INFO:colcon.colcon_core.shell:Creating package descriptor '/home/leejunmi/ros2_ws/install/img/share/img/package.dsv'
[3.439s] INFO:colcon.colcon_core.shell:Creating package script '/home/leejunmi/ros2_ws/install/img/share/img/package.sh'
[3.440s] INFO:colcon.colcon_core.shell:Creating package script '/home/leejunmi/ros2_ws/install/img/share/img/package.bash'
[3.440s] INFO:colcon.colcon_core.shell:Creating package script '/home/leejunmi/ros2_ws/install/img/share/img/package.zsh'
[3.441s] Level 1:colcon.colcon_core.environment:create_file_with_runtime_dependencies(/home/leejunmi/ros2_ws/install/img/share/colcon-core/packages/img)
[3.464s] DEBUG:colcon.colcon_core.event_handler.log_command:Invoking command in '/home/leejunmi/ros2_ws/src/msg_test': CMAKE_PREFIX_PATH=/home/leejunmi/ros2_ws/install/number:/home/leejunmi/ros2_ws/install/tutorial_interfaces:/home/leejunmi/ros2_ws/install/turtlesim:/home/leejunmi/ros2_ws/install/examples_rclcpp_wait_set:/home/leejunmi/ros2_ws/install/examples_rclcpp_multithreaded_executor:/home/leejunmi/ros2_ws/install/examples_rclcpp_minimal_timer:/home/leejunmi/ros2_ws/install/examples_rclcpp_minimal_subscriber:/home/leejunmi/ros2_ws/install/examples_rclcpp_minimal_service:/home/leejunmi/ros2_ws/install/examples_rclcpp_minimal_publisher:/home/leejunmi/ros2_ws/install/examples_rclcpp_minimal_composition:/home/leejunmi/ros2_ws/install/examples_rclcpp_minimal_client:/home/leejunmi/ros2_ws/install/examples_rclcpp_minimal_action_server:/home/leejunmi/ros2_ws/install/examples_rclcpp_minimal_action_client:/home/leejunmi/ros2_ws/install/examples_rclcpp_cbg_executor:/home/leejunmi/ros2_ws/install/examples_rclcpp_async_client LD_LIBRARY_PATH=/home/leejunmi/ros2_ws/install/number/lib:/home/leejunmi/ros2_ws/install/tutorial_interfaces/lib:/home/leejunmi/ros2_ws/install/turtlesim/lib:/home/leejunmi/ros2_ws/install/examples_rclcpp_wait_set/lib:/home/leejunmi/ros2_ws/install/examples_rclcpp_minimal_subscriber/lib:/home/leejunmi/ros2_ws/install/examples_rclcpp_minimal_composition/lib:/opt/ros/humble/opt/rviz_ogre_vendor/lib:/opt/ros/humble/lib/x86_64-linux-gnu:/opt/ros/humble/lib PYTHONPATH=/home/leejunmi/ros2_ws/build/msg_test/prefix_override:/usr/lib/python3/dist-packages/colcon_core/task/python/colcon_distutils_commands:/home/leejunmi/ros2_ws/install/msg_test/lib/python3.10/site-packages:${PYTHONPATH} /usr/bin/python3 -W ignore:setup.py install is deprecated -W ignore:easy_install command is deprecated setup.py egg_info --egg-base ../../build/msg_test build --build-base /home/leejunmi/ros2_ws/build/msg_test/build install --record /home/leejunmi/ros2_ws/build/msg_test/install.log --single-version-externally-managed install_data
[3.866s] Level 1:colcon.colcon_core.environment:checking '/home/leejunmi/ros2_ws/install/msg_test' for CMake module files
[3.867s] DEBUG:colcon.colcon_core.event_handler.log_command:Invoked command in '/home/leejunmi/ros2_ws/src/msg_test' returned '0': CMAKE_PREFIX_PATH=/home/leejunmi/ros2_ws/install/number:/home/leejunmi/ros2_ws/install/tutorial_interfaces:/home/leejunmi/ros2_ws/install/turtlesim:/home/leejunmi/ros2_ws/install/examples_rclcpp_wait_set:/home/leejunmi/ros2_ws/install/examples_rclcpp_multithreaded_executor:/home/leejunmi/ros2_ws/install/examples_rclcpp_minimal_timer:/home/leejunmi/ros2_ws/install/examples_rclcpp_minimal_subscriber:/home/leejunmi/ros2_ws/install/examples_rclcpp_minimal_service:/home/leejunmi/ros2_ws/install/examples_rclcpp_minimal_publisher:/home/leejunmi/ros2_ws/install/examples_rclcpp_minimal_composition:/home/leejunmi/ros2_ws/install/examples_rclcpp_minimal_client:/home/leejunmi/ros2_ws/install/examples_rclcpp_minimal_action_server:/home/leejunmi/ros2_ws/install/examples_rclcpp_minimal_action_client:/home/leejunmi/ros2_ws/install/examples_rclcpp_cbg_executor:/home/leejunmi/ros2_ws/install/examples_rclcpp_async_client LD_LIBRARY_PATH=/home/leejunmi/ros2_ws/install/number/lib:/home/leejunmi/ros2_ws/install/tutorial_interfaces/lib:/home/leejunmi/ros2_ws/install/turtlesim/lib:/home/leejunmi/ros2_ws/install/examples_rclcpp_wait_set/lib:/home/leejunmi/ros2_ws/install/examples_rclcpp_minimal_subscriber/lib:/home/leejunmi/ros2_ws/install/examples_rclcpp_minimal_composition/lib:/opt/ros/humble/opt/rviz_ogre_vendor/lib:/opt/ros/humble/lib/x86_64-linux-gnu:/opt/ros/humble/lib PYTHONPATH=/home/leejunmi/ros2_ws/build/msg_test/prefix_override:/usr/lib/python3/dist-packages/colcon_core/task/python/colcon_distutils_commands:/home/leejunmi/ros2_ws/install/msg_test/lib/python3.10/site-packages:${PYTHONPATH} /usr/bin/python3 -W ignore:setup.py install is deprecated -W ignore:easy_install command is deprecated setup.py egg_info --egg-base ../../build/msg_test build --build-base /home/leejunmi/ros2_ws/build/msg_test/build install --record /home/leejunmi/ros2_ws/build/msg_test/install.log --single-version-externally-managed install_data
[3.867s] Level 1:colcon.colcon_core.environment:checking '/home/leejunmi/ros2_ws/install/msg_test' for CMake config files
[3.868s] Level 1:colcon.colcon_core.environment:checking '/home/leejunmi/ros2_ws/install/msg_test/lib'
[3.868s] Level 1:colcon.colcon_core.environment:checking '/home/leejunmi/ros2_ws/install/msg_test/bin'
[3.868s] Level 1:colcon.colcon_core.environment:checking '/home/leejunmi/ros2_ws/install/msg_test/lib/pkgconfig/msg_test.pc'
[3.868s] Level 1:colcon.colcon_core.environment:checking '/home/leejunmi/ros2_ws/install/msg_test/lib/python3.10/site-packages'
[3.868s] Level 1:colcon.colcon_core.shell:create_environment_hook('msg_test', 'pythonpath')
[3.868s] INFO:colcon.colcon_core.shell:Creating environment hook '/home/leejunmi/ros2_ws/install/msg_test/share/msg_test/hook/pythonpath.ps1'
[3.869s] INFO:colcon.colcon_core.shell:Creating environment descriptor '/home/leejunmi/ros2_ws/install/msg_test/share/msg_test/hook/pythonpath.dsv'
[3.869s] INFO:colcon.colcon_core.shell:Creating environment hook '/home/leejunmi/ros2_ws/install/msg_test/share/msg_test/hook/pythonpath.sh'
[3.870s] Level 1:colcon.colcon_core.environment:checking '/home/leejunmi/ros2_ws/install/msg_test/bin'
[3.870s] Level 1:colcon.colcon_core.environment:create_environment_scripts_only(msg_test)
[3.870s] INFO:colcon.colcon_core.shell:Creating package script '/home/leejunmi/ros2_ws/install/msg_test/share/msg_test/package.ps1'
[3.871s] INFO:colcon.colcon_core.shell:Creating package descriptor '/home/leejunmi/ros2_ws/install/msg_test/share/msg_test/package.dsv'
[3.871s] INFO:colcon.colcon_core.shell:Creating package script '/home/leejunmi/ros2_ws/install/msg_test/share/msg_test/package.sh'
[3.872s] INFO:colcon.colcon_core.shell:Creating package script '/home/leejunmi/ros2_ws/install/msg_test/share/msg_test/package.bash'
[3.872s] INFO:colcon.colcon_core.shell:Creating package script '/home/leejunmi/ros2_ws/install/msg_test/share/msg_test/package.zsh'
[3.872s] Level 1:colcon.colcon_core.environment:create_file_with_runtime_dependencies(/home/leejunmi/ros2_ws/install/msg_test/share/colcon-core/packages/msg_test)
[3.873s] DEBUG:colcon.colcon_parallel_executor.executor.parallel:closing loop
[3.873s] DEBUG:colcon.colcon_parallel_executor.executor.parallel:loop closed
[3.873s] DEBUG:colcon.colcon_parallel_executor.executor.parallel:run_until_complete finished with '0'
[3.873s] DEBUG:colcon.colcon_core.event_reactor:joining thread
[3.879s] INFO:colcon.colcon_core.plugin_system:Skipping extension 'colcon_notification.desktop_notification.terminal_notifier': Not used on non-Darwin systems
[3.879s] INFO:colcon.colcon_core.plugin_system:Skipping extension 'colcon_notification.desktop_notification.win32': Not used on non-Windows systems
[3.880s] INFO:colcon.colcon_notification.desktop_notification:Sending desktop notification using 'notify2'
[3.893s] DEBUG:colcon.colcon_core.event_reactor:joined thread
[3.894s] INFO:colcon.colcon_core.shell:Creating prefix script '/home/leejunmi/ros2_ws/install/local_setup.ps1'
[3.895s] INFO:colcon.colcon_core.shell:Creating prefix util module '/home/leejunmi/ros2_ws/install/_local_setup_util_ps1.py'
[3.898s] INFO:colcon.colcon_core.shell:Creating prefix chain script '/home/leejunmi/ros2_ws/install/setup.ps1'
[3.900s] INFO:colcon.colcon_core.shell:Creating prefix script '/home/leejunmi/ros2_ws/install/local_setup.sh'
[3.901s] INFO:colcon.colcon_core.shell:Creating prefix util module '/home/leejunmi/ros2_ws/install/_local_setup_util_sh.py'
[3.901s] INFO:colcon.colcon_core.shell:Creating prefix chain script '/home/leejunmi/ros2_ws/install/setup.sh'
[3.904s] INFO:colcon.colcon_core.shell:Creating prefix script '/home/leejunmi/ros2_ws/install/local_setup.bash'
[3.904s] INFO:colcon.colcon_core.shell:Creating prefix chain script '/home/leejunmi/ros2_ws/install/setup.bash'
[3.906s] INFO:colcon.colcon_core.shell:Creating prefix script '/home/leejunmi/ros2_ws/install/local_setup.zsh'
[3.906s] INFO:colcon.colcon_core.shell:Creating prefix chain script '/home/leejunmi/ros2_ws/install/setup.zsh'
