[0.094s] Invoking command in '/home/leejunmi/ros2_ws/build/examples_rclcpp_multithreaded_executor': CMAKE_PREFIX_PATH=/opt/ros/humble /usr/bin/cmake --build /home/leejunmi/ros2_ws/build/examples_rclcpp_multithreaded_executor -- -j8 -l8
[0.208s] [100%] Built target multithreaded_executor
[0.712s] Invoked command in '/home/leejunmi/ros2_ws/build/examples_rclcpp_multithreaded_executor' returned '0': CMAKE_PREFIX_PATH=/opt/ros/humble /usr/bin/cmake --build /home/leejunmi/ros2_ws/build/examples_rclcpp_multithreaded_executor -- -j8 -l8
[0.714s] Invoking command in '/home/leejunmi/ros2_ws/build/examples_rclcpp_multithreaded_executor': CMAKE_PREFIX_PATH=/opt/ros/humble /usr/bin/cmake --install /home/leejunmi/ros2_ws/build/examples_rclcpp_multithreaded_executor
[0.756s] -- Install configuration: "Release"
[0.756s] -- Up-to-date: /home/leejunmi/ros2_ws/install/examples_rclcpp_multithreaded_executor/lib/examples_rclcpp_multithreaded_executor/multithreaded_executor
[0.756s] -- Up-to-date: /home/leejunmi/ros2_ws/install/examples_rclcpp_multithreaded_executor/share/ament_index/resource_index/package_run_dependencies/examples_rclcpp_multithreaded_executor
[0.756s] -- Up-to-date: /home/leejunmi/ros2_ws/install/examples_rclcpp_multithreaded_executor/share/ament_index/resource_index/parent_prefix_path/examples_rclcpp_multithreaded_executor
[0.757s] -- Up-to-date: /home/leejunmi/ros2_ws/install/examples_rclcpp_multithreaded_executor/share/examples_rclcpp_multithreaded_executor/environment/ament_prefix_path.sh
[0.757s] -- Up-to-date: /home/leejunmi/ros2_ws/install/examples_rclcpp_multithreaded_executor/share/examples_rclcpp_multithreaded_executor/environment/ament_prefix_path.dsv
[0.757s] -- Up-to-date: /home/leejunmi/ros2_ws/install/examples_rclcpp_multithreaded_executor/share/examples_rclcpp_multithreaded_executor/environment/path.sh
[0.757s] -- Up-to-date: /home/leejunmi/ros2_ws/install/examples_rclcpp_multithreaded_executor/share/examples_rclcpp_multithreaded_executor/environment/path.dsv
[0.757s] -- Up-to-date: /home/leejunmi/ros2_ws/install/examples_rclcpp_multithreaded_executor/share/examples_rclcpp_multithreaded_executor/local_setup.bash
[0.757s] -- Up-to-date: /home/leejunmi/ros2_ws/install/examples_rclcpp_multithreaded_executor/share/examples_rclcpp_multithreaded_executor/local_setup.sh
[0.758s] -- Up-to-date: /home/leejunmi/ros2_ws/install/examples_rclcpp_multithreaded_executor/share/examples_rclcpp_multithreaded_executor/local_setup.zsh
[0.758s] -- Up-to-date: /home/leejunmi/ros2_ws/install/examples_rclcpp_multithreaded_executor/share/examples_rclcpp_multithreaded_executor/local_setup.dsv
[0.758s] -- Installing: /home/leejunmi/ros2_ws/install/examples_rclcpp_multithreaded_executor/share/examples_rclcpp_multithreaded_executor/package.dsv
[0.758s] -- Up-to-date: /home/leejunmi/ros2_ws/install/examples_rclcpp_multithreaded_executor/share/ament_index/resource_index/packages/examples_rclcpp_multithreaded_executor
[0.758s] -- Up-to-date: /home/leejunmi/ros2_ws/install/examples_rclcpp_multithreaded_executor/share/examples_rclcpp_multithreaded_executor/cmake/examples_rclcpp_multithreaded_executorConfig.cmake
[0.758s] -- Up-to-date: /home/leejunmi/ros2_ws/install/examples_rclcpp_multithreaded_executor/share/examples_rclcpp_multithreaded_executor/cmake/examples_rclcpp_multithreaded_executorConfig-version.cmake
[0.758s] -- Up-to-date: /home/leejunmi/ros2_ws/install/examples_rclcpp_multithreaded_executor/share/examples_rclcpp_multithreaded_executor/package.xml
[0.800s] Invoked command in '/home/leejunmi/ros2_ws/build/examples_rclcpp_multithreaded_executor' returned '0': CMAKE_PREFIX_PATH=/opt/ros/humble /usr/bin/cmake --install /home/leejunmi/ros2_ws/build/examples_rclcpp_multithreaded_executor
