[1.687s] Invoking command in '/home/leejunmi/ros2_ws/src/py_pubsub': PYTHONPATH=/home/leejunmi/ros2_ws/build/py_pubsub/prefix_override:/usr/lib/python3/dist-packages/colcon_core/task/python/colcon_distutils_commands:/home/leejunmi/ros2_ws/install/py_pubsub/lib/python3.10/site-packages:${PYTHONPATH} /usr/bin/python3 -W ignore:setup.py install is deprecated -W ignore:easy_install command is deprecated setup.py egg_info --egg-base ../../build/py_pubsub build --build-base /home/leejunmi/ros2_ws/build/py_pubsub/build install --record /home/leejunmi/ros2_ws/build/py_pubsub/install.log --single-version-externally-managed install_data
[1.993s] running egg_info
[1.994s] writing ../../build/py_pubsub/py_pubsub.egg-info/PKG-INFO
[1.994s] writing dependency_links to ../../build/py_pubsub/py_pubsub.egg-info/dependency_links.txt
[1.995s] writing entry points to ../../build/py_pubsub/py_pubsub.egg-info/entry_points.txt
[1.995s] writing requirements to ../../build/py_pubsub/py_pubsub.egg-info/requires.txt
[1.995s] writing top-level names to ../../build/py_pubsub/py_pubsub.egg-info/top_level.txt
[1.997s] reading manifest file '../../build/py_pubsub/py_pubsub.egg-info/SOURCES.txt'
[1.997s] adding license file 'LICENSE'
[1.998s] writing manifest file '../../build/py_pubsub/py_pubsub.egg-info/SOURCES.txt'
[1.998s] running build
[1.999s] running build_py
[1.999s] running install
[1.999s] running install_lib
[2.001s] running install_data
[2.001s] running install_egg_info
[2.003s] removing '/home/leejunmi/ros2_ws/install/py_pubsub/lib/python3.10/site-packages/py_pubsub-0.0.0-py3.10.egg-info' (and everything under it)
[2.003s] Copying ../../build/py_pubsub/py_pubsub.egg-info to /home/leejunmi/ros2_ws/install/py_pubsub/lib/python3.10/site-packages/py_pubsub-0.0.0-py3.10.egg-info
[2.005s] running install_scripts
[2.030s] Installing listener script to /home/leejunmi/ros2_ws/install/py_pubsub/lib/py_pubsub
[2.030s] Installing talker script to /home/leejunmi/ros2_ws/install/py_pubsub/lib/py_pubsub
[2.030s] writing list of installed files to '/home/leejunmi/ros2_ws/build/py_pubsub/install.log'
[2.074s] Invoked command in '/home/leejunmi/ros2_ws/src/py_pubsub' returned '0': PYTHONPATH=/home/leejunmi/ros2_ws/build/py_pubsub/prefix_override:/usr/lib/python3/dist-packages/colcon_core/task/python/colcon_distutils_commands:/home/leejunmi/ros2_ws/install/py_pubsub/lib/python3.10/site-packages:${PYTHONPATH} /usr/bin/python3 -W ignore:setup.py install is deprecated -W ignore:easy_install command is deprecated setup.py egg_info --egg-base ../../build/py_pubsub build --build-base /home/leejunmi/ros2_ws/build/py_pubsub/build install --record /home/leejunmi/ros2_ws/build/py_pubsub/install.log --single-version-externally-managed install_data
