[0.032s] Invoking command in '/home/leejunmi/ros2_ws/build/examples_rclcpp_cbg_executor': CMAKE_PREFIX_PATH=/opt/ros/humble /usr/bin/cmake /home/leejunmi/ros2_ws/src/examples/rclcpp/executors/cbg_executor -DCMAKE_INSTALL_PREFIX=/home/leejunmi/ros2_ws/install/examples_rclcpp_cbg_executor
[0.066s] -- Found ament_cmake: 1.3.10 (/opt/ros/humble/share/ament_cmake/cmake)
[0.307s] -- Found rclcpp: 16.0.10 (/opt/ros/humble/share/rclcpp/cmake)
[0.354s] -- Found rosidl_generator_c: 3.1.5 (/opt/ros/humble/share/rosidl_generator_c/cmake)
[0.358s] -- Found rosidl_adapter: 3.1.5 (/opt/ros/humble/share/rosidl_adapter/cmake)
[0.368s] -- Found rosidl_generator_cpp: 3.1.5 (/opt/ros/humble/share/rosidl_generator_cpp/cmake)
[0.387s] -- Using all available rosidl_typesupport_c: rosidl_typesupport_fastrtps_c;rosidl_typesupport_introspection_c
[0.405s] -- Using all available rosidl_typesupport_cpp: rosidl_typesupport_fastrtps_cpp;rosidl_typesupport_introspection_cpp
[0.460s] -- Found rmw_implementation_cmake: 6.1.2 (/opt/ros/humble/share/rmw_implementation_cmake/cmake)
[0.460s] -- Found rmw_fastrtps_cpp: 6.2.7 (/opt/ros/humble/share/rmw_fastrtps_cpp/cmake)
[0.594s] -- Using RMW implementation 'rmw_fastrtps_cpp' as default
[0.679s] -- Found ament_lint_auto: 0.12.11 (/opt/ros/humble/share/ament_lint_auto/cmake)
[0.800s] -- Added test 'copyright' to check source files copyright and LICENSE
[0.803s] -- Added test 'cppcheck' to perform static code analysis on C / C++ code
[0.804s] -- Configured cppcheck include dirs: /home/leejunmi/ros2_ws/src/examples/rclcpp/executors/cbg_executor/include
[0.804s] -- Configured cppcheck exclude dirs and/or files: 
[0.806s] -- Added test 'cpplint' to check C / C++ code against the Google style
[0.807s] -- Configured cpplint exclude dirs and/or files: 
[0.808s] -- Added test 'lint_cmake' to check CMake code style
[0.810s] -- Added test 'uncrustify' to check C / C++ code style
[0.811s] -- Configured uncrustify additional arguments: 
[0.812s] -- Added test 'xmllint' to check XML markup files
[0.815s] -- Configuring done
[0.849s] -- Generating done
[0.866s] -- Build files have been written to: /home/leejunmi/ros2_ws/build/examples_rclcpp_cbg_executor
[0.896s] Invoked command in '/home/leejunmi/ros2_ws/build/examples_rclcpp_cbg_executor' returned '0': CMAKE_PREFIX_PATH=/opt/ros/humble /usr/bin/cmake /home/leejunmi/ros2_ws/src/examples/rclcpp/executors/cbg_executor -DCMAKE_INSTALL_PREFIX=/home/leejunmi/ros2_ws/install/examples_rclcpp_cbg_executor
[0.901s] Invoking command in '/home/leejunmi/ros2_ws/build/examples_rclcpp_cbg_executor': CMAKE_PREFIX_PATH=/opt/ros/humble /usr/bin/cmake --build /home/leejunmi/ros2_ws/build/examples_rclcpp_cbg_executor -- -j8 -l8
[0.966s] [35m[1mConsolidate compiler generated dependencies of target pong[0m
[0.966s] [35m[1mConsolidate compiler generated dependencies of target ping[0m
[0.967s] [35m[1mConsolidate compiler generated dependencies of target ping_pong[0m
[0.996s] [ 30%] Built target ping
[1.000s] [ 60%] Built target pong
[1.011s] [100%] Built target ping_pong
[1.040s] Invoked command in '/home/leejunmi/ros2_ws/build/examples_rclcpp_cbg_executor' returned '0': CMAKE_PREFIX_PATH=/opt/ros/humble /usr/bin/cmake --build /home/leejunmi/ros2_ws/build/examples_rclcpp_cbg_executor -- -j8 -l8
[1.053s] Invoking command in '/home/leejunmi/ros2_ws/build/examples_rclcpp_cbg_executor': CMAKE_PREFIX_PATH=/opt/ros/humble /usr/bin/cmake --install /home/leejunmi/ros2_ws/build/examples_rclcpp_cbg_executor
[1.067s] -- Install configuration: "Release"
[1.067s] -- Up-to-date: /home/leejunmi/ros2_ws/install/examples_rclcpp_cbg_executor/lib/examples_rclcpp_cbg_executor/ping
[1.067s] -- Up-to-date: /home/leejunmi/ros2_ws/install/examples_rclcpp_cbg_executor/lib/examples_rclcpp_cbg_executor/pong
[1.074s] -- Up-to-date: /home/leejunmi/ros2_ws/install/examples_rclcpp_cbg_executor/lib/examples_rclcpp_cbg_executor/ping_pong
[1.074s] -- Up-to-date: /home/leejunmi/ros2_ws/install/examples_rclcpp_cbg_executor/include
[1.074s] -- Up-to-date: /home/leejunmi/ros2_ws/install/examples_rclcpp_cbg_executor/include/examples_rclcpp_cbg_executor
[1.074s] -- Up-to-date: /home/leejunmi/ros2_ws/install/examples_rclcpp_cbg_executor/include/examples_rclcpp_cbg_executor/pong_node.hpp
[1.075s] -- Up-to-date: /home/leejunmi/ros2_ws/install/examples_rclcpp_cbg_executor/include/examples_rclcpp_cbg_executor/ping_node.hpp
[1.075s] -- Up-to-date: /home/leejunmi/ros2_ws/install/examples_rclcpp_cbg_executor/share/ament_index/resource_index/package_run_dependencies/examples_rclcpp_cbg_executor
[1.075s] -- Up-to-date: /home/leejunmi/ros2_ws/install/examples_rclcpp_cbg_executor/share/ament_index/resource_index/parent_prefix_path/examples_rclcpp_cbg_executor
[1.075s] -- Up-to-date: /home/leejunmi/ros2_ws/install/examples_rclcpp_cbg_executor/share/examples_rclcpp_cbg_executor/environment/ament_prefix_path.sh
[1.075s] -- Installing: /home/leejunmi/ros2_ws/install/examples_rclcpp_cbg_executor/share/examples_rclcpp_cbg_executor/environment/ament_prefix_path.dsv
[1.075s] -- Up-to-date: /home/leejunmi/ros2_ws/install/examples_rclcpp_cbg_executor/share/examples_rclcpp_cbg_executor/environment/path.sh
[1.075s] -- Installing: /home/leejunmi/ros2_ws/install/examples_rclcpp_cbg_executor/share/examples_rclcpp_cbg_executor/environment/path.dsv
[1.075s] -- Up-to-date: /home/leejunmi/ros2_ws/install/examples_rclcpp_cbg_executor/share/examples_rclcpp_cbg_executor/local_setup.bash
[1.075s] -- Up-to-date: /home/leejunmi/ros2_ws/install/examples_rclcpp_cbg_executor/share/examples_rclcpp_cbg_executor/local_setup.sh
[1.075s] -- Up-to-date: /home/leejunmi/ros2_ws/install/examples_rclcpp_cbg_executor/share/examples_rclcpp_cbg_executor/local_setup.zsh
[1.076s] -- Installing: /home/leejunmi/ros2_ws/install/examples_rclcpp_cbg_executor/share/examples_rclcpp_cbg_executor/local_setup.dsv
[1.076s] -- Installing: /home/leejunmi/ros2_ws/install/examples_rclcpp_cbg_executor/share/examples_rclcpp_cbg_executor/package.dsv
[1.076s] -- Up-to-date: /home/leejunmi/ros2_ws/install/examples_rclcpp_cbg_executor/share/ament_index/resource_index/packages/examples_rclcpp_cbg_executor
[1.077s] -- Up-to-date: /home/leejunmi/ros2_ws/install/examples_rclcpp_cbg_executor/share/examples_rclcpp_cbg_executor/cmake/ament_cmake_export_dependencies-extras.cmake
[1.077s] -- Up-to-date: /home/leejunmi/ros2_ws/install/examples_rclcpp_cbg_executor/share/examples_rclcpp_cbg_executor/cmake/examples_rclcpp_cbg_executorConfig.cmake
[1.077s] -- Up-to-date: /home/leejunmi/ros2_ws/install/examples_rclcpp_cbg_executor/share/examples_rclcpp_cbg_executor/cmake/examples_rclcpp_cbg_executorConfig-version.cmake
[1.077s] -- Up-to-date: /home/leejunmi/ros2_ws/install/examples_rclcpp_cbg_executor/share/examples_rclcpp_cbg_executor/package.xml
[1.085s] Invoked command in '/home/leejunmi/ros2_ws/build/examples_rclcpp_cbg_executor' returned '0': CMAKE_PREFIX_PATH=/opt/ros/humble /usr/bin/cmake --install /home/leejunmi/ros2_ws/build/examples_rclcpp_cbg_executor
