[0.028s] Invoking command in '/home/leejunmi/ros2_ws/build/examples_rclcpp_cbg_executor': CMAKE_PREFIX_PATH=/opt/ros/humble /usr/bin/cmake --build /home/leejunmi/ros2_ws/build/examples_rclcpp_cbg_executor -- -j8 -l8
[0.230s] [ 30%] Built target ping
[0.238s] [100%] Built target pong
[0.239s] [100%] Built target ping_pong
[0.325s] Invoked command in '/home/leejunmi/ros2_ws/build/examples_rclcpp_cbg_executor' returned '0': CMAKE_PREFIX_PATH=/opt/ros/humble /usr/bin/cmake --build /home/leejunmi/ros2_ws/build/examples_rclcpp_cbg_executor -- -j8 -l8
[0.327s] Invoking command in '/home/leejunmi/ros2_ws/build/examples_rclcpp_cbg_executor': CMAKE_PREFIX_PATH=/opt/ros/humble /usr/bin/cmake --install /home/leejunmi/ros2_ws/build/examples_rclcpp_cbg_executor
[0.336s] -- Install configuration: "Release"
[0.337s] -- Up-to-date: /home/leejunmi/ros2_ws/install/examples_rclcpp_cbg_executor/lib/examples_rclcpp_cbg_executor/ping
[0.338s] -- Up-to-date: /home/leejunmi/ros2_ws/install/examples_rclcpp_cbg_executor/lib/examples_rclcpp_cbg_executor/pong
[0.339s] -- Up-to-date: /home/leejunmi/ros2_ws/install/examples_rclcpp_cbg_executor/lib/examples_rclcpp_cbg_executor/ping_pong
[0.339s] -- Up-to-date: /home/leejunmi/ros2_ws/install/examples_rclcpp_cbg_executor/include
[0.340s] -- Up-to-date: /home/leejunmi/ros2_ws/install/examples_rclcpp_cbg_executor/include/examples_rclcpp_cbg_executor
[0.340s] -- Up-to-date: /home/leejunmi/ros2_ws/install/examples_rclcpp_cbg_executor/include/examples_rclcpp_cbg_executor/pong_node.hpp
[0.340s] -- Up-to-date: /home/leejunmi/ros2_ws/install/examples_rclcpp_cbg_executor/include/examples_rclcpp_cbg_executor/ping_node.hpp
[0.340s] -- Up-to-date: /home/leejunmi/ros2_ws/install/examples_rclcpp_cbg_executor/share/ament_index/resource_index/package_run_dependencies/examples_rclcpp_cbg_executor
[0.340s] -- Up-to-date: /home/leejunmi/ros2_ws/install/examples_rclcpp_cbg_executor/share/ament_index/resource_index/parent_prefix_path/examples_rclcpp_cbg_executor
[0.341s] -- Up-to-date: /home/leejunmi/ros2_ws/install/examples_rclcpp_cbg_executor/share/examples_rclcpp_cbg_executor/environment/ament_prefix_path.sh
[0.341s] -- Up-to-date: /home/leejunmi/ros2_ws/install/examples_rclcpp_cbg_executor/share/examples_rclcpp_cbg_executor/environment/ament_prefix_path.dsv
[0.341s] -- Up-to-date: /home/leejunmi/ros2_ws/install/examples_rclcpp_cbg_executor/share/examples_rclcpp_cbg_executor/environment/path.sh
[0.341s] -- Up-to-date: /home/leejunmi/ros2_ws/install/examples_rclcpp_cbg_executor/share/examples_rclcpp_cbg_executor/environment/path.dsv
[0.341s] -- Up-to-date: /home/leejunmi/ros2_ws/install/examples_rclcpp_cbg_executor/share/examples_rclcpp_cbg_executor/local_setup.bash
[0.342s] -- Up-to-date: /home/leejunmi/ros2_ws/install/examples_rclcpp_cbg_executor/share/examples_rclcpp_cbg_executor/local_setup.sh
[0.342s] -- Up-to-date: /home/leejunmi/ros2_ws/install/examples_rclcpp_cbg_executor/share/examples_rclcpp_cbg_executor/local_setup.zsh
[0.342s] -- Up-to-date: /home/leejunmi/ros2_ws/install/examples_rclcpp_cbg_executor/share/examples_rclcpp_cbg_executor/local_setup.dsv
[0.342s] -- Installing: /home/leejunmi/ros2_ws/install/examples_rclcpp_cbg_executor/share/examples_rclcpp_cbg_executor/package.dsv
[0.342s] -- Up-to-date: /home/leejunmi/ros2_ws/install/examples_rclcpp_cbg_executor/share/ament_index/resource_index/packages/examples_rclcpp_cbg_executor
[0.342s] -- Up-to-date: /home/leejunmi/ros2_ws/install/examples_rclcpp_cbg_executor/share/examples_rclcpp_cbg_executor/cmake/ament_cmake_export_dependencies-extras.cmake
[0.342s] -- Up-to-date: /home/leejunmi/ros2_ws/install/examples_rclcpp_cbg_executor/share/examples_rclcpp_cbg_executor/cmake/examples_rclcpp_cbg_executorConfig.cmake
[0.342s] -- Up-to-date: /home/leejunmi/ros2_ws/install/examples_rclcpp_cbg_executor/share/examples_rclcpp_cbg_executor/cmake/examples_rclcpp_cbg_executorConfig-version.cmake
[0.342s] -- Up-to-date: /home/leejunmi/ros2_ws/install/examples_rclcpp_cbg_executor/share/examples_rclcpp_cbg_executor/package.xml
[0.399s] Invoked command in '/home/leejunmi/ros2_ws/build/examples_rclcpp_cbg_executor' returned '0': CMAKE_PREFIX_PATH=/opt/ros/humble /usr/bin/cmake --install /home/leejunmi/ros2_ws/build/examples_rclcpp_cbg_executor
