[2.017s] Invoking command in '/home/leejunmi/ros2_ws/src/examples/rclpy/guard_conditions': PYTHONPATH=/home/leejunmi/ros2_ws/build/examples_rclpy_guard_conditions/prefix_override:/usr/lib/python3/dist-packages/colcon_core/task/python/colcon_distutils_commands:/home/leejunmi/ros2_ws/install/examples_rclpy_guard_conditions/lib/python3.10/site-packages:${PYTHONPATH} /usr/bin/python3 -W ignore:setup.py install is deprecated -W ignore:easy_install command is deprecated setup.py egg_info --egg-base ../../../../build/examples_rclpy_guard_conditions build --build-base /home/leejunmi/ros2_ws/build/examples_rclpy_guard_conditions/build install --record /home/leejunmi/ros2_ws/build/examples_rclpy_guard_conditions/install.log --single-version-externally-managed install_data
[2.287s] running egg_info
[2.288s] writing ../../../../build/examples_rclpy_guard_conditions/examples_rclpy_guard_conditions.egg-info/PKG-INFO
[2.288s] writing dependency_links to ../../../../build/examples_rclpy_guard_conditions/examples_rclpy_guard_conditions.egg-info/dependency_links.txt
[2.288s] writing entry points to ../../../../build/examples_rclpy_guard_conditions/examples_rclpy_guard_conditions.egg-info/entry_points.txt
[2.289s] writing requirements to ../../../../build/examples_rclpy_guard_conditions/examples_rclpy_guard_conditions.egg-info/requires.txt
[2.291s] writing top-level names to ../../../../build/examples_rclpy_guard_conditions/examples_rclpy_guard_conditions.egg-info/top_level.txt
[2.291s] reading manifest file '../../../../build/examples_rclpy_guard_conditions/examples_rclpy_guard_conditions.egg-info/SOURCES.txt'
[2.292s] writing manifest file '../../../../build/examples_rclpy_guard_conditions/examples_rclpy_guard_conditions.egg-info/SOURCES.txt'
[2.292s] running build
[2.292s] running build_py
[2.292s] running install
[2.293s] running install_lib
[2.293s] running install_data
[2.293s] running install_egg_info
[2.293s] removing '/home/leejunmi/ros2_ws/install/examples_rclpy_guard_conditions/lib/python3.10/site-packages/examples_rclpy_guard_conditions-0.15.3-py3.10.egg-info' (and everything under it)
[2.293s] Copying ../../../../build/examples_rclpy_guard_conditions/examples_rclpy_guard_conditions.egg-info to /home/leejunmi/ros2_ws/install/examples_rclpy_guard_conditions/lib/python3.10/site-packages/examples_rclpy_guard_conditions-0.15.3-py3.10.egg-info
[2.293s] running install_scripts
[2.294s] Installing trigger_guard_condition script to /home/leejunmi/ros2_ws/install/examples_rclpy_guard_conditions/lib/examples_rclpy_guard_conditions
[2.294s] writing list of installed files to '/home/leejunmi/ros2_ws/build/examples_rclpy_guard_conditions/install.log'
[2.347s] Invoked command in '/home/leejunmi/ros2_ws/src/examples/rclpy/guard_conditions' returned '0': PYTHONPATH=/home/leejunmi/ros2_ws/build/examples_rclpy_guard_conditions/prefix_override:/usr/lib/python3/dist-packages/colcon_core/task/python/colcon_distutils_commands:/home/leejunmi/ros2_ws/install/examples_rclpy_guard_conditions/lib/python3.10/site-packages:${PYTHONPATH} /usr/bin/python3 -W ignore:setup.py install is deprecated -W ignore:easy_install command is deprecated setup.py egg_info --egg-base ../../../../build/examples_rclpy_guard_conditions build --build-base /home/leejunmi/ros2_ws/build/examples_rclpy_guard_conditions/build install --record /home/leejunmi/ros2_ws/build/examples_rclpy_guard_conditions/install.log --single-version-externally-managed install_data
