[0.033s] Invoking command in '/home/leejunmi/ros2_ws/build/examples_rclcpp_minimal_composition': CMAKE_PREFIX_PATH=/opt/ros/humble /usr/bin/cmake --build /home/leejunmi/ros2_ws/build/examples_rclcpp_minimal_composition -- -j8 -l8
[0.161s] [ 33%] Built target composition_nodes
[0.200s] [ 55%] Built target composition_subscriber
[0.205s] [ 77%] Built target composition_composed
[0.205s] [100%] Built target composition_publisher
[0.297s] Invoked command in '/home/leejunmi/ros2_ws/build/examples_rclcpp_minimal_composition' returned '0': CMAKE_PREFIX_PATH=/opt/ros/humble /usr/bin/cmake --build /home/leejunmi/ros2_ws/build/examples_rclcpp_minimal_composition -- -j8 -l8
[0.299s] Invoking command in '/home/leejunmi/ros2_ws/build/examples_rclcpp_minimal_composition': CMAKE_PREFIX_PATH=/opt/ros/humble /usr/bin/cmake --install /home/leejunmi/ros2_ws/build/examples_rclcpp_minimal_composition
[0.322s] -- Install configuration: "Release"
[0.322s] -- Up-to-date: /home/leejunmi/ros2_ws/install/examples_rclcpp_minimal_composition/share/examples_rclcpp_minimal_composition/environment/library_path.sh
[0.322s] -- Up-to-date: /home/leejunmi/ros2_ws/install/examples_rclcpp_minimal_composition/share/examples_rclcpp_minimal_composition/environment/library_path.dsv
[0.322s] -- Up-to-date: /home/leejunmi/ros2_ws/install/examples_rclcpp_minimal_composition/lib/libcomposition_nodes.so
[0.322s] -- Up-to-date: /home/leejunmi/ros2_ws/install/examples_rclcpp_minimal_composition/lib/examples_rclcpp_minimal_composition/composition_publisher
[0.323s] -- Up-to-date: /home/leejunmi/ros2_ws/install/examples_rclcpp_minimal_composition/lib/examples_rclcpp_minimal_composition/composition_subscriber
[0.323s] -- Up-to-date: /home/leejunmi/ros2_ws/install/examples_rclcpp_minimal_composition/lib/examples_rclcpp_minimal_composition/composition_composed
[0.323s] -- Up-to-date: /home/leejunmi/ros2_ws/install/examples_rclcpp_minimal_composition/share/ament_index/resource_index/package_run_dependencies/examples_rclcpp_minimal_composition
[0.323s] -- Up-to-date: /home/leejunmi/ros2_ws/install/examples_rclcpp_minimal_composition/share/ament_index/resource_index/parent_prefix_path/examples_rclcpp_minimal_composition
[0.323s] -- Up-to-date: /home/leejunmi/ros2_ws/install/examples_rclcpp_minimal_composition/share/examples_rclcpp_minimal_composition/environment/ament_prefix_path.sh
[0.324s] -- Up-to-date: /home/leejunmi/ros2_ws/install/examples_rclcpp_minimal_composition/share/examples_rclcpp_minimal_composition/environment/ament_prefix_path.dsv
[0.324s] -- Up-to-date: /home/leejunmi/ros2_ws/install/examples_rclcpp_minimal_composition/share/examples_rclcpp_minimal_composition/environment/path.sh
[0.324s] -- Up-to-date: /home/leejunmi/ros2_ws/install/examples_rclcpp_minimal_composition/share/examples_rclcpp_minimal_composition/environment/path.dsv
[0.324s] -- Up-to-date: /home/leejunmi/ros2_ws/install/examples_rclcpp_minimal_composition/share/examples_rclcpp_minimal_composition/local_setup.bash
[0.324s] -- Up-to-date: /home/leejunmi/ros2_ws/install/examples_rclcpp_minimal_composition/share/examples_rclcpp_minimal_composition/local_setup.sh
[0.324s] -- Up-to-date: /home/leejunmi/ros2_ws/install/examples_rclcpp_minimal_composition/share/examples_rclcpp_minimal_composition/local_setup.zsh
[0.324s] -- Up-to-date: /home/leejunmi/ros2_ws/install/examples_rclcpp_minimal_composition/share/examples_rclcpp_minimal_composition/local_setup.dsv
[0.324s] -- Installing: /home/leejunmi/ros2_ws/install/examples_rclcpp_minimal_composition/share/examples_rclcpp_minimal_composition/package.dsv
[0.324s] -- Up-to-date: /home/leejunmi/ros2_ws/install/examples_rclcpp_minimal_composition/share/ament_index/resource_index/packages/examples_rclcpp_minimal_composition
[0.324s] -- Up-to-date: /home/leejunmi/ros2_ws/install/examples_rclcpp_minimal_composition/share/examples_rclcpp_minimal_composition/cmake/examples_rclcpp_minimal_compositionConfig.cmake
[0.324s] -- Up-to-date: /home/leejunmi/ros2_ws/install/examples_rclcpp_minimal_composition/share/examples_rclcpp_minimal_composition/cmake/examples_rclcpp_minimal_compositionConfig-version.cmake
[0.324s] -- Up-to-date: /home/leejunmi/ros2_ws/install/examples_rclcpp_minimal_composition/share/examples_rclcpp_minimal_composition/package.xml
[0.341s] Invoked command in '/home/leejunmi/ros2_ws/build/examples_rclcpp_minimal_composition' returned '0': CMAKE_PREFIX_PATH=/opt/ros/humble /usr/bin/cmake --install /home/leejunmi/ros2_ws/build/examples_rclcpp_minimal_composition
