[1.401s] Invoking command in '/home/leejunmi/ros2_ws/src/my_package': PYTHONPATH=/home/leejunmi/ros2_ws/build/my_package/prefix_override:/usr/lib/python3/dist-packages/colcon_core/task/python/colcon_distutils_commands:/home/leejunmi/ros2_ws/install/my_package/lib/python3.10/site-packages:${PYTHONPATH} /usr/bin/python3 -W ignore:setup.py install is deprecated -W ignore:easy_install command is deprecated setup.py egg_info --egg-base ../../build/my_package build --build-base /home/leejunmi/ros2_ws/build/my_package/build install --record /home/leejunmi/ros2_ws/build/my_package/install.log --single-version-externally-managed install_data
[1.660s] running egg_info
[1.661s] writing ../../build/my_package/my_package.egg-info/PKG-INFO
[1.669s] writing dependency_links to ../../build/my_package/my_package.egg-info/dependency_links.txt
[1.669s] writing entry points to ../../build/my_package/my_package.egg-info/entry_points.txt
[1.670s] writing requirements to ../../build/my_package/my_package.egg-info/requires.txt
[1.670s] writing top-level names to ../../build/my_package/my_package.egg-info/top_level.txt
[1.678s] reading manifest file '../../build/my_package/my_package.egg-info/SOURCES.txt'
[1.679s] adding license file 'LICENSE'
[1.683s] writing manifest file '../../build/my_package/my_package.egg-info/SOURCES.txt'
[1.683s] running build
[1.683s] running build_py
[1.684s] running install
[1.685s] running install_lib
[1.691s] running install_data
[1.692s] running install_egg_info
[1.697s] removing '/home/leejunmi/ros2_ws/install/my_package/lib/python3.10/site-packages/my_package-0.0.0-py3.10.egg-info' (and everything under it)
[1.697s] Copying ../../build/my_package/my_package.egg-info to /home/leejunmi/ros2_ws/install/my_package/lib/python3.10/site-packages/my_package-0.0.0-py3.10.egg-info
[1.699s] running install_scripts
[1.739s] Installing my_node script to /home/leejunmi/ros2_ws/install/my_package/lib/my_package
[1.739s] writing list of installed files to '/home/leejunmi/ros2_ws/build/my_package/install.log'
[1.810s] Invoked command in '/home/leejunmi/ros2_ws/src/my_package' returned '0': PYTHONPATH=/home/leejunmi/ros2_ws/build/my_package/prefix_override:/usr/lib/python3/dist-packages/colcon_core/task/python/colcon_distutils_commands:/home/leejunmi/ros2_ws/install/my_package/lib/python3.10/site-packages:${PYTHONPATH} /usr/bin/python3 -W ignore:setup.py install is deprecated -W ignore:easy_install command is deprecated setup.py egg_info --egg-base ../../build/my_package build --build-base /home/leejunmi/ros2_ws/build/my_package/build install --record /home/leejunmi/ros2_ws/build/my_package/install.log --single-version-externally-managed install_data
