[0.005s] Invoking command in '/home/leejunmi/ros2_ws/build/examples_rclcpp_minimal_composition': CMAKE_PREFIX_PATH=/opt/ros/humble /usr/bin/cmake /home/leejunmi/ros2_ws/src/examples/rclcpp/composition/minimal_composition -DCMAKE_BUILD_TYPE=Release -DCMAKE_INSTALL_PREFIX=/home/leejunmi/ros2_ws/install/examples_rclcpp_minimal_composition
[0.053s] -- The C compiler identification is GNU 11.4.0
[0.104s] -- The CXX compiler identification is GNU 11.4.0
[0.111s] -- Detecting C compiler ABI info
[0.172s] -- Detecting C compiler ABI info - done
[0.180s] -- Check for working C compiler: /usr/bin/cc - skipped
[0.180s] -- Detecting C compile features
[0.180s] -- Detecting C compile features - done
[0.183s] -- Detecting CXX compiler ABI info
[0.253s] -- Detecting CXX compiler ABI info - done
[0.261s] -- Check for working CXX compiler: /usr/bin/c++ - skipped
[0.261s] -- Detecting CXX compile features
[0.262s] -- Detecting CXX compile features - done
[0.263s] -- Found ament_cmake: 1.3.10 (/opt/ros/humble/share/ament_cmake/cmake)
[0.406s] -- Found Python3: /usr/bin/python3 (found version "3.10.12") found components: Interpreter 
[0.488s] -- Found rclcpp: 16.0.10 (/opt/ros/humble/share/rclcpp/cmake)
[0.521s] -- Found rosidl_generator_c: 3.1.5 (/opt/ros/humble/share/rosidl_generator_c/cmake)
[0.525s] -- Found rosidl_adapter: 3.1.5 (/opt/ros/humble/share/rosidl_adapter/cmake)
[0.531s] -- Found rosidl_generator_cpp: 3.1.5 (/opt/ros/humble/share/rosidl_generator_cpp/cmake)
[0.541s] -- Using all available rosidl_typesupport_c: rosidl_typesupport_fastrtps_c;rosidl_typesupport_introspection_c
[0.554s] -- Using all available rosidl_typesupport_cpp: rosidl_typesupport_fastrtps_cpp;rosidl_typesupport_introspection_cpp
[0.589s] -- Found rmw_implementation_cmake: 6.1.2 (/opt/ros/humble/share/rmw_implementation_cmake/cmake)
[0.591s] -- Found rmw_fastrtps_cpp: 6.2.7 (/opt/ros/humble/share/rmw_fastrtps_cpp/cmake)
[0.656s] -- Found OpenSSL: /usr/lib/x86_64-linux-gnu/libcrypto.so (found version "3.0.2")  
[0.679s] -- Found FastRTPS: /opt/ros/humble/include  
[0.716s] -- Using RMW implementation 'rmw_fastrtps_cpp' as default
[0.722s] -- Looking for pthread.h
[0.786s] -- Looking for pthread.h - found
[0.786s] -- Performing Test CMAKE_HAVE_LIBC_PTHREAD
[0.851s] -- Performing Test CMAKE_HAVE_LIBC_PTHREAD - Success
[0.852s] -- Found Threads: TRUE  
[0.902s] -- Found rclcpp_components: 16.0.10 (/opt/ros/humble/share/rclcpp_components/cmake)
[0.934s] -- Found ament_lint_auto: 0.12.11 (/opt/ros/humble/share/ament_lint_auto/cmake)
[1.005s] -- Added test 'copyright' to check source files copyright and LICENSE
[1.006s] -- Added test 'cppcheck' to perform static code analysis on C / C++ code
[1.007s] -- Configured cppcheck include dirs: /home/leejunmi/ros2_ws/src/examples/rclcpp/composition/minimal_composition/include
[1.007s] -- Configured cppcheck exclude dirs and/or files: 
[1.008s] -- Added test 'cpplint' to check C / C++ code against the Google style
[1.008s] -- Configured cpplint exclude dirs and/or files: 
[1.008s] -- Added test 'lint_cmake' to check CMake code style
[1.009s] -- Added test 'uncrustify' to check C / C++ code style
[1.009s] -- Configured uncrustify additional arguments: 
[1.010s] -- Added test 'xmllint' to check XML markup files
[1.011s] -- Configuring done
[1.028s] -- Generating done
[1.035s] -- Build files have been written to: /home/leejunmi/ros2_ws/build/examples_rclcpp_minimal_composition
[1.044s] Invoked command in '/home/leejunmi/ros2_ws/build/examples_rclcpp_minimal_composition' returned '0': CMAKE_PREFIX_PATH=/opt/ros/humble /usr/bin/cmake /home/leejunmi/ros2_ws/src/examples/rclcpp/composition/minimal_composition -DCMAKE_BUILD_TYPE=Release -DCMAKE_INSTALL_PREFIX=/home/leejunmi/ros2_ws/install/examples_rclcpp_minimal_composition
[1.046s] Invoking command in '/home/leejunmi/ros2_ws/build/examples_rclcpp_minimal_composition': CMAKE_PREFIX_PATH=/opt/ros/humble /usr/bin/cmake --build /home/leejunmi/ros2_ws/build/examples_rclcpp_minimal_composition -- -j8 -l8
[1.088s] [ 22%] [32mBuilding CXX object CMakeFiles/composition_nodes.dir/src/subscriber_node.cpp.o[0m
[1.088s] [ 22%] [32mBuilding CXX object CMakeFiles/composition_nodes.dir/src/publisher_node.cpp.o[0m
[11.588s] [ 33%] [32m[1mLinking CXX shared library libcomposition_nodes.so[0m
[11.746s] [ 33%] Built target composition_nodes
[11.764s] [ 66%] [32mBuilding CXX object CMakeFiles/composition_subscriber.dir/src/standalone_subscriber.cpp.o[0m
[11.764s] [ 66%] [32mBuilding CXX object CMakeFiles/composition_composed.dir/src/composed.cpp.o[0m
[11.764s] [ 66%] [32mBuilding CXX object CMakeFiles/composition_publisher.dir/src/standalone_publisher.cpp.o[0m
[14.876s] [ 77%] [32m[1mLinking CXX executable composition_publisher[0m
[14.909s] [ 88%] [32m[1mLinking CXX executable composition_subscriber[0m
[14.951s] [100%] [32m[1mLinking CXX executable composition_composed[0m
[15.026s] [100%] Built target composition_publisher
[15.067s] [100%] Built target composition_subscriber
[15.110s] [100%] Built target composition_composed
[15.121s] Invoked command in '/home/leejunmi/ros2_ws/build/examples_rclcpp_minimal_composition' returned '0': CMAKE_PREFIX_PATH=/opt/ros/humble /usr/bin/cmake --build /home/leejunmi/ros2_ws/build/examples_rclcpp_minimal_composition -- -j8 -l8
[15.122s] Invoking command in '/home/leejunmi/ros2_ws/build/examples_rclcpp_minimal_composition': CMAKE_PREFIX_PATH=/opt/ros/humble /usr/bin/cmake --install /home/leejunmi/ros2_ws/build/examples_rclcpp_minimal_composition
[15.129s] -- Install configuration: "Release"
[15.130s] -- Installing: /home/leejunmi/ros2_ws/install/examples_rclcpp_minimal_composition/share/examples_rclcpp_minimal_composition/environment/library_path.sh
[15.130s] -- Installing: /home/leejunmi/ros2_ws/install/examples_rclcpp_minimal_composition/share/examples_rclcpp_minimal_composition/environment/library_path.dsv
[15.130s] -- Installing: /home/leejunmi/ros2_ws/install/examples_rclcpp_minimal_composition/lib/libcomposition_nodes.so
[15.131s] -- Set runtime path of "/home/leejunmi/ros2_ws/install/examples_rclcpp_minimal_composition/lib/libcomposition_nodes.so" to ""
[15.131s] -- Installing: /home/leejunmi/ros2_ws/install/examples_rclcpp_minimal_composition/lib/examples_rclcpp_minimal_composition/composition_publisher
[15.131s] -- Set runtime path of "/home/leejunmi/ros2_ws/install/examples_rclcpp_minimal_composition/lib/examples_rclcpp_minimal_composition/composition_publisher" to ""
[15.131s] -- Installing: /home/leejunmi/ros2_ws/install/examples_rclcpp_minimal_composition/lib/examples_rclcpp_minimal_composition/composition_subscriber
[15.132s] -- Set runtime path of "/home/leejunmi/ros2_ws/install/examples_rclcpp_minimal_composition/lib/examples_rclcpp_minimal_composition/composition_subscriber" to ""
[15.132s] -- Installing: /home/leejunmi/ros2_ws/install/examples_rclcpp_minimal_composition/lib/examples_rclcpp_minimal_composition/composition_composed
[15.132s] -- Set runtime path of "/home/leejunmi/ros2_ws/install/examples_rclcpp_minimal_composition/lib/examples_rclcpp_minimal_composition/composition_composed" to ""
[15.132s] -- Installing: /home/leejunmi/ros2_ws/install/examples_rclcpp_minimal_composition/share/ament_index/resource_index/package_run_dependencies/examples_rclcpp_minimal_composition
[15.132s] -- Installing: /home/leejunmi/ros2_ws/install/examples_rclcpp_minimal_composition/share/ament_index/resource_index/parent_prefix_path/examples_rclcpp_minimal_composition
[15.132s] -- Installing: /home/leejunmi/ros2_ws/install/examples_rclcpp_minimal_composition/share/examples_rclcpp_minimal_composition/environment/ament_prefix_path.sh
[15.133s] -- Installing: /home/leejunmi/ros2_ws/install/examples_rclcpp_minimal_composition/share/examples_rclcpp_minimal_composition/environment/ament_prefix_path.dsv
[15.133s] -- Installing: /home/leejunmi/ros2_ws/install/examples_rclcpp_minimal_composition/share/examples_rclcpp_minimal_composition/environment/path.sh
[15.133s] -- Installing: /home/leejunmi/ros2_ws/install/examples_rclcpp_minimal_composition/share/examples_rclcpp_minimal_composition/environment/path.dsv
[15.133s] -- Installing: /home/leejunmi/ros2_ws/install/examples_rclcpp_minimal_composition/share/examples_rclcpp_minimal_composition/local_setup.bash
[15.133s] -- Installing: /home/leejunmi/ros2_ws/install/examples_rclcpp_minimal_composition/share/examples_rclcpp_minimal_composition/local_setup.sh
[15.133s] -- Installing: /home/leejunmi/ros2_ws/install/examples_rclcpp_minimal_composition/share/examples_rclcpp_minimal_composition/local_setup.zsh
[15.133s] -- Installing: /home/leejunmi/ros2_ws/install/examples_rclcpp_minimal_composition/share/examples_rclcpp_minimal_composition/local_setup.dsv
[15.133s] -- Installing: /home/leejunmi/ros2_ws/install/examples_rclcpp_minimal_composition/share/examples_rclcpp_minimal_composition/package.dsv
[15.133s] -- Installing: /home/leejunmi/ros2_ws/install/examples_rclcpp_minimal_composition/share/ament_index/resource_index/packages/examples_rclcpp_minimal_composition
[15.134s] -- Installing: /home/leejunmi/ros2_ws/install/examples_rclcpp_minimal_composition/share/examples_rclcpp_minimal_composition/cmake/examples_rclcpp_minimal_compositionConfig.cmake
[15.134s] -- Installing: /home/leejunmi/ros2_ws/install/examples_rclcpp_minimal_composition/share/examples_rclcpp_minimal_composition/cmake/examples_rclcpp_minimal_compositionConfig-version.cmake
[15.134s] -- Installing: /home/leejunmi/ros2_ws/install/examples_rclcpp_minimal_composition/share/examples_rclcpp_minimal_composition/package.xml
[15.136s] Invoked command in '/home/leejunmi/ros2_ws/build/examples_rclcpp_minimal_composition' returned '0': CMAKE_PREFIX_PATH=/opt/ros/humble /usr/bin/cmake --install /home/leejunmi/ros2_ws/build/examples_rclcpp_minimal_composition
