[2.774s] Invoking command in '/home/leejunmi/ros2_ws/src/examples/rclpy/services/minimal_service': PYTHONPATH=/home/leejunmi/ros2_ws/build/examples_rclpy_minimal_service/prefix_override:/usr/lib/python3/dist-packages/colcon_core/task/python/colcon_distutils_commands:/home/leejunmi/ros2_ws/install/examples_rclpy_minimal_service/lib/python3.10/site-packages:${PYTHONPATH} /usr/bin/python3 -W ignore:setup.py install is deprecated -W ignore:easy_install command is deprecated setup.py egg_info --egg-base ../../../../../build/examples_rclpy_minimal_service build --build-base /home/leejunmi/ros2_ws/build/examples_rclpy_minimal_service/build install --record /home/leejunmi/ros2_ws/build/examples_rclpy_minimal_service/install.log --single-version-externally-managed install_data
[3.289s] running egg_info
[3.289s] writing ../../../../../build/examples_rclpy_minimal_service/examples_rclpy_minimal_service.egg-info/PKG-INFO
[3.289s] writing dependency_links to ../../../../../build/examples_rclpy_minimal_service/examples_rclpy_minimal_service.egg-info/dependency_links.txt
[3.289s] writing entry points to ../../../../../build/examples_rclpy_minimal_service/examples_rclpy_minimal_service.egg-info/entry_points.txt
[3.289s] writing requirements to ../../../../../build/examples_rclpy_minimal_service/examples_rclpy_minimal_service.egg-info/requires.txt
[3.290s] writing top-level names to ../../../../../build/examples_rclpy_minimal_service/examples_rclpy_minimal_service.egg-info/top_level.txt
[3.291s] reading manifest file '../../../../../build/examples_rclpy_minimal_service/examples_rclpy_minimal_service.egg-info/SOURCES.txt'
[3.293s] writing manifest file '../../../../../build/examples_rclpy_minimal_service/examples_rclpy_minimal_service.egg-info/SOURCES.txt'
[3.294s] running build
[3.294s] running build_py
[3.294s] running install
[3.294s] running install_lib
[3.299s] running install_data
[3.300s] running install_egg_info
[3.303s] removing '/home/leejunmi/ros2_ws/install/examples_rclpy_minimal_service/lib/python3.10/site-packages/examples_rclpy_minimal_service-0.15.3-py3.10.egg-info' (and everything under it)
[3.303s] Copying ../../../../../build/examples_rclpy_minimal_service/examples_rclpy_minimal_service.egg-info to /home/leejunmi/ros2_ws/install/examples_rclpy_minimal_service/lib/python3.10/site-packages/examples_rclpy_minimal_service-0.15.3-py3.10.egg-info
[3.305s] running install_scripts
[3.361s] Installing service script to /home/leejunmi/ros2_ws/install/examples_rclpy_minimal_service/lib/examples_rclpy_minimal_service
[3.362s] Installing service_member_function script to /home/leejunmi/ros2_ws/install/examples_rclpy_minimal_service/lib/examples_rclpy_minimal_service
[3.362s] writing list of installed files to '/home/leejunmi/ros2_ws/build/examples_rclpy_minimal_service/install.log'
[3.463s] Invoked command in '/home/leejunmi/ros2_ws/src/examples/rclpy/services/minimal_service' returned '0': PYTHONPATH=/home/leejunmi/ros2_ws/build/examples_rclpy_minimal_service/prefix_override:/usr/lib/python3/dist-packages/colcon_core/task/python/colcon_distutils_commands:/home/leejunmi/ros2_ws/install/examples_rclpy_minimal_service/lib/python3.10/site-packages:${PYTHONPATH} /usr/bin/python3 -W ignore:setup.py install is deprecated -W ignore:easy_install command is deprecated setup.py egg_info --egg-base ../../../../../build/examples_rclpy_minimal_service build --build-base /home/leejunmi/ros2_ws/build/examples_rclpy_minimal_service/build install --record /home/leejunmi/ros2_ws/build/examples_rclpy_minimal_service/install.log --single-version-externally-managed install_data
